[
{"ts": 1646951042562483, "dur": 22, "ph": "X", "tid": 0, "pid": 0, "step": 0, "cat": "POSIX", "name": "write", "args": {"fd": 14, "buf": "0x7fff88f44694", "count": 4 , "pathname": "pipe", "return": 4}},
{"ts": 1646951042562495, "dur": 17, "ph": "X", "tid": 0, "pid": 0, "step": 0, "cat": "POSIX", "name": "read", "args": {"fd": 13, "buf": "0x7fb0ff5dcc74", "count": 4, "pathname": "pipe", "return": 4}},
{"ts": 1646951042562519, "dur": 2, "ph": "X", "tid": 0, "pid": 0, "step": 0, "cat": "POSIX", "name": "read", "args": {"fd": 13, "buf": "0x7fb0ff5dcc74", "count": 4, "pathname": "pipe", "return": 18446744073709551615}},
{"ts": 1646951042562522, "dur": 2, "ph": "X", "tid": 0, "pid": 0, "step": 0, "cat": "POSIX", "name": "read", "args": {"fd": 33, "buf": "0x7fff88f446c0", "count": 8, "pathname": "/sys/class/infiniband/mlx5_0/ports/1/gid_attrs/types/0", "return": 18446744073709551615}},
{"ts": 1646951042564380, "dur": 33, "ph": "X", "tid": 0, "pid": 0, "step": 0, "cat": "POSIX", "name": "open", "args": {"pathname": "/proc/509839/fd/19", "flags": 2, "mode": 511, "return": 35}},
{"ts": 1646951042564421, "dur": 3, "ph": "X", "tid": 0, "pid": 0, "step": 0, "cat": "POSIX", "name": "close", "args": {"fd": 35, "pathname": "/proc/509839/fd/19", "return": 0}},
{"ts": 1646951042564597, "dur": 28, "ph": "X", "tid": 0, "pid": 0, "step": 0, "cat": "POSIX", "name": "fwrite", "args": {"ptr": "0x41a580", "size": 1, "nmemb": 52, "fd": "0x7fb1064a06e0", "pathname": "stdout", "return": 52}},
{"ts": 1646951042564664, "dur": 20, "ph": "X", "tid": 0, "pid": 0, "step": 0, "cat": "POSIX", "name": "fprintf", "args": {"fd": "0x7fb1064a06e0", "pathname": "stdout", "return": 47}},
{"ts": 1646951042564686, "dur": 6, "ph": "X", "tid": 0, "pid": 0, "step": 0, "cat": "POSIX", "name": "fprintf", "args": {"fd": "0x7fb1064a06e0", "pathname": "stdout", "return": 22}},
{"ts": 1646951042564693, "dur": 3, "ph": "X", "tid": 0, "pid": 0, "step": 0, "cat": "POSIX", "name": "fprintf", "args": {"fd": "0x7fb1064a06e0", "pathname": "stdout", "return": 3}},
{"ts": 1646951042564697, "dur": 2, "ph": "X", "tid": 0, "pid": 0, "step": 0, "cat": "POSIX", "name": "fprintf", "args": {"fd": "0x7fb1064a06e0", "pathname": "stdout", "return": 3}},
{"ts": 1646951042564700, "dur": 3, "ph": "X", "tid": 0, "pid": 0, "step": 0, "cat": "POSIX", "name": "fprintf", "args": {"fd": "0x7fb1064a06e0", "pathname": "stdout", "return": 3}},
{"ts": 1646951042564704, "dur": 3, "ph": "X", "tid": 0, "pid": 0, "step": 0, "cat": "POSIX", "name": "fprintf", "args": {"fd": "0x7fb1064a06e0", "pathname": "stdout", "return": 3}},
{"ts": 1646951042564708, "dur": 3, "ph": "X", "tid": 0, "pid": 0, "step": 0, "cat": "POSIX", "name": "fprintf", "args": {"fd": "0x7fb1064a06e0", "pathname": "stdout", "return": 3}},
{"ts": 1646951042564712, "dur": 2, "ph": "X", "tid": 0, "pid": 0, "step": 0, "cat": "POSIX", "name": "fprintf", "args": {"fd": "0x7fb1064a06e0", "pathname": "stdout", "return": 2}},
{"ts": 1646951042564715, "dur": 3, "ph": "X", "tid": 0, "pid": 0, "step": 0, "cat": "POSIX", "name": "fprintf", "args": {"fd": "0x7fb1064a06e0", "pathname": "stdout", "return": 3}},
{"ts": 1646951042564719, "dur": 2, "ph": "X", "tid": 0, "pid": 0, "step": 0, "cat": "POSIX", "name": "fprintf", "args": {"fd": "0x7fb1064a06e0", "pathname": "stdout", "return": 3}},
{"ts": 1646951042564722, "dur": 2, "ph": "X", "tid": 0, "pid": 0, "step": 0, "cat": "POSIX", "name": "fprintf", "args": {"fd": "0x7fb1064a06e0", "pathname": "stdout", "return": 3}},
{"ts": 1646951042564725, "dur": 2, "ph": "X", "tid": 0, "pid": 0, "step": 0, "cat": "POSIX", "name": "fprintf", "args": {"fd": "0x7fb1064a06e0", "pathname": "stdout", "return": 3}},
{"ts": 1646951042564728, "dur": 2, "ph": "X", "tid": 0, "pid": 0, "step": 0, "cat": "POSIX", "name": "fprintf", "args": {"fd": "0x7fb1064a06e0", "pathname": "stdout", "return": 3}},
{"ts": 1646951042564731, "dur": 3, "ph": "X", "tid": 0, "pid": 0, "step": 0, "cat": "POSIX", "name": "fprintf", "args": {"fd": "0x7fb1064a06e0", "pathname": "stdout", "return": 6}},
{"ts": 1646951042564736, "dur": 3, "ph": "X", "tid": 0, "pid": 0, "step": 0, "cat": "POSIX", "name": "fprintf", "args": {"fd": "0x7fb1064a06e0", "pathname": "stdout", "return": 3}},
{"ts": 1646951042564740, "dur": 2, "ph": "X", "tid": 0, "pid": 0, "step": 0, "cat": "POSIX", "name": "fprintf", "args": {"fd": "0x7fb1064a06e0", "pathname": "stdout", "return": 3}},
{"ts": 1646951042564743, "dur": 2, "ph": "X", "tid": 0, "pid": 0, "step": 0, "cat": "POSIX", "name": "fprintf", "args": {"fd": "0x7fb1064a06e0", "pathname": "stdout", "return": 20}},
{"ts": 1646951042564747, "dur": 2, "ph": "X", "tid": 0, "pid": 0, "step": 0, "cat": "POSIX", "name": "fprintf", "args": {"fd": "0x7fb1064a06e0", "pathname": "stdout", "return": 22}},
{"ts": 1646951042564750, "dur": 2, "ph": "X", "tid": 0, "pid": 0, "step": 0, "cat": "POSIX", "name": "fprintf", "args": {"fd": "0x7fb1064a06e0", "pathname": "stdout", "return": 28}},
{"ts": 1646951042564753, "dur": 3, "ph": "X", "tid": 0, "pid": 0, "step": 0, "cat": "POSIX", "name": "fprintf", "args": {"fd": "0x7fb1064a06e0", "pathname": "stdout", "return": 72}},
{"ts": 1646951042564758, "dur": 2, "ph": "X", "tid": 0, "pid": 0, "step": 0, "cat": "POSIX", "name": "fwrite", "args": {"ptr": "0x41a0d5", "size": 1, "nmemb": 22, "fd": "0x7fb1064a06e0", "pathname": "stdout", "return": 22}},
{"ts": 1646951042564761, "dur": 3, "ph": "X", "tid": 0, "pid": 0, "step": 0, "cat": "POSIX", "name": "fprintf", "args": {"fd": "0x7fb1064a06e0", "pathname": "stdout", "return": 20}},
{"ts": 1646951042564766, "dur": 2, "ph": "X", "tid": 0, "pid": 0, "step": 0, "cat": "POSIX", "name": "fprintf", "args": {"fd": "0x7fb1064a06e0", "pathname": "stdout", "return": 308}},
{"ts": 1646951042564769, "dur": 3, "ph": "X", "tid": 0, "pid": 0, "step": 0, "cat": "POSIX", "name": "fprintf", "args": {"fd": "0x7fb1064a06e0", "pathname": "stdout", "return": 1790}},
{"ts": 1646951042564774, "dur": 2, "ph": "X", "tid": 0, "pid": 0, "step": 0, "cat": "POSIX", "name": "fprintf", "args": {"fd": "0x7fb1064a06e0", "pathname": "stdout", "return": 13}},
{"ts": 1646951042564777, "dur": 2, "ph": "X", "tid": 0, "pid": 0, "step": 0, "cat": "POSIX", "name": "fprintf", "args": {"fd": "0x7fb1064a06e0", "pathname": "stdout", "return": 16}},
{"ts": 1646951042564780, "dur": 2, "ph": "X", "tid": 0, "pid": 0, "step": 0, "cat": "POSIX", "name": "fprintf", "args": {"fd": "0x7fb1064a06e0", "pathname": "stdout", "return": 15}},
{"ts": 1646951042564783, "dur": 3, "ph": "X", "tid": 0, "pid": 0, "step": 0, "cat": "POSIX", "name": "fprintf", "args": {"fd": "0x7fb1064a06e0", "pathname": "stdout", "return": 22}},
{"ts": 1646951042564787, "dur": 3, "ph": "X", "tid": 0, "pid": 0, "step": 0, "cat": "POSIX", "name": "fprintf", "args": {"fd": "0x7fb1064a06e0", "pathname": "stdout", "return": 425}},
{"ts": 1646951042564791, "dur": 3, "ph": "X", "tid": 0, "pid": 0, "step": 0, "cat": "POSIX", "name": "fprintf", "args": {"fd": "0x7fb1064a06e0", "pathname": "stdout", "return": 530}},
{"ts": 1646951042564795, "dur": 3, "ph": "X", "tid": 0, "pid": 0, "step": 0, "cat": "POSIX", "name": "fprintf", "args": {"fd": "0x7fb1064a06e0", "pathname": "stdout", "return": 52}},
{"ts": 1646951042564799, "dur": 3, "ph": "X", "tid": 0, "pid": 0, "step": 0, "cat": "POSIX", "name": "fprintf", "args": {"fd": "0x7fb1064a06e0", "pathname": "stdout", "return": 122}},
{"ts": 1646951042564803, "dur": 3, "ph": "X", "tid": 0, "pid": 0, "step": 0, "cat": "POSIX", "name": "fprintf", "args": {"fd": "0x7fb1064a06e0", "pathname": "stdout", "return": 21}},
{"ts": 1646951042564807, "dur": 2, "ph": "X", "tid": 0, "pid": 0, "step": 0, "cat": "POSIX", "name": "fprintf", "args": {"fd": "0x7fb1064a06e0", "pathname": "stdout", "return": 29}},
{"ts": 1646951042564810, "dur": 3, "ph": "X", "tid": 0, "pid": 0, "step": 0, "cat": "POSIX", "name": "fprintf", "args": {"fd": "0x7fb1064a06e0", "pathname": "stdout", "return": 148}},
{"ts": 1646951042564814, "dur": 3, "ph": "X", "tid": 0, "pid": 0, "step": 0, "cat": "POSIX", "name": "fprintf", "args": {"fd": "0x7fb1064a06e0", "pathname": "stdout", "return": 30}},
{"ts": 1646951042564818, "dur": 2, "ph": "X", "tid": 0, "pid": 0, "step": 0, "cat": "POSIX", "name": "fprintf", "args": {"fd": "0x7fb1064a06e0", "pathname": "stdout", "return": 7}},
{"ts": 1646951042564998, "dur": 3, "ph": "X", "tid": 0, "pid": 0, "step": 0, "cat": "POSIX", "name": "fprintf", "args": {"fd": "0x7fb1064a06e0", "pathname": "stdout", "return": 23}},
{"ts": 1646951042565002, "dur": 2, "ph": "X", "tid": 0, "pid": 0, "step": 0, "cat": "POSIX", "name": "fprintf", "args": {"fd": "0x7fb1064a06e0", "pathname": "stdout", "return": 72}},
{"ts": 1646951042565005, "dur": 2, "ph": "X", "tid": 0, "pid": 0, "step": 0, "cat": "POSIX", "name": "fprintf", "args": {"fd": "0x7fb1064a06e0", "pathname": "stdout", "return": 23}},
{"ts": 1646951042565008, "dur": 10, "ph": "X", "tid": 0, "pid": 0, "step": 0, "cat": "POSIX", "name": "fprintf", "args": {"fd": "0x7fb1064a06e0", "pathname": "stdout", "return": 41}},
{"ts": 1646951042565020, "dur": 2, "ph": "X", "tid": 0, "pid": 0, "step": 0, "cat": "POSIX", "name": "fprintf", "args": {"fd": "0x7fb1064a06e0", "pathname": "stdout", "return": 17}},
{"ts": 1646951042565023, "dur": 2, "ph": "X", "tid": 0, "pid": 0, "step": 0, "cat": "POSIX", "name": "fprintf", "args": {"fd": "0x7fb1064a06e0", "pathname": "stdout", "return": 71}},
{"ts": 1646951042565026, "dur": 2, "ph": "X", "tid": 0, "pid": 0, "step": 0, "cat": "POSIX", "name": "fprintf", "args": {"fd": "0x7fb1064a06e0", "pathname": "stdout", "return": 35}},
{"ts": 1646951042565029, "dur": 3, "ph": "X", "tid": 0, "pid": 0, "step": 0, "cat": "POSIX", "name": "fprintf", "args": {"fd": "0x7fb1064a06e0", "pathname": "stdout", "return": 11}},
{"ts": 1646951042565033, "dur": 2, "ph": "X", "tid": 0, "pid": 0, "step": 0, "cat": "POSIX", "name": "fprintf", "args": {"fd": "0x7fb1064a06e0", "pathname": "stdout", "return": 32}},
{"ts": 1646951042565036, "dur": 3, "ph": "X", "tid": 0, "pid": 0, "step": 0, "cat": "POSIX", "name": "fprintf", "args": {"fd": "0x7fb1064a06e0", "pathname": "stdout", "return": 36}},
{"ts": 1646951042565040, "dur": 3, "ph": "X", "tid": 0, "pid": 0, "step": 0, "cat": "POSIX", "name": "fprintf", "args": {"fd": "0x7fb1064a06e0", "pathname": "stdout", "return": 31}},
{"ts": 1646951042565044, "dur": 3, "ph": "X", "tid": 0, "pid": 0, "step": 0, "cat": "POSIX", "name": "fprintf", "args": {"fd": "0x7fb1064a06e0", "pathname": "stdout", "return": 280}},
{"ts": 1646951042565057, "dur": 2, "ph": "X", "tid": 0, "pid": 0, "step": 0, "cat": "POSIX", "name": "fprintf", "args": {"fd": "0x7fb1064a06e0", "pathname": "stdout", "return": 129}},
{"ts": 1646951042565060, "dur": 3, "ph": "X", "tid": 0, "pid": 0, "step": 0, "cat": "POSIX", "name": "fprintf", "args": {"fd": "0x7fb1064a06e0", "pathname": "stdout", "return": 15}},
{"ts": 1646951042565064, "dur": 3, "ph": "X", "tid": 0, "pid": 0, "step": 0, "cat": "POSIX", "name": "fprintf", "args": {"fd": "0x7fb1064a06e0", "pathname": "stdout", "return": 34}},
{"ts": 1646951042565068, "dur": 2, "ph": "X", "tid": 0, "pid": 0, "step": 0, "cat": "POSIX", "name": "fprintf", "args": {"fd": "0x7fb1064a06e0", "pathname": "stdout", "return": 25}},
{"ts": 1646951042565071, "dur": 3, "ph": "X", "tid": 0, "pid": 0, "step": 0, "cat": "POSIX", "name": "fprintf", "args": {"fd": "0x7fb1064a06e0", "pathname": "stdout", "return": 18}},
{"ts": 1646951042565075, "dur": 3, "ph": "X", "tid": 0, "pid": 0, "step": 0, "cat": "POSIX", "name": "fprintf", "args": {"fd": "0x7fb1064a06e0", "pathname": "stdout", "return": 39}},
{"ts": 1646951042565079, "dur": 2, "ph": "X", "tid": 0, "pid": 0, "step": 0, "cat": "POSIX", "name": "fprintf", "args": {"fd": "0x7fb1064a06e0", "pathname": "stdout", "return": 152}},
{"ts": 1646951042565082, "dur": 2, "ph": "X", "tid": 0, "pid": 0, "step": 0, "cat": "POSIX", "name": "fprintf", "args": {"fd": "0x7fb1064a06e0", "pathname": "stdout", "return": 87}},
{"ts": 1646951042565086, "dur": 2, "ph": "X", "tid": 0, "pid": 0, "step": 0, "cat": "POSIX", "name": "fprintf", "args": {"fd": "0x7fb1064a06e0", "pathname": "stdout", "return": 15}},
{"ts": 1646951042565089, "dur": 2, "ph": "X", "tid": 0, "pid": 0, "step": 0, "cat": "POSIX", "name": "fprintf", "args": {"fd": "0x7fb1064a06e0", "pathname": "stdout", "return": 20}},
{"ts": 1646951042565092, "dur": 2, "ph": "X", "tid": 0, "pid": 0, "step": 0, "cat": "POSIX", "name": "fprintf", "args": {"fd": "0x7fb1064a06e0", "pathname": "stdout", "return": 141}},
{"ts": 1646951042565095, "dur": 2, "ph": "X", "tid": 0, "pid": 0, "step": 0, "cat": "POSIX", "name": "fprintf", "args": {"fd": "0x7fb1064a06e0", "pathname": "stdout", "return": 34}},
{"ts": 1646951042565098, "dur": 3, "ph": "X", "tid": 0, "pid": 0, "step": 0, "cat": "POSIX", "name": "fprintf", "args": {"fd": "0x7fb1064a06e0", "pathname": "stdout", "return": 242}},
{"ts": 1646951042565102, "dur": 3, "ph": "X", "tid": 0, "pid": 0, "step": 0, "cat": "POSIX", "name": "fprintf", "args": {"fd": "0x7fb1064a06e0", "pathname": "stdout", "return": 155}},
{"ts": 1646951042565106, "dur": 3, "ph": "X", "tid": 0, "pid": 0, "step": 0, "cat": "POSIX", "name": "fprintf", "args": {"fd": "0x7fb1064a06e0", "pathname": "stdout", "return": 41}},
{"ts": 1646951042565110, "dur": 2, "ph": "X", "tid": 0, "pid": 0, "step": 0, "cat": "POSIX", "name": "fprintf", "args": {"fd": "0x7fb1064a06e0", "pathname": "stdout", "return": 25}},
{"ts": 1646951042565113, "dur": 3, "ph": "X", "tid": 0, "pid": 0, "step": 0, "cat": "POSIX", "name": "fprintf", "args": {"fd": "0x7fb1064a06e0", "pathname": "stdout", "return": 81}},
{"ts": 1646951042565117, "dur": 3, "ph": "X", "tid": 0, "pid": 0, "step": 0, "cat": "POSIX", "name": "fprintf", "args": {"fd": "0x7fb1064a06e0", "pathname": "stdout", "return": 338}},
{"ts": 1646951042565121, "dur": 3, "ph": "X", "tid": 0, "pid": 0, "step": 0, "cat": "POSIX", "name": "fprintf", "args": {"fd": "0x7fb1064a06e0", "pathname": "stdout", "return": 23}},
{"ts": 1646951042565125, "dur": 2, "ph": "X", "tid": 0, "pid": 0, "step": 0, "cat": "POSIX", "name": "fprintf", "args": {"fd": "0x7fb1064a06e0", "pathname": "stdout", "return": 14}},
{"ts": 1646951042565128, "dur": 3, "ph": "X", "tid": 0, "pid": 0, "step": 0, "cat": "POSIX", "name": "fprintf", "args": {"fd": "0x7fb1064a06e0", "pathname": "stdout", "return": 47}},
{"ts": 1646951042565132, "dur": 3, "ph": "X", "tid": 0, "pid": 0, "step": 0, "cat": "POSIX", "name": "fprintf", "args": {"fd": "0x7fb1064a06e0", "pathname": "stdout", "return": 124}},
{"ts": 1646951042565136, "dur": 2, "ph": "X", "tid": 0, "pid": 0, "step": 0, "cat": "POSIX", "name": "fprintf", "args": {"fd": "0x7fb1064a06e0", "pathname": "stdout", "return": 21}},
{"ts": 1646951042565139, "dur": 3, "ph": "X", "tid": 0, "pid": 0, "step": 0, "cat": "POSIX", "name": "fprintf", "args": {"fd": "0x7fb1064a06e0", "pathname": "stdout", "return": 14}},
{"ts": 1646951042565143, "dur": 2, "ph": "X", "tid": 0, "pid": 0, "step": 0, "cat": "POSIX", "name": "fprintf", "args": {"fd": "0x7fb1064a06e0", "pathname": "stdout", "return": 15}},
{"ts": 1646951042565146, "dur": 3, "ph": "X", "tid": 0, "pid": 0, "step": 0, "cat": "POSIX", "name": "fprintf", "args": {"fd": "0x7fb1064a06e0", "pathname": "stdout", "return": 38}},
{"ts": 1646951042565150, "dur": 3, "ph": "X", "tid": 0, "pid": 0, "step": 0, "cat": "POSIX", "name": "fprintf", "args": {"fd": "0x7fb1064a06e0", "pathname": "stdout", "return": 28}},
{"ts": 1646951042565154, "dur": 3, "ph": "X", "tid": 0, "pid": 0, "step": 0, "cat": "POSIX", "name": "fprintf", "args": {"fd": "0x7fb1064a06e0", "pathname": "stdout", "return": 124}},
{"ts": 1646951042565158, "dur": 2, "ph": "X", "tid": 0, "pid": 0, "step": 0, "cat": "POSIX", "name": "fprintf", "args": {"fd": "0x7fb1064a06e0", "pathname": "stdout", "return": 12}},
{"ts": 1646951042565161, "dur": 3, "ph": "X", "tid": 0, "pid": 0, "step": 0, "cat": "POSIX", "name": "fprintf", "args": {"fd": "0x7fb1064a06e0", "pathname": "stdout", "return": 356}},
{"ts": 1646951042565165, "dur": 3, "ph": "X", "tid": 0, "pid": 0, "step": 0, "cat": "POSIX", "name": "fprintf", "args": {"fd": "0x7fb1064a06e0", "pathname": "stdout", "return": 84}},
{"ts": 1646951042565169, "dur": 2, "ph": "X", "tid": 0, "pid": 0, "step": 0, "cat": "POSIX", "name": "fprintf", "args": {"fd": "0x7fb1064a06e0", "pathname": "stdout", "return": 30}},
{"ts": 1646951042565172, "dur": 3, "ph": "X", "tid": 0, "pid": 0, "step": 0, "cat": "POSIX", "name": "fprintf", "args": {"fd": "0x7fb1064a06e0", "pathname": "stdout", "return": 59}},
{"ts": 1646951042565186, "dur": 2, "ph": "X", "tid": 0, "pid": 0, "step": 0, "cat": "POSIX", "name": "fprintf", "args": {"fd": "0x7fb1064a06e0", "pathname": "stdout", "return": 35}},
{"ts": 1646951042565189, "dur": 2, "ph": "X", "tid": 0, "pid": 0, "step": 0, "cat": "POSIX", "name": "fprintf", "args": {"fd": "0x7fb1064a06e0", "pathname": "stdout", "return": 28}},
{"ts": 1646951042565192, "dur": 2, "ph": "X", "tid": 0, "pid": 0, "step": 0, "cat": "POSIX", "name": "fprintf", "args": {"fd": "0x7fb1064a06e0", "pathname": "stdout", "return": 24}},
{"ts": 1646951042565195, "dur": 3, "ph": "X", "tid": 0, "pid": 0, "step": 0, "cat": "POSIX", "name": "fprintf", "args": {"fd": "0x7fb1064a06e0", "pathname": "stdout", "return": 10}},
{"ts": 1646951042565199, "dur": 2, "ph": "X", "tid": 0, "pid": 0, "step": 0, "cat": "POSIX", "name": "fprintf", "args": {"fd": "0x7fb1064a06e0", "pathname": "stdout", "return": 25}},
{"ts": 1646951042565202, "dur": 3, "ph": "X", "tid": 0, "pid": 0, "step": 0, "cat": "POSIX", "name": "fprintf", "args": {"fd": "0x7fb1064a06e0", "pathname": "stdout", "return": 124}},
{"ts": 1646951042565206, "dur": 3, "ph": "X", "tid": 0, "pid": 0, "step": 0, "cat": "POSIX", "name": "fprintf", "args": {"fd": "0x7fb1064a06e0", "pathname": "stdout", "return": 24}},
{"ts": 1646951042565210, "dur": 3, "ph": "X", "tid": 0, "pid": 0, "step": 0, "cat": "POSIX", "name": "fprintf", "args": {"fd": "0x7fb1064a06e0", "pathname": "stdout", "return": 34}},
{"ts": 1646951042565214, "dur": 2, "ph": "X", "tid": 0, "pid": 0, "step": 0, "cat": "POSIX", "name": "fprintf", "args": {"fd": "0x7fb1064a06e0", "pathname": "stdout", "return": 20}},
{"ts": 1646951042565217, "dur": 3, "ph": "X", "tid": 0, "pid": 0, "step": 0, "cat": "POSIX", "name": "fprintf", "args": {"fd": "0x7fb1064a06e0", "pathname": "stdout", "return": 35}},
{"ts": 1646951042565221, "dur": 2, "ph": "X", "tid": 0, "pid": 0, "step": 0, "cat": "POSIX", "name": "fprintf", "args": {"fd": "0x7fb1064a06e0", "pathname": "stdout", "return": 15}},
{"ts": 1646951042565224, "dur": 3, "ph": "X", "tid": 0, "pid": 0, "step": 0, "cat": "POSIX", "name": "fprintf", "args": {"fd": "0x7fb1064a06e0", "pathname": "stdout", "return": 58}},
{"ts": 1646951042565228, "dur": 3, "ph": "X", "tid": 0, "pid": 0, "step": 0, "cat": "POSIX", "name": "fprintf", "args": {"fd": "0x7fb1064a06e0", "pathname": "stdout", "return": 17}},
{"ts": 1646951042565232, "dur": 3, "ph": "X", "tid": 0, "pid": 0, "step": 0, "cat": "POSIX", "name": "fprintf", "args": {"fd": "0x7fb1064a06e0", "pathname": "stdout", "return": 27}},
{"ts": 1646951042565236, "dur": 2, "ph": "X", "tid": 0, "pid": 0, "step": 0, "cat": "POSIX", "name": "fprintf", "args": {"fd": "0x7fb1064a06e0", "pathname": "stdout", "return": 41}},
{"ts": 1646951042565239, "dur": 3, "ph": "X", "tid": 0, "pid": 0, "step": 0, "cat": "POSIX", "name": "fprintf", "args": {"fd": "0x7fb1064a06e0", "pathname": "stdout", "return": 31}},
{"ts": 1646951042565243, "dur": 3, "ph": "X", "tid": 0, "pid": 0, "step": 0, "cat": "POSIX", "name": "fprintf", "args": {"fd": "0x7fb1064a06e0", "pathname": "stdout", "return": 14}},
{"ts": 1646951042565247, "dur": 2, "ph": "X", "tid": 0, "pid": 0, "step": 0, "cat": "POSIX", "name": "fprintf", "args": {"fd": "0x7fb1064a06e0", "pathname": "stdout", "return": 29}},
{"ts": 1646951042565250, "dur": 3, "ph": "X", "tid": 0, "pid": 0, "step": 0, "cat": "POSIX", "name": "fprintf", "args": {"fd": "0x7fb1064a06e0", "pathname": "stdout", "return": 46}},
{"ts": 1646951042565254, "dur": 3, "ph": "X", "tid": 0, "pid": 0, "step": 0, "cat": "POSIX", "name": "fprintf", "args": {"fd": "0x7fb1064a06e0", "pathname": "stdout", "return": 24}},
{"ts": 1646951042565258, "dur": 2, "ph": "X", "tid": 0, "pid": 0, "step": 0, "cat": "POSIX", "name": "fprintf", "args": {"fd": "0x7fb1064a06e0", "pathname": "stdout", "return": 54}},
{"ts": 1646951042565261, "dur": 3, "ph": "X", "tid": 0, "pid": 0, "step": 0, "cat": "POSIX", "name": "fprintf", "args": {"fd": "0x7fb1064a06e0", "pathname": "stdout", "return": 26}},
{"ts": 1646951042565265, "dur": 3, "ph": "X", "tid": 0, "pid": 0, "step": 0, "cat": "POSIX", "name": "fprintf", "args": {"fd": "0x7fb1064a06e0", "pathname": "stdout", "return": 41}},
{"ts": 1646951042565269, "dur": 3, "ph": "X", "tid": 0, "pid": 0, "step": 0, "cat": "POSIX", "name": "fprintf", "args": {"fd": "0x7fb1064a06e0", "pathname": "stdout", "return": 78}},
{"ts": 1646951042565273, "dur": 6, "ph": "X", "tid": 0, "pid": 0, "step": 0, "cat": "POSIX", "name": "fprintf", "args": {"fd": "0x7fb1064a06e0", "pathname": "stdout", "return": 142}},
{"ts": 1646951042565280, "dur": 2, "ph": "X", "tid": 0, "pid": 0, "step": 0, "cat": "POSIX", "name": "fprintf", "args": {"fd": "0x7fb1064a06e0", "pathname": "stdout", "return": 29}},
{"ts": 1646951042565283, "dur": 2, "ph": "X", "tid": 0, "pid": 0, "step": 0, "cat": "POSIX", "name": "fprintf", "args": {"fd": "0x7fb1064a06e0", "pathname": "stdout", "return": 19}},
{"ts": 1646951042565286, "dur": 2, "ph": "X", "tid": 0, "pid": 0, "step": 0, "cat": "POSIX", "name": "fprintf", "args": {"fd": "0x7fb1064a06e0", "pathname": "stdout", "return": 26}},
{"ts": 1646951042565289, "dur": 3, "ph": "X", "tid": 0, "pid": 0, "step": 0, "cat": "POSIX", "name": "fprintf", "args": {"fd": "0x7fb1064a06e0", "pathname": "stdout", "return": 12}},
{"ts": 1646951042565293, "dur": 3, "ph": "X", "tid": 0, "pid": 0, "step": 0, "cat": "POSIX", "name": "fprintf", "args": {"fd": "0x7fb1064a06e0", "pathname": "stdout", "return": 123}},
{"ts": 1646951042565297, "dur": 2, "ph": "X", "tid": 0, "pid": 0, "step": 0, "cat": "POSIX", "name": "fprintf", "args": {"fd": "0x7fb1064a06e0", "pathname": "stdout", "return": 143}},
{"ts": 1646951042565300, "dur": 2, "ph": "X", "tid": 0, "pid": 0, "step": 0, "cat": "POSIX", "name": "fprintf", "args": {"fd": "0x7fb1064a06e0", "pathname": "stdout", "return": 15}},
{"ts": 1646951042565304, "dur": 2, "ph": "X", "tid": 0, "pid": 0, "step": 0, "cat": "POSIX", "name": "fprintf", "args": {"fd": "0x7fb1064a06e0", "pathname": "stdout", "return": 19}},
{"ts": 1646951042565307, "dur": 2, "ph": "X", "tid": 0, "pid": 0, "step": 0, "cat": "POSIX", "name": "fprintf", "args": {"fd": "0x7fb1064a06e0", "pathname": "stdout", "return": 530}},
{"ts": 1646951042565310, "dur": 2, "ph": "X", "tid": 0, "pid": 0, "step": 0, "cat": "POSIX", "name": "fprintf", "args": {"fd": "0x7fb1064a06e0", "pathname": "stdout", "return": 33}},
{"ts": 1646951042565313, "dur": 3, "ph": "X", "tid": 0, "pid": 0, "step": 0, "cat": "POSIX", "name": "fprintf", "args": {"fd": "0x7fb1064a06e0", "pathname": "stdout", "return": 59}},
{"ts": 1646951042565317, "dur": 3, "ph": "X", "tid": 0, "pid": 0, "step": 0, "cat": "POSIX", "name": "fprintf", "args": {"fd": "0x7fb1064a06e0", "pathname": "stdout", "return": 84}},
{"ts": 1646951042565321, "dur": 2, "ph": "X", "tid": 0, "pid": 0, "step": 0, "cat": "POSIX", "name": "fprintf", "args": {"fd": "0x7fb1064a06e0", "pathname": "stdout", "return": 274}},
{"ts": 1646951042565324, "dur": 3, "ph": "X", "tid": 0, "pid": 0, "step": 0, "cat": "POSIX", "name": "fprintf", "args": {"fd": "0x7fb1064a06e0", "pathname": "stdout", "return": 530}},
{"ts": 1646951042565328, "dur": 3, "ph": "X", "tid": 0, "pid": 0, "step": 0, "cat": "POSIX", "name": "fprintf", "args": {"fd": "0x7fb1064a06e0", "pathname": "stdout", "return": 26}},
{"ts": 1646951042565332, "dur": 3, "ph": "X", "tid": 0, "pid": 0, "step": 0, "cat": "POSIX", "name": "fprintf", "args": {"fd": "0x7fb1064a06e0", "pathname": "stdout", "return": 122}},
{"ts": 1646951042565336, "dur": 3, "ph": "X", "tid": 0, "pid": 0, "step": 0, "cat": "POSIX", "name": "fprintf", "args": {"fd": "0x7fb1064a06e0", "pathname": "stdout", "return": 25}},
{"ts": 1646951042565340, "dur": 2, "ph": "X", "tid": 0, "pid": 0, "step": 0, "cat": "POSIX", "name": "fprintf", "args": {"fd": "0x7fb1064a06e0", "pathname": "stdout", "return": 21}},
{"ts": 1646951042565343, "dur": 3, "ph": "X", "tid": 0, "pid": 0, "step": 0, "cat": "POSIX", "name": "fprintf", "args": {"fd": "0x7fb1064a06e0", "pathname": "stdout", "return": 33}},
{"ts": 1646951042567216, "dur": 4, "ph": "X", "tid": 0, "pid": 0, "step": 0, "cat": "POSIX", "name": "fprintf", "args": {"fd": "0x7fb1064a06e0", "pathname": "stdout", "return": 20}},
{"ts": 1646951042567221, "dur": 2, "ph": "X", "tid": 0, "pid": 0, "step": 0, "cat": "POSIX", "name": "fprintf", "args": {"fd": "0x7fb1064a06e0", "pathname": "stdout", "return": 30}},
{"ts": 1646951042567224, "dur": 2, "ph": "X", "tid": 0, "pid": 0, "step": 0, "cat": "POSIX", "name": "fprintf", "args": {"fd": "0x7fb1064a06e0", "pathname": "stdout", "return": 43}},
{"ts": 1646951042567227, "dur": 3, "ph": "X", "tid": 0, "pid": 0, "step": 0, "cat": "POSIX", "name": "fprintf", "args": {"fd": "0x7fb1064a06e0", "pathname": "stdout", "return": 34}},
{"ts": 1646951042567231, "dur": 3, "ph": "X", "tid": 0, "pid": 0, "step": 0, "cat": "POSIX", "name": "fprintf", "args": {"fd": "0x7fb1064a06e0", "pathname": "stdout", "return": 22}},
{"ts": 1646951042567235, "dur": 3, "ph": "X", "tid": 0, "pid": 0, "step": 0, "cat": "POSIX", "name": "fprintf", "args": {"fd": "0x7fb1064a06e0", "pathname": "stdout", "return": 22}},
{"ts": 1646951042567239, "dur": 3, "ph": "X", "tid": 0, "pid": 0, "step": 0, "cat": "POSIX", "name": "fprintf", "args": {"fd": "0x7fb1064a06e0", "pathname": "stdout", "return": 25}},
{"ts": 1646951042567243, "dur": 3, "ph": "X", "tid": 0, "pid": 0, "step": 0, "cat": "POSIX", "name": "fprintf", "args": {"fd": "0x7fb1064a06e0", "pathname": "stdout", "return": 20}},
{"ts": 1646951042567247, "dur": 2, "ph": "X", "tid": 0, "pid": 0, "step": 0, "cat": "POSIX", "name": "fprintf", "args": {"fd": "0x7fb1064a06e0", "pathname": "stdout", "return": 16}},
{"ts": 1646951042567250, "dur": 3, "ph": "X", "tid": 0, "pid": 0, "step": 0, "cat": "POSIX", "name": "fprintf", "args": {"fd": "0x7fb1064a06e0", "pathname": "stdout", "return": 19}},
{"ts": 1646951042567254, "dur": 3, "ph": "X", "tid": 0, "pid": 0, "step": 0, "cat": "POSIX", "name": "fprintf", "args": {"fd": "0x7fb1064a06e0", "pathname": "stdout", "return": 20}},
{"ts": 1646951042567258, "dur": 3, "ph": "X", "tid": 0, "pid": 0, "step": 0, "cat": "POSIX", "name": "fprintf", "args": {"fd": "0x7fb1064a06e0", "pathname": "stdout", "return": 26}},
{"ts": 1646951042567262, "dur": 2, "ph": "X", "tid": 0, "pid": 0, "step": 0, "cat": "POSIX", "name": "fprintf", "args": {"fd": "0x7fb1064a06e0", "pathname": "stdout", "return": 25}},
{"ts": 1646951042567265, "dur": 2, "ph": "X", "tid": 0, "pid": 0, "step": 0, "cat": "POSIX", "name": "fprintf", "args": {"fd": "0x7fb1064a06e0", "pathname": "stdout", "return": 31}},
{"ts": 1646951042567269, "dur": 2, "ph": "X", "tid": 0, "pid": 0, "step": 0, "cat": "POSIX", "name": "fprintf", "args": {"fd": "0x7fb1064a06e0", "pathname": "stdout", "return": 25}},
{"ts": 1646951042567272, "dur": 2, "ph": "X", "tid": 0, "pid": 0, "step": 0, "cat": "POSIX", "name": "fprintf", "args": {"fd": "0x7fb1064a06e0", "pathname": "stdout", "return": 34}},
{"ts": 1646951042567275, "dur": 2, "ph": "X", "tid": 0, "pid": 0, "step": 0, "cat": "POSIX", "name": "fprintf", "args": {"fd": "0x7fb1064a06e0", "pathname": "stdout", "return": 24}},
{"ts": 1646951042567278, "dur": 3, "ph": "X", "tid": 0, "pid": 0, "step": 0, "cat": "POSIX", "name": "fprintf", "args": {"fd": "0x7fb1064a06e0", "pathname": "stdout", "return": 19}},
{"ts": 1646951042567282, "dur": 3, "ph": "X", "tid": 0, "pid": 0, "step": 0, "cat": "POSIX", "name": "fprintf", "args": {"fd": "0x7fb1064a06e0", "pathname": "stdout", "return": 15}},
{"ts": 1646951042567286, "dur": 3, "ph": "X", "tid": 0, "pid": 0, "step": 0, "cat": "POSIX", "name": "fprintf", "args": {"fd": "0x7fb1064a06e0", "pathname": "stdout", "return": 8}},
{"ts": 1646951042567290, "dur": 3, "ph": "X", "tid": 0, "pid": 0, "step": 0, "cat": "POSIX", "name": "fprintf", "args": {"fd": "0x7fb1064a06e0", "pathname": "stdout", "return": 41}},
{"ts": 1646951042567294, "dur": 3, "ph": "X", "tid": 0, "pid": 0, "step": 0, "cat": "POSIX", "name": "fprintf", "args": {"fd": "0x7fb1064a06e0", "pathname": "stdout", "return": 68}},
{"ts": 1646951042567298, "dur": 3, "ph": "X", "tid": 0, "pid": 0, "step": 0, "cat": "POSIX", "name": "fprintf", "args": {"fd": "0x7fb1064a06e0", "pathname": "stdout", "return": 124}},
{"ts": 1646951042567302, "dur": 3, "ph": "X", "tid": 0, "pid": 0, "step": 0, "cat": "POSIX", "name": "fprintf", "args": {"fd": "0x7fb1064a06e0", "pathname": "stdout", "return": 25}},
{"ts": 1646951042567306, "dur": 3, "ph": "X", "tid": 0, "pid": 0, "step": 0, "cat": "POSIX", "name": "fprintf", "args": {"fd": "0x7fb1064a06e0", "pathname": "stdout", "return": 32}},
{"ts": 1646951042567310, "dur": 3, "ph": "X", "tid": 0, "pid": 0, "step": 0, "cat": "POSIX", "name": "fprintf", "args": {"fd": "0x7fb1064a06e0", "pathname": "stdout", "return": 282}},
{"ts": 1646951042567314, "dur": 2, "ph": "X", "tid": 0, "pid": 0, "step": 0, "cat": "POSIX", "name": "fprintf", "args": {"fd": "0x7fb1064a06e0", "pathname": "stdout", "return": 14}},
{"ts": 1646951042567317, "dur": 3, "ph": "X", "tid": 0, "pid": 0, "step": 0, "cat": "POSIX", "name": "fprintf", "args": {"fd": "0x7fb1064a06e0", "pathname": "stdout", "return": 29}},
{"ts": 1646951042567321, "dur": 3, "ph": "X", "tid": 0, "pid": 0, "step": 0, "cat": "POSIX", "name": "fprintf", "args": {"fd": "0x7fb1064a06e0", "pathname": "stdout", "return": 78}},
{"ts": 1646951042567325, "dur": 3, "ph": "X", "tid": 0, "pid": 0, "step": 0, "cat": "POSIX", "name": "fprintf", "args": {"fd": "0x7fb1064a06e0", "pathname": "stdout", "return": 30}},
{"ts": 1646951042567329, "dur": 3, "ph": "X", "tid": 0, "pid": 0, "step": 0, "cat": "POSIX", "name": "fprintf", "args": {"fd": "0x7fb1064a06e0", "pathname": "stdout", "return": 327}},
{"ts": 1646951042567333, "dur": 3, "ph": "X", "tid": 0, "pid": 0, "step": 0, "cat": "POSIX", "name": "fprintf", "args": {"fd": "0x7fb1064a06e0", "pathname": "stdout", "return": 20}},
{"ts": 1646951042567337, "dur": 3, "ph": "X", "tid": 0, "pid": 0, "step": 0, "cat": "POSIX", "name": "fprintf", "args": {"fd": "0x7fb1064a06e0", "pathname": "stdout", "return": 31}},
{"ts": 1646951042567341, "dur": 2, "ph": "X", "tid": 0, "pid": 0, "step": 0, "cat": "POSIX", "name": "fprintf", "args": {"fd": "0x7fb1064a06e0", "pathname": "stdout", "return": 17}},
{"ts": 1646951042567344, "dur": 2, "ph": "X", "tid": 0, "pid": 0, "step": 0, "cat": "POSIX", "name": "fprintf", "args": {"fd": "0x7fb1064a06e0", "pathname": "stdout", "return": 55}},
{"ts": 1646951042567348, "dur": 2, "ph": "X", "tid": 0, "pid": 0, "step": 0, "cat": "POSIX", "name": "fprintf", "args": {"fd": "0x7fb1064a06e0", "pathname": "stdout", "return": 32}},
{"ts": 1646951042567351, "dur": 2, "ph": "X", "tid": 0, "pid": 0, "step": 0, "cat": "POSIX", "name": "fprintf", "args": {"fd": "0x7fb1064a06e0", "pathname": "stdout", "return": 133}},
{"ts": 1646951042567354, "dur": 2, "ph": "X", "tid": 0, "pid": 0, "step": 0, "cat": "POSIX", "name": "fprintf", "args": {"fd": "0x7fb1064a06e0", "pathname": "stdout", "return": 15}},
{"ts": 1646951042567357, "dur": 3, "ph": "X", "tid": 0, "pid": 0, "step": 0, "cat": "POSIX", "name": "fprintf", "args": {"fd": "0x7fb1064a06e0", "pathname": "stdout", "return": 38}},
{"ts": 1646951042567361, "dur": 3, "ph": "X", "tid": 0, "pid": 0, "step": 0, "cat": "POSIX", "name": "fprintf", "args": {"fd": "0x7fb1064a06e0", "pathname": "stdout", "return": 22}},
{"ts": 1646951042567365, "dur": 6, "ph": "X", "tid": 0, "pid": 0, "step": 0, "cat": "POSIX", "name": "fprintf", "args": {"fd": "0x7fb1064a06e0", "pathname": "stdout", "return": 527}},
{"ts": 1646951042567372, "dur": 2, "ph": "X", "tid": 0, "pid": 0, "step": 0, "cat": "POSIX", "name": "fprintf", "args": {"fd": "0x7fb1064a06e0", "pathname": "stdout", "return": 20}},
{"ts": 1646951042567375, "dur": 3, "ph": "X", "tid": 0, "pid": 0, "step": 0, "cat": "POSIX", "name": "fprintf", "args": {"fd": "0x7fb1064a06e0", "pathname": "stdout", "return": 255}},
{"ts": 1646951042567379, "dur": 3, "ph": "X", "tid": 0, "pid": 0, "step": 0, "cat": "POSIX", "name": "fprintf", "args": {"fd": "0x7fb1064a06e0", "pathname": "stdout", "return": 30}},
{"ts": 1646951042567383, "dur": 3, "ph": "X", "tid": 0, "pid": 0, "step": 0, "cat": "POSIX", "name": "fprintf", "args": {"fd": "0x7fb1064a06e0", "pathname": "stdout", "return": 25}},
{"ts": 1646951042567395, "dur": 2, "ph": "X", "tid": 0, "pid": 0, "step": 0, "cat": "POSIX", "name": "fprintf", "args": {"fd": "0x7fb1064a06e0", "pathname": "stdout", "return": 23}},
{"ts": 1646951042567399, "dur": 2, "ph": "X", "tid": 0, "pid": 0, "step": 0, "cat": "POSIX", "name": "fprintf", "args": {"fd": "0x7fb1064a06e0", "pathname": "stdout", "return": 34}},
{"ts": 1646951042567402, "dur": 2, "ph": "X", "tid": 0, "pid": 0, "step": 0, "cat": "POSIX", "name": "fprintf", "args": {"fd": "0x7fb1064a06e0", "pathname": "stdout", "return": 136}},
{"ts": 1646951042567405, "dur": 2, "ph": "X", "tid": 0, "pid": 0, "step": 0, "cat": "POSIX", "name": "fprintf", "args": {"fd": "0x7fb1064a06e0", "pathname": "stdout", "return": 29}},
{"ts": 1646951042567408, "dur": 2, "ph": "X", "tid": 0, "pid": 0, "step": 0, "cat": "POSIX", "name": "fprintf", "args": {"fd": "0x7fb1064a06e0", "pathname": "stdout", "return": 14}},
{"ts": 1646951042567411, "dur": 3, "ph": "X", "tid": 0, "pid": 0, "step": 0, "cat": "POSIX", "name": "fprintf", "args": {"fd": "0x7fb1064a06e0", "pathname": "stdout", "return": 40}},
{"ts": 1646951042567415, "dur": 2, "ph": "X", "tid": 0, "pid": 0, "step": 0, "cat": "POSIX", "name": "fprintf", "args": {"fd": "0x7fb1064a06e0", "pathname": "stdout", "return": 31}},
{"ts": 1646951042567419, "dur": 2, "ph": "X", "tid": 0, "pid": 0, "step": 0, "cat": "POSIX", "name": "fprintf", "args": {"fd": "0x7fb1064a06e0", "pathname": "stdout", "return": 23}},
{"ts": 1646951042567422, "dur": 2, "ph": "X", "tid": 0, "pid": 0, "step": 0, "cat": "POSIX", "name": "fprintf", "args": {"fd": "0x7fb1064a06e0", "pathname": "stdout", "return": 124}},
{"ts": 1646951042567425, "dur": 2, "ph": "X", "tid": 0, "pid": 0, "step": 0, "cat": "POSIX", "name": "fprintf", "args": {"fd": "0x7fb1064a06e0", "pathname": "stdout", "return": 11}},
{"ts": 1646951042567428, "dur": 3, "ph": "X", "tid": 0, "pid": 0, "step": 0, "cat": "POSIX", "name": "fprintf", "args": {"fd": "0x7fb1064a06e0", "pathname": "stdout", "return": 44}},
{"ts": 1646951042567432, "dur": 3, "ph": "X", "tid": 0, "pid": 0, "step": 0, "cat": "POSIX", "name": "fprintf", "args": {"fd": "0x7fb1064a06e0", "pathname": "stdout", "return": 36}},
{"ts": 1646951042567436, "dur": 3, "ph": "X", "tid": 0, "pid": 0, "step": 0, "cat": "POSIX", "name": "fprintf", "args": {"fd": "0x7fb1064a06e0", "pathname": "stdout", "return": 16}},
{"ts": 1646951042567440, "dur": 3, "ph": "X", "tid": 0, "pid": 0, "step": 0, "cat": "POSIX", "name": "fprintf", "args": {"fd": "0x7fb1064a06e0", "pathname": "stdout", "return": 35}},
{"ts": 1646951042567444, "dur": 2, "ph": "X", "tid": 0, "pid": 0, "step": 0, "cat": "POSIX", "name": "fprintf", "args": {"fd": "0x7fb1064a06e0", "pathname": "stdout", "return": 39}},
{"ts": 1646951042567447, "dur": 2, "ph": "X", "tid": 0, "pid": 0, "step": 0, "cat": "POSIX", "name": "fprintf", "args": {"fd": "0x7fb1064a06e0", "pathname": "stdout", "return": 31}},
{"ts": 1646951042567451, "dur": 2, "ph": "X", "tid": 0, "pid": 0, "step": 0, "cat": "POSIX", "name": "fprintf", "args": {"fd": "0x7fb1064a06e0", "pathname": "stdout", "return": 24}},
{"ts": 1646951042567454, "dur": 2, "ph": "X", "tid": 0, "pid": 0, "step": 0, "cat": "POSIX", "name": "fprintf", "args": {"fd": "0x7fb1064a06e0", "pathname": "stdout", "return": 95}},
{"ts": 1646951042567457, "dur": 2, "ph": "X", "tid": 0, "pid": 0, "step": 0, "cat": "POSIX", "name": "fprintf", "args": {"fd": "0x7fb1064a06e0", "pathname": "stdout", "return": 119}},
{"ts": 1646951042567460, "dur": 3, "ph": "X", "tid": 0, "pid": 0, "step": 0, "cat": "POSIX", "name": "fprintf", "args": {"fd": "0x7fb1064a06e0", "pathname": "stdout", "return": 53}},
{"ts": 1646951042567464, "dur": 3, "ph": "X", "tid": 0, "pid": 0, "step": 0, "cat": "POSIX", "name": "fprintf", "args": {"fd": "0x7fb1064a06e0", "pathname": "stdout", "return": 66}},
{"ts": 1646951042567468, "dur": 3, "ph": "X", "tid": 0, "pid": 0, "step": 0, "cat": "POSIX", "name": "fprintf", "args": {"fd": "0x7fb1064a06e0", "pathname": "stdout", "return": 42}},
{"ts": 1646951042567472, "dur": 3, "ph": "X", "tid": 0, "pid": 0, "step": 0, "cat": "POSIX", "name": "fprintf", "args": {"fd": "0x7fb1064a06e0", "pathname": "stdout", "return": 21}},
{"ts": 1646951042567476, "dur": 3, "ph": "X", "tid": 0, "pid": 0, "step": 0, "cat": "POSIX", "name": "fprintf", "args": {"fd": "0x7fb1064a06e0", "pathname": "stdout", "return": 19}},
{"ts": 1646951042567480, "dur": 3, "ph": "X", "tid": 0, "pid": 0, "step": 0, "cat": "POSIX", "name": "fprintf", "args": {"fd": "0x7fb1064a06e0", "pathname": "stdout", "return": 77}},
{"ts": 1646951042567484, "dur": 3, "ph": "X", "tid": 0, "pid": 0, "step": 0, "cat": "POSIX", "name": "fprintf", "args": {"fd": "0x7fb1064a06e0", "pathname": "stdout", "return": 74}},
{"ts": 1646951042567488, "dur": 3, "ph": "X", "tid": 0, "pid": 0, "step": 0, "cat": "POSIX", "name": "fprintf", "args": {"fd": "0x7fb1064a06e0", "pathname": "stdout", "return": 28}},
{"ts": 1646951042567492, "dur": 3, "ph": "X", "tid": 0, "pid": 0, "step": 0, "cat": "POSIX", "name": "fprintf", "args": {"fd": "0x7fb1064a06e0", "pathname": "stdout", "return": 17}},
{"ts": 1646951042567496, "dur": 2, "ph": "X", "tid": 0, "pid": 0, "step": 0, "cat": "POSIX", "name": "fprintf", "args": {"fd": "0x7fb1064a06e0", "pathname": "stdout", "return": 47}},
{"ts": 1646951042567499, "dur": 2, "ph": "X", "tid": 0, "pid": 0, "step": 0, "cat": "POSIX", "name": "fprintf", "args": {"fd": "0x7fb1064a06e0", "pathname": "stdout", "return": 30}},
{"ts": 1646951042567503, "dur": 2, "ph": "X", "tid": 0, "pid": 0, "step": 0, "cat": "POSIX", "name": "fprintf", "args": {"fd": "0x7fb1064a06e0", "pathname": "stdout", "return": 25}},
{"ts": 1646951042567506, "dur": 2, "ph": "X", "tid": 0, "pid": 0, "step": 0, "cat": "POSIX", "name": "fprintf", "args": {"fd": "0x7fb1064a06e0", "pathname": "stdout", "return": 72}},
{"ts": 1646951042567509, "dur": 3, "ph": "X", "tid": 0, "pid": 0, "step": 0, "cat": "POSIX", "name": "fwrite", "args": {"ptr": "0x41a0ec", "size": 1, "nmemb": 20, "fd": "0x7fb1064a06e0", "pathname": "stdout", "return": 20}},
{"ts": 1646951042567651, "dur": 4, "ph": "X", "tid": 0, "pid": 0, "step": 0, "cat": "POSIX", "name": "fprintf", "args": {"fd": "0x7fb1064a06e0", "pathname": "stdout", "return": 24}},
{"ts": 1646951042567659, "dur": 2, "ph": "X", "tid": 0, "pid": 0, "step": 0, "cat": "POSIX", "name": "fprintf", "args": {"fd": "0x7fb1064a06e0", "pathname": "stdout", "return": 47}},
{"ts": 1646951042567673, "dur": 2, "ph": "X", "tid": 0, "pid": 0, "step": 0, "cat": "POSIX", "name": "fprintf", "args": {"fd": "0x7fb1064a06e0", "pathname": "stdout", "return": 42}},
{"ts": 1646951042567676, "dur": 9, "ph": "X", "tid": 0, "pid": 0, "step": 0, "cat": "POSIX", "name": "fprintf", "args": {"fd": "0x7fb1064a06e0", "pathname": "stdout", "return": 54}},
{"ts": 1646951042567686, "dur": 4, "ph": "X", "tid": 0, "pid": 0, "step": 0, "cat": "POSIX", "name": "fprintf", "args": {"fd": "0x7fb1064a06e0", "pathname": "stdout", "return": 40}},
{"ts": 1646951042567693, "dur": 3, "ph": "X", "tid": 0, "pid": 0, "step": 0, "cat": "POSIX", "name": "fprintf", "args": {"fd": "0x7fb1064a06e0", "pathname": "stdout", "return": 14}},
{"ts": 1646951042567697, "dur": 2, "ph": "X", "tid": 0, "pid": 0, "step": 0, "cat": "POSIX", "name": "fprintf", "args": {"fd": "0x7fb1064a06e0", "pathname": "stdout", "return": 24}},
{"ts": 1646951042567700, "dur": 3, "ph": "X", "tid": 0, "pid": 0, "step": 0, "cat": "POSIX", "name": "fprintf", "args": {"fd": "0x7fb1064a06e0", "pathname": "stdout", "return": 24}},
{"ts": 1646951042567705, "dur": 2, "ph": "X", "tid": 0, "pid": 0, "step": 0, "cat": "POSIX", "name": "fprintf", "args": {"fd": "0x7fb1064a06e0", "pathname": "stdout", "return": 28}},
{"ts": 1646951042567708, "dur": 2, "ph": "X", "tid": 0, "pid": 0, "step": 0, "cat": "POSIX", "name": "fprintf", "args": {"fd": "0x7fb1064a06e0", "pathname": "stdout", "return": 52}},
{"ts": 1646951042567711, "dur": 3, "ph": "X", "tid": 0, "pid": 0, "step": 0, "cat": "POSIX", "name": "fprintf", "args": {"fd": "0x7fb1064a06e0", "pathname": "stdout", "return": 42}},
{"ts": 1646951042567715, "dur": 3, "ph": "X", "tid": 0, "pid": 0, "step": 0, "cat": "POSIX", "name": "fprintf", "args": {"fd": "0x7fb1064a06e0", "pathname": "stdout", "return": 24}},
{"ts": 1646951042567729, "dur": 3, "ph": "X", "tid": 0, "pid": 0, "step": 0, "cat": "POSIX", "name": "fprintf", "args": {"fd": "0x7fb1064a06e0", "pathname": "stdout", "return": 24}},
{"ts": 1646951042567733, "dur": 3, "ph": "X", "tid": 0, "pid": 0, "step": 0, "cat": "POSIX", "name": "fprintf", "args": {"fd": "0x7fb1064a06e0", "pathname": "stdout", "return": 24}},
{"ts": 1646951042567737, "dur": 2, "ph": "X", "tid": 0, "pid": 0, "step": 0, "cat": "POSIX", "name": "fprintf", "args": {"fd": "0x7fb1064a06e0", "pathname": "stdout", "return": 24}},
{"ts": 1646951042567740, "dur": 3, "ph": "X", "tid": 0, "pid": 0, "step": 0, "cat": "POSIX", "name": "fprintf", "args": {"fd": "0x7fb1064a06e0", "pathname": "stdout", "return": 29}},
{"ts": 1646951042567745, "dur": 2, "ph": "X", "tid": 0, "pid": 0, "step": 0, "cat": "POSIX", "name": "fprintf", "args": {"fd": "0x7fb1064a06e0", "pathname": "stdout", "return": 24}},
{"ts": 1646951042567748, "dur": 3, "ph": "X", "tid": 0, "pid": 0, "step": 0, "cat": "POSIX", "name": "fprintf", "args": {"fd": "0x7fb1064a06e0", "pathname": "stdout", "return": 24}},
{"ts": 1646951042567752, "dur": 3, "ph": "X", "tid": 0, "pid": 0, "step": 0, "cat": "POSIX", "name": "fprintf", "args": {"fd": "0x7fb1064a06e0", "pathname": "stdout", "return": 24}},
{"ts": 1646951042567756, "dur": 3, "ph": "X", "tid": 0, "pid": 0, "step": 0, "cat": "POSIX", "name": "fprintf", "args": {"fd": "0x7fb1064a06e0", "pathname": "stdout", "return": 24}},
{"ts": 1646951042567760, "dur": 2, "ph": "X", "tid": 0, "pid": 0, "step": 0, "cat": "POSIX", "name": "fprintf", "args": {"fd": "0x7fb1064a06e0", "pathname": "stdout", "return": 24}},
{"ts": 1646951042567763, "dur": 3, "ph": "X", "tid": 0, "pid": 0, "step": 0, "cat": "POSIX", "name": "fprintf", "args": {"fd": "0x7fb1064a06e0", "pathname": "stdout", "return": 24}},
{"ts": 1646951042567767, "dur": 3, "ph": "X", "tid": 0, "pid": 0, "step": 0, "cat": "POSIX", "name": "fprintf", "args": {"fd": "0x7fb1064a06e0", "pathname": "stdout", "return": 24}},
{"ts": 1646951042567771, "dur": 3, "ph": "X", "tid": 0, "pid": 0, "step": 0, "cat": "POSIX", "name": "fprintf", "args": {"fd": "0x7fb1064a06e0", "pathname": "stdout", "return": 24}},
{"ts": 1646951042567775, "dur": 2, "ph": "X", "tid": 0, "pid": 0, "step": 0, "cat": "POSIX", "name": "fprintf", "args": {"fd": "0x7fb1064a06e0", "pathname": "stdout", "return": 24}},
{"ts": 1646951042567778, "dur": 2, "ph": "X", "tid": 0, "pid": 0, "step": 0, "cat": "POSIX", "name": "fprintf", "args": {"fd": "0x7fb1064a06e0", "pathname": "stdout", "return": 24}},
{"ts": 1646951042567781, "dur": 4, "ph": "X", "tid": 0, "pid": 0, "step": 0, "cat": "POSIX", "name": "fprintf", "args": {"fd": "0x7fb1064a06e0", "pathname": "stdout", "return": 24}},
{"ts": 1646951042567786, "dur": 4, "ph": "X", "tid": 0, "pid": 0, "step": 0, "cat": "POSIX", "name": "fprintf", "args": {"fd": "0x7fb1064a06e0", "pathname": "stdout", "return": 24}},
{"ts": 1646951042567791, "dur": 4, "ph": "X", "tid": 0, "pid": 0, "step": 0, "cat": "POSIX", "name": "fprintf", "args": {"fd": "0x7fb1064a06e0", "pathname": "stdout", "return": 24}},
{"ts": 1646951042567796, "dur": 2, "ph": "X", "tid": 0, "pid": 0, "step": 0, "cat": "POSIX", "name": "fprintf", "args": {"fd": "0x7fb1064a06e0", "pathname": "stdout", "return": 24}},
{"ts": 1646951042567799, "dur": 4, "ph": "X", "tid": 0, "pid": 0, "step": 0, "cat": "POSIX", "name": "fprintf", "args": {"fd": "0x7fb1064a06e0", "pathname": "stdout", "return": 24}},
{"ts": 1646951042567804, "dur": 4, "ph": "X", "tid": 0, "pid": 0, "step": 0, "cat": "POSIX", "name": "fprintf", "args": {"fd": "0x7fb1064a06e0", "pathname": "stdout", "return": 24}},
{"ts": 1646951042567809, "dur": 4, "ph": "X", "tid": 0, "pid": 0, "step": 0, "cat": "POSIX", "name": "fprintf", "args": {"fd": "0x7fb1064a06e0", "pathname": "stdout", "return": 24}},
{"ts": 1646951042567814, "dur": 2, "ph": "X", "tid": 0, "pid": 0, "step": 0, "cat": "POSIX", "name": "fprintf", "args": {"fd": "0x7fb1064a06e0", "pathname": "stdout", "return": 24}},
{"ts": 1646951042567817, "dur": 3, "ph": "X", "tid": 0, "pid": 0, "step": 0, "cat": "POSIX", "name": "fprintf", "args": {"fd": "0x7fb1064a06e0", "pathname": "stdout", "return": 26}},
{"ts": 1646951042567821, "dur": 3, "ph": "X", "tid": 0, "pid": 0, "step": 0, "cat": "POSIX", "name": "fprintf", "args": {"fd": "0x7fb1064a06e0", "pathname": "stdout", "return": 24}},
{"ts": 1646951042567825, "dur": 3, "ph": "X", "tid": 0, "pid": 0, "step": 0, "cat": "POSIX", "name": "fprintf", "args": {"fd": "0x7fb1064a06e0", "pathname": "stdout", "return": 24}},
{"ts": 1646951042567829, "dur": 3, "ph": "X", "tid": 0, "pid": 0, "step": 0, "cat": "POSIX", "name": "fprintf", "args": {"fd": "0x7fb1064a06e0", "pathname": "stdout", "return": 24}},
{"ts": 1646951042567833, "dur": 3, "ph": "X", "tid": 0, "pid": 0, "step": 0, "cat": "POSIX", "name": "fprintf", "args": {"fd": "0x7fb1064a06e0", "pathname": "stdout", "return": 24}},
{"ts": 1646951042567837, "dur": 2, "ph": "X", "tid": 0, "pid": 0, "step": 0, "cat": "POSIX", "name": "fprintf", "args": {"fd": "0x7fb1064a06e0", "pathname": "stdout", "return": 24}},
{"ts": 1646951042567840, "dur": 2, "ph": "X", "tid": 0, "pid": 0, "step": 0, "cat": "POSIX", "name": "fprintf", "args": {"fd": "0x7fb1064a06e0", "pathname": "stdout", "return": 24}},
{"ts": 1646951042567843, "dur": 3, "ph": "X", "tid": 0, "pid": 0, "step": 0, "cat": "POSIX", "name": "fprintf", "args": {"fd": "0x7fb1064a06e0", "pathname": "stdout", "return": 24}},
{"ts": 1646951042567847, "dur": 3, "ph": "X", "tid": 0, "pid": 0, "step": 0, "cat": "POSIX", "name": "fprintf", "args": {"fd": "0x7fb1064a06e0", "pathname": "stdout", "return": 24}},
{"ts": 1646951042567852, "dur": 2, "ph": "X", "tid": 0, "pid": 0, "step": 0, "cat": "POSIX", "name": "fprintf", "args": {"fd": "0x7fb1064a06e0", "pathname": "stdout", "return": 24}},
{"ts": 1646951042567855, "dur": 2, "ph": "X", "tid": 0, "pid": 0, "step": 0, "cat": "POSIX", "name": "fprintf", "args": {"fd": "0x7fb1064a06e0", "pathname": "stdout", "return": 44}},
{"ts": 1646951042567858, "dur": 3, "ph": "X", "tid": 0, "pid": 0, "step": 0, "cat": "POSIX", "name": "fprintf", "args": {"fd": "0x7fb1064a06e0", "pathname": "stdout", "return": 24}},
{"ts": 1646951042567863, "dur": 2, "ph": "X", "tid": 0, "pid": 0, "step": 0, "cat": "POSIX", "name": "fprintf", "args": {"fd": "0x7fb1064a06e0", "pathname": "stdout", "return": 24}},
{"ts": 1646951042567866, "dur": 2, "ph": "X", "tid": 0, "pid": 0, "step": 0, "cat": "POSIX", "name": "fprintf", "args": {"fd": "0x7fb1064a06e0", "pathname": "stdout", "return": 30}},
{"ts": 1646951042567869, "dur": 3, "ph": "X", "tid": 0, "pid": 0, "step": 0, "cat": "POSIX", "name": "fprintf", "args": {"fd": "0x7fb1064a06e0", "pathname": "stdout", "return": 30}},
{"ts": 1646951042567879, "dur": 2, "ph": "X", "tid": 0, "pid": 0, "step": 0, "cat": "POSIX", "name": "fprintf", "args": {"fd": "0x7fb1064a06e0", "pathname": "stdout", "return": 24}},
{"ts": 1646951042567883, "dur": 2, "ph": "X", "tid": 0, "pid": 0, "step": 0, "cat": "POSIX", "name": "fprintf", "args": {"fd": "0x7fb1064a06e0", "pathname": "stdout", "return": 11}},
{"ts": 1646951042567886, "dur": 3, "ph": "X", "tid": 0, "pid": 0, "step": 0, "cat": "POSIX", "name": "fprintf", "args": {"fd": "0x7fb1064a06e0", "pathname": "stdout", "return": 28}},
{"ts": 1646951042567890, "dur": 3, "ph": "X", "tid": 0, "pid": 0, "step": 0, "cat": "POSIX", "name": "fprintf", "args": {"fd": "0x7fb1064a06e0", "pathname": "stdout", "return": 28}},
{"ts": 1646951042567894, "dur": 3, "ph": "X", "tid": 0, "pid": 0, "step": 0, "cat": "POSIX", "name": "fprintf", "args": {"fd": "0x7fb1064a06e0", "pathname": "stdout", "return": 42}},
{"ts": 1646951042567898, "dur": 3, "ph": "X", "tid": 0, "pid": 0, "step": 0, "cat": "POSIX", "name": "fprintf", "args": {"fd": "0x7fb1064a06e0", "pathname": "stdout", "return": 41}},
{"ts": 1646951042567902, "dur": 3, "ph": "X", "tid": 0, "pid": 0, "step": 0, "cat": "POSIX", "name": "fprintf", "args": {"fd": "0x7fb1064a06e0", "pathname": "stdout", "return": 34}},
{"ts": 1646951042567906, "dur": 2, "ph": "X", "tid": 0, "pid": 0, "step": 0, "cat": "POSIX", "name": "fprintf", "args": {"fd": "0x7fb1064a06e0", "pathname": "stdout", "return": 24}},
{"ts": 1646951042567915, "dur": 2, "ph": "X", "tid": 0, "pid": 0, "step": 0, "cat": "POSIX", "name": "fprintf", "args": {"fd": "0x7fb1064a06e0", "pathname": "stdout", "return": 33}},
{"ts": 1646951042567918, "dur": 2, "ph": "X", "tid": 0, "pid": 0, "step": 0, "cat": "POSIX", "name": "fprintf", "args": {"fd": "0x7fb1064a06e0", "pathname": "stdout", "return": 39}},
{"ts": 1646951042567921, "dur": 3, "ph": "X", "tid": 0, "pid": 0, "step": 0, "cat": "POSIX", "name": "fprintf", "args": {"fd": "0x7fb1064a06e0", "pathname": "stdout", "return": 24}},
{"ts": 1646951042567925, "dur": 3, "ph": "X", "tid": 0, "pid": 0, "step": 0, "cat": "POSIX", "name": "fprintf", "args": {"fd": "0x7fb1064a06e0", "pathname": "stdout", "return": 24}},
{"ts": 1646951042567929, "dur": 2, "ph": "X", "tid": 0, "pid": 0, "step": 0, "cat": "POSIX", "name": "fprintf", "args": {"fd": "0x7fb1064a06e0", "pathname": "stdout", "return": 24}},
{"ts": 1646951042567932, "dur": 2, "ph": "X", "tid": 0, "pid": 0, "step": 0, "cat": "POSIX", "name": "fprintf", "args": {"fd": "0x7fb1064a06e0", "pathname": "stdout", "return": 24}},
{"ts": 1646951042567938, "dur": 2, "ph": "X", "tid": 0, "pid": 0, "step": 0, "cat": "POSIX", "name": "fprintf", "args": {"fd": "0x7fb1064a06e0", "pathname": "stdout", "return": 28}},
{"ts": 1646951042567941, "dur": 3, "ph": "X", "tid": 0, "pid": 0, "step": 0, "cat": "POSIX", "name": "fprintf", "args": {"fd": "0x7fb1064a06e0", "pathname": "stdout", "return": 28}},
{"ts": 1646951042567945, "dur": 2, "ph": "X", "tid": 0, "pid": 0, "step": 0, "cat": "POSIX", "name": "fprintf", "args": {"fd": "0x7fb1064a06e0", "pathname": "stdout", "return": 28}},
{"ts": 1646951042567948, "dur": 3, "ph": "X", "tid": 0, "pid": 0, "step": 0, "cat": "POSIX", "name": "fprintf", "args": {"fd": "0x7fb1064a06e0", "pathname": "stdout", "return": 24}},
{"ts": 1646951042567952, "dur": 3, "ph": "X", "tid": 0, "pid": 0, "step": 0, "cat": "POSIX", "name": "fprintf", "args": {"fd": "0x7fb1064a06e0", "pathname": "stdout", "return": 11}},
{"ts": 1646951042568237, "dur": 5, "ph": "X", "tid": 0, "pid": 0, "step": 0, "cat": "POSIX", "name": "fprintf", "args": {"fd": "0x7fb1064a06e0", "pathname": "stdout", "return": 60}},
{"ts": 1646951042568244, "dur": 3, "ph": "X", "tid": 0, "pid": 0, "step": 0, "cat": "POSIX", "name": "fwrite", "args": {"ptr": "0x41a428", "size": 1, "nmemb": 115, "fd": "0x7fb1064a06e0", "pathname": "stdout", "return": 115}},
{"ts": 1646951042568248, "dur": 4, "ph": "X", "tid": 0, "pid": 0, "step": 0, "cat": "POSIX", "name": "fwrite", "args": {"ptr": "0x41a4a0", "size": 1, "nmemb": 115, "fd": "0x7fb1064a06e0", "pathname": "stdout", "return": 115}},
{"ts": 1646951042568387, "dur": 4, "ph": "X", "tid": 0, "pid": 0, "step": 0, "cat": "POSIX", "name": "fprintf", "args": {"fd": "0x7fb1064a06e0", "pathname": "stdout", "return": 35}},
{"ts": 1646951042569016, "dur": 852, "ph": "X", "tid": 0, "pid": 0, "step": 0, "cat": "POSIX", "name": "open", "args": {"pathname": "data_dir/mpiio_read.locktest.0", "flags": 66, "mode": 420, "return": 35}},
{"ts": 1646951042569895, "dur": 43, "ph": "X", "tid": 0, "pid": 0, "step": 0, "cat": "POSIX", "name": "close", "args": {"fd": 35, "pathname": "data_dir/mpiio_read.locktest.0", "return": 0}},
{"ts": 1646951042572242, "dur": 5, "ph": "X", "tid": 0, "pid": 0, "step": 0, "cat": "POSIX", "name": "open", "args": {"pathname": "data_dir/mpiio_read", "flags": 0, "mode": 511, "return": -1}},
{"ts": 1646951042572550, "dur": 2, "ph": "X", "tid": 0, "pid": 0, "step": 0, "cat": "POSIX", "name": "close", "args": {"fd": -1, "pathname": "unknown", "return": -1}},
{"ts": 1646951042572594, "dur": 5, "ph": "X", "tid": 0, "pid": 0, "step": 0, "cat": "POSIX", "name": "fprintf", "args": {"fd": "0x7fb1064a06e0", "pathname": "stdout", "return": 119}},
{"ts": 1646951042572645, "dur": 1, "ph": "X", "tid": 0, "pid": 0, "step": 0, "cat": "TAU", "name": "program exit"}
]
