[
{"ts": 1646628190061641, "dur": 27, "ph": "X", "tid": 0, "pid": 2, "step": 0, "cat": "POSIX", "name": "write", "args": {"fd": 13, "buf": "0x7ffcc8f473d4", "count": 4 }, "pathname": "pipe", "return": 4},
{"ts": 1646628190061658, "dur": 21, "ph": "X", "tid": 0, "pid": 2, "step": 0, "cat": "POSIX", "name": "read", "args": {"fd": 12, "buf": 0x7f36226e3c74, "count": 4}, "pathname": "pipe", "return": 4},
{"ts": 1646628190061685, "dur": 3, "ph": "X", "tid": 0, "pid": 2, "step": 0, "cat": "POSIX", "name": "read", "args": {"fd": 33, "buf": 0x7ffcc8f47400, "count": 8}, "pathname": "/sys/class/infiniband/mlx5_0/ports/1/gid_attrs/types/0", "return": 18446744073709551615},
{"ts": 1646628190061692, "dur": 3, "ph": "X", "tid": 0, "pid": 2, "step": 0, "cat": "POSIX", "name": "read", "args": {"fd": 12, "buf": 0x7f36226e3c74, "count": 4}, "pathname": "pipe", "return": 18446744073709551615},
{"ts": 1646628190063954, "dur": 36, "ph": "X", "tid": 0, "pid": 2, "step": 0, "cat": "POSIX", "name": "open", "args": {"pathname": "/proc/4168461/fd/19", "flags": 2, "mode": 511}, "return": 35},
{"ts": 1646628190064002, "dur": 2, "ph": "X", "tid": 0, "pid": 2, "step": 0, "cat": "POSIX", "name": "close", "args": {"fd": 35}, "pathname": "/proc/4168461/fd/19", "return": 0},
{"ts": 1646628190067554, "dur": 34, "ph": "X", "tid": 0, "pid": 2, "step": 0, "cat": "POSIX", "name": "fprintf", "args": {"stream": "0x7f36293906e0"}, "pathname": "stdout", "return": 36},
{"ts": 1646628190067608, "dur": 61, "ph": "X", "tid": 0, "pid": 2, "step": 0, "cat": "POSIX", "name": "open", "args": {"pathname": "data_dir/posix_write", "flags": 2, "mode": 511}, "return": 35},
{"ts": 1646628190067678, "dur": 3, "ph": "X", "tid": 0, "pid": 2, "step": 0, "cat": "POSIX", "name": "lseek", "args": {"fd": 35, "offset": 2097152, "whence": 0}, "pathname": "data_dir/posix_write", "return": 2097152},
{"ts": 1646628190067683, "dur": 528, "ph": "X", "tid": 0, "pid": 2, "step": 0, "cat": "POSIX", "name": "read", "args": {"fd": 35, "buf": 0x7f362000b000, "count": 1048576}, "pathname": "data_dir/posix_write", "return": 1048576},
{"ts": 1646628190161146, "dur": 24, "ph": "X", "tid": 0, "pid": 2, "step": 0, "cat": "POSIX", "name": "close", "args": {"fd": 35}, "pathname": "data_dir/posix_write", "return": 0},
{"ts": 1646628190161192, "dur": 13, "ph": "X", "tid": 0, "pid": 2, "step": 0, "cat": "POSIX", "name": "fprintf", "args": {"stream": "0x7f36293906e0"}, "pathname": "stdout", "return": 55},
{"ts": 1646628190161206, "dur": 4, "ph": "X", "tid": 0, "pid": 2, "step": 0, "cat": "POSIX", "name": "fprintf", "args": {"stream": "0x7f36293906e0"}, "pathname": "stdout", "return": 54},
{"ts": 1646628190161211, "dur": 4, "ph": "X", "tid": 0, "pid": 2, "step": 0, "cat": "POSIX", "name": "fprintf", "args": {"stream": "0x7f36293906e0"}, "pathname": "stdout", "return": 50},
{"ts": 1646628190161216, "dur": 3, "ph": "X", "tid": 0, "pid": 2, "step": 0, "cat": "POSIX", "name": "fprintf", "args": {"stream": "0x7f36293906e0"}, "pathname": "stdout", "return": 49},
{"ts": 1646628190161222, "dur": 4, "ph": "X", "tid": 0, "pid": 2, "step": 0, "cat": "POSIX", "name": "fprintf", "args": {"stream": "0x7f36293906e0"}, "pathname": "stdout", "return": 56},
{"ts": 1646628190161227, "dur": 4, "ph": "X", "tid": 0, "pid": 2, "step": 0, "cat": "POSIX", "name": "fprintf", "args": {"stream": "0x7f36293906e0"}, "pathname": "stdout", "return": 55},
{"ts": 1646628190161536, "dur": 1, "ph": "X", "tid": 0, "pid": 2, "step": 0, "cat": "TAU", "name": "program exit"}
]
