[
{"ts": 1646628190063884, "dur": 40, "ph": "X", "tid": 0, "pid": 0, "step": 0, "cat": "POSIX", "name": "open", "args": {"pathname": "/proc/4168460/fd/19", "flags": 2, "mode": 511}, "return": 35},
{"ts": 1646628190063934, "dur": 2, "ph": "X", "tid": 0, "pid": 0, "step": 0, "cat": "POSIX", "name": "close", "args": {"fd": 35}, "pathname": "/proc/4168460/fd/19", "return": 0},
{"ts": 1646628190063949, "dur": 30, "ph": "X", "tid": 0, "pid": 0, "step": 0, "cat": "POSIX", "name": "open", "args": {"pathname": "/proc/4168449/fd/19", "flags": 2, "mode": 511}, "return": 35},
{"ts": 1646628190063985, "dur": 2, "ph": "X", "tid": 0, "pid": 0, "step": 0, "cat": "POSIX", "name": "close", "args": {"fd": 35}, "pathname": "/proc/4168449/fd/19", "return": 0},
{"ts": 1646628190064222, "dur": 34, "ph": "X", "tid": 0, "pid": 0, "step": 0, "cat": "POSIX", "name": "fwrite", "args": {"ptr": "0x41ca18", "size": 1, "nmemb": 52, "stream": "0x7f89ac4596e0"}, "pathname": "stdout", "return": 52},
{"ts": 1646628190064297, "dur": 24, "ph": "X", "tid": 0, "pid": 0, "step": 0, "cat": "POSIX", "name": "fprintf", "args": {"stream": "0x7f89ac4596e0"}, "pathname": "stdout", "return": 47},
{"ts": 1646628190064322, "dur": 4, "ph": "X", "tid": 0, "pid": 0, "step": 0, "cat": "POSIX", "name": "fprintf", "args": {"stream": "0x7f89ac4596e0"}, "pathname": "stdout", "return": 22},
{"ts": 1646628190064327, "dur": 4, "ph": "X", "tid": 0, "pid": 0, "step": 0, "cat": "POSIX", "name": "fprintf", "args": {"stream": "0x7f89ac4596e0"}, "pathname": "stdout", "return": 3},
{"ts": 1646628190064332, "dur": 2, "ph": "X", "tid": 0, "pid": 0, "step": 0, "cat": "POSIX", "name": "fprintf", "args": {"stream": "0x7f89ac4596e0"}, "pathname": "stdout", "return": 3},
{"ts": 1646628190064335, "dur": 2, "ph": "X", "tid": 0, "pid": 0, "step": 0, "cat": "POSIX", "name": "fprintf", "args": {"stream": "0x7f89ac4596e0"}, "pathname": "stdout", "return": 3},
{"ts": 1646628190064338, "dur": 2, "ph": "X", "tid": 0, "pid": 0, "step": 0, "cat": "POSIX", "name": "fprintf", "args": {"stream": "0x7f89ac4596e0"}, "pathname": "stdout", "return": 3},
{"ts": 1646628190064343, "dur": 2, "ph": "X", "tid": 0, "pid": 0, "step": 0, "cat": "POSIX", "name": "fprintf", "args": {"stream": "0x7f89ac4596e0"}, "pathname": "stdout", "return": 3},
{"ts": 1646628190064346, "dur": 2, "ph": "X", "tid": 0, "pid": 0, "step": 0, "cat": "POSIX", "name": "fprintf", "args": {"stream": "0x7f89ac4596e0"}, "pathname": "stdout", "return": 2},
{"ts": 1646628190064349, "dur": 3, "ph": "X", "tid": 0, "pid": 0, "step": 0, "cat": "POSIX", "name": "fprintf", "args": {"stream": "0x7f89ac4596e0"}, "pathname": "stdout", "return": 3},
{"ts": 1646628190064353, "dur": 3, "ph": "X", "tid": 0, "pid": 0, "step": 0, "cat": "POSIX", "name": "fprintf", "args": {"stream": "0x7f89ac4596e0"}, "pathname": "stdout", "return": 3},
{"ts": 1646628190064357, "dur": 2, "ph": "X", "tid": 0, "pid": 0, "step": 0, "cat": "POSIX", "name": "fprintf", "args": {"stream": "0x7f89ac4596e0"}, "pathname": "stdout", "return": 3},
{"ts": 1646628190064360, "dur": 3, "ph": "X", "tid": 0, "pid": 0, "step": 0, "cat": "POSIX", "name": "fprintf", "args": {"stream": "0x7f89ac4596e0"}, "pathname": "stdout", "return": 3},
{"ts": 1646628190064364, "dur": 3, "ph": "X", "tid": 0, "pid": 0, "step": 0, "cat": "POSIX", "name": "fprintf", "args": {"stream": "0x7f89ac4596e0"}, "pathname": "stdout", "return": 3},
{"ts": 1646628190064368, "dur": 3, "ph": "X", "tid": 0, "pid": 0, "step": 0, "cat": "POSIX", "name": "fprintf", "args": {"stream": "0x7f89ac4596e0"}, "pathname": "stdout", "return": 6},
{"ts": 1646628190064372, "dur": 3, "ph": "X", "tid": 0, "pid": 0, "step": 0, "cat": "POSIX", "name": "fprintf", "args": {"stream": "0x7f89ac4596e0"}, "pathname": "stdout", "return": 3},
{"ts": 1646628190064376, "dur": 2, "ph": "X", "tid": 0, "pid": 0, "step": 0, "cat": "POSIX", "name": "fprintf", "args": {"stream": "0x7f89ac4596e0"}, "pathname": "stdout", "return": 3},
{"ts": 1646628190064379, "dur": 3, "ph": "X", "tid": 0, "pid": 0, "step": 0, "cat": "POSIX", "name": "fprintf", "args": {"stream": "0x7f89ac4596e0"}, "pathname": "stdout", "return": 21},
{"ts": 1646628190064385, "dur": 3, "ph": "X", "tid": 0, "pid": 0, "step": 0, "cat": "POSIX", "name": "fprintf", "args": {"stream": "0x7f89ac4596e0"}, "pathname": "stdout", "return": 22},
{"ts": 1646628190064389, "dur": 2, "ph": "X", "tid": 0, "pid": 0, "step": 0, "cat": "POSIX", "name": "fprintf", "args": {"stream": "0x7f89ac4596e0"}, "pathname": "stdout", "return": 28},
{"ts": 1646628190064392, "dur": 3, "ph": "X", "tid": 0, "pid": 0, "step": 0, "cat": "POSIX", "name": "fprintf", "args": {"stream": "0x7f89ac4596e0"}, "pathname": "stdout", "return": 72},
{"ts": 1646628190064397, "dur": 2, "ph": "X", "tid": 0, "pid": 0, "step": 0, "cat": "POSIX", "name": "fwrite", "args": {"ptr": "0x41c4ff", "size": 1, "nmemb": 29, "stream": "0x7f89ac4596e0"}, "pathname": "stdout", "return": 29},
{"ts": 1646628190064401, "dur": 7, "ph": "X", "tid": 0, "pid": 0, "step": 0, "cat": "POSIX", "name": "fprintf", "args": {"stream": "0x7f89ac4596e0"}, "pathname": "stdout", "return": 43},
{"ts": 1646628190064409, "dur": 2, "ph": "X", "tid": 0, "pid": 0, "step": 0, "cat": "POSIX", "name": "fwrite", "args": {"ptr": "0x41c51d", "size": 1, "nmemb": 22, "stream": "0x7f89ac4596e0"}, "pathname": "stdout", "return": 22},
{"ts": 1646628190064412, "dur": 4, "ph": "X", "tid": 0, "pid": 0, "step": 0, "cat": "POSIX", "name": "fprintf", "args": {"stream": "0x7f89ac4596e0"}, "pathname": "stdout", "return": 20},
{"ts": 1646628190064417, "dur": 2, "ph": "X", "tid": 0, "pid": 0, "step": 0, "cat": "POSIX", "name": "fprintf", "args": {"stream": "0x7f89ac4596e0"}, "pathname": "stdout", "return": 468},
{"ts": 1646628190064420, "dur": 4, "ph": "X", "tid": 0, "pid": 0, "step": 0, "cat": "POSIX", "name": "fprintf", "args": {"stream": "0x7f89ac4596e0"}, "pathname": "stdout", "return": 1790},
{"ts": 1646628190064425, "dur": 2, "ph": "X", "tid": 0, "pid": 0, "step": 0, "cat": "POSIX", "name": "fprintf", "args": {"stream": "0x7f89ac4596e0"}, "pathname": "stdout", "return": 13},
{"ts": 1646628190064428, "dur": 2, "ph": "X", "tid": 0, "pid": 0, "step": 0, "cat": "POSIX", "name": "fprintf", "args": {"stream": "0x7f89ac4596e0"}, "pathname": "stdout", "return": 16},
{"ts": 1646628190064431, "dur": 3, "ph": "X", "tid": 0, "pid": 0, "step": 0, "cat": "POSIX", "name": "fprintf", "args": {"stream": "0x7f89ac4596e0"}, "pathname": "stdout", "return": 15},
{"ts": 1646628190064435, "dur": 2, "ph": "X", "tid": 0, "pid": 0, "step": 0, "cat": "POSIX", "name": "fprintf", "args": {"stream": "0x7f89ac4596e0"}, "pathname": "stdout", "return": 23},
{"ts": 1646628190064438, "dur": 3, "ph": "X", "tid": 0, "pid": 0, "step": 0, "cat": "POSIX", "name": "fprintf", "args": {"stream": "0x7f89ac4596e0"}, "pathname": "stdout", "return": 643},
{"ts": 1646628190064442, "dur": 3, "ph": "X", "tid": 0, "pid": 0, "step": 0, "cat": "POSIX", "name": "fprintf", "args": {"stream": "0x7f89ac4596e0"}, "pathname": "stdout", "return": 530},
{"ts": 1646628190064446, "dur": 3, "ph": "X", "tid": 0, "pid": 0, "step": 0, "cat": "POSIX", "name": "fprintf", "args": {"stream": "0x7f89ac4596e0"}, "pathname": "stdout", "return": 52},
{"ts": 1646628190064450, "dur": 12, "ph": "X", "tid": 0, "pid": 0, "step": 0, "cat": "POSIX", "name": "fprintf", "args": {"stream": "0x7f89ac4596e0"}, "pathname": "stdout", "return": 234},
{"ts": 1646628190064463, "dur": 2, "ph": "X", "tid": 0, "pid": 0, "step": 0, "cat": "POSIX", "name": "fprintf", "args": {"stream": "0x7f89ac4596e0"}, "pathname": "stdout", "return": 21},
{"ts": 1646628190064466, "dur": 2, "ph": "X", "tid": 0, "pid": 0, "step": 0, "cat": "POSIX", "name": "fprintf", "args": {"stream": "0x7f89ac4596e0"}, "pathname": "stdout", "return": 29},
{"ts": 1646628190064469, "dur": 3, "ph": "X", "tid": 0, "pid": 0, "step": 0, "cat": "POSIX", "name": "fprintf", "args": {"stream": "0x7f89ac4596e0"}, "pathname": "stdout", "return": 262},
{"ts": 1646628190064473, "dur": 3, "ph": "X", "tid": 0, "pid": 0, "step": 0, "cat": "POSIX", "name": "fprintf", "args": {"stream": "0x7f89ac4596e0"}, "pathname": "stdout", "return": 30},
{"ts": 1646628190064477, "dur": 3, "ph": "X", "tid": 0, "pid": 0, "step": 0, "cat": "POSIX", "name": "fprintf", "args": {"stream": "0x7f89ac4596e0"}, "pathname": "stdout", "return": 7},
{"ts": 1646628190064570, "dur": 2, "ph": "X", "tid": 0, "pid": 0, "step": 0, "cat": "POSIX", "name": "fprintf", "args": {"stream": "0x7f89ac4596e0"}, "pathname": "stdout", "return": 23},
{"ts": 1646628190064574, "dur": 2, "ph": "X", "tid": 0, "pid": 0, "step": 0, "cat": "POSIX", "name": "fprintf", "args": {"stream": "0x7f89ac4596e0"}, "pathname": "stdout", "return": 62},
{"ts": 1646628190064577, "dur": 2, "ph": "X", "tid": 0, "pid": 0, "step": 0, "cat": "POSIX", "name": "fprintf", "args": {"stream": "0x7f89ac4596e0"}, "pathname": "stdout", "return": 23},
{"ts": 1646628190064580, "dur": 2, "ph": "X", "tid": 0, "pid": 0, "step": 0, "cat": "POSIX", "name": "fprintf", "args": {"stream": "0x7f89ac4596e0"}, "pathname": "stdout", "return": 37},
{"ts": 1646628190064583, "dur": 3, "ph": "X", "tid": 0, "pid": 0, "step": 0, "cat": "POSIX", "name": "fprintf", "args": {"stream": "0x7f89ac4596e0"}, "pathname": "stdout", "return": 17},
{"ts": 1646628190064587, "dur": 3, "ph": "X", "tid": 0, "pid": 0, "step": 0, "cat": "POSIX", "name": "fprintf", "args": {"stream": "0x7f89ac4596e0"}, "pathname": "stdout", "return": 97},
{"ts": 1646628190064591, "dur": 2, "ph": "X", "tid": 0, "pid": 0, "step": 0, "cat": "POSIX", "name": "fprintf", "args": {"stream": "0x7f89ac4596e0"}, "pathname": "stdout", "return": 35},
{"ts": 1646628190064594, "dur": 3, "ph": "X", "tid": 0, "pid": 0, "step": 0, "cat": "POSIX", "name": "fprintf", "args": {"stream": "0x7f89ac4596e0"}, "pathname": "stdout", "return": 11},
{"ts": 1646628190064598, "dur": 3, "ph": "X", "tid": 0, "pid": 0, "step": 0, "cat": "POSIX", "name": "fprintf", "args": {"stream": "0x7f89ac4596e0"}, "pathname": "stdout", "return": 32},
{"ts": 1646628190064602, "dur": 3, "ph": "X", "tid": 0, "pid": 0, "step": 0, "cat": "POSIX", "name": "fprintf", "args": {"stream": "0x7f89ac4596e0"}, "pathname": "stdout", "return": 36},
{"ts": 1646628190064606, "dur": 3, "ph": "X", "tid": 0, "pid": 0, "step": 0, "cat": "POSIX", "name": "fprintf", "args": {"stream": "0x7f89ac4596e0"}, "pathname": "stdout", "return": 57},
{"ts": 1646628190064610, "dur": 2, "ph": "X", "tid": 0, "pid": 0, "step": 0, "cat": "POSIX", "name": "fprintf", "args": {"stream": "0x7f89ac4596e0"}, "pathname": "stdout", "return": 443},
{"ts": 1646628190064613, "dur": 3, "ph": "X", "tid": 0, "pid": 0, "step": 0, "cat": "POSIX", "name": "fprintf", "args": {"stream": "0x7f89ac4596e0"}, "pathname": "stdout", "return": 241},
{"ts": 1646628190064617, "dur": 2, "ph": "X", "tid": 0, "pid": 0, "step": 0, "cat": "POSIX", "name": "fprintf", "args": {"stream": "0x7f89ac4596e0"}, "pathname": "stdout", "return": 15},
{"ts": 1646628190064620, "dur": 2, "ph": "X", "tid": 0, "pid": 0, "step": 0, "cat": "POSIX", "name": "fprintf", "args": {"stream": "0x7f89ac4596e0"}, "pathname": "stdout", "return": 35},
{"ts": 1646628190064623, "dur": 2, "ph": "X", "tid": 0, "pid": 0, "step": 0, "cat": "POSIX", "name": "fprintf", "args": {"stream": "0x7f89ac4596e0"}, "pathname": "stdout", "return": 11},
{"ts": 1646628190064626, "dur": 3, "ph": "X", "tid": 0, "pid": 0, "step": 0, "cat": "POSIX", "name": "fprintf", "args": {"stream": "0x7f89ac4596e0"}, "pathname": "stdout", "return": 25},
{"ts": 1646628190064630, "dur": 3, "ph": "X", "tid": 0, "pid": 0, "step": 0, "cat": "POSIX", "name": "fprintf", "args": {"stream": "0x7f89ac4596e0"}, "pathname": "stdout", "return": 18},
{"ts": 1646628190064634, "dur": 2, "ph": "X", "tid": 0, "pid": 0, "step": 0, "cat": "POSIX", "name": "fprintf", "args": {"stream": "0x7f89ac4596e0"}, "pathname": "stdout", "return": 39},
{"ts": 1646628190064637, "dur": 3, "ph": "X", "tid": 0, "pid": 0, "step": 0, "cat": "POSIX", "name": "fprintf", "args": {"stream": "0x7f89ac4596e0"}, "pathname": "stdout", "return": 54},
{"ts": 1646628190064641, "dur": 3, "ph": "X", "tid": 0, "pid": 0, "step": 0, "cat": "POSIX", "name": "fprintf", "args": {"stream": "0x7f89ac4596e0"}, "pathname": "stdout", "return": 266},
{"ts": 1646628190064645, "dur": 3, "ph": "X", "tid": 0, "pid": 0, "step": 0, "cat": "POSIX", "name": "fprintf", "args": {"stream": "0x7f89ac4596e0"}, "pathname": "stdout", "return": 113},
{"ts": 1646628190064649, "dur": 2, "ph": "X", "tid": 0, "pid": 0, "step": 0, "cat": "POSIX", "name": "fprintf", "args": {"stream": "0x7f89ac4596e0"}, "pathname": "stdout", "return": 15},
{"ts": 1646628190064652, "dur": 3, "ph": "X", "tid": 0, "pid": 0, "step": 0, "cat": "POSIX", "name": "fprintf", "args": {"stream": "0x7f89ac4596e0"}, "pathname": "stdout", "return": 19},
{"ts": 1646628190064656, "dur": 3, "ph": "X", "tid": 0, "pid": 0, "step": 0, "cat": "POSIX", "name": "fprintf", "args": {"stream": "0x7f89ac4596e0"}, "pathname": "stdout", "return": 255},
{"ts": 1646628190064660, "dur": 3, "ph": "X", "tid": 0, "pid": 0, "step": 0, "cat": "POSIX", "name": "fprintf", "args": {"stream": "0x7f89ac4596e0"}, "pathname": "stdout", "return": 34},
{"ts": 1646628190064664, "dur": 3, "ph": "X", "tid": 0, "pid": 0, "step": 0, "cat": "POSIX", "name": "fprintf", "args": {"stream": "0x7f89ac4596e0"}, "pathname": "stdout", "return": 352},
{"ts": 1646628190064668, "dur": 2, "ph": "X", "tid": 0, "pid": 0, "step": 0, "cat": "POSIX", "name": "fprintf", "args": {"stream": "0x7f89ac4596e0"}, "pathname": "stdout", "return": 155},
{"ts": 1646628190064671, "dur": 3, "ph": "X", "tid": 0, "pid": 0, "step": 0, "cat": "POSIX", "name": "fprintf", "args": {"stream": "0x7f89ac4596e0"}, "pathname": "stdout", "return": 41},
{"ts": 1646628190064675, "dur": 3, "ph": "X", "tid": 0, "pid": 0, "step": 0, "cat": "POSIX", "name": "fprintf", "args": {"stream": "0x7f89ac4596e0"}, "pathname": "stdout", "return": 58},
{"ts": 1646628190064679, "dur": 2, "ph": "X", "tid": 0, "pid": 0, "step": 0, "cat": "POSIX", "name": "fprintf", "args": {"stream": "0x7f89ac4596e0"}, "pathname": "stdout", "return": 25},
{"ts": 1646628190064682, "dur": 3, "ph": "X", "tid": 0, "pid": 0, "step": 0, "cat": "POSIX", "name": "fprintf", "args": {"stream": "0x7f89ac4596e0"}, "pathname": "stdout", "return": 81},
{"ts": 1646628190064686, "dur": 3, "ph": "X", "tid": 0, "pid": 0, "step": 0, "cat": "POSIX", "name": "fprintf", "args": {"stream": "0x7f89ac4596e0"}, "pathname": "stdout", "return": 530},
{"ts": 1646628190064690, "dur": 3, "ph": "X", "tid": 0, "pid": 0, "step": 0, "cat": "POSIX", "name": "fprintf", "args": {"stream": "0x7f89ac4596e0"}, "pathname": "stdout", "return": 23},
{"ts": 1646628190064694, "dur": 2, "ph": "X", "tid": 0, "pid": 0, "step": 0, "cat": "POSIX", "name": "fprintf", "args": {"stream": "0x7f89ac4596e0"}, "pathname": "stdout", "return": 14},
{"ts": 1646628190064697, "dur": 3, "ph": "X", "tid": 0, "pid": 0, "step": 0, "cat": "POSIX", "name": "fprintf", "args": {"stream": "0x7f89ac4596e0"}, "pathname": "stdout", "return": 47},
{"ts": 1646628190064701, "dur": 3, "ph": "X", "tid": 0, "pid": 0, "step": 0, "cat": "POSIX", "name": "fprintf", "args": {"stream": "0x7f89ac4596e0"}, "pathname": "stdout", "return": 124},
{"ts": 1646628190064705, "dur": 3, "ph": "X", "tid": 0, "pid": 0, "step": 0, "cat": "POSIX", "name": "fprintf", "args": {"stream": "0x7f89ac4596e0"}, "pathname": "stdout", "return": 20},
{"ts": 1646628190064709, "dur": 2, "ph": "X", "tid": 0, "pid": 0, "step": 0, "cat": "POSIX", "name": "fprintf", "args": {"stream": "0x7f89ac4596e0"}, "pathname": "stdout", "return": 10},
{"ts": 1646628190064712, "dur": 3, "ph": "X", "tid": 0, "pid": 0, "step": 0, "cat": "POSIX", "name": "fprintf", "args": {"stream": "0x7f89ac4596e0"}, "pathname": "stdout", "return": 15},
{"ts": 1646628190064716, "dur": 3, "ph": "X", "tid": 0, "pid": 0, "step": 0, "cat": "POSIX", "name": "fprintf", "args": {"stream": "0x7f89ac4596e0"}, "pathname": "stdout", "return": 39},
{"ts": 1646628190064720, "dur": 6, "ph": "X", "tid": 0, "pid": 0, "step": 0, "cat": "POSIX", "name": "fprintf", "args": {"stream": "0x7f89ac4596e0"}, "pathname": "stdout", "return": 61},
{"ts": 1646628190064727, "dur": 3, "ph": "X", "tid": 0, "pid": 0, "step": 0, "cat": "POSIX", "name": "fprintf", "args": {"stream": "0x7f89ac4596e0"}, "pathname": "stdout", "return": 39},
{"ts": 1646628190065979, "dur": 3, "ph": "X", "tid": 0, "pid": 0, "step": 0, "cat": "POSIX", "name": "fprintf", "args": {"stream": "0x7f89ac4596e0"}, "pathname": "stdout", "return": 28},
{"ts": 1646628190065983, "dur": 2, "ph": "X", "tid": 0, "pid": 0, "step": 0, "cat": "POSIX", "name": "fprintf", "args": {"stream": "0x7f89ac4596e0"}, "pathname": "stdout", "return": 124},
{"ts": 1646628190065986, "dur": 2, "ph": "X", "tid": 0, "pid": 0, "step": 0, "cat": "POSIX", "name": "fprintf", "args": {"stream": "0x7f89ac4596e0"}, "pathname": "stdout", "return": 12},
{"ts": 1646628190065989, "dur": 3, "ph": "X", "tid": 0, "pid": 0, "step": 0, "cat": "POSIX", "name": "fprintf", "args": {"stream": "0x7f89ac4596e0"}, "pathname": "stdout", "return": 356},
{"ts": 1646628190065993, "dur": 2, "ph": "X", "tid": 0, "pid": 0, "step": 0, "cat": "POSIX", "name": "fprintf", "args": {"stream": "0x7f89ac4596e0"}, "pathname": "stdout", "return": 121},
{"ts": 1646628190065997, "dur": 2, "ph": "X", "tid": 0, "pid": 0, "step": 0, "cat": "POSIX", "name": "fprintf", "args": {"stream": "0x7f89ac4596e0"}, "pathname": "stdout", "return": 30},
{"ts": 1646628190066000, "dur": 2, "ph": "X", "tid": 0, "pid": 0, "step": 0, "cat": "POSIX", "name": "fprintf", "args": {"stream": "0x7f89ac4596e0"}, "pathname": "stdout", "return": 49},
{"ts": 1646628190066003, "dur": 2, "ph": "X", "tid": 0, "pid": 0, "step": 0, "cat": "POSIX", "name": "fprintf", "args": {"stream": "0x7f89ac4596e0"}, "pathname": "stdout", "return": 35},
{"ts": 1646628190066006, "dur": 3, "ph": "X", "tid": 0, "pid": 0, "step": 0, "cat": "POSIX", "name": "fprintf", "args": {"stream": "0x7f89ac4596e0"}, "pathname": "stdout", "return": 28},
{"ts": 1646628190066010, "dur": 3, "ph": "X", "tid": 0, "pid": 0, "step": 0, "cat": "POSIX", "name": "fprintf", "args": {"stream": "0x7f89ac4596e0"}, "pathname": "stdout", "return": 20},
{"ts": 1646628190066014, "dur": 3, "ph": "X", "tid": 0, "pid": 0, "step": 0, "cat": "POSIX", "name": "fprintf", "args": {"stream": "0x7f89ac4596e0"}, "pathname": "stdout", "return": 10},
{"ts": 1646628190066018, "dur": 3, "ph": "X", "tid": 0, "pid": 0, "step": 0, "cat": "POSIX", "name": "fprintf", "args": {"stream": "0x7f89ac4596e0"}, "pathname": "stdout", "return": 25},
{"ts": 1646628190066022, "dur": 3, "ph": "X", "tid": 0, "pid": 0, "step": 0, "cat": "POSIX", "name": "fprintf", "args": {"stream": "0x7f89ac4596e0"}, "pathname": "stdout", "return": 102},
{"ts": 1646628190066026, "dur": 3, "ph": "X", "tid": 0, "pid": 0, "step": 0, "cat": "POSIX", "name": "fprintf", "args": {"stream": "0x7f89ac4596e0"}, "pathname": "stdout", "return": 228},
{"ts": 1646628190066030, "dur": 3, "ph": "X", "tid": 0, "pid": 0, "step": 0, "cat": "POSIX", "name": "fprintf", "args": {"stream": "0x7f89ac4596e0"}, "pathname": "stdout", "return": 24},
{"ts": 1646628190066034, "dur": 2, "ph": "X", "tid": 0, "pid": 0, "step": 0, "cat": "POSIX", "name": "fprintf", "args": {"stream": "0x7f89ac4596e0"}, "pathname": "stdout", "return": 34},
{"ts": 1646628190066037, "dur": 2, "ph": "X", "tid": 0, "pid": 0, "step": 0, "cat": "POSIX", "name": "fprintf", "args": {"stream": "0x7f89ac4596e0"}, "pathname": "stdout", "return": 20},
{"ts": 1646628190066041, "dur": 2, "ph": "X", "tid": 0, "pid": 0, "step": 0, "cat": "POSIX", "name": "fprintf", "args": {"stream": "0x7f89ac4596e0"}, "pathname": "stdout", "return": 35},
{"ts": 1646628190066044, "dur": 2, "ph": "X", "tid": 0, "pid": 0, "step": 0, "cat": "POSIX", "name": "fprintf", "args": {"stream": "0x7f89ac4596e0"}, "pathname": "stdout", "return": 15},
{"ts": 1646628190066047, "dur": 2, "ph": "X", "tid": 0, "pid": 0, "step": 0, "cat": "POSIX", "name": "fprintf", "args": {"stream": "0x7f89ac4596e0"}, "pathname": "stdout", "return": 25},
{"ts": 1646628190066050, "dur": 3, "ph": "X", "tid": 0, "pid": 0, "step": 0, "cat": "POSIX", "name": "fprintf", "args": {"stream": "0x7f89ac4596e0"}, "pathname": "stdout", "return": 84},
{"ts": 1646628190066054, "dur": 3, "ph": "X", "tid": 0, "pid": 0, "step": 0, "cat": "POSIX", "name": "fprintf", "args": {"stream": "0x7f89ac4596e0"}, "pathname": "stdout", "return": 17},
{"ts": 1646628190066058, "dur": 3, "ph": "X", "tid": 0, "pid": 0, "step": 0, "cat": "POSIX", "name": "fprintf", "args": {"stream": "0x7f89ac4596e0"}, "pathname": "stdout", "return": 42},
{"ts": 1646628190066062, "dur": 2, "ph": "X", "tid": 0, "pid": 0, "step": 0, "cat": "POSIX", "name": "fprintf", "args": {"stream": "0x7f89ac4596e0"}, "pathname": "stdout", "return": 27},
{"ts": 1646628190066065, "dur": 3, "ph": "X", "tid": 0, "pid": 0, "step": 0, "cat": "POSIX", "name": "fprintf", "args": {"stream": "0x7f89ac4596e0"}, "pathname": "stdout", "return": 41},
{"ts": 1646628190066069, "dur": 3, "ph": "X", "tid": 0, "pid": 0, "step": 0, "cat": "POSIX", "name": "fprintf", "args": {"stream": "0x7f89ac4596e0"}, "pathname": "stdout", "return": 31},
{"ts": 1646628190066073, "dur": 3, "ph": "X", "tid": 0, "pid": 0, "step": 0, "cat": "POSIX", "name": "fprintf", "args": {"stream": "0x7f89ac4596e0"}, "pathname": "stdout", "return": 14},
{"ts": 1646628190066077, "dur": 2, "ph": "X", "tid": 0, "pid": 0, "step": 0, "cat": "POSIX", "name": "fprintf", "args": {"stream": "0x7f89ac4596e0"}, "pathname": "stdout", "return": 29},
{"ts": 1646628190066080, "dur": 3, "ph": "X", "tid": 0, "pid": 0, "step": 0, "cat": "POSIX", "name": "fprintf", "args": {"stream": "0x7f89ac4596e0"}, "pathname": "stdout", "return": 42},
{"ts": 1646628190066084, "dur": 3, "ph": "X", "tid": 0, "pid": 0, "step": 0, "cat": "POSIX", "name": "fprintf", "args": {"stream": "0x7f89ac4596e0"}, "pathname": "stdout", "return": 24},
{"ts": 1646628190066088, "dur": 3, "ph": "X", "tid": 0, "pid": 0, "step": 0, "cat": "POSIX", "name": "fprintf", "args": {"stream": "0x7f89ac4596e0"}, "pathname": "stdout", "return": 54},
{"ts": 1646628190066092, "dur": 2, "ph": "X", "tid": 0, "pid": 0, "step": 0, "cat": "POSIX", "name": "fprintf", "args": {"stream": "0x7f89ac4596e0"}, "pathname": "stdout", "return": 26},
{"ts": 1646628190066095, "dur": 3, "ph": "X", "tid": 0, "pid": 0, "step": 0, "cat": "POSIX", "name": "fprintf", "args": {"stream": "0x7f89ac4596e0"}, "pathname": "stdout", "return": 41},
{"ts": 1646628190066099, "dur": 3, "ph": "X", "tid": 0, "pid": 0, "step": 0, "cat": "POSIX", "name": "fprintf", "args": {"stream": "0x7f89ac4596e0"}, "pathname": "stdout", "return": 78},
{"ts": 1646628190066103, "dur": 3, "ph": "X", "tid": 0, "pid": 0, "step": 0, "cat": "POSIX", "name": "fprintf", "args": {"stream": "0x7f89ac4596e0"}, "pathname": "stdout", "return": 252},
{"ts": 1646628190066107, "dur": 3, "ph": "X", "tid": 0, "pid": 0, "step": 0, "cat": "POSIX", "name": "fprintf", "args": {"stream": "0x7f89ac4596e0"}, "pathname": "stdout", "return": 29},
{"ts": 1646628190066111, "dur": 3, "ph": "X", "tid": 0, "pid": 0, "step": 0, "cat": "POSIX", "name": "fprintf", "args": {"stream": "0x7f89ac4596e0"}, "pathname": "stdout", "return": 19},
{"ts": 1646628190066115, "dur": 2, "ph": "X", "tid": 0, "pid": 0, "step": 0, "cat": "POSIX", "name": "fprintf", "args": {"stream": "0x7f89ac4596e0"}, "pathname": "stdout", "return": 34},
{"ts": 1646628190066118, "dur": 3, "ph": "X", "tid": 0, "pid": 0, "step": 0, "cat": "POSIX", "name": "fprintf", "args": {"stream": "0x7f89ac4596e0"}, "pathname": "stdout", "return": 26},
{"ts": 1646628190066122, "dur": 3, "ph": "X", "tid": 0, "pid": 0, "step": 0, "cat": "POSIX", "name": "fprintf", "args": {"stream": "0x7f89ac4596e0"}, "pathname": "stdout", "return": 12},
{"ts": 1646628190066126, "dur": 3, "ph": "X", "tid": 0, "pid": 0, "step": 0, "cat": "POSIX", "name": "fprintf", "args": {"stream": "0x7f89ac4596e0"}, "pathname": "stdout", "return": 231},
{"ts": 1646628190066130, "dur": 3, "ph": "X", "tid": 0, "pid": 0, "step": 0, "cat": "POSIX", "name": "fprintf", "args": {"stream": "0x7f89ac4596e0"}, "pathname": "stdout", "return": 249},
{"ts": 1646628190066134, "dur": 3, "ph": "X", "tid": 0, "pid": 0, "step": 0, "cat": "POSIX", "name": "fprintf", "args": {"stream": "0x7f89ac4596e0"}, "pathname": "stdout", "return": 15},
{"ts": 1646628190066138, "dur": 2, "ph": "X", "tid": 0, "pid": 0, "step": 0, "cat": "POSIX", "name": "fprintf", "args": {"stream": "0x7f89ac4596e0"}, "pathname": "stdout", "return": 19},
{"ts": 1646628190066148, "dur": 3, "ph": "X", "tid": 0, "pid": 0, "step": 0, "cat": "POSIX", "name": "fprintf", "args": {"stream": "0x7f89ac4596e0"}, "pathname": "stdout", "return": 530},
{"ts": 1646628190066152, "dur": 3, "ph": "X", "tid": 0, "pid": 0, "step": 0, "cat": "POSIX", "name": "fprintf", "args": {"stream": "0x7f89ac4596e0"}, "pathname": "stdout", "return": 33},
{"ts": 1646628190066156, "dur": 3, "ph": "X", "tid": 0, "pid": 0, "step": 0, "cat": "POSIX", "name": "fprintf", "args": {"stream": "0x7f89ac4596e0"}, "pathname": "stdout", "return": 92},
{"ts": 1646628190066160, "dur": 2, "ph": "X", "tid": 0, "pid": 0, "step": 0, "cat": "POSIX", "name": "fprintf", "args": {"stream": "0x7f89ac4596e0"}, "pathname": "stdout", "return": 110},
{"ts": 1646628190066163, "dur": 3, "ph": "X", "tid": 0, "pid": 0, "step": 0, "cat": "POSIX", "name": "fprintf", "args": {"stream": "0x7f89ac4596e0"}, "pathname": "stdout", "return": 356},
{"ts": 1646628190066167, "dur": 7, "ph": "X", "tid": 0, "pid": 0, "step": 0, "cat": "POSIX", "name": "fprintf", "args": {"stream": "0x7f89ac4596e0"}, "pathname": "stdout", "return": 530},
{"ts": 1646628190066175, "dur": 2, "ph": "X", "tid": 0, "pid": 0, "step": 0, "cat": "POSIX", "name": "fprintf", "args": {"stream": "0x7f89ac4596e0"}, "pathname": "stdout", "return": 26},
{"ts": 1646628190066178, "dur": 2, "ph": "X", "tid": 0, "pid": 0, "step": 0, "cat": "POSIX", "name": "fprintf", "args": {"stream": "0x7f89ac4596e0"}, "pathname": "stdout", "return": 122},
{"ts": 1646628190066181, "dur": 3, "ph": "X", "tid": 0, "pid": 0, "step": 0, "cat": "POSIX", "name": "fprintf", "args": {"stream": "0x7f89ac4596e0"}, "pathname": "stdout", "return": 25},
{"ts": 1646628190066185, "dur": 2, "ph": "X", "tid": 0, "pid": 0, "step": 0, "cat": "POSIX", "name": "fprintf", "args": {"stream": "0x7f89ac4596e0"}, "pathname": "stdout", "return": 21},
{"ts": 1646628190066188, "dur": 3, "ph": "X", "tid": 0, "pid": 0, "step": 0, "cat": "POSIX", "name": "fprintf", "args": {"stream": "0x7f89ac4596e0"}, "pathname": "stdout", "return": 33},
{"ts": 1646628190066192, "dur": 3, "ph": "X", "tid": 0, "pid": 0, "step": 0, "cat": "POSIX", "name": "fprintf", "args": {"stream": "0x7f89ac4596e0"}, "pathname": "stdout", "return": 20},
{"ts": 1646628190066196, "dur": 2, "ph": "X", "tid": 0, "pid": 0, "step": 0, "cat": "POSIX", "name": "fprintf", "args": {"stream": "0x7f89ac4596e0"}, "pathname": "stdout", "return": 26},
{"ts": 1646628190066199, "dur": 3, "ph": "X", "tid": 0, "pid": 0, "step": 0, "cat": "POSIX", "name": "fprintf", "args": {"stream": "0x7f89ac4596e0"}, "pathname": "stdout", "return": 43},
{"ts": 1646628190066203, "dur": 3, "ph": "X", "tid": 0, "pid": 0, "step": 0, "cat": "POSIX", "name": "fprintf", "args": {"stream": "0x7f89ac4596e0"}, "pathname": "stdout", "return": 34},
{"ts": 1646628190066207, "dur": 2, "ph": "X", "tid": 0, "pid": 0, "step": 0, "cat": "POSIX", "name": "fprintf", "args": {"stream": "0x7f89ac4596e0"}, "pathname": "stdout", "return": 22},
{"ts": 1646628190066210, "dur": 2, "ph": "X", "tid": 0, "pid": 0, "step": 0, "cat": "POSIX", "name": "fprintf", "args": {"stream": "0x7f89ac4596e0"}, "pathname": "stdout", "return": 33},
{"ts": 1646628190066214, "dur": 2, "ph": "X", "tid": 0, "pid": 0, "step": 0, "cat": "POSIX", "name": "fprintf", "args": {"stream": "0x7f89ac4596e0"}, "pathname": "stdout", "return": 22},
{"ts": 1646628190066217, "dur": 2, "ph": "X", "tid": 0, "pid": 0, "step": 0, "cat": "POSIX", "name": "fprintf", "args": {"stream": "0x7f89ac4596e0"}, "pathname": "stdout", "return": 25},
{"ts": 1646628190066220, "dur": 2, "ph": "X", "tid": 0, "pid": 0, "step": 0, "cat": "POSIX", "name": "fprintf", "args": {"stream": "0x7f89ac4596e0"}, "pathname": "stdout", "return": 35},
{"ts": 1646628190066223, "dur": 3, "ph": "X", "tid": 0, "pid": 0, "step": 0, "cat": "POSIX", "name": "fprintf", "args": {"stream": "0x7f89ac4596e0"}, "pathname": "stdout", "return": 35},
{"ts": 1646628190066227, "dur": 2, "ph": "X", "tid": 0, "pid": 0, "step": 0, "cat": "POSIX", "name": "fprintf", "args": {"stream": "0x7f89ac4596e0"}, "pathname": "stdout", "return": 35},
{"ts": 1646628190066230, "dur": 3, "ph": "X", "tid": 0, "pid": 0, "step": 0, "cat": "POSIX", "name": "fprintf", "args": {"stream": "0x7f89ac4596e0"}, "pathname": "stdout", "return": 20},
{"ts": 1646628190066234, "dur": 3, "ph": "X", "tid": 0, "pid": 0, "step": 0, "cat": "POSIX", "name": "fprintf", "args": {"stream": "0x7f89ac4596e0"}, "pathname": "stdout", "return": 16},
{"ts": 1646628190066238, "dur": 3, "ph": "X", "tid": 0, "pid": 0, "step": 0, "cat": "POSIX", "name": "fprintf", "args": {"stream": "0x7f89ac4596e0"}, "pathname": "stdout", "return": 49},
{"ts": 1646628190066242, "dur": 2, "ph": "X", "tid": 0, "pid": 0, "step": 0, "cat": "POSIX", "name": "fprintf", "args": {"stream": "0x7f89ac4596e0"}, "pathname": "stdout", "return": 119},
{"ts": 1646628190066245, "dur": 3, "ph": "X", "tid": 0, "pid": 0, "step": 0, "cat": "POSIX", "name": "fprintf", "args": {"stream": "0x7f89ac4596e0"}, "pathname": "stdout", "return": 52},
{"ts": 1646628190066249, "dur": 3, "ph": "X", "tid": 0, "pid": 0, "step": 0, "cat": "POSIX", "name": "fprintf", "args": {"stream": "0x7f89ac4596e0"}, "pathname": "stdout", "return": 19},
{"ts": 1646628190066253, "dur": 3, "ph": "X", "tid": 0, "pid": 0, "step": 0, "cat": "POSIX", "name": "fprintf", "args": {"stream": "0x7f89ac4596e0"}, "pathname": "stdout", "return": 19},
{"ts": 1646628190066257, "dur": 3, "ph": "X", "tid": 0, "pid": 0, "step": 0, "cat": "POSIX", "name": "fprintf", "args": {"stream": "0x7f89ac4596e0"}, "pathname": "stdout", "return": 26},
{"ts": 1646628190066261, "dur": 2, "ph": "X", "tid": 0, "pid": 0, "step": 0, "cat": "POSIX", "name": "fprintf", "args": {"stream": "0x7f89ac4596e0"}, "pathname": "stdout", "return": 25},
{"ts": 1646628190066264, "dur": 3, "ph": "X", "tid": 0, "pid": 0, "step": 0, "cat": "POSIX", "name": "fprintf", "args": {"stream": "0x7f89ac4596e0"}, "pathname": "stdout", "return": 31},
{"ts": 1646628190066268, "dur": 3, "ph": "X", "tid": 0, "pid": 0, "step": 0, "cat": "POSIX", "name": "fprintf", "args": {"stream": "0x7f89ac4596e0"}, "pathname": "stdout", "return": 25},
{"ts": 1646628190066272, "dur": 2, "ph": "X", "tid": 0, "pid": 0, "step": 0, "cat": "POSIX", "name": "fprintf", "args": {"stream": "0x7f89ac4596e0"}, "pathname": "stdout", "return": 34},
{"ts": 1646628190066275, "dur": 3, "ph": "X", "tid": 0, "pid": 0, "step": 0, "cat": "POSIX", "name": "fprintf", "args": {"stream": "0x7f89ac4596e0"}, "pathname": "stdout", "return": 20},
{"ts": 1646628190066279, "dur": 3, "ph": "X", "tid": 0, "pid": 0, "step": 0, "cat": "POSIX", "name": "fprintf", "args": {"stream": "0x7f89ac4596e0"}, "pathname": "stdout", "return": 19},
{"ts": 1646628190066283, "dur": 3, "ph": "X", "tid": 0, "pid": 0, "step": 0, "cat": "POSIX", "name": "fprintf", "args": {"stream": "0x7f89ac4596e0"}, "pathname": "stdout", "return": 15},
{"ts": 1646628190066287, "dur": 2, "ph": "X", "tid": 0, "pid": 0, "step": 0, "cat": "POSIX", "name": "fprintf", "args": {"stream": "0x7f89ac4596e0"}, "pathname": "stdout", "return": 62},
{"ts": 1646628190066290, "dur": 3, "ph": "X", "tid": 0, "pid": 0, "step": 0, "cat": "POSIX", "name": "fprintf", "args": {"stream": "0x7f89ac4596e0"}, "pathname": "stdout", "return": 44},
{"ts": 1646628190066294, "dur": 3, "ph": "X", "tid": 0, "pid": 0, "step": 0, "cat": "POSIX", "name": "fprintf", "args": {"stream": "0x7f89ac4596e0"}, "pathname": "stdout", "return": 8},
{"ts": 1646628190066298, "dur": 3, "ph": "X", "tid": 0, "pid": 0, "step": 0, "cat": "POSIX", "name": "fprintf", "args": {"stream": "0x7f89ac4596e0"}, "pathname": "stdout", "return": 41},
{"ts": 1646628190066302, "dur": 2, "ph": "X", "tid": 0, "pid": 0, "step": 0, "cat": "POSIX", "name": "fprintf", "args": {"stream": "0x7f89ac4596e0"}, "pathname": "stdout", "return": 94},
{"ts": 1646628190066305, "dur": 3, "ph": "X", "tid": 0, "pid": 0, "step": 0, "cat": "POSIX", "name": "fprintf", "args": {"stream": "0x7f89ac4596e0"}, "pathname": "stdout", "return": 124},
{"ts": 1646628190066309, "dur": 3, "ph": "X", "tid": 0, "pid": 0, "step": 0, "cat": "POSIX", "name": "fprintf", "args": {"stream": "0x7f89ac4596e0"}, "pathname": "stdout", "return": 25},
{"ts": 1646628190066320, "dur": 3, "ph": "X", "tid": 0, "pid": 0, "step": 0, "cat": "POSIX", "name": "fprintf", "args": {"stream": "0x7f89ac4596e0"}, "pathname": "stdout", "return": 32},
{"ts": 1646628190066324, "dur": 3, "ph": "X", "tid": 0, "pid": 0, "step": 0, "cat": "POSIX", "name": "fprintf", "args": {"stream": "0x7f89ac4596e0"}, "pathname": "stdout", "return": 326},
{"ts": 1646628190066328, "dur": 2, "ph": "X", "tid": 0, "pid": 0, "step": 0, "cat": "POSIX", "name": "fprintf", "args": {"stream": "0x7f89ac4596e0"}, "pathname": "stdout", "return": 14},
{"ts": 1646628190066331, "dur": 2, "ph": "X", "tid": 0, "pid": 0, "step": 0, "cat": "POSIX", "name": "fprintf", "args": {"stream": "0x7f89ac4596e0"}, "pathname": "stdout", "return": 29},
{"ts": 1646628190066334, "dur": 2, "ph": "X", "tid": 0, "pid": 0, "step": 0, "cat": "POSIX", "name": "fprintf", "args": {"stream": "0x7f89ac4596e0"}, "pathname": "stdout", "return": 78},
{"ts": 1646628190066337, "dur": 3, "ph": "X", "tid": 0, "pid": 0, "step": 0, "cat": "POSIX", "name": "fprintf", "args": {"stream": "0x7f89ac4596e0"}, "pathname": "stdout", "return": 30},
{"ts": 1646628190066341, "dur": 3, "ph": "X", "tid": 0, "pid": 0, "step": 0, "cat": "POSIX", "name": "fprintf", "args": {"stream": "0x7f89ac4596e0"}, "pathname": "stdout", "return": 327},
{"ts": 1646628190066345, "dur": 3, "ph": "X", "tid": 0, "pid": 0, "step": 0, "cat": "POSIX", "name": "fprintf", "args": {"stream": "0x7f89ac4596e0"}, "pathname": "stdout", "return": 20},
{"ts": 1646628190066349, "dur": 2, "ph": "X", "tid": 0, "pid": 0, "step": 0, "cat": "POSIX", "name": "fprintf", "args": {"stream": "0x7f89ac4596e0"}, "pathname": "stdout", "return": 31},
{"ts": 1646628190066352, "dur": 3, "ph": "X", "tid": 0, "pid": 0, "step": 0, "cat": "POSIX", "name": "fprintf", "args": {"stream": "0x7f89ac4596e0"}, "pathname": "stdout", "return": 13},
{"ts": 1646628190066356, "dur": 3, "ph": "X", "tid": 0, "pid": 0, "step": 0, "cat": "POSIX", "name": "fprintf", "args": {"stream": "0x7f89ac4596e0"}, "pathname": "stdout", "return": 54},
{"ts": 1646628190066360, "dur": 3, "ph": "X", "tid": 0, "pid": 0, "step": 0, "cat": "POSIX", "name": "fprintf", "args": {"stream": "0x7f89ac4596e0"}, "pathname": "stdout", "return": 38},
{"ts": 1646628190066364, "dur": 2, "ph": "X", "tid": 0, "pid": 0, "step": 0, "cat": "POSIX", "name": "fprintf", "args": {"stream": "0x7f89ac4596e0"}, "pathname": "stdout", "return": 31},
{"ts": 1646628190066367, "dur": 3, "ph": "X", "tid": 0, "pid": 0, "step": 0, "cat": "POSIX", "name": "fprintf", "args": {"stream": "0x7f89ac4596e0"}, "pathname": "stdout", "return": 245},
{"ts": 1646628190066371, "dur": 2, "ph": "X", "tid": 0, "pid": 0, "step": 0, "cat": "POSIX", "name": "fprintf", "args": {"stream": "0x7f89ac4596e0"}, "pathname": "stdout", "return": 43},
{"ts": 1646628190066375, "dur": 2, "ph": "X", "tid": 0, "pid": 0, "step": 0, "cat": "POSIX", "name": "fprintf", "args": {"stream": "0x7f89ac4596e0"}, "pathname": "stdout", "return": 15},
{"ts": 1646628190066378, "dur": 2, "ph": "X", "tid": 0, "pid": 0, "step": 0, "cat": "POSIX", "name": "fprintf", "args": {"stream": "0x7f89ac4596e0"}, "pathname": "stdout", "return": 38},
{"ts": 1646628190066381, "dur": 2, "ph": "X", "tid": 0, "pid": 0, "step": 0, "cat": "POSIX", "name": "fprintf", "args": {"stream": "0x7f89ac4596e0"}, "pathname": "stdout", "return": 57},
{"ts": 1646628190066384, "dur": 3, "ph": "X", "tid": 0, "pid": 0, "step": 0, "cat": "POSIX", "name": "fprintf", "args": {"stream": "0x7f89ac4596e0"}, "pathname": "stdout", "return": 22},
{"ts": 1646628190066388, "dur": 3, "ph": "X", "tid": 0, "pid": 0, "step": 0, "cat": "POSIX", "name": "fprintf", "args": {"stream": "0x7f89ac4596e0"}, "pathname": "stdout", "return": 655},
{"ts": 1646628190066392, "dur": 3, "ph": "X", "tid": 0, "pid": 0, "step": 0, "cat": "POSIX", "name": "fprintf", "args": {"stream": "0x7f89ac4596e0"}, "pathname": "stdout", "return": 20},
{"ts": 1646628190066396, "dur": 7, "ph": "X", "tid": 0, "pid": 0, "step": 0, "cat": "POSIX", "name": "fprintf", "args": {"stream": "0x7f89ac4596e0"}, "pathname": "stdout", "return": 414},
{"ts": 1646628190066404, "dur": 2, "ph": "X", "tid": 0, "pid": 0, "step": 0, "cat": "POSIX", "name": "fprintf", "args": {"stream": "0x7f89ac4596e0"}, "pathname": "stdout", "return": 30},
{"ts": 1646628190066407, "dur": 2, "ph": "X", "tid": 0, "pid": 0, "step": 0, "cat": "POSIX", "name": "fprintf", "args": {"stream": "0x7f89ac4596e0"}, "pathname": "stdout", "return": 25},
{"ts": 1646628190066410, "dur": 2, "ph": "X", "tid": 0, "pid": 0, "step": 0, "cat": "POSIX", "name": "fprintf", "args": {"stream": "0x7f89ac4596e0"}, "pathname": "stdout", "return": 23},
{"ts": 1646628190066413, "dur": 3, "ph": "X", "tid": 0, "pid": 0, "step": 0, "cat": "POSIX", "name": "fprintf", "args": {"stream": "0x7f89ac4596e0"}, "pathname": "stdout", "return": 34},
{"ts": 1646628190066417, "dur": 3, "ph": "X", "tid": 0, "pid": 0, "step": 0, "cat": "POSIX", "name": "fprintf", "args": {"stream": "0x7f89ac4596e0"}, "pathname": "stdout", "return": 136},
{"ts": 1646628190066421, "dur": 2, "ph": "X", "tid": 0, "pid": 0, "step": 0, "cat": "POSIX", "name": "fprintf", "args": {"stream": "0x7f89ac4596e0"}, "pathname": "stdout", "return": 29},
{"ts": 1646628190066424, "dur": 3, "ph": "X", "tid": 0, "pid": 0, "step": 0, "cat": "POSIX", "name": "fprintf", "args": {"stream": "0x7f89ac4596e0"}, "pathname": "stdout", "return": 14},
{"ts": 1646628190066428, "dur": 3, "ph": "X", "tid": 0, "pid": 0, "step": 0, "cat": "POSIX", "name": "fprintf", "args": {"stream": "0x7f89ac4596e0"}, "pathname": "stdout", "return": 40},
{"ts": 1646628190066432, "dur": 3, "ph": "X", "tid": 0, "pid": 0, "step": 0, "cat": "POSIX", "name": "fprintf", "args": {"stream": "0x7f89ac4596e0"}, "pathname": "stdout", "return": 31},
{"ts": 1646628190066436, "dur": 2, "ph": "X", "tid": 0, "pid": 0, "step": 0, "cat": "POSIX", "name": "fprintf", "args": {"stream": "0x7f89ac4596e0"}, "pathname": "stdout", "return": 23},
{"ts": 1646628190066439, "dur": 3, "ph": "X", "tid": 0, "pid": 0, "step": 0, "cat": "POSIX", "name": "fprintf", "args": {"stream": "0x7f89ac4596e0"}, "pathname": "stdout", "return": 124},
{"ts": 1646628190066443, "dur": 3, "ph": "X", "tid": 0, "pid": 0, "step": 0, "cat": "POSIX", "name": "fprintf", "args": {"stream": "0x7f89ac4596e0"}, "pathname": "stdout", "return": 11},
{"ts": 1646628190066447, "dur": 3, "ph": "X", "tid": 0, "pid": 0, "step": 0, "cat": "POSIX", "name": "fprintf", "args": {"stream": "0x7f89ac4596e0"}, "pathname": "stdout", "return": 410},
{"ts": 1646628190066451, "dur": 3, "ph": "X", "tid": 0, "pid": 0, "step": 0, "cat": "POSIX", "name": "fprintf", "args": {"stream": "0x7f89ac4596e0"}, "pathname": "stdout", "return": 44},
{"ts": 1646628190066455, "dur": 2, "ph": "X", "tid": 0, "pid": 0, "step": 0, "cat": "POSIX", "name": "fprintf", "args": {"stream": "0x7f89ac4596e0"}, "pathname": "stdout", "return": 36},
{"ts": 1646628190066458, "dur": 3, "ph": "X", "tid": 0, "pid": 0, "step": 0, "cat": "POSIX", "name": "fprintf", "args": {"stream": "0x7f89ac4596e0"}, "pathname": "stdout", "return": 16},
{"ts": 1646628190066462, "dur": 3, "ph": "X", "tid": 0, "pid": 0, "step": 0, "cat": "POSIX", "name": "fprintf", "args": {"stream": "0x7f89ac4596e0"}, "pathname": "stdout", "return": 35},
{"ts": 1646628190066466, "dur": 3, "ph": "X", "tid": 0, "pid": 0, "step": 0, "cat": "POSIX", "name": "fprintf", "args": {"stream": "0x7f89ac4596e0"}, "pathname": "stdout", "return": 44},
{"ts": 1646628190066470, "dur": 2, "ph": "X", "tid": 0, "pid": 0, "step": 0, "cat": "POSIX", "name": "fprintf", "args": {"stream": "0x7f89ac4596e0"}, "pathname": "stdout", "return": 51},
{"ts": 1646628190066473, "dur": 3, "ph": "X", "tid": 0, "pid": 0, "step": 0, "cat": "POSIX", "name": "fprintf", "args": {"stream": "0x7f89ac4596e0"}, "pathname": "stdout", "return": 39},
{"ts": 1646628190066477, "dur": 3, "ph": "X", "tid": 0, "pid": 0, "step": 0, "cat": "POSIX", "name": "fprintf", "args": {"stream": "0x7f89ac4596e0"}, "pathname": "stdout", "return": 31},
{"ts": 1646628190066481, "dur": 2, "ph": "X", "tid": 0, "pid": 0, "step": 0, "cat": "POSIX", "name": "fprintf", "args": {"stream": "0x7f89ac4596e0"}, "pathname": "stdout", "return": 24},
{"ts": 1646628190066489, "dur": 2, "ph": "X", "tid": 0, "pid": 0, "step": 0, "cat": "POSIX", "name": "fprintf", "args": {"stream": "0x7f89ac4596e0"}, "pathname": "stdout", "return": 95},
{"ts": 1646628190066492, "dur": 2, "ph": "X", "tid": 0, "pid": 0, "step": 0, "cat": "POSIX", "name": "fprintf", "args": {"stream": "0x7f89ac4596e0"}, "pathname": "stdout", "return": 119},
{"ts": 1646628190066495, "dur": 3, "ph": "X", "tid": 0, "pid": 0, "step": 0, "cat": "POSIX", "name": "fprintf", "args": {"stream": "0x7f89ac4596e0"}, "pathname": "stdout", "return": 53},
{"ts": 1646628190066499, "dur": 3, "ph": "X", "tid": 0, "pid": 0, "step": 0, "cat": "POSIX", "name": "fprintf", "args": {"stream": "0x7f89ac4596e0"}, "pathname": "stdout", "return": 51},
{"ts": 1646628190066503, "dur": 3, "ph": "X", "tid": 0, "pid": 0, "step": 0, "cat": "POSIX", "name": "fprintf", "args": {"stream": "0x7f89ac4596e0"}, "pathname": "stdout", "return": 42},
{"ts": 1646628190066507, "dur": 2, "ph": "X", "tid": 0, "pid": 0, "step": 0, "cat": "POSIX", "name": "fprintf", "args": {"stream": "0x7f89ac4596e0"}, "pathname": "stdout", "return": 21},
{"ts": 1646628190066510, "dur": 3, "ph": "X", "tid": 0, "pid": 0, "step": 0, "cat": "POSIX", "name": "fprintf", "args": {"stream": "0x7f89ac4596e0"}, "pathname": "stdout", "return": 19},
{"ts": 1646628190066514, "dur": 3, "ph": "X", "tid": 0, "pid": 0, "step": 0, "cat": "POSIX", "name": "fprintf", "args": {"stream": "0x7f89ac4596e0"}, "pathname": "stdout", "return": 62},
{"ts": 1646628190066518, "dur": 3, "ph": "X", "tid": 0, "pid": 0, "step": 0, "cat": "POSIX", "name": "fprintf", "args": {"stream": "0x7f89ac4596e0"}, "pathname": "stdout", "return": 75},
{"ts": 1646628190066522, "dur": 2, "ph": "X", "tid": 0, "pid": 0, "step": 0, "cat": "POSIX", "name": "fprintf", "args": {"stream": "0x7f89ac4596e0"}, "pathname": "stdout", "return": 28},
{"ts": 1646628190066525, "dur": 3, "ph": "X", "tid": 0, "pid": 0, "step": 0, "cat": "POSIX", "name": "fprintf", "args": {"stream": "0x7f89ac4596e0"}, "pathname": "stdout", "return": 17},
{"ts": 1646628190066529, "dur": 3, "ph": "X", "tid": 0, "pid": 0, "step": 0, "cat": "POSIX", "name": "fprintf", "args": {"stream": "0x7f89ac4596e0"}, "pathname": "stdout", "return": 47},
{"ts": 1646628190066533, "dur": 3, "ph": "X", "tid": 0, "pid": 0, "step": 0, "cat": "POSIX", "name": "fprintf", "args": {"stream": "0x7f89ac4596e0"}, "pathname": "stdout", "return": 30},
{"ts": 1646628190066537, "dur": 2, "ph": "X", "tid": 0, "pid": 0, "step": 0, "cat": "POSIX", "name": "fprintf", "args": {"stream": "0x7f89ac4596e0"}, "pathname": "stdout", "return": 25},
{"ts": 1646628190066540, "dur": 3, "ph": "X", "tid": 0, "pid": 0, "step": 0, "cat": "POSIX", "name": "fprintf", "args": {"stream": "0x7f89ac4596e0"}, "pathname": "stdout", "return": 72},
{"ts": 1646628190066544, "dur": 4, "ph": "X", "tid": 0, "pid": 0, "step": 0, "cat": "POSIX", "name": "fwrite", "args": {"ptr": "0x41c534", "size": 1, "nmemb": 20, "stream": "0x7f89ac4596e0"}, "pathname": "stdout", "return": 20},
{"ts": 1646628190066553, "dur": 2, "ph": "X", "tid": 0, "pid": 0, "step": 0, "cat": "POSIX", "name": "fprintf", "args": {"stream": "0x7f89ac4596e0"}, "pathname": "stdout", "return": 24},
{"ts": 1646628190066558, "dur": 3, "ph": "X", "tid": 0, "pid": 0, "step": 0, "cat": "POSIX", "name": "fprintf", "args": {"stream": "0x7f89ac4596e0"}, "pathname": "stdout", "return": 47},
{"ts": 1646628190066626, "dur": 4, "ph": "X", "tid": 0, "pid": 0, "step": 0, "cat": "POSIX", "name": "fprintf", "args": {"stream": "0x7f89ac4596e0"}, "pathname": "stdout", "return": 76},
{"ts": 1646628190066631, "dur": 6, "ph": "X", "tid": 0, "pid": 0, "step": 0, "cat": "POSIX", "name": "fprintf", "args": {"stream": "0x7f89ac4596e0"}, "pathname": "stdout", "return": 54},
{"ts": 1646628190066639, "dur": 4, "ph": "X", "tid": 0, "pid": 0, "step": 0, "cat": "POSIX", "name": "fprintf", "args": {"stream": "0x7f89ac4596e0"}, "pathname": "stdout", "return": 40},
{"ts": 1646628190066647, "dur": 2, "ph": "X", "tid": 0, "pid": 0, "step": 0, "cat": "POSIX", "name": "fprintf", "args": {"stream": "0x7f89ac4596e0"}, "pathname": "stdout", "return": 14},
{"ts": 1646628190066650, "dur": 3, "ph": "X", "tid": 0, "pid": 0, "step": 0, "cat": "POSIX", "name": "fprintf", "args": {"stream": "0x7f89ac4596e0"}, "pathname": "stdout", "return": 24},
{"ts": 1646628190066654, "dur": 3, "ph": "X", "tid": 0, "pid": 0, "step": 0, "cat": "POSIX", "name": "fprintf", "args": {"stream": "0x7f89ac4596e0"}, "pathname": "stdout", "return": 24},
{"ts": 1646628190066659, "dur": 2, "ph": "X", "tid": 0, "pid": 0, "step": 0, "cat": "POSIX", "name": "fprintf", "args": {"stream": "0x7f89ac4596e0"}, "pathname": "stdout", "return": 28},
{"ts": 1646628190066662, "dur": 2, "ph": "X", "tid": 0, "pid": 0, "step": 0, "cat": "POSIX", "name": "fprintf", "args": {"stream": "0x7f89ac4596e0"}, "pathname": "stdout", "return": 52},
{"ts": 1646628190066665, "dur": 3, "ph": "X", "tid": 0, "pid": 0, "step": 0, "cat": "POSIX", "name": "fprintf", "args": {"stream": "0x7f89ac4596e0"}, "pathname": "stdout", "return": 43},
{"ts": 1646628190066669, "dur": 4, "ph": "X", "tid": 0, "pid": 0, "step": 0, "cat": "POSIX", "name": "fprintf", "args": {"stream": "0x7f89ac4596e0"}, "pathname": "stdout", "return": 29},
{"ts": 1646628190066674, "dur": 2, "ph": "X", "tid": 0, "pid": 0, "step": 0, "cat": "POSIX", "name": "fprintf", "args": {"stream": "0x7f89ac4596e0"}, "pathname": "stdout", "return": 24},
{"ts": 1646628190066677, "dur": 3, "ph": "X", "tid": 0, "pid": 0, "step": 0, "cat": "POSIX", "name": "fprintf", "args": {"stream": "0x7f89ac4596e0"}, "pathname": "stdout", "return": 24},
{"ts": 1646628190066681, "dur": 3, "ph": "X", "tid": 0, "pid": 0, "step": 0, "cat": "POSIX", "name": "fprintf", "args": {"stream": "0x7f89ac4596e0"}, "pathname": "stdout", "return": 24},
{"ts": 1646628190066685, "dur": 3, "ph": "X", "tid": 0, "pid": 0, "step": 0, "cat": "POSIX", "name": "fprintf", "args": {"stream": "0x7f89ac4596e0"}, "pathname": "stdout", "return": 24},
{"ts": 1646628190066689, "dur": 3, "ph": "X", "tid": 0, "pid": 0, "step": 0, "cat": "POSIX", "name": "fprintf", "args": {"stream": "0x7f89ac4596e0"}, "pathname": "stdout", "return": 29},
{"ts": 1646628190066693, "dur": 3, "ph": "X", "tid": 0, "pid": 0, "step": 0, "cat": "POSIX", "name": "fprintf", "args": {"stream": "0x7f89ac4596e0"}, "pathname": "stdout", "return": 24},
{"ts": 1646628190066697, "dur": 3, "ph": "X", "tid": 0, "pid": 0, "step": 0, "cat": "POSIX", "name": "fprintf", "args": {"stream": "0x7f89ac4596e0"}, "pathname": "stdout", "return": 24},
{"ts": 1646628190066701, "dur": 3, "ph": "X", "tid": 0, "pid": 0, "step": 0, "cat": "POSIX", "name": "fprintf", "args": {"stream": "0x7f89ac4596e0"}, "pathname": "stdout", "return": 24},
{"ts": 1646628190066705, "dur": 3, "ph": "X", "tid": 0, "pid": 0, "step": 0, "cat": "POSIX", "name": "fprintf", "args": {"stream": "0x7f89ac4596e0"}, "pathname": "stdout", "return": 24},
{"ts": 1646628190066709, "dur": 3, "ph": "X", "tid": 0, "pid": 0, "step": 0, "cat": "POSIX", "name": "fprintf", "args": {"stream": "0x7f89ac4596e0"}, "pathname": "stdout", "return": 24},
{"ts": 1646628190066713, "dur": 3, "ph": "X", "tid": 0, "pid": 0, "step": 0, "cat": "POSIX", "name": "fprintf", "args": {"stream": "0x7f89ac4596e0"}, "pathname": "stdout", "return": 24},
{"ts": 1646628190066717, "dur": 3, "ph": "X", "tid": 0, "pid": 0, "step": 0, "cat": "POSIX", "name": "fprintf", "args": {"stream": "0x7f89ac4596e0"}, "pathname": "stdout", "return": 24},
{"ts": 1646628190066722, "dur": 2, "ph": "X", "tid": 0, "pid": 0, "step": 0, "cat": "POSIX", "name": "fprintf", "args": {"stream": "0x7f89ac4596e0"}, "pathname": "stdout", "return": 24},
{"ts": 1646628190066725, "dur": 2, "ph": "X", "tid": 0, "pid": 0, "step": 0, "cat": "POSIX", "name": "fprintf", "args": {"stream": "0x7f89ac4596e0"}, "pathname": "stdout", "return": 24},
{"ts": 1646628190066728, "dur": 3, "ph": "X", "tid": 0, "pid": 0, "step": 0, "cat": "POSIX", "name": "fprintf", "args": {"stream": "0x7f89ac4596e0"}, "pathname": "stdout", "return": 24},
{"ts": 1646628190066732, "dur": 3, "ph": "X", "tid": 0, "pid": 0, "step": 0, "cat": "POSIX", "name": "fprintf", "args": {"stream": "0x7f89ac4596e0"}, "pathname": "stdout", "return": 24},
{"ts": 1646628190066743, "dur": 2, "ph": "X", "tid": 0, "pid": 0, "step": 0, "cat": "POSIX", "name": "fprintf", "args": {"stream": "0x7f89ac4596e0"}, "pathname": "stdout", "return": 24},
{"ts": 1646628190066746, "dur": 3, "ph": "X", "tid": 0, "pid": 0, "step": 0, "cat": "POSIX", "name": "fprintf", "args": {"stream": "0x7f89ac4596e0"}, "pathname": "stdout", "return": 24},
{"ts": 1646628190066750, "dur": 3, "ph": "X", "tid": 0, "pid": 0, "step": 0, "cat": "POSIX", "name": "fprintf", "args": {"stream": "0x7f89ac4596e0"}, "pathname": "stdout", "return": 24},
{"ts": 1646628190066754, "dur": 2, "ph": "X", "tid": 0, "pid": 0, "step": 0, "cat": "POSIX", "name": "fprintf", "args": {"stream": "0x7f89ac4596e0"}, "pathname": "stdout", "return": 24},
{"ts": 1646628190066757, "dur": 3, "ph": "X", "tid": 0, "pid": 0, "step": 0, "cat": "POSIX", "name": "fprintf", "args": {"stream": "0x7f89ac4596e0"}, "pathname": "stdout", "return": 24},
{"ts": 1646628190066761, "dur": 3, "ph": "X", "tid": 0, "pid": 0, "step": 0, "cat": "POSIX", "name": "fprintf", "args": {"stream": "0x7f89ac4596e0"}, "pathname": "stdout", "return": 24},
{"ts": 1646628190066765, "dur": 3, "ph": "X", "tid": 0, "pid": 0, "step": 0, "cat": "POSIX", "name": "fprintf", "args": {"stream": "0x7f89ac4596e0"}, "pathname": "stdout", "return": 24},
{"ts": 1646628190066769, "dur": 3, "ph": "X", "tid": 0, "pid": 0, "step": 0, "cat": "POSIX", "name": "fprintf", "args": {"stream": "0x7f89ac4596e0"}, "pathname": "stdout", "return": 24},
{"ts": 1646628190066773, "dur": 2, "ph": "X", "tid": 0, "pid": 0, "step": 0, "cat": "POSIX", "name": "fprintf", "args": {"stream": "0x7f89ac4596e0"}, "pathname": "stdout", "return": 24},
{"ts": 1646628190066776, "dur": 2, "ph": "X", "tid": 0, "pid": 0, "step": 0, "cat": "POSIX", "name": "fprintf", "args": {"stream": "0x7f89ac4596e0"}, "pathname": "stdout", "return": 26},
{"ts": 1646628190066779, "dur": 3, "ph": "X", "tid": 0, "pid": 0, "step": 0, "cat": "POSIX", "name": "fprintf", "args": {"stream": "0x7f89ac4596e0"}, "pathname": "stdout", "return": 24},
{"ts": 1646628190066783, "dur": 2, "ph": "X", "tid": 0, "pid": 0, "step": 0, "cat": "POSIX", "name": "fprintf", "args": {"stream": "0x7f89ac4596e0"}, "pathname": "stdout", "return": 24},
{"ts": 1646628190066786, "dur": 2, "ph": "X", "tid": 0, "pid": 0, "step": 0, "cat": "POSIX", "name": "fprintf", "args": {"stream": "0x7f89ac4596e0"}, "pathname": "stdout", "return": 24},
{"ts": 1646628190066789, "dur": 4, "ph": "X", "tid": 0, "pid": 0, "step": 0, "cat": "POSIX", "name": "fprintf", "args": {"stream": "0x7f89ac4596e0"}, "pathname": "stdout", "return": 24},
{"ts": 1646628190066794, "dur": 2, "ph": "X", "tid": 0, "pid": 0, "step": 0, "cat": "POSIX", "name": "fprintf", "args": {"stream": "0x7f89ac4596e0"}, "pathname": "stdout", "return": 24},
{"ts": 1646628190066797, "dur": 2, "ph": "X", "tid": 0, "pid": 0, "step": 0, "cat": "POSIX", "name": "fprintf", "args": {"stream": "0x7f89ac4596e0"}, "pathname": "stdout", "return": 24},
{"ts": 1646628190066800, "dur": 3, "ph": "X", "tid": 0, "pid": 0, "step": 0, "cat": "POSIX", "name": "fprintf", "args": {"stream": "0x7f89ac4596e0"}, "pathname": "stdout", "return": 24},
{"ts": 1646628190066804, "dur": 2, "ph": "X", "tid": 0, "pid": 0, "step": 0, "cat": "POSIX", "name": "fprintf", "args": {"stream": "0x7f89ac4596e0"}, "pathname": "stdout", "return": 24},
{"ts": 1646628190066807, "dur": 2, "ph": "X", "tid": 0, "pid": 0, "step": 0, "cat": "POSIX", "name": "fprintf", "args": {"stream": "0x7f89ac4596e0"}, "pathname": "stdout", "return": 24},
{"ts": 1646628190066810, "dur": 3, "ph": "X", "tid": 0, "pid": 0, "step": 0, "cat": "POSIX", "name": "fprintf", "args": {"stream": "0x7f89ac4596e0"}, "pathname": "stdout", "return": 24},
{"ts": 1646628190066815, "dur": 2, "ph": "X", "tid": 0, "pid": 0, "step": 0, "cat": "POSIX", "name": "fprintf", "args": {"stream": "0x7f89ac4596e0"}, "pathname": "stdout", "return": 24},
{"ts": 1646628190066818, "dur": 9, "ph": "X", "tid": 0, "pid": 0, "step": 0, "cat": "POSIX", "name": "fprintf", "args": {"stream": "0x7f89ac4596e0"}, "pathname": "stdout", "return": 24},
{"ts": 1646628190066828, "dur": 3, "ph": "X", "tid": 0, "pid": 0, "step": 0, "cat": "POSIX", "name": "fprintf", "args": {"stream": "0x7f89ac4596e0"}, "pathname": "stdout", "return": 24},
{"ts": 1646628190066832, "dur": 3, "ph": "X", "tid": 0, "pid": 0, "step": 0, "cat": "POSIX", "name": "fprintf", "args": {"stream": "0x7f89ac4596e0"}, "pathname": "stdout", "return": 24},
{"ts": 1646628190066836, "dur": 3, "ph": "X", "tid": 0, "pid": 0, "step": 0, "cat": "POSIX", "name": "fprintf", "args": {"stream": "0x7f89ac4596e0"}, "pathname": "stdout", "return": 44},
{"ts": 1646628190066840, "dur": 2, "ph": "X", "tid": 0, "pid": 0, "step": 0, "cat": "POSIX", "name": "fprintf", "args": {"stream": "0x7f89ac4596e0"}, "pathname": "stdout", "return": 24},
{"ts": 1646628190066843, "dur": 3, "ph": "X", "tid": 0, "pid": 0, "step": 0, "cat": "POSIX", "name": "fprintf", "args": {"stream": "0x7f89ac4596e0"}, "pathname": "stdout", "return": 24},
{"ts": 1646628190066847, "dur": 3, "ph": "X", "tid": 0, "pid": 0, "step": 0, "cat": "POSIX", "name": "fprintf", "args": {"stream": "0x7f89ac4596e0"}, "pathname": "stdout", "return": 24},
{"ts": 1646628190066851, "dur": 2, "ph": "X", "tid": 0, "pid": 0, "step": 0, "cat": "POSIX", "name": "fprintf", "args": {"stream": "0x7f89ac4596e0"}, "pathname": "stdout", "return": 24},
{"ts": 1646628190066854, "dur": 3, "ph": "X", "tid": 0, "pid": 0, "step": 0, "cat": "POSIX", "name": "fprintf", "args": {"stream": "0x7f89ac4596e0"}, "pathname": "stdout", "return": 30},
{"ts": 1646628190066858, "dur": 3, "ph": "X", "tid": 0, "pid": 0, "step": 0, "cat": "POSIX", "name": "fprintf", "args": {"stream": "0x7f89ac4596e0"}, "pathname": "stdout", "return": 30},
{"ts": 1646628190066996, "dur": 4, "ph": "X", "tid": 0, "pid": 0, "step": 0, "cat": "POSIX", "name": "fprintf", "args": {"stream": "0x7f89ac4596e0"}, "pathname": "stdout", "return": 23},
{"ts": 1646628190067004, "dur": 2, "ph": "X", "tid": 0, "pid": 0, "step": 0, "cat": "POSIX", "name": "fprintf", "args": {"stream": "0x7f89ac4596e0"}, "pathname": "stdout", "return": 11},
{"ts": 1646628190067008, "dur": 2, "ph": "X", "tid": 0, "pid": 0, "step": 0, "cat": "POSIX", "name": "fprintf", "args": {"stream": "0x7f89ac4596e0"}, "pathname": "stdout", "return": 28},
{"ts": 1646628190067011, "dur": 3, "ph": "X", "tid": 0, "pid": 0, "step": 0, "cat": "POSIX", "name": "fprintf", "args": {"stream": "0x7f89ac4596e0"}, "pathname": "stdout", "return": 23},
{"ts": 1646628190067015, "dur": 3, "ph": "X", "tid": 0, "pid": 0, "step": 0, "cat": "POSIX", "name": "fprintf", "args": {"stream": "0x7f89ac4596e0"}, "pathname": "stdout", "return": 43},
{"ts": 1646628190067019, "dur": 3, "ph": "X", "tid": 0, "pid": 0, "step": 0, "cat": "POSIX", "name": "fprintf", "args": {"stream": "0x7f89ac4596e0"}, "pathname": "stdout", "return": 41},
{"ts": 1646628190067023, "dur": 2, "ph": "X", "tid": 0, "pid": 0, "step": 0, "cat": "POSIX", "name": "fprintf", "args": {"stream": "0x7f89ac4596e0"}, "pathname": "stdout", "return": 34},
{"ts": 1646628190067026, "dur": 3, "ph": "X", "tid": 0, "pid": 0, "step": 0, "cat": "POSIX", "name": "fprintf", "args": {"stream": "0x7f89ac4596e0"}, "pathname": "stdout", "return": 24},
{"ts": 1646628190067030, "dur": 2, "ph": "X", "tid": 0, "pid": 0, "step": 0, "cat": "POSIX", "name": "fprintf", "args": {"stream": "0x7f89ac4596e0"}, "pathname": "stdout", "return": 33},
{"ts": 1646628190067033, "dur": 3, "ph": "X", "tid": 0, "pid": 0, "step": 0, "cat": "POSIX", "name": "fprintf", "args": {"stream": "0x7f89ac4596e0"}, "pathname": "stdout", "return": 39},
{"ts": 1646628190067037, "dur": 3, "ph": "X", "tid": 0, "pid": 0, "step": 0, "cat": "POSIX", "name": "fprintf", "args": {"stream": "0x7f89ac4596e0"}, "pathname": "stdout", "return": 24},
{"ts": 1646628190067041, "dur": 2, "ph": "X", "tid": 0, "pid": 0, "step": 0, "cat": "POSIX", "name": "fprintf", "args": {"stream": "0x7f89ac4596e0"}, "pathname": "stdout", "return": 24},
{"ts": 1646628190067044, "dur": 3, "ph": "X", "tid": 0, "pid": 0, "step": 0, "cat": "POSIX", "name": "fprintf", "args": {"stream": "0x7f89ac4596e0"}, "pathname": "stdout", "return": 24},
{"ts": 1646628190067056, "dur": 2, "ph": "X", "tid": 0, "pid": 0, "step": 0, "cat": "POSIX", "name": "fprintf", "args": {"stream": "0x7f89ac4596e0"}, "pathname": "stdout", "return": 24},
{"ts": 1646628190067062, "dur": 3, "ph": "X", "tid": 0, "pid": 0, "step": 0, "cat": "POSIX", "name": "fprintf", "args": {"stream": "0x7f89ac4596e0"}, "pathname": "stdout", "return": 28},
{"ts": 1646628190067067, "dur": 2, "ph": "X", "tid": 0, "pid": 0, "step": 0, "cat": "POSIX", "name": "fprintf", "args": {"stream": "0x7f89ac4596e0"}, "pathname": "stdout", "return": 28},
{"ts": 1646628190067070, "dur": 3, "ph": "X", "tid": 0, "pid": 0, "step": 0, "cat": "POSIX", "name": "fprintf", "args": {"stream": "0x7f89ac4596e0"}, "pathname": "stdout", "return": 28},
{"ts": 1646628190067075, "dur": 2, "ph": "X", "tid": 0, "pid": 0, "step": 0, "cat": "POSIX", "name": "fprintf", "args": {"stream": "0x7f89ac4596e0"}, "pathname": "stdout", "return": 11},
{"ts": 1646628190067092, "dur": 3, "ph": "X", "tid": 0, "pid": 0, "step": 0, "cat": "POSIX", "name": "fprintf", "args": {"stream": "0x7f89ac4596e0"}, "pathname": "stdout", "return": 60},
{"ts": 1646628190067097, "dur": 3, "ph": "X", "tid": 0, "pid": 0, "step": 0, "cat": "POSIX", "name": "fwrite", "args": {"ptr": "0x41c928", "size": 1, "nmemb": 115, "stream": "0x7f89ac4596e0"}, "pathname": "stdout", "return": 115},
{"ts": 1646628190067101, "dur": 2, "ph": "X", "tid": 0, "pid": 0, "step": 0, "cat": "POSIX", "name": "fwrite", "args": {"ptr": "0x41c9a0", "size": 1, "nmemb": 115, "stream": "0x7f89ac4596e0"}, "pathname": "stdout", "return": 115},
{"ts": 1646628190067520, "dur": 4, "ph": "X", "tid": 0, "pid": 0, "step": 0, "cat": "POSIX", "name": "fprintf", "args": {"stream": "0x7f89ac4596e0"}, "pathname": "stdout", "return": 36},
{"ts": 1646628190067607, "dur": 77, "ph": "X", "tid": 0, "pid": 0, "step": 0, "cat": "POSIX", "name": "open", "args": {"pathname": "data_dir/posix_write", "flags": 2, "mode": 511}, "return": 35},
{"ts": 1646628190067691, "dur": 3, "ph": "X", "tid": 0, "pid": 0, "step": 0, "cat": "POSIX", "name": "fprintf", "args": {"stream": "0x7f89ac4596e0"}, "pathname": "stdout", "return": 60},
{"ts": 1646628190067701, "dur": 3, "ph": "X", "tid": 0, "pid": 0, "step": 0, "cat": "POSIX", "name": "lseek", "args": {"fd": 35, "offset": 0, "whence": 0}, "pathname": "data_dir/posix_write", "return": 0},
{"ts": 1646628190067706, "dur": 400, "ph": "X", "tid": 0, "pid": 0, "step": 0, "cat": "POSIX", "name": "read", "args": {"fd": 35, "buf": 0x7f899c09f000, "count": 1048576}, "pathname": "data_dir/posix_write", "return": 1048576},
{"ts": 1646628190159752, "dur": 11, "ph": "X", "tid": 0, "pid": 0, "step": 0, "cat": "POSIX", "name": "close", "args": {"fd": 35}, "pathname": "data_dir/posix_write", "return": 0},
{"ts": 1646628190161185, "dur": 7, "ph": "X", "tid": 0, "pid": 0, "step": 0, "cat": "POSIX", "name": "fprintf", "args": {"stream": "0x7f89ac4596e0"}, "pathname": "stdout", "return": 55},
{"ts": 1646628190161193, "dur": 4, "ph": "X", "tid": 0, "pid": 0, "step": 0, "cat": "POSIX", "name": "fprintf", "args": {"stream": "0x7f89ac4596e0"}, "pathname": "stdout", "return": 54},
{"ts": 1646628190161198, "dur": 4, "ph": "X", "tid": 0, "pid": 0, "step": 0, "cat": "POSIX", "name": "fprintf", "args": {"stream": "0x7f89ac4596e0"}, "pathname": "stdout", "return": 50},
{"ts": 1646628190161203, "dur": 4, "ph": "X", "tid": 0, "pid": 0, "step": 0, "cat": "POSIX", "name": "fprintf", "args": {"stream": "0x7f89ac4596e0"}, "pathname": "stdout", "return": 49},
{"ts": 1646628190161208, "dur": 3, "ph": "X", "tid": 0, "pid": 0, "step": 0, "cat": "POSIX", "name": "fprintf", "args": {"stream": "0x7f89ac4596e0"}, "pathname": "stdout", "return": 56},
{"ts": 1646628190161213, "dur": 3, "ph": "X", "tid": 0, "pid": 0, "step": 0, "cat": "POSIX", "name": "fprintf", "args": {"stream": "0x7f89ac4596e0"}, "pathname": "stdout", "return": 55},
{"ts": 1646628190161241, "dur": 3, "ph": "X", "tid": 0, "pid": 0, "step": 0, "cat": "POSIX", "name": "fprintf", "args": {"stream": "0x7f89ac4596e0"}, "pathname": "stdout", "return": 10},
{"ts": 1646628190161247, "dur": 4, "ph": "X", "tid": 0, "pid": 0, "step": 0, "cat": "POSIX", "name": "fprintf", "args": {"stream": "0x7f89ac4596e0"}, "pathname": "stdout", "return": 11},
{"ts": 1646628190161253, "dur": 2, "ph": "X", "tid": 0, "pid": 0, "step": 0, "cat": "POSIX", "name": "fprintf", "args": {"stream": "0x7f89ac4596e0"}, "pathname": "stdout", "return": 11},
{"ts": 1646628190161257, "dur": 3, "ph": "X", "tid": 0, "pid": 0, "step": 0, "cat": "POSIX", "name": "fprintf", "args": {"stream": "0x7f89ac4596e0"}, "pathname": "stdout", "return": 12},
{"ts": 1646628190161262, "dur": 4, "ph": "X", "tid": 0, "pid": 0, "step": 0, "cat": "POSIX", "name": "fprintf", "args": {"stream": "0x7f89ac4596e0"}, "pathname": "stdout", "return": 11},
{"ts": 1646628190161267, "dur": 4, "ph": "X", "tid": 0, "pid": 0, "step": 0, "cat": "POSIX", "name": "fprintf", "args": {"stream": "0x7f89ac4596e0"}, "pathname": "stdout", "return": 11},
{"ts": 1646628190161272, "dur": 4, "ph": "X", "tid": 0, "pid": 0, "step": 0, "cat": "POSIX", "name": "fprintf", "args": {"stream": "0x7f89ac4596e0"}, "pathname": "stdout", "return": 11},
{"ts": 1646628190161277, "dur": 3, "ph": "X", "tid": 0, "pid": 0, "step": 0, "cat": "POSIX", "name": "fprintf", "args": {"stream": "0x7f89ac4596e0"}, "pathname": "stdout", "return": 11},
{"ts": 1646628190161282, "dur": 2, "ph": "X", "tid": 0, "pid": 0, "step": 0, "cat": "POSIX", "name": "fprintf", "args": {"stream": "0x7f89ac4596e0"}, "pathname": "stdout", "return": 11},
{"ts": 1646628190161286, "dur": 2, "ph": "X", "tid": 0, "pid": 0, "step": 0, "cat": "POSIX", "name": "fprintf", "args": {"stream": "0x7f89ac4596e0"}, "pathname": "stdout", "return": 11},
{"ts": 1646628190161289, "dur": 3, "ph": "X", "tid": 0, "pid": 0, "step": 0, "cat": "POSIX", "name": "fprintf", "args": {"stream": "0x7f89ac4596e0"}, "pathname": "stdout", "return": 5},
{"ts": 1646628190161303, "dur": 4, "ph": "X", "tid": 0, "pid": 0, "step": 0, "cat": "POSIX", "name": "fprintf", "args": {"stream": "0x7f89ac4596e0"}, "pathname": "stdout", "return": 40},
{"ts": 1646628190161505, "dur": 4, "ph": "X", "tid": 0, "pid": 0, "step": 0, "cat": "POSIX", "name": "fwrite", "args": {"ptr": "0x41c72e", "size": 1, "nmemb": 21, "stream": "0x7f89ac4596e0"}, "pathname": "stdout", "return": 21},
{"ts": 1646628190161511, "dur": 4, "ph": "X", "tid": 0, "pid": 0, "step": 0, "cat": "POSIX", "name": "fprintf", "args": {"stream": "0x7f89ac4596e0"}, "pathname": "stdout", "return": 136},
{"ts": 1646628190161517, "dur": 2, "ph": "X", "tid": 0, "pid": 0, "step": 0, "cat": "POSIX", "name": "fwrite", "args": {"ptr": "0x41caf0", "size": 1, "nmemb": 64, "stream": "0x7f89ac4596e0"}, "pathname": "stdout", "return": 64},
{"ts": 1646628190161520, "dur": 4, "ph": "X", "tid": 0, "pid": 0, "step": 0, "cat": "POSIX", "name": "fprintf", "args": {"stream": "0x7f89ac4596e0"}, "pathname": "stdout", "return": 33},
{"ts": 1646628190161525, "dur": 2, "ph": "X", "tid": 0, "pid": 0, "step": 0, "cat": "POSIX", "name": "fwrite", "args": {"ptr": "0x41c725", "size": 1, "nmemb": 8, "stream": "0x7f89ac4596e0"}, "pathname": "stdout", "return": 8},
{"ts": 1646628190161529, "dur": 2, "ph": "X", "tid": 0, "pid": 0, "step": 0, "cat": "POSIX", "name": "fprintf", "args": {"stream": "0x7f89ac4596e0"}, "pathname": "stdout", "return": 10},
{"ts": 1646628190161532, "dur": 3, "ph": "X", "tid": 0, "pid": 0, "step": 0, "cat": "POSIX", "name": "fprintf", "args": {"stream": "0x7f89ac4596e0"}, "pathname": "stdout", "return": 11},
{"ts": 1646628190161537, "dur": 2, "ph": "X", "tid": 0, "pid": 0, "step": 0, "cat": "POSIX", "name": "fprintf", "args": {"stream": "0x7f89ac4596e0"}, "pathname": "stdout", "return": 11},
{"ts": 1646628190161540, "dur": 3, "ph": "X", "tid": 0, "pid": 0, "step": 0, "cat": "POSIX", "name": "fprintf", "args": {"stream": "0x7f89ac4596e0"}, "pathname": "stdout", "return": 11},
{"ts": 1646628190161545, "dur": 2, "ph": "X", "tid": 0, "pid": 0, "step": 0, "cat": "POSIX", "name": "fprintf", "args": {"stream": "0x7f89ac4596e0"}, "pathname": "stdout", "return": 11},
{"ts": 1646628190161548, "dur": 3, "ph": "X", "tid": 0, "pid": 0, "step": 0, "cat": "POSIX", "name": "fprintf", "args": {"stream": "0x7f89ac4596e0"}, "pathname": "stdout", "return": 11},
{"ts": 1646628190161564, "dur": 3, "ph": "X", "tid": 0, "pid": 0, "step": 0, "cat": "POSIX", "name": "fprintf", "args": {"stream": "0x7f89ac4596e0"}, "pathname": "stdout", "return": 11},
{"ts": 1646628190161569, "dur": 2, "ph": "X", "tid": 0, "pid": 0, "step": 0, "cat": "POSIX", "name": "fprintf", "args": {"stream": "0x7f89ac4596e0"}, "pathname": "stdout", "return": 11},
{"ts": 1646628190161572, "dur": 3, "ph": "X", "tid": 0, "pid": 0, "step": 0, "cat": "POSIX", "name": "fprintf", "args": {"stream": "0x7f89ac4596e0"}, "pathname": "stdout", "return": 11},
{"ts": 1646628190161576, "dur": 4, "ph": "X", "tid": 0, "pid": 0, "step": 0, "cat": "POSIX", "name": "fprintf", "args": {"stream": "0x7f89ac4596e0"}, "pathname": "stdout", "return": 11},
{"ts": 1646628190161581, "dur": 2, "ph": "X", "tid": 0, "pid": 0, "step": 0, "cat": "POSIX", "name": "fprintf", "args": {"stream": "0x7f89ac4596e0"}, "pathname": "stdout", "return": 11},
{"ts": 1646628190161584, "dur": 3, "ph": "X", "tid": 0, "pid": 0, "step": 0, "cat": "POSIX", "name": "fprintf", "args": {"stream": "0x7f89ac4596e0"}, "pathname": "stdout", "return": 14},
{"ts": 1646628190161588, "dur": 3, "ph": "X", "tid": 0, "pid": 0, "step": 0, "cat": "POSIX", "name": "fprintf", "args": {"stream": "0x7f89ac4596e0"}, "pathname": "stdout", "return": 6},
{"ts": 1646628190161592, "dur": 3, "ph": "X", "tid": 0, "pid": 0, "step": 0, "cat": "POSIX", "name": "fprintf", "args": {"stream": "0x7f89ac4596e0"}, "pathname": "stdout", "return": 7},
{"ts": 1646628190161596, "dur": 2, "ph": "X", "tid": 0, "pid": 0, "step": 0, "cat": "POSIX", "name": "fprintf", "args": {"stream": "0x7f89ac4596e0"}, "pathname": "stdout", "return": 4},
{"ts": 1646628190161599, "dur": 2, "ph": "X", "tid": 0, "pid": 0, "step": 0, "cat": "POSIX", "name": "fprintf", "args": {"stream": "0x7f89ac4596e0"}, "pathname": "stdout", "return": 5},
{"ts": 1646628190161602, "dur": 3, "ph": "X", "tid": 0, "pid": 0, "step": 0, "cat": "POSIX", "name": "fprintf", "args": {"stream": "0x7f89ac4596e0"}, "pathname": "stdout", "return": 4},
{"ts": 1646628190161607, "dur": 2, "ph": "X", "tid": 0, "pid": 0, "step": 0, "cat": "POSIX", "name": "fprintf", "args": {"stream": "0x7f89ac4596e0"}, "pathname": "stdout", "return": 6},
{"ts": 1646628190161610, "dur": 2, "ph": "X", "tid": 0, "pid": 0, "step": 0, "cat": "POSIX", "name": "fprintf", "args": {"stream": "0x7f89ac4596e0"}, "pathname": "stdout", "return": 9},
{"ts": 1646628190161613, "dur": 2, "ph": "X", "tid": 0, "pid": 0, "step": 0, "cat": "POSIX", "name": "fprintf", "args": {"stream": "0x7f89ac4596e0"}, "pathname": "stdout", "return": 10},
{"ts": 1646628190161616, "dur": 3, "ph": "X", "tid": 0, "pid": 0, "step": 0, "cat": "POSIX", "name": "fprintf", "args": {"stream": "0x7f89ac4596e0"}, "pathname": "stdout", "return": 5},
{"ts": 1646628190161620, "dur": 2, "ph": "X", "tid": 0, "pid": 0, "step": 0, "cat": "POSIX", "name": "fprintf", "args": {"stream": "0x7f89ac4596e0"}, "pathname": "stdout", "return": 7},
{"ts": 1646628190161623, "dur": 3, "ph": "X", "tid": 0, "pid": 0, "step": 0, "cat": "POSIX", "name": "fprintf", "args": {"stream": "0x7f89ac4596e0"}, "pathname": "stdout", "return": 9},
{"ts": 1646628190161627, "dur": 3, "ph": "X", "tid": 0, "pid": 0, "step": 0, "cat": "POSIX", "name": "fprintf", "args": {"stream": "0x7f89ac4596e0"}, "pathname": "stdout", "return": 9},
{"ts": 1646628190161631, "dur": 3, "ph": "X", "tid": 0, "pid": 0, "step": 0, "cat": "POSIX", "name": "fprintf", "args": {"stream": "0x7f89ac4596e0"}, "pathname": "stdout", "return": 10},
{"ts": 1646628190161636, "dur": 2, "ph": "X", "tid": 0, "pid": 0, "step": 0, "cat": "POSIX", "name": "fprintf", "args": {"stream": "0x7f89ac4596e0"}, "pathname": "stdout", "return": 6},
{"ts": 1646628190161639, "dur": 2, "ph": "X", "tid": 0, "pid": 0, "step": 0, "cat": "POSIX", "name": "fprintf", "args": {"stream": "0x7f89ac4596e0"}, "pathname": "stdout", "return": 6},
{"ts": 1646628190161648, "dur": 2, "ph": "X", "tid": 0, "pid": 0, "step": 0, "cat": "POSIX", "name": "fprintf", "args": {"stream": "0x7f89ac4596e0"}, "pathname": "stdout", "return": 47},
{"ts": 1646628190161685, "dur": 1, "ph": "X", "tid": 0, "pid": 0, "step": 0, "cat": "TAU", "name": "program exit"}
]
