[
{"ts": 1646628191302010, "dur": 30, "ph": "X", "tid": 0, "pid": 1, "step": 0, "cat": "POSIX", "name": "write", "args": {"fd": 14, "buf": "0x7ffc320a0984", "count": 4 }, "pathname": "pipe", "return": 4},
{"ts": 1646628191302019, "dur": 24, "ph": "X", "tid": 0, "pid": 1, "step": 0, "cat": "POSIX", "name": "read", "args": {"fd": 12, "buf": 0x7f5c068d8c74, "count": 4}, "pathname": "pipe", "return": 4},
{"ts": 1646628191302046, "dur": 2, "ph": "X", "tid": 0, "pid": 1, "step": 0, "cat": "POSIX", "name": "read", "args": {"fd": 12, "buf": 0x7f5c068d8c74, "count": 4}, "pathname": "pipe", "return": 18446744073709551615},
{"ts": 1646628191302060, "dur": 3, "ph": "X", "tid": 0, "pid": 1, "step": 0, "cat": "POSIX", "name": "read", "args": {"fd": 33, "buf": 0x7ffc320a09b0, "count": 8}, "pathname": "/sys/class/infiniband/mlx5_0/ports/1/gid_attrs/types/0", "return": 18446744073709551615},
{"ts": 1646628191307379, "dur": 32, "ph": "X", "tid": 0, "pid": 1, "step": 0, "cat": "POSIX", "name": "fprintf", "args": {"stream": "0x7f5c0d5856e0"}, "pathname": "stdout", "return": 35},
{"ts": 1646628191308213, "dur": 542, "ph": "X", "tid": 0, "pid": 1, "step": 0, "cat": "POSIX", "name": "open", "args": {"pathname": "data_dir/hdf5_write.locktest.1", "flags": 66, "mode": 420}, "return": 35},
{"ts": 1646628191308783, "dur": 48, "ph": "X", "tid": 0, "pid": 1, "step": 0, "cat": "POSIX", "name": "close", "args": {"fd": 35}, "pathname": "data_dir/hdf5_write.locktest.1", "return": 0},
{"ts": 1646628191310211, "dur": 51, "ph": "X", "tid": 0, "pid": 1, "step": 0, "cat": "POSIX", "name": "open", "args": {"pathname": "data_dir/hdf5_write", "flags": 0, "mode": 511}, "return": 35},
{"ts": 1646628191310280, "dur": 37, "ph": "X", "tid": 0, "pid": 1, "step": 0, "cat": "POSIX", "name": "open", "args": {"pathname": "/tmp/ompi.andes608.4069/jf.58918/3/hdf5_write_cid-5-4168983.sm", "flags": 66, "mode": 420}, "return": 36},
{"ts": 1646628191310348, "dur": 2, "ph": "X", "tid": 0, "pid": 1, "step": 0, "cat": "POSIX", "name": "close", "args": {"fd": 36}, "pathname": "/tmp/ompi.andes608.4069/jf.58918/3/hdf5_write_cid-5-4168983.sm", "return": 0},
{"ts": 1646628191311515, "dur": 48, "ph": "X", "tid": 0, "pid": 1, "step": 0, "cat": "POSIX", "name": "close", "args": {"fd": 35}, "pathname": "data_dir/hdf5_write", "return": 0},
{"ts": 1646628191311627, "dur": 610, "ph": "X", "tid": 0, "pid": 1, "step": 0, "cat": "POSIX", "name": "open", "args": {"pathname": "data_dir/hdf5_write.locktest.1", "flags": 66, "mode": 420}, "return": 35},
{"ts": 1646628191312251, "dur": 31, "ph": "X", "tid": 0, "pid": 1, "step": 0, "cat": "POSIX", "name": "close", "args": {"fd": 35}, "pathname": "data_dir/hdf5_write.locktest.1", "return": 0},
{"ts": 1646628191313146, "dur": 33, "ph": "X", "tid": 0, "pid": 1, "step": 0, "cat": "POSIX", "name": "open", "args": {"pathname": "data_dir/hdf5_write", "flags": 0, "mode": 511}, "return": 35},
{"ts": 1646628191313190, "dur": 24, "ph": "X", "tid": 0, "pid": 1, "step": 0, "cat": "POSIX", "name": "open", "args": {"pathname": "/tmp/ompi.andes608.4069/jf.58918/3/hdf5_write_cid-3-4168983.sm", "flags": 66, "mode": 420}, "return": 36},
{"ts": 1646628191313229, "dur": 2, "ph": "X", "tid": 0, "pid": 1, "step": 0, "cat": "POSIX", "name": "close", "args": {"fd": 36}, "pathname": "/tmp/ompi.andes608.4069/jf.58918/3/hdf5_write_cid-3-4168983.sm", "return": 0},
{"ts": 1646628191313345, "dur": 20, "ph": "X", "tid": 0, "pid": 1, "step": 0, "cat": "POSIX", "name": "lseek", "args": {"fd": 35, "offset": 0, "whence": 2}, "pathname": "data_dir/hdf5_write", "return": 4259840},
{"ts": 1646628191313366, "dur": 2, "ph": "X", "tid": 0, "pid": 1, "step": 0, "cat": "POSIX", "name": "lseek", "args": {"fd": 35, "offset": 0, "whence": 0}, "pathname": "data_dir/hdf5_write", "return": 0},
{"ts": 1646628191313399, "dur": 6, "ph": "X", "tid": 0, "pid": 1, "step": 0, "cat": "POSIX", "name": "close", "args": {"fd": 35}, "pathname": "data_dir/hdf5_write", "return": 0},
{"ts": 1646628191313448, "dur": 14, "ph": "X", "tid": 0, "pid": 1, "step": 0, "cat": "POSIX", "name": "fprintf", "args": {"stream": "0x7f5c0d5856e0"}, "pathname": "stdout", "return": 55},
{"ts": 1646628191313463, "dur": 4, "ph": "X", "tid": 0, "pid": 1, "step": 0, "cat": "POSIX", "name": "fprintf", "args": {"stream": "0x7f5c0d5856e0"}, "pathname": "stdout", "return": 54},
{"ts": 1646628191313468, "dur": 3, "ph": "X", "tid": 0, "pid": 1, "step": 0, "cat": "POSIX", "name": "fprintf", "args": {"stream": "0x7f5c0d5856e0"}, "pathname": "stdout", "return": 50},
{"ts": 1646628191313473, "dur": 2, "ph": "X", "tid": 0, "pid": 1, "step": 0, "cat": "POSIX", "name": "fprintf", "args": {"stream": "0x7f5c0d5856e0"}, "pathname": "stdout", "return": 49},
{"ts": 1646628191313476, "dur": 4, "ph": "X", "tid": 0, "pid": 1, "step": 0, "cat": "POSIX", "name": "fprintf", "args": {"stream": "0x7f5c0d5856e0"}, "pathname": "stdout", "return": 56},
{"ts": 1646628191313481, "dur": 4, "ph": "X", "tid": 0, "pid": 1, "step": 0, "cat": "POSIX", "name": "fprintf", "args": {"stream": "0x7f5c0d5856e0"}, "pathname": "stdout", "return": 55},
{"ts": 1646628191313720, "dur": 1, "ph": "X", "tid": 0, "pid": 1, "step": 0, "cat": "TAU", "name": "program exit"}
]
