[
{"ts": 1646628191302382, "dur": 36, "ph": "X", "tid": 0, "pid": 0, "step": 0, "cat": "POSIX", "name": "write", "args": {"fd": 14, "buf": "0x7ffcdd703994", "count": 4 }, "pathname": "pipe", "return": 4},
{"ts": 1646628191302395, "dur": 33, "ph": "X", "tid": 0, "pid": 0, "step": 0, "cat": "POSIX", "name": "read", "args": {"fd": 13, "buf": 0x7fba31ac1c74, "count": 4}, "pathname": "pipe", "return": 4},
{"ts": 1646628191302434, "dur": 2, "ph": "X", "tid": 0, "pid": 0, "step": 0, "cat": "POSIX", "name": "read", "args": {"fd": 13, "buf": 0x7fba31ac1c74, "count": 4}, "pathname": "pipe", "return": 18446744073709551615},
{"ts": 1646628191302457, "dur": 4, "ph": "X", "tid": 0, "pid": 0, "step": 0, "cat": "POSIX", "name": "read", "args": {"fd": 33, "buf": 0x7ffcdd703b30, "count": 8}, "pathname": "/sys/class/infiniband/mlx5_0/ports/1/gid_attrs/types/0", "return": 18446744073709551615},
{"ts": 1646628191303664, "dur": 68, "ph": "X", "tid": 0, "pid": 0, "step": 0, "cat": "POSIX", "name": "open", "args": {"pathname": "/proc/4168984/fd/19", "flags": 2, "mode": 511}, "return": 35},
{"ts": 1646628191303746, "dur": 4, "ph": "X", "tid": 0, "pid": 0, "step": 0, "cat": "POSIX", "name": "close", "args": {"fd": 35}, "pathname": "/proc/4168984/fd/19", "return": 0},
{"ts": 1646628191303766, "dur": 31, "ph": "X", "tid": 0, "pid": 0, "step": 0, "cat": "POSIX", "name": "open", "args": {"pathname": "/proc/4168985/fd/19", "flags": 2, "mode": 511}, "return": 35},
{"ts": 1646628191303804, "dur": 2, "ph": "X", "tid": 0, "pid": 0, "step": 0, "cat": "POSIX", "name": "close", "args": {"fd": 35}, "pathname": "/proc/4168985/fd/19", "return": 0},
{"ts": 1646628191304028, "dur": 31, "ph": "X", "tid": 0, "pid": 0, "step": 0, "cat": "POSIX", "name": "fwrite", "args": {"ptr": "0x41ca18", "size": 1, "nmemb": 52, "stream": "0x7fba3876e6e0"}, "pathname": "stdout", "return": 52},
{"ts": 1646628191304102, "dur": 22, "ph": "X", "tid": 0, "pid": 0, "step": 0, "cat": "POSIX", "name": "fprintf", "args": {"stream": "0x7fba3876e6e0"}, "pathname": "stdout", "return": 47},
{"ts": 1646628191304126, "dur": 4, "ph": "X", "tid": 0, "pid": 0, "step": 0, "cat": "POSIX", "name": "fprintf", "args": {"stream": "0x7fba3876e6e0"}, "pathname": "stdout", "return": 22},
{"ts": 1646628191304132, "dur": 2, "ph": "X", "tid": 0, "pid": 0, "step": 0, "cat": "POSIX", "name": "fprintf", "args": {"stream": "0x7fba3876e6e0"}, "pathname": "stdout", "return": 3},
{"ts": 1646628191304135, "dur": 2, "ph": "X", "tid": 0, "pid": 0, "step": 0, "cat": "POSIX", "name": "fprintf", "args": {"stream": "0x7fba3876e6e0"}, "pathname": "stdout", "return": 3},
{"ts": 1646628191304138, "dur": 3, "ph": "X", "tid": 0, "pid": 0, "step": 0, "cat": "POSIX", "name": "fprintf", "args": {"stream": "0x7fba3876e6e0"}, "pathname": "stdout", "return": 3},
{"ts": 1646628191304143, "dur": 2, "ph": "X", "tid": 0, "pid": 0, "step": 0, "cat": "POSIX", "name": "fprintf", "args": {"stream": "0x7fba3876e6e0"}, "pathname": "stdout", "return": 3},
{"ts": 1646628191304146, "dur": 2, "ph": "X", "tid": 0, "pid": 0, "step": 0, "cat": "POSIX", "name": "fprintf", "args": {"stream": "0x7fba3876e6e0"}, "pathname": "stdout", "return": 3},
{"ts": 1646628191304149, "dur": 2, "ph": "X", "tid": 0, "pid": 0, "step": 0, "cat": "POSIX", "name": "fprintf", "args": {"stream": "0x7fba3876e6e0"}, "pathname": "stdout", "return": 2},
{"ts": 1646628191304152, "dur": 2, "ph": "X", "tid": 0, "pid": 0, "step": 0, "cat": "POSIX", "name": "fprintf", "args": {"stream": "0x7fba3876e6e0"}, "pathname": "stdout", "return": 3},
{"ts": 1646628191304155, "dur": 3, "ph": "X", "tid": 0, "pid": 0, "step": 0, "cat": "POSIX", "name": "fprintf", "args": {"stream": "0x7fba3876e6e0"}, "pathname": "stdout", "return": 3},
{"ts": 1646628191304159, "dur": 3, "ph": "X", "tid": 0, "pid": 0, "step": 0, "cat": "POSIX", "name": "fprintf", "args": {"stream": "0x7fba3876e6e0"}, "pathname": "stdout", "return": 3},
{"ts": 1646628191304163, "dur": 3, "ph": "X", "tid": 0, "pid": 0, "step": 0, "cat": "POSIX", "name": "fprintf", "args": {"stream": "0x7fba3876e6e0"}, "pathname": "stdout", "return": 3},
{"ts": 1646628191304167, "dur": 3, "ph": "X", "tid": 0, "pid": 0, "step": 0, "cat": "POSIX", "name": "fprintf", "args": {"stream": "0x7fba3876e6e0"}, "pathname": "stdout", "return": 3},
{"ts": 1646628191304171, "dur": 2, "ph": "X", "tid": 0, "pid": 0, "step": 0, "cat": "POSIX", "name": "fprintf", "args": {"stream": "0x7fba3876e6e0"}, "pathname": "stdout", "return": 5},
{"ts": 1646628191304174, "dur": 3, "ph": "X", "tid": 0, "pid": 0, "step": 0, "cat": "POSIX", "name": "fprintf", "args": {"stream": "0x7fba3876e6e0"}, "pathname": "stdout", "return": 3},
{"ts": 1646628191304178, "dur": 3, "ph": "X", "tid": 0, "pid": 0, "step": 0, "cat": "POSIX", "name": "fprintf", "args": {"stream": "0x7fba3876e6e0"}, "pathname": "stdout", "return": 3},
{"ts": 1646628191304182, "dur": 2, "ph": "X", "tid": 0, "pid": 0, "step": 0, "cat": "POSIX", "name": "fprintf", "args": {"stream": "0x7fba3876e6e0"}, "pathname": "stdout", "return": 20},
{"ts": 1646628191304188, "dur": 2, "ph": "X", "tid": 0, "pid": 0, "step": 0, "cat": "POSIX", "name": "fprintf", "args": {"stream": "0x7fba3876e6e0"}, "pathname": "stdout", "return": 22},
{"ts": 1646628191304192, "dur": 2, "ph": "X", "tid": 0, "pid": 0, "step": 0, "cat": "POSIX", "name": "fprintf", "args": {"stream": "0x7fba3876e6e0"}, "pathname": "stdout", "return": 28},
{"ts": 1646628191304195, "dur": 2, "ph": "X", "tid": 0, "pid": 0, "step": 0, "cat": "POSIX", "name": "fprintf", "args": {"stream": "0x7fba3876e6e0"}, "pathname": "stdout", "return": 72},
{"ts": 1646628191304199, "dur": 2, "ph": "X", "tid": 0, "pid": 0, "step": 0, "cat": "POSIX", "name": "fwrite", "args": {"ptr": "0x41c4ff", "size": 1, "nmemb": 29, "stream": "0x7fba3876e6e0"}, "pathname": "stdout", "return": 29},
{"ts": 1646628191304202, "dur": 7, "ph": "X", "tid": 0, "pid": 0, "step": 0, "cat": "POSIX", "name": "fprintf", "args": {"stream": "0x7fba3876e6e0"}, "pathname": "stdout", "return": 43},
{"ts": 1646628191304211, "dur": 2, "ph": "X", "tid": 0, "pid": 0, "step": 0, "cat": "POSIX", "name": "fwrite", "args": {"ptr": "0x41c51d", "size": 1, "nmemb": 22, "stream": "0x7fba3876e6e0"}, "pathname": "stdout", "return": 22},
{"ts": 1646628191304214, "dur": 2, "ph": "X", "tid": 0, "pid": 0, "step": 0, "cat": "POSIX", "name": "fprintf", "args": {"stream": "0x7fba3876e6e0"}, "pathname": "stdout", "return": 20},
{"ts": 1646628191304217, "dur": 3, "ph": "X", "tid": 0, "pid": 0, "step": 0, "cat": "POSIX", "name": "fprintf", "args": {"stream": "0x7fba3876e6e0"}, "pathname": "stdout", "return": 468},
{"ts": 1646628191304221, "dur": 2, "ph": "X", "tid": 0, "pid": 0, "step": 0, "cat": "POSIX", "name": "fprintf", "args": {"stream": "0x7fba3876e6e0"}, "pathname": "stdout", "return": 1790},
{"ts": 1646628191304225, "dur": 2, "ph": "X", "tid": 0, "pid": 0, "step": 0, "cat": "POSIX", "name": "fprintf", "args": {"stream": "0x7fba3876e6e0"}, "pathname": "stdout", "return": 13},
{"ts": 1646628191304228, "dur": 2, "ph": "X", "tid": 0, "pid": 0, "step": 0, "cat": "POSIX", "name": "fprintf", "args": {"stream": "0x7fba3876e6e0"}, "pathname": "stdout", "return": 16},
{"ts": 1646628191304231, "dur": 2, "ph": "X", "tid": 0, "pid": 0, "step": 0, "cat": "POSIX", "name": "fprintf", "args": {"stream": "0x7fba3876e6e0"}, "pathname": "stdout", "return": 15},
{"ts": 1646628191304234, "dur": 3, "ph": "X", "tid": 0, "pid": 0, "step": 0, "cat": "POSIX", "name": "fprintf", "args": {"stream": "0x7fba3876e6e0"}, "pathname": "stdout", "return": 23},
{"ts": 1646628191304238, "dur": 3, "ph": "X", "tid": 0, "pid": 0, "step": 0, "cat": "POSIX", "name": "fprintf", "args": {"stream": "0x7fba3876e6e0"}, "pathname": "stdout", "return": 643},
{"ts": 1646628191304242, "dur": 3, "ph": "X", "tid": 0, "pid": 0, "step": 0, "cat": "POSIX", "name": "fprintf", "args": {"stream": "0x7fba3876e6e0"}, "pathname": "stdout", "return": 530},
{"ts": 1646628191304246, "dur": 2, "ph": "X", "tid": 0, "pid": 0, "step": 0, "cat": "POSIX", "name": "fprintf", "args": {"stream": "0x7fba3876e6e0"}, "pathname": "stdout", "return": 52},
{"ts": 1646628191304249, "dur": 10, "ph": "X", "tid": 0, "pid": 0, "step": 0, "cat": "POSIX", "name": "fprintf", "args": {"stream": "0x7fba3876e6e0"}, "pathname": "stdout", "return": 234},
{"ts": 1646628191304412, "dur": 2, "ph": "X", "tid": 0, "pid": 0, "step": 0, "cat": "POSIX", "name": "fprintf", "args": {"stream": "0x7fba3876e6e0"}, "pathname": "stdout", "return": 21},
{"ts": 1646628191304415, "dur": 3, "ph": "X", "tid": 0, "pid": 0, "step": 0, "cat": "POSIX", "name": "fprintf", "args": {"stream": "0x7fba3876e6e0"}, "pathname": "stdout", "return": 29},
{"ts": 1646628191304419, "dur": 3, "ph": "X", "tid": 0, "pid": 0, "step": 0, "cat": "POSIX", "name": "fprintf", "args": {"stream": "0x7fba3876e6e0"}, "pathname": "stdout", "return": 262},
{"ts": 1646628191304424, "dur": 2, "ph": "X", "tid": 0, "pid": 0, "step": 0, "cat": "POSIX", "name": "fprintf", "args": {"stream": "0x7fba3876e6e0"}, "pathname": "stdout", "return": 30},
{"ts": 1646628191304427, "dur": 2, "ph": "X", "tid": 0, "pid": 0, "step": 0, "cat": "POSIX", "name": "fprintf", "args": {"stream": "0x7fba3876e6e0"}, "pathname": "stdout", "return": 7},
{"ts": 1646628191304430, "dur": 2, "ph": "X", "tid": 0, "pid": 0, "step": 0, "cat": "POSIX", "name": "fprintf", "args": {"stream": "0x7fba3876e6e0"}, "pathname": "stdout", "return": 23},
{"ts": 1646628191304433, "dur": 3, "ph": "X", "tid": 0, "pid": 0, "step": 0, "cat": "POSIX", "name": "fprintf", "args": {"stream": "0x7fba3876e6e0"}, "pathname": "stdout", "return": 62},
{"ts": 1646628191304437, "dur": 3, "ph": "X", "tid": 0, "pid": 0, "step": 0, "cat": "POSIX", "name": "fprintf", "args": {"stream": "0x7fba3876e6e0"}, "pathname": "stdout", "return": 23},
{"ts": 1646628191304441, "dur": 3, "ph": "X", "tid": 0, "pid": 0, "step": 0, "cat": "POSIX", "name": "fprintf", "args": {"stream": "0x7fba3876e6e0"}, "pathname": "stdout", "return": 37},
{"ts": 1646628191304445, "dur": 3, "ph": "X", "tid": 0, "pid": 0, "step": 0, "cat": "POSIX", "name": "fprintf", "args": {"stream": "0x7fba3876e6e0"}, "pathname": "stdout", "return": 17},
{"ts": 1646628191304449, "dur": 3, "ph": "X", "tid": 0, "pid": 0, "step": 0, "cat": "POSIX", "name": "fprintf", "args": {"stream": "0x7fba3876e6e0"}, "pathname": "stdout", "return": 97},
{"ts": 1646628191304453, "dur": 3, "ph": "X", "tid": 0, "pid": 0, "step": 0, "cat": "POSIX", "name": "fprintf", "args": {"stream": "0x7fba3876e6e0"}, "pathname": "stdout", "return": 35},
{"ts": 1646628191304457, "dur": 3, "ph": "X", "tid": 0, "pid": 0, "step": 0, "cat": "POSIX", "name": "fprintf", "args": {"stream": "0x7fba3876e6e0"}, "pathname": "stdout", "return": 11},
{"ts": 1646628191304461, "dur": 3, "ph": "X", "tid": 0, "pid": 0, "step": 0, "cat": "POSIX", "name": "fprintf", "args": {"stream": "0x7fba3876e6e0"}, "pathname": "stdout", "return": 32},
{"ts": 1646628191304465, "dur": 3, "ph": "X", "tid": 0, "pid": 0, "step": 0, "cat": "POSIX", "name": "fprintf", "args": {"stream": "0x7fba3876e6e0"}, "pathname": "stdout", "return": 36},
{"ts": 1646628191304469, "dur": 3, "ph": "X", "tid": 0, "pid": 0, "step": 0, "cat": "POSIX", "name": "fprintf", "args": {"stream": "0x7fba3876e6e0"}, "pathname": "stdout", "return": 57},
{"ts": 1646628191304473, "dur": 3, "ph": "X", "tid": 0, "pid": 0, "step": 0, "cat": "POSIX", "name": "fprintf", "args": {"stream": "0x7fba3876e6e0"}, "pathname": "stdout", "return": 443},
{"ts": 1646628191304477, "dur": 3, "ph": "X", "tid": 0, "pid": 0, "step": 0, "cat": "POSIX", "name": "fprintf", "args": {"stream": "0x7fba3876e6e0"}, "pathname": "stdout", "return": 241},
{"ts": 1646628191304481, "dur": 3, "ph": "X", "tid": 0, "pid": 0, "step": 0, "cat": "POSIX", "name": "fprintf", "args": {"stream": "0x7fba3876e6e0"}, "pathname": "stdout", "return": 15},
{"ts": 1646628191304485, "dur": 3, "ph": "X", "tid": 0, "pid": 0, "step": 0, "cat": "POSIX", "name": "fprintf", "args": {"stream": "0x7fba3876e6e0"}, "pathname": "stdout", "return": 35},
{"ts": 1646628191304489, "dur": 3, "ph": "X", "tid": 0, "pid": 0, "step": 0, "cat": "POSIX", "name": "fprintf", "args": {"stream": "0x7fba3876e6e0"}, "pathname": "stdout", "return": 11},
{"ts": 1646628191304493, "dur": 3, "ph": "X", "tid": 0, "pid": 0, "step": 0, "cat": "POSIX", "name": "fprintf", "args": {"stream": "0x7fba3876e6e0"}, "pathname": "stdout", "return": 25},
{"ts": 1646628191304497, "dur": 3, "ph": "X", "tid": 0, "pid": 0, "step": 0, "cat": "POSIX", "name": "fprintf", "args": {"stream": "0x7fba3876e6e0"}, "pathname": "stdout", "return": 18},
{"ts": 1646628191304501, "dur": 3, "ph": "X", "tid": 0, "pid": 0, "step": 0, "cat": "POSIX", "name": "fprintf", "args": {"stream": "0x7fba3876e6e0"}, "pathname": "stdout", "return": 39},
{"ts": 1646628191304505, "dur": 3, "ph": "X", "tid": 0, "pid": 0, "step": 0, "cat": "POSIX", "name": "fprintf", "args": {"stream": "0x7fba3876e6e0"}, "pathname": "stdout", "return": 54},
{"ts": 1646628191304509, "dur": 3, "ph": "X", "tid": 0, "pid": 0, "step": 0, "cat": "POSIX", "name": "fprintf", "args": {"stream": "0x7fba3876e6e0"}, "pathname": "stdout", "return": 266},
{"ts": 1646628191304513, "dur": 3, "ph": "X", "tid": 0, "pid": 0, "step": 0, "cat": "POSIX", "name": "fprintf", "args": {"stream": "0x7fba3876e6e0"}, "pathname": "stdout", "return": 113},
{"ts": 1646628191304517, "dur": 3, "ph": "X", "tid": 0, "pid": 0, "step": 0, "cat": "POSIX", "name": "fprintf", "args": {"stream": "0x7fba3876e6e0"}, "pathname": "stdout", "return": 15},
{"ts": 1646628191304521, "dur": 3, "ph": "X", "tid": 0, "pid": 0, "step": 0, "cat": "POSIX", "name": "fprintf", "args": {"stream": "0x7fba3876e6e0"}, "pathname": "stdout", "return": 19},
{"ts": 1646628191304525, "dur": 3, "ph": "X", "tid": 0, "pid": 0, "step": 0, "cat": "POSIX", "name": "fprintf", "args": {"stream": "0x7fba3876e6e0"}, "pathname": "stdout", "return": 255},
{"ts": 1646628191304529, "dur": 3, "ph": "X", "tid": 0, "pid": 0, "step": 0, "cat": "POSIX", "name": "fprintf", "args": {"stream": "0x7fba3876e6e0"}, "pathname": "stdout", "return": 34},
{"ts": 1646628191304533, "dur": 3, "ph": "X", "tid": 0, "pid": 0, "step": 0, "cat": "POSIX", "name": "fprintf", "args": {"stream": "0x7fba3876e6e0"}, "pathname": "stdout", "return": 352},
{"ts": 1646628191304537, "dur": 3, "ph": "X", "tid": 0, "pid": 0, "step": 0, "cat": "POSIX", "name": "fprintf", "args": {"stream": "0x7fba3876e6e0"}, "pathname": "stdout", "return": 155},
{"ts": 1646628191304541, "dur": 3, "ph": "X", "tid": 0, "pid": 0, "step": 0, "cat": "POSIX", "name": "fprintf", "args": {"stream": "0x7fba3876e6e0"}, "pathname": "stdout", "return": 41},
{"ts": 1646628191304545, "dur": 3, "ph": "X", "tid": 0, "pid": 0, "step": 0, "cat": "POSIX", "name": "fprintf", "args": {"stream": "0x7fba3876e6e0"}, "pathname": "stdout", "return": 58},
{"ts": 1646628191304549, "dur": 3, "ph": "X", "tid": 0, "pid": 0, "step": 0, "cat": "POSIX", "name": "fprintf", "args": {"stream": "0x7fba3876e6e0"}, "pathname": "stdout", "return": 25},
{"ts": 1646628191304553, "dur": 3, "ph": "X", "tid": 0, "pid": 0, "step": 0, "cat": "POSIX", "name": "fprintf", "args": {"stream": "0x7fba3876e6e0"}, "pathname": "stdout", "return": 81},
{"ts": 1646628191304557, "dur": 3, "ph": "X", "tid": 0, "pid": 0, "step": 0, "cat": "POSIX", "name": "fprintf", "args": {"stream": "0x7fba3876e6e0"}, "pathname": "stdout", "return": 530},
{"ts": 1646628191304561, "dur": 3, "ph": "X", "tid": 0, "pid": 0, "step": 0, "cat": "POSIX", "name": "fprintf", "args": {"stream": "0x7fba3876e6e0"}, "pathname": "stdout", "return": 23},
{"ts": 1646628191304565, "dur": 3, "ph": "X", "tid": 0, "pid": 0, "step": 0, "cat": "POSIX", "name": "fprintf", "args": {"stream": "0x7fba3876e6e0"}, "pathname": "stdout", "return": 14},
{"ts": 1646628191304569, "dur": 3, "ph": "X", "tid": 0, "pid": 0, "step": 0, "cat": "POSIX", "name": "fprintf", "args": {"stream": "0x7fba3876e6e0"}, "pathname": "stdout", "return": 47},
{"ts": 1646628191304573, "dur": 3, "ph": "X", "tid": 0, "pid": 0, "step": 0, "cat": "POSIX", "name": "fprintf", "args": {"stream": "0x7fba3876e6e0"}, "pathname": "stdout", "return": 124},
{"ts": 1646628191304577, "dur": 3, "ph": "X", "tid": 0, "pid": 0, "step": 0, "cat": "POSIX", "name": "fprintf", "args": {"stream": "0x7fba3876e6e0"}, "pathname": "stdout", "return": 20},
{"ts": 1646628191304581, "dur": 2, "ph": "X", "tid": 0, "pid": 0, "step": 0, "cat": "POSIX", "name": "fprintf", "args": {"stream": "0x7fba3876e6e0"}, "pathname": "stdout", "return": 10},
{"ts": 1646628191304593, "dur": 3, "ph": "X", "tid": 0, "pid": 0, "step": 0, "cat": "POSIX", "name": "fprintf", "args": {"stream": "0x7fba3876e6e0"}, "pathname": "stdout", "return": 15},
{"ts": 1646628191304597, "dur": 2, "ph": "X", "tid": 0, "pid": 0, "step": 0, "cat": "POSIX", "name": "fprintf", "args": {"stream": "0x7fba3876e6e0"}, "pathname": "stdout", "return": 39},
{"ts": 1646628191304600, "dur": 7, "ph": "X", "tid": 0, "pid": 0, "step": 0, "cat": "POSIX", "name": "fprintf", "args": {"stream": "0x7fba3876e6e0"}, "pathname": "stdout", "return": 61},
{"ts": 1646628191304608, "dur": 2, "ph": "X", "tid": 0, "pid": 0, "step": 0, "cat": "POSIX", "name": "fprintf", "args": {"stream": "0x7fba3876e6e0"}, "pathname": "stdout", "return": 39},
{"ts": 1646628191304611, "dur": 3, "ph": "X", "tid": 0, "pid": 0, "step": 0, "cat": "POSIX", "name": "fprintf", "args": {"stream": "0x7fba3876e6e0"}, "pathname": "stdout", "return": 28},
{"ts": 1646628191304615, "dur": 3, "ph": "X", "tid": 0, "pid": 0, "step": 0, "cat": "POSIX", "name": "fprintf", "args": {"stream": "0x7fba3876e6e0"}, "pathname": "stdout", "return": 124},
{"ts": 1646628191304619, "dur": 3, "ph": "X", "tid": 0, "pid": 0, "step": 0, "cat": "POSIX", "name": "fprintf", "args": {"stream": "0x7fba3876e6e0"}, "pathname": "stdout", "return": 12},
{"ts": 1646628191304623, "dur": 3, "ph": "X", "tid": 0, "pid": 0, "step": 0, "cat": "POSIX", "name": "fprintf", "args": {"stream": "0x7fba3876e6e0"}, "pathname": "stdout", "return": 356},
{"ts": 1646628191304627, "dur": 3, "ph": "X", "tid": 0, "pid": 0, "step": 0, "cat": "POSIX", "name": "fprintf", "args": {"stream": "0x7fba3876e6e0"}, "pathname": "stdout", "return": 121},
{"ts": 1646628191304631, "dur": 3, "ph": "X", "tid": 0, "pid": 0, "step": 0, "cat": "POSIX", "name": "fprintf", "args": {"stream": "0x7fba3876e6e0"}, "pathname": "stdout", "return": 30},
{"ts": 1646628191304635, "dur": 3, "ph": "X", "tid": 0, "pid": 0, "step": 0, "cat": "POSIX", "name": "fprintf", "args": {"stream": "0x7fba3876e6e0"}, "pathname": "stdout", "return": 49},
{"ts": 1646628191304639, "dur": 3, "ph": "X", "tid": 0, "pid": 0, "step": 0, "cat": "POSIX", "name": "fprintf", "args": {"stream": "0x7fba3876e6e0"}, "pathname": "stdout", "return": 35},
{"ts": 1646628191304643, "dur": 2, "ph": "X", "tid": 0, "pid": 0, "step": 0, "cat": "POSIX", "name": "fprintf", "args": {"stream": "0x7fba3876e6e0"}, "pathname": "stdout", "return": 28},
{"ts": 1646628191304646, "dur": 3, "ph": "X", "tid": 0, "pid": 0, "step": 0, "cat": "POSIX", "name": "fprintf", "args": {"stream": "0x7fba3876e6e0"}, "pathname": "stdout", "return": 20},
{"ts": 1646628191304650, "dur": 2, "ph": "X", "tid": 0, "pid": 0, "step": 0, "cat": "POSIX", "name": "fprintf", "args": {"stream": "0x7fba3876e6e0"}, "pathname": "stdout", "return": 10},
{"ts": 1646628191304653, "dur": 2, "ph": "X", "tid": 0, "pid": 0, "step": 0, "cat": "POSIX", "name": "fprintf", "args": {"stream": "0x7fba3876e6e0"}, "pathname": "stdout", "return": 25},
{"ts": 1646628191304656, "dur": 2, "ph": "X", "tid": 0, "pid": 0, "step": 0, "cat": "POSIX", "name": "fprintf", "args": {"stream": "0x7fba3876e6e0"}, "pathname": "stdout", "return": 102},
{"ts": 1646628191304659, "dur": 3, "ph": "X", "tid": 0, "pid": 0, "step": 0, "cat": "POSIX", "name": "fprintf", "args": {"stream": "0x7fba3876e6e0"}, "pathname": "stdout", "return": 228},
{"ts": 1646628191304663, "dur": 3, "ph": "X", "tid": 0, "pid": 0, "step": 0, "cat": "POSIX", "name": "fprintf", "args": {"stream": "0x7fba3876e6e0"}, "pathname": "stdout", "return": 24},
{"ts": 1646628191304667, "dur": 3, "ph": "X", "tid": 0, "pid": 0, "step": 0, "cat": "POSIX", "name": "fprintf", "args": {"stream": "0x7fba3876e6e0"}, "pathname": "stdout", "return": 34},
{"ts": 1646628191304671, "dur": 3, "ph": "X", "tid": 0, "pid": 0, "step": 0, "cat": "POSIX", "name": "fprintf", "args": {"stream": "0x7fba3876e6e0"}, "pathname": "stdout", "return": 20},
{"ts": 1646628191304675, "dur": 2, "ph": "X", "tid": 0, "pid": 0, "step": 0, "cat": "POSIX", "name": "fprintf", "args": {"stream": "0x7fba3876e6e0"}, "pathname": "stdout", "return": 35},
{"ts": 1646628191304678, "dur": 2, "ph": "X", "tid": 0, "pid": 0, "step": 0, "cat": "POSIX", "name": "fprintf", "args": {"stream": "0x7fba3876e6e0"}, "pathname": "stdout", "return": 15},
{"ts": 1646628191304682, "dur": 2, "ph": "X", "tid": 0, "pid": 0, "step": 0, "cat": "POSIX", "name": "fprintf", "args": {"stream": "0x7fba3876e6e0"}, "pathname": "stdout", "return": 25},
{"ts": 1646628191304685, "dur": 2, "ph": "X", "tid": 0, "pid": 0, "step": 0, "cat": "POSIX", "name": "fprintf", "args": {"stream": "0x7fba3876e6e0"}, "pathname": "stdout", "return": 84},
{"ts": 1646628191304688, "dur": 2, "ph": "X", "tid": 0, "pid": 0, "step": 0, "cat": "POSIX", "name": "fprintf", "args": {"stream": "0x7fba3876e6e0"}, "pathname": "stdout", "return": 17},
{"ts": 1646628191304691, "dur": 3, "ph": "X", "tid": 0, "pid": 0, "step": 0, "cat": "POSIX", "name": "fprintf", "args": {"stream": "0x7fba3876e6e0"}, "pathname": "stdout", "return": 42},
{"ts": 1646628191304695, "dur": 3, "ph": "X", "tid": 0, "pid": 0, "step": 0, "cat": "POSIX", "name": "fprintf", "args": {"stream": "0x7fba3876e6e0"}, "pathname": "stdout", "return": 27},
{"ts": 1646628191304699, "dur": 3, "ph": "X", "tid": 0, "pid": 0, "step": 0, "cat": "POSIX", "name": "fprintf", "args": {"stream": "0x7fba3876e6e0"}, "pathname": "stdout", "return": 41},
{"ts": 1646628191304703, "dur": 2, "ph": "X", "tid": 0, "pid": 0, "step": 0, "cat": "POSIX", "name": "fprintf", "args": {"stream": "0x7fba3876e6e0"}, "pathname": "stdout", "return": 31},
{"ts": 1646628191304706, "dur": 2, "ph": "X", "tid": 0, "pid": 0, "step": 0, "cat": "POSIX", "name": "fprintf", "args": {"stream": "0x7fba3876e6e0"}, "pathname": "stdout", "return": 14},
{"ts": 1646628191304710, "dur": 2, "ph": "X", "tid": 0, "pid": 0, "step": 0, "cat": "POSIX", "name": "fprintf", "args": {"stream": "0x7fba3876e6e0"}, "pathname": "stdout", "return": 29},
{"ts": 1646628191304713, "dur": 2, "ph": "X", "tid": 0, "pid": 0, "step": 0, "cat": "POSIX", "name": "fprintf", "args": {"stream": "0x7fba3876e6e0"}, "pathname": "stdout", "return": 42},
{"ts": 1646628191304716, "dur": 2, "ph": "X", "tid": 0, "pid": 0, "step": 0, "cat": "POSIX", "name": "fprintf", "args": {"stream": "0x7fba3876e6e0"}, "pathname": "stdout", "return": 24},
{"ts": 1646628191304719, "dur": 2, "ph": "X", "tid": 0, "pid": 0, "step": 0, "cat": "POSIX", "name": "fprintf", "args": {"stream": "0x7fba3876e6e0"}, "pathname": "stdout", "return": 54},
{"ts": 1646628191304722, "dur": 3, "ph": "X", "tid": 0, "pid": 0, "step": 0, "cat": "POSIX", "name": "fprintf", "args": {"stream": "0x7fba3876e6e0"}, "pathname": "stdout", "return": 26},
{"ts": 1646628191304726, "dur": 3, "ph": "X", "tid": 0, "pid": 0, "step": 0, "cat": "POSIX", "name": "fprintf", "args": {"stream": "0x7fba3876e6e0"}, "pathname": "stdout", "return": 41},
{"ts": 1646628191304730, "dur": 3, "ph": "X", "tid": 0, "pid": 0, "step": 0, "cat": "POSIX", "name": "fprintf", "args": {"stream": "0x7fba3876e6e0"}, "pathname": "stdout", "return": 78},
{"ts": 1646628191304734, "dur": 3, "ph": "X", "tid": 0, "pid": 0, "step": 0, "cat": "POSIX", "name": "fprintf", "args": {"stream": "0x7fba3876e6e0"}, "pathname": "stdout", "return": 252},
{"ts": 1646628191304738, "dur": 3, "ph": "X", "tid": 0, "pid": 0, "step": 0, "cat": "POSIX", "name": "fprintf", "args": {"stream": "0x7fba3876e6e0"}, "pathname": "stdout", "return": 29},
{"ts": 1646628191304742, "dur": 3, "ph": "X", "tid": 0, "pid": 0, "step": 0, "cat": "POSIX", "name": "fprintf", "args": {"stream": "0x7fba3876e6e0"}, "pathname": "stdout", "return": 19},
{"ts": 1646628191304746, "dur": 3, "ph": "X", "tid": 0, "pid": 0, "step": 0, "cat": "POSIX", "name": "fprintf", "args": {"stream": "0x7fba3876e6e0"}, "pathname": "stdout", "return": 34},
{"ts": 1646628191304750, "dur": 2, "ph": "X", "tid": 0, "pid": 0, "step": 0, "cat": "POSIX", "name": "fprintf", "args": {"stream": "0x7fba3876e6e0"}, "pathname": "stdout", "return": 26},
{"ts": 1646628191305946, "dur": 4, "ph": "X", "tid": 0, "pid": 0, "step": 0, "cat": "POSIX", "name": "fprintf", "args": {"stream": "0x7fba3876e6e0"}, "pathname": "stdout", "return": 12},
{"ts": 1646628191305951, "dur": 2, "ph": "X", "tid": 0, "pid": 0, "step": 0, "cat": "POSIX", "name": "fprintf", "args": {"stream": "0x7fba3876e6e0"}, "pathname": "stdout", "return": 231},
{"ts": 1646628191305954, "dur": 2, "ph": "X", "tid": 0, "pid": 0, "step": 0, "cat": "POSIX", "name": "fprintf", "args": {"stream": "0x7fba3876e6e0"}, "pathname": "stdout", "return": 249},
{"ts": 1646628191305957, "dur": 2, "ph": "X", "tid": 0, "pid": 0, "step": 0, "cat": "POSIX", "name": "fprintf", "args": {"stream": "0x7fba3876e6e0"}, "pathname": "stdout", "return": 15},
{"ts": 1646628191305961, "dur": 2, "ph": "X", "tid": 0, "pid": 0, "step": 0, "cat": "POSIX", "name": "fprintf", "args": {"stream": "0x7fba3876e6e0"}, "pathname": "stdout", "return": 19},
{"ts": 1646628191305964, "dur": 2, "ph": "X", "tid": 0, "pid": 0, "step": 0, "cat": "POSIX", "name": "fprintf", "args": {"stream": "0x7fba3876e6e0"}, "pathname": "stdout", "return": 530},
{"ts": 1646628191305967, "dur": 2, "ph": "X", "tid": 0, "pid": 0, "step": 0, "cat": "POSIX", "name": "fprintf", "args": {"stream": "0x7fba3876e6e0"}, "pathname": "stdout", "return": 33},
{"ts": 1646628191305970, "dur": 3, "ph": "X", "tid": 0, "pid": 0, "step": 0, "cat": "POSIX", "name": "fprintf", "args": {"stream": "0x7fba3876e6e0"}, "pathname": "stdout", "return": 92},
{"ts": 1646628191305974, "dur": 3, "ph": "X", "tid": 0, "pid": 0, "step": 0, "cat": "POSIX", "name": "fprintf", "args": {"stream": "0x7fba3876e6e0"}, "pathname": "stdout", "return": 110},
{"ts": 1646628191305978, "dur": 3, "ph": "X", "tid": 0, "pid": 0, "step": 0, "cat": "POSIX", "name": "fprintf", "args": {"stream": "0x7fba3876e6e0"}, "pathname": "stdout", "return": 356},
{"ts": 1646628191305982, "dur": 7, "ph": "X", "tid": 0, "pid": 0, "step": 0, "cat": "POSIX", "name": "fprintf", "args": {"stream": "0x7fba3876e6e0"}, "pathname": "stdout", "return": 530},
{"ts": 1646628191305990, "dur": 3, "ph": "X", "tid": 0, "pid": 0, "step": 0, "cat": "POSIX", "name": "fprintf", "args": {"stream": "0x7fba3876e6e0"}, "pathname": "stdout", "return": 26},
{"ts": 1646628191305994, "dur": 3, "ph": "X", "tid": 0, "pid": 0, "step": 0, "cat": "POSIX", "name": "fprintf", "args": {"stream": "0x7fba3876e6e0"}, "pathname": "stdout", "return": 122},
{"ts": 1646628191305998, "dur": 3, "ph": "X", "tid": 0, "pid": 0, "step": 0, "cat": "POSIX", "name": "fprintf", "args": {"stream": "0x7fba3876e6e0"}, "pathname": "stdout", "return": 25},
{"ts": 1646628191306002, "dur": 3, "ph": "X", "tid": 0, "pid": 0, "step": 0, "cat": "POSIX", "name": "fprintf", "args": {"stream": "0x7fba3876e6e0"}, "pathname": "stdout", "return": 21},
{"ts": 1646628191306006, "dur": 3, "ph": "X", "tid": 0, "pid": 0, "step": 0, "cat": "POSIX", "name": "fprintf", "args": {"stream": "0x7fba3876e6e0"}, "pathname": "stdout", "return": 33},
{"ts": 1646628191306010, "dur": 2, "ph": "X", "tid": 0, "pid": 0, "step": 0, "cat": "POSIX", "name": "fprintf", "args": {"stream": "0x7fba3876e6e0"}, "pathname": "stdout", "return": 20},
{"ts": 1646628191306013, "dur": 2, "ph": "X", "tid": 0, "pid": 0, "step": 0, "cat": "POSIX", "name": "fprintf", "args": {"stream": "0x7fba3876e6e0"}, "pathname": "stdout", "return": 26},
{"ts": 1646628191306017, "dur": 2, "ph": "X", "tid": 0, "pid": 0, "step": 0, "cat": "POSIX", "name": "fprintf", "args": {"stream": "0x7fba3876e6e0"}, "pathname": "stdout", "return": 43},
{"ts": 1646628191306020, "dur": 2, "ph": "X", "tid": 0, "pid": 0, "step": 0, "cat": "POSIX", "name": "fprintf", "args": {"stream": "0x7fba3876e6e0"}, "pathname": "stdout", "return": 34},
{"ts": 1646628191306023, "dur": 2, "ph": "X", "tid": 0, "pid": 0, "step": 0, "cat": "POSIX", "name": "fprintf", "args": {"stream": "0x7fba3876e6e0"}, "pathname": "stdout", "return": 22},
{"ts": 1646628191306026, "dur": 3, "ph": "X", "tid": 0, "pid": 0, "step": 0, "cat": "POSIX", "name": "fprintf", "args": {"stream": "0x7fba3876e6e0"}, "pathname": "stdout", "return": 33},
{"ts": 1646628191306030, "dur": 2, "ph": "X", "tid": 0, "pid": 0, "step": 0, "cat": "POSIX", "name": "fprintf", "args": {"stream": "0x7fba3876e6e0"}, "pathname": "stdout", "return": 22},
{"ts": 1646628191306033, "dur": 3, "ph": "X", "tid": 0, "pid": 0, "step": 0, "cat": "POSIX", "name": "fprintf", "args": {"stream": "0x7fba3876e6e0"}, "pathname": "stdout", "return": 25},
{"ts": 1646628191306037, "dur": 3, "ph": "X", "tid": 0, "pid": 0, "step": 0, "cat": "POSIX", "name": "fprintf", "args": {"stream": "0x7fba3876e6e0"}, "pathname": "stdout", "return": 35},
{"ts": 1646628191306041, "dur": 3, "ph": "X", "tid": 0, "pid": 0, "step": 0, "cat": "POSIX", "name": "fprintf", "args": {"stream": "0x7fba3876e6e0"}, "pathname": "stdout", "return": 35},
{"ts": 1646628191306045, "dur": 3, "ph": "X", "tid": 0, "pid": 0, "step": 0, "cat": "POSIX", "name": "fprintf", "args": {"stream": "0x7fba3876e6e0"}, "pathname": "stdout", "return": 35},
{"ts": 1646628191306049, "dur": 3, "ph": "X", "tid": 0, "pid": 0, "step": 0, "cat": "POSIX", "name": "fprintf", "args": {"stream": "0x7fba3876e6e0"}, "pathname": "stdout", "return": 20},
{"ts": 1646628191306053, "dur": 2, "ph": "X", "tid": 0, "pid": 0, "step": 0, "cat": "POSIX", "name": "fprintf", "args": {"stream": "0x7fba3876e6e0"}, "pathname": "stdout", "return": 16},
{"ts": 1646628191306056, "dur": 3, "ph": "X", "tid": 0, "pid": 0, "step": 0, "cat": "POSIX", "name": "fprintf", "args": {"stream": "0x7fba3876e6e0"}, "pathname": "stdout", "return": 49},
{"ts": 1646628191306060, "dur": 3, "ph": "X", "tid": 0, "pid": 0, "step": 0, "cat": "POSIX", "name": "fprintf", "args": {"stream": "0x7fba3876e6e0"}, "pathname": "stdout", "return": 119},
{"ts": 1646628191306064, "dur": 3, "ph": "X", "tid": 0, "pid": 0, "step": 0, "cat": "POSIX", "name": "fprintf", "args": {"stream": "0x7fba3876e6e0"}, "pathname": "stdout", "return": 52},
{"ts": 1646628191306068, "dur": 3, "ph": "X", "tid": 0, "pid": 0, "step": 0, "cat": "POSIX", "name": "fprintf", "args": {"stream": "0x7fba3876e6e0"}, "pathname": "stdout", "return": 19},
{"ts": 1646628191306072, "dur": 3, "ph": "X", "tid": 0, "pid": 0, "step": 0, "cat": "POSIX", "name": "fprintf", "args": {"stream": "0x7fba3876e6e0"}, "pathname": "stdout", "return": 19},
{"ts": 1646628191306076, "dur": 2, "ph": "X", "tid": 0, "pid": 0, "step": 0, "cat": "POSIX", "name": "fprintf", "args": {"stream": "0x7fba3876e6e0"}, "pathname": "stdout", "return": 26},
{"ts": 1646628191306079, "dur": 3, "ph": "X", "tid": 0, "pid": 0, "step": 0, "cat": "POSIX", "name": "fprintf", "args": {"stream": "0x7fba3876e6e0"}, "pathname": "stdout", "return": 25},
{"ts": 1646628191306083, "dur": 3, "ph": "X", "tid": 0, "pid": 0, "step": 0, "cat": "POSIX", "name": "fprintf", "args": {"stream": "0x7fba3876e6e0"}, "pathname": "stdout", "return": 31},
{"ts": 1646628191306087, "dur": 3, "ph": "X", "tid": 0, "pid": 0, "step": 0, "cat": "POSIX", "name": "fprintf", "args": {"stream": "0x7fba3876e6e0"}, "pathname": "stdout", "return": 25},
{"ts": 1646628191306091, "dur": 3, "ph": "X", "tid": 0, "pid": 0, "step": 0, "cat": "POSIX", "name": "fprintf", "args": {"stream": "0x7fba3876e6e0"}, "pathname": "stdout", "return": 34},
{"ts": 1646628191306095, "dur": 2, "ph": "X", "tid": 0, "pid": 0, "step": 0, "cat": "POSIX", "name": "fprintf", "args": {"stream": "0x7fba3876e6e0"}, "pathname": "stdout", "return": 20},
{"ts": 1646628191306098, "dur": 3, "ph": "X", "tid": 0, "pid": 0, "step": 0, "cat": "POSIX", "name": "fprintf", "args": {"stream": "0x7fba3876e6e0"}, "pathname": "stdout", "return": 19},
{"ts": 1646628191306102, "dur": 3, "ph": "X", "tid": 0, "pid": 0, "step": 0, "cat": "POSIX", "name": "fprintf", "args": {"stream": "0x7fba3876e6e0"}, "pathname": "stdout", "return": 15},
{"ts": 1646628191306106, "dur": 3, "ph": "X", "tid": 0, "pid": 0, "step": 0, "cat": "POSIX", "name": "fprintf", "args": {"stream": "0x7fba3876e6e0"}, "pathname": "stdout", "return": 62},
{"ts": 1646628191306110, "dur": 3, "ph": "X", "tid": 0, "pid": 0, "step": 0, "cat": "POSIX", "name": "fprintf", "args": {"stream": "0x7fba3876e6e0"}, "pathname": "stdout", "return": 44},
{"ts": 1646628191306122, "dur": 3, "ph": "X", "tid": 0, "pid": 0, "step": 0, "cat": "POSIX", "name": "fprintf", "args": {"stream": "0x7fba3876e6e0"}, "pathname": "stdout", "return": 8},
{"ts": 1646628191306126, "dur": 3, "ph": "X", "tid": 0, "pid": 0, "step": 0, "cat": "POSIX", "name": "fprintf", "args": {"stream": "0x7fba3876e6e0"}, "pathname": "stdout", "return": 41},
{"ts": 1646628191306130, "dur": 2, "ph": "X", "tid": 0, "pid": 0, "step": 0, "cat": "POSIX", "name": "fprintf", "args": {"stream": "0x7fba3876e6e0"}, "pathname": "stdout", "return": 94},
{"ts": 1646628191306133, "dur": 2, "ph": "X", "tid": 0, "pid": 0, "step": 0, "cat": "POSIX", "name": "fprintf", "args": {"stream": "0x7fba3876e6e0"}, "pathname": "stdout", "return": 124},
{"ts": 1646628191306136, "dur": 2, "ph": "X", "tid": 0, "pid": 0, "step": 0, "cat": "POSIX", "name": "fprintf", "args": {"stream": "0x7fba3876e6e0"}, "pathname": "stdout", "return": 25},
{"ts": 1646628191306139, "dur": 2, "ph": "X", "tid": 0, "pid": 0, "step": 0, "cat": "POSIX", "name": "fprintf", "args": {"stream": "0x7fba3876e6e0"}, "pathname": "stdout", "return": 32},
{"ts": 1646628191306143, "dur": 2, "ph": "X", "tid": 0, "pid": 0, "step": 0, "cat": "POSIX", "name": "fprintf", "args": {"stream": "0x7fba3876e6e0"}, "pathname": "stdout", "return": 326},
{"ts": 1646628191306146, "dur": 2, "ph": "X", "tid": 0, "pid": 0, "step": 0, "cat": "POSIX", "name": "fprintf", "args": {"stream": "0x7fba3876e6e0"}, "pathname": "stdout", "return": 14},
{"ts": 1646628191306149, "dur": 2, "ph": "X", "tid": 0, "pid": 0, "step": 0, "cat": "POSIX", "name": "fprintf", "args": {"stream": "0x7fba3876e6e0"}, "pathname": "stdout", "return": 29},
{"ts": 1646628191306152, "dur": 3, "ph": "X", "tid": 0, "pid": 0, "step": 0, "cat": "POSIX", "name": "fprintf", "args": {"stream": "0x7fba3876e6e0"}, "pathname": "stdout", "return": 78},
{"ts": 1646628191306156, "dur": 3, "ph": "X", "tid": 0, "pid": 0, "step": 0, "cat": "POSIX", "name": "fprintf", "args": {"stream": "0x7fba3876e6e0"}, "pathname": "stdout", "return": 30},
{"ts": 1646628191306160, "dur": 3, "ph": "X", "tid": 0, "pid": 0, "step": 0, "cat": "POSIX", "name": "fprintf", "args": {"stream": "0x7fba3876e6e0"}, "pathname": "stdout", "return": 327},
{"ts": 1646628191306164, "dur": 3, "ph": "X", "tid": 0, "pid": 0, "step": 0, "cat": "POSIX", "name": "fprintf", "args": {"stream": "0x7fba3876e6e0"}, "pathname": "stdout", "return": 20},
{"ts": 1646628191306168, "dur": 2, "ph": "X", "tid": 0, "pid": 0, "step": 0, "cat": "POSIX", "name": "fprintf", "args": {"stream": "0x7fba3876e6e0"}, "pathname": "stdout", "return": 31},
{"ts": 1646628191306171, "dur": 2, "ph": "X", "tid": 0, "pid": 0, "step": 0, "cat": "POSIX", "name": "fprintf", "args": {"stream": "0x7fba3876e6e0"}, "pathname": "stdout", "return": 13},
{"ts": 1646628191306175, "dur": 2, "ph": "X", "tid": 0, "pid": 0, "step": 0, "cat": "POSIX", "name": "fprintf", "args": {"stream": "0x7fba3876e6e0"}, "pathname": "stdout", "return": 54},
{"ts": 1646628191306178, "dur": 2, "ph": "X", "tid": 0, "pid": 0, "step": 0, "cat": "POSIX", "name": "fprintf", "args": {"stream": "0x7fba3876e6e0"}, "pathname": "stdout", "return": 38},
{"ts": 1646628191306181, "dur": 2, "ph": "X", "tid": 0, "pid": 0, "step": 0, "cat": "POSIX", "name": "fprintf", "args": {"stream": "0x7fba3876e6e0"}, "pathname": "stdout", "return": 31},
{"ts": 1646628191306184, "dur": 3, "ph": "X", "tid": 0, "pid": 0, "step": 0, "cat": "POSIX", "name": "fprintf", "args": {"stream": "0x7fba3876e6e0"}, "pathname": "stdout", "return": 245},
{"ts": 1646628191306188, "dur": 3, "ph": "X", "tid": 0, "pid": 0, "step": 0, "cat": "POSIX", "name": "fprintf", "args": {"stream": "0x7fba3876e6e0"}, "pathname": "stdout", "return": 43},
{"ts": 1646628191306192, "dur": 3, "ph": "X", "tid": 0, "pid": 0, "step": 0, "cat": "POSIX", "name": "fprintf", "args": {"stream": "0x7fba3876e6e0"}, "pathname": "stdout", "return": 15},
{"ts": 1646628191306196, "dur": 3, "ph": "X", "tid": 0, "pid": 0, "step": 0, "cat": "POSIX", "name": "fprintf", "args": {"stream": "0x7fba3876e6e0"}, "pathname": "stdout", "return": 38},
{"ts": 1646628191306200, "dur": 2, "ph": "X", "tid": 0, "pid": 0, "step": 0, "cat": "POSIX", "name": "fprintf", "args": {"stream": "0x7fba3876e6e0"}, "pathname": "stdout", "return": 57},
{"ts": 1646628191306203, "dur": 2, "ph": "X", "tid": 0, "pid": 0, "step": 0, "cat": "POSIX", "name": "fprintf", "args": {"stream": "0x7fba3876e6e0"}, "pathname": "stdout", "return": 22},
{"ts": 1646628191306207, "dur": 2, "ph": "X", "tid": 0, "pid": 0, "step": 0, "cat": "POSIX", "name": "fprintf", "args": {"stream": "0x7fba3876e6e0"}, "pathname": "stdout", "return": 655},
{"ts": 1646628191306210, "dur": 2, "ph": "X", "tid": 0, "pid": 0, "step": 0, "cat": "POSIX", "name": "fprintf", "args": {"stream": "0x7fba3876e6e0"}, "pathname": "stdout", "return": 20},
{"ts": 1646628191306213, "dur": 7, "ph": "X", "tid": 0, "pid": 0, "step": 0, "cat": "POSIX", "name": "fprintf", "args": {"stream": "0x7fba3876e6e0"}, "pathname": "stdout", "return": 414},
{"ts": 1646628191306221, "dur": 2, "ph": "X", "tid": 0, "pid": 0, "step": 0, "cat": "POSIX", "name": "fprintf", "args": {"stream": "0x7fba3876e6e0"}, "pathname": "stdout", "return": 30},
{"ts": 1646628191306224, "dur": 2, "ph": "X", "tid": 0, "pid": 0, "step": 0, "cat": "POSIX", "name": "fprintf", "args": {"stream": "0x7fba3876e6e0"}, "pathname": "stdout", "return": 25},
{"ts": 1646628191306227, "dur": 2, "ph": "X", "tid": 0, "pid": 0, "step": 0, "cat": "POSIX", "name": "fprintf", "args": {"stream": "0x7fba3876e6e0"}, "pathname": "stdout", "return": 23},
{"ts": 1646628191306230, "dur": 3, "ph": "X", "tid": 0, "pid": 0, "step": 0, "cat": "POSIX", "name": "fprintf", "args": {"stream": "0x7fba3876e6e0"}, "pathname": "stdout", "return": 34},
{"ts": 1646628191306234, "dur": 3, "ph": "X", "tid": 0, "pid": 0, "step": 0, "cat": "POSIX", "name": "fprintf", "args": {"stream": "0x7fba3876e6e0"}, "pathname": "stdout", "return": 136},
{"ts": 1646628191306238, "dur": 3, "ph": "X", "tid": 0, "pid": 0, "step": 0, "cat": "POSIX", "name": "fprintf", "args": {"stream": "0x7fba3876e6e0"}, "pathname": "stdout", "return": 29},
{"ts": 1646628191306242, "dur": 3, "ph": "X", "tid": 0, "pid": 0, "step": 0, "cat": "POSIX", "name": "fprintf", "args": {"stream": "0x7fba3876e6e0"}, "pathname": "stdout", "return": 14},
{"ts": 1646628191306246, "dur": 3, "ph": "X", "tid": 0, "pid": 0, "step": 0, "cat": "POSIX", "name": "fprintf", "args": {"stream": "0x7fba3876e6e0"}, "pathname": "stdout", "return": 40},
{"ts": 1646628191306250, "dur": 2, "ph": "X", "tid": 0, "pid": 0, "step": 0, "cat": "POSIX", "name": "fprintf", "args": {"stream": "0x7fba3876e6e0"}, "pathname": "stdout", "return": 31},
{"ts": 1646628191306253, "dur": 3, "ph": "X", "tid": 0, "pid": 0, "step": 0, "cat": "POSIX", "name": "fprintf", "args": {"stream": "0x7fba3876e6e0"}, "pathname": "stdout", "return": 23},
{"ts": 1646628191306257, "dur": 3, "ph": "X", "tid": 0, "pid": 0, "step": 0, "cat": "POSIX", "name": "fprintf", "args": {"stream": "0x7fba3876e6e0"}, "pathname": "stdout", "return": 124},
{"ts": 1646628191306261, "dur": 3, "ph": "X", "tid": 0, "pid": 0, "step": 0, "cat": "POSIX", "name": "fprintf", "args": {"stream": "0x7fba3876e6e0"}, "pathname": "stdout", "return": 11},
{"ts": 1646628191306265, "dur": 3, "ph": "X", "tid": 0, "pid": 0, "step": 0, "cat": "POSIX", "name": "fprintf", "args": {"stream": "0x7fba3876e6e0"}, "pathname": "stdout", "return": 410},
{"ts": 1646628191306269, "dur": 3, "ph": "X", "tid": 0, "pid": 0, "step": 0, "cat": "POSIX", "name": "fprintf", "args": {"stream": "0x7fba3876e6e0"}, "pathname": "stdout", "return": 44},
{"ts": 1646628191306273, "dur": 2, "ph": "X", "tid": 0, "pid": 0, "step": 0, "cat": "POSIX", "name": "fprintf", "args": {"stream": "0x7fba3876e6e0"}, "pathname": "stdout", "return": 36},
{"ts": 1646628191306276, "dur": 3, "ph": "X", "tid": 0, "pid": 0, "step": 0, "cat": "POSIX", "name": "fprintf", "args": {"stream": "0x7fba3876e6e0"}, "pathname": "stdout", "return": 16},
{"ts": 1646628191306280, "dur": 3, "ph": "X", "tid": 0, "pid": 0, "step": 0, "cat": "POSIX", "name": "fprintf", "args": {"stream": "0x7fba3876e6e0"}, "pathname": "stdout", "return": 35},
{"ts": 1646628191306291, "dur": 3, "ph": "X", "tid": 0, "pid": 0, "step": 0, "cat": "POSIX", "name": "fprintf", "args": {"stream": "0x7fba3876e6e0"}, "pathname": "stdout", "return": 44},
{"ts": 1646628191306295, "dur": 3, "ph": "X", "tid": 0, "pid": 0, "step": 0, "cat": "POSIX", "name": "fprintf", "args": {"stream": "0x7fba3876e6e0"}, "pathname": "stdout", "return": 51},
{"ts": 1646628191306299, "dur": 3, "ph": "X", "tid": 0, "pid": 0, "step": 0, "cat": "POSIX", "name": "fprintf", "args": {"stream": "0x7fba3876e6e0"}, "pathname": "stdout", "return": 39},
{"ts": 1646628191306303, "dur": 3, "ph": "X", "tid": 0, "pid": 0, "step": 0, "cat": "POSIX", "name": "fprintf", "args": {"stream": "0x7fba3876e6e0"}, "pathname": "stdout", "return": 31},
{"ts": 1646628191306307, "dur": 2, "ph": "X", "tid": 0, "pid": 0, "step": 0, "cat": "POSIX", "name": "fprintf", "args": {"stream": "0x7fba3876e6e0"}, "pathname": "stdout", "return": 24},
{"ts": 1646628191306310, "dur": 3, "ph": "X", "tid": 0, "pid": 0, "step": 0, "cat": "POSIX", "name": "fprintf", "args": {"stream": "0x7fba3876e6e0"}, "pathname": "stdout", "return": 95},
{"ts": 1646628191306314, "dur": 3, "ph": "X", "tid": 0, "pid": 0, "step": 0, "cat": "POSIX", "name": "fprintf", "args": {"stream": "0x7fba3876e6e0"}, "pathname": "stdout", "return": 119},
{"ts": 1646628191306318, "dur": 3, "ph": "X", "tid": 0, "pid": 0, "step": 0, "cat": "POSIX", "name": "fprintf", "args": {"stream": "0x7fba3876e6e0"}, "pathname": "stdout", "return": 53},
{"ts": 1646628191306322, "dur": 3, "ph": "X", "tid": 0, "pid": 0, "step": 0, "cat": "POSIX", "name": "fprintf", "args": {"stream": "0x7fba3876e6e0"}, "pathname": "stdout", "return": 51},
{"ts": 1646628191306326, "dur": 3, "ph": "X", "tid": 0, "pid": 0, "step": 0, "cat": "POSIX", "name": "fprintf", "args": {"stream": "0x7fba3876e6e0"}, "pathname": "stdout", "return": 42},
{"ts": 1646628191306330, "dur": 3, "ph": "X", "tid": 0, "pid": 0, "step": 0, "cat": "POSIX", "name": "fprintf", "args": {"stream": "0x7fba3876e6e0"}, "pathname": "stdout", "return": 21},
{"ts": 1646628191306334, "dur": 3, "ph": "X", "tid": 0, "pid": 0, "step": 0, "cat": "POSIX", "name": "fprintf", "args": {"stream": "0x7fba3876e6e0"}, "pathname": "stdout", "return": 19},
{"ts": 1646628191306338, "dur": 3, "ph": "X", "tid": 0, "pid": 0, "step": 0, "cat": "POSIX", "name": "fprintf", "args": {"stream": "0x7fba3876e6e0"}, "pathname": "stdout", "return": 62},
{"ts": 1646628191306342, "dur": 4, "ph": "X", "tid": 0, "pid": 0, "step": 0, "cat": "POSIX", "name": "fprintf", "args": {"stream": "0x7fba3876e6e0"}, "pathname": "stdout", "return": 73},
{"ts": 1646628191306347, "dur": 2, "ph": "X", "tid": 0, "pid": 0, "step": 0, "cat": "POSIX", "name": "fprintf", "args": {"stream": "0x7fba3876e6e0"}, "pathname": "stdout", "return": 28},
{"ts": 1646628191306350, "dur": 2, "ph": "X", "tid": 0, "pid": 0, "step": 0, "cat": "POSIX", "name": "fprintf", "args": {"stream": "0x7fba3876e6e0"}, "pathname": "stdout", "return": 17},
{"ts": 1646628191306353, "dur": 3, "ph": "X", "tid": 0, "pid": 0, "step": 0, "cat": "POSIX", "name": "fprintf", "args": {"stream": "0x7fba3876e6e0"}, "pathname": "stdout", "return": 47},
{"ts": 1646628191306357, "dur": 3, "ph": "X", "tid": 0, "pid": 0, "step": 0, "cat": "POSIX", "name": "fprintf", "args": {"stream": "0x7fba3876e6e0"}, "pathname": "stdout", "return": 30},
{"ts": 1646628191306361, "dur": 3, "ph": "X", "tid": 0, "pid": 0, "step": 0, "cat": "POSIX", "name": "fprintf", "args": {"stream": "0x7fba3876e6e0"}, "pathname": "stdout", "return": 25},
{"ts": 1646628191306365, "dur": 3, "ph": "X", "tid": 0, "pid": 0, "step": 0, "cat": "POSIX", "name": "fprintf", "args": {"stream": "0x7fba3876e6e0"}, "pathname": "stdout", "return": 72},
{"ts": 1646628191306369, "dur": 3, "ph": "X", "tid": 0, "pid": 0, "step": 0, "cat": "POSIX", "name": "fwrite", "args": {"ptr": "0x41c534", "size": 1, "nmemb": 20, "stream": "0x7fba3876e6e0"}, "pathname": "stdout", "return": 20},
{"ts": 1646628191306377, "dur": 2, "ph": "X", "tid": 0, "pid": 0, "step": 0, "cat": "POSIX", "name": "fprintf", "args": {"stream": "0x7fba3876e6e0"}, "pathname": "stdout", "return": 24},
{"ts": 1646628191306382, "dur": 4, "ph": "X", "tid": 0, "pid": 0, "step": 0, "cat": "POSIX", "name": "fprintf", "args": {"stream": "0x7fba3876e6e0"}, "pathname": "stdout", "return": 47},
{"ts": 1646628191306464, "dur": 3, "ph": "X", "tid": 0, "pid": 0, "step": 0, "cat": "POSIX", "name": "fprintf", "args": {"stream": "0x7fba3876e6e0"}, "pathname": "stdout", "return": 76},
{"ts": 1646628191306468, "dur": 7, "ph": "X", "tid": 0, "pid": 0, "step": 0, "cat": "POSIX", "name": "fprintf", "args": {"stream": "0x7fba3876e6e0"}, "pathname": "stdout", "return": 54},
{"ts": 1646628191306476, "dur": 4, "ph": "X", "tid": 0, "pid": 0, "step": 0, "cat": "POSIX", "name": "fprintf", "args": {"stream": "0x7fba3876e6e0"}, "pathname": "stdout", "return": 40},
{"ts": 1646628191306484, "dur": 2, "ph": "X", "tid": 0, "pid": 0, "step": 0, "cat": "POSIX", "name": "fprintf", "args": {"stream": "0x7fba3876e6e0"}, "pathname": "stdout", "return": 14},
{"ts": 1646628191306487, "dur": 3, "ph": "X", "tid": 0, "pid": 0, "step": 0, "cat": "POSIX", "name": "fprintf", "args": {"stream": "0x7fba3876e6e0"}, "pathname": "stdout", "return": 24},
{"ts": 1646628191306491, "dur": 3, "ph": "X", "tid": 0, "pid": 0, "step": 0, "cat": "POSIX", "name": "fprintf", "args": {"stream": "0x7fba3876e6e0"}, "pathname": "stdout", "return": 24},
{"ts": 1646628191306496, "dur": 2, "ph": "X", "tid": 0, "pid": 0, "step": 0, "cat": "POSIX", "name": "fprintf", "args": {"stream": "0x7fba3876e6e0"}, "pathname": "stdout", "return": 27},
{"ts": 1646628191306500, "dur": 2, "ph": "X", "tid": 0, "pid": 0, "step": 0, "cat": "POSIX", "name": "fprintf", "args": {"stream": "0x7fba3876e6e0"}, "pathname": "stdout", "return": 52},
{"ts": 1646628191306503, "dur": 2, "ph": "X", "tid": 0, "pid": 0, "step": 0, "cat": "POSIX", "name": "fprintf", "args": {"stream": "0x7fba3876e6e0"}, "pathname": "stdout", "return": 42},
{"ts": 1646628191306506, "dur": 3, "ph": "X", "tid": 0, "pid": 0, "step": 0, "cat": "POSIX", "name": "fprintf", "args": {"stream": "0x7fba3876e6e0"}, "pathname": "stdout", "return": 29},
{"ts": 1646628191306511, "dur": 2, "ph": "X", "tid": 0, "pid": 0, "step": 0, "cat": "POSIX", "name": "fprintf", "args": {"stream": "0x7fba3876e6e0"}, "pathname": "stdout", "return": 24},
{"ts": 1646628191306514, "dur": 3, "ph": "X", "tid": 0, "pid": 0, "step": 0, "cat": "POSIX", "name": "fprintf", "args": {"stream": "0x7fba3876e6e0"}, "pathname": "stdout", "return": 24},
{"ts": 1646628191306518, "dur": 3, "ph": "X", "tid": 0, "pid": 0, "step": 0, "cat": "POSIX", "name": "fprintf", "args": {"stream": "0x7fba3876e6e0"}, "pathname": "stdout", "return": 24},
{"ts": 1646628191306522, "dur": 3, "ph": "X", "tid": 0, "pid": 0, "step": 0, "cat": "POSIX", "name": "fprintf", "args": {"stream": "0x7fba3876e6e0"}, "pathname": "stdout", "return": 24},
{"ts": 1646628191306526, "dur": 3, "ph": "X", "tid": 0, "pid": 0, "step": 0, "cat": "POSIX", "name": "fprintf", "args": {"stream": "0x7fba3876e6e0"}, "pathname": "stdout", "return": 29},
{"ts": 1646628191306531, "dur": 2, "ph": "X", "tid": 0, "pid": 0, "step": 0, "cat": "POSIX", "name": "fprintf", "args": {"stream": "0x7fba3876e6e0"}, "pathname": "stdout", "return": 24},
{"ts": 1646628191306534, "dur": 3, "ph": "X", "tid": 0, "pid": 0, "step": 0, "cat": "POSIX", "name": "fprintf", "args": {"stream": "0x7fba3876e6e0"}, "pathname": "stdout", "return": 24},
{"ts": 1646628191306538, "dur": 3, "ph": "X", "tid": 0, "pid": 0, "step": 0, "cat": "POSIX", "name": "fprintf", "args": {"stream": "0x7fba3876e6e0"}, "pathname": "stdout", "return": 24},
{"ts": 1646628191306543, "dur": 2, "ph": "X", "tid": 0, "pid": 0, "step": 0, "cat": "POSIX", "name": "fprintf", "args": {"stream": "0x7fba3876e6e0"}, "pathname": "stdout", "return": 24},
{"ts": 1646628191306546, "dur": 2, "ph": "X", "tid": 0, "pid": 0, "step": 0, "cat": "POSIX", "name": "fprintf", "args": {"stream": "0x7fba3876e6e0"}, "pathname": "stdout", "return": 24},
{"ts": 1646628191306549, "dur": 3, "ph": "X", "tid": 0, "pid": 0, "step": 0, "cat": "POSIX", "name": "fprintf", "args": {"stream": "0x7fba3876e6e0"}, "pathname": "stdout", "return": 24},
{"ts": 1646628191306559, "dur": 4, "ph": "X", "tid": 0, "pid": 0, "step": 0, "cat": "POSIX", "name": "fprintf", "args": {"stream": "0x7fba3876e6e0"}, "pathname": "stdout", "return": 24},
{"ts": 1646628191306564, "dur": 2, "ph": "X", "tid": 0, "pid": 0, "step": 0, "cat": "POSIX", "name": "fprintf", "args": {"stream": "0x7fba3876e6e0"}, "pathname": "stdout", "return": 24},
{"ts": 1646628191306567, "dur": 3, "ph": "X", "tid": 0, "pid": 0, "step": 0, "cat": "POSIX", "name": "fprintf", "args": {"stream": "0x7fba3876e6e0"}, "pathname": "stdout", "return": 24},
{"ts": 1646628191306571, "dur": 3, "ph": "X", "tid": 0, "pid": 0, "step": 0, "cat": "POSIX", "name": "fprintf", "args": {"stream": "0x7fba3876e6e0"}, "pathname": "stdout", "return": 24},
{"ts": 1646628191306575, "dur": 3, "ph": "X", "tid": 0, "pid": 0, "step": 0, "cat": "POSIX", "name": "fprintf", "args": {"stream": "0x7fba3876e6e0"}, "pathname": "stdout", "return": 24},
{"ts": 1646628191306579, "dur": 2, "ph": "X", "tid": 0, "pid": 0, "step": 0, "cat": "POSIX", "name": "fprintf", "args": {"stream": "0x7fba3876e6e0"}, "pathname": "stdout", "return": 24},
{"ts": 1646628191306582, "dur": 3, "ph": "X", "tid": 0, "pid": 0, "step": 0, "cat": "POSIX", "name": "fprintf", "args": {"stream": "0x7fba3876e6e0"}, "pathname": "stdout", "return": 24},
{"ts": 1646628191306586, "dur": 3, "ph": "X", "tid": 0, "pid": 0, "step": 0, "cat": "POSIX", "name": "fprintf", "args": {"stream": "0x7fba3876e6e0"}, "pathname": "stdout", "return": 24},
{"ts": 1646628191306590, "dur": 3, "ph": "X", "tid": 0, "pid": 0, "step": 0, "cat": "POSIX", "name": "fprintf", "args": {"stream": "0x7fba3876e6e0"}, "pathname": "stdout", "return": 24},
{"ts": 1646628191306594, "dur": 2, "ph": "X", "tid": 0, "pid": 0, "step": 0, "cat": "POSIX", "name": "fprintf", "args": {"stream": "0x7fba3876e6e0"}, "pathname": "stdout", "return": 24},
{"ts": 1646628191306597, "dur": 3, "ph": "X", "tid": 0, "pid": 0, "step": 0, "cat": "POSIX", "name": "fprintf", "args": {"stream": "0x7fba3876e6e0"}, "pathname": "stdout", "return": 24},
{"ts": 1646628191306601, "dur": 3, "ph": "X", "tid": 0, "pid": 0, "step": 0, "cat": "POSIX", "name": "fprintf", "args": {"stream": "0x7fba3876e6e0"}, "pathname": "stdout", "return": 24},
{"ts": 1646628191306606, "dur": 2, "ph": "X", "tid": 0, "pid": 0, "step": 0, "cat": "POSIX", "name": "fprintf", "args": {"stream": "0x7fba3876e6e0"}, "pathname": "stdout", "return": 24},
{"ts": 1646628191306609, "dur": 2, "ph": "X", "tid": 0, "pid": 0, "step": 0, "cat": "POSIX", "name": "fprintf", "args": {"stream": "0x7fba3876e6e0"}, "pathname": "stdout", "return": 24},
{"ts": 1646628191306612, "dur": 3, "ph": "X", "tid": 0, "pid": 0, "step": 0, "cat": "POSIX", "name": "fprintf", "args": {"stream": "0x7fba3876e6e0"}, "pathname": "stdout", "return": 26},
{"ts": 1646628191306616, "dur": 3, "ph": "X", "tid": 0, "pid": 0, "step": 0, "cat": "POSIX", "name": "fprintf", "args": {"stream": "0x7fba3876e6e0"}, "pathname": "stdout", "return": 24},
{"ts": 1646628191306620, "dur": 3, "ph": "X", "tid": 0, "pid": 0, "step": 0, "cat": "POSIX", "name": "fprintf", "args": {"stream": "0x7fba3876e6e0"}, "pathname": "stdout", "return": 24},
{"ts": 1646628191306624, "dur": 2, "ph": "X", "tid": 0, "pid": 0, "step": 0, "cat": "POSIX", "name": "fprintf", "args": {"stream": "0x7fba3876e6e0"}, "pathname": "stdout", "return": 24},
{"ts": 1646628191306627, "dur": 3, "ph": "X", "tid": 0, "pid": 0, "step": 0, "cat": "POSIX", "name": "fprintf", "args": {"stream": "0x7fba3876e6e0"}, "pathname": "stdout", "return": 24},
{"ts": 1646628191306631, "dur": 3, "ph": "X", "tid": 0, "pid": 0, "step": 0, "cat": "POSIX", "name": "fprintf", "args": {"stream": "0x7fba3876e6e0"}, "pathname": "stdout", "return": 24},
{"ts": 1646628191306635, "dur": 3, "ph": "X", "tid": 0, "pid": 0, "step": 0, "cat": "POSIX", "name": "fprintf", "args": {"stream": "0x7fba3876e6e0"}, "pathname": "stdout", "return": 24},
{"ts": 1646628191306639, "dur": 2, "ph": "X", "tid": 0, "pid": 0, "step": 0, "cat": "POSIX", "name": "fprintf", "args": {"stream": "0x7fba3876e6e0"}, "pathname": "stdout", "return": 24},
{"ts": 1646628191306642, "dur": 3, "ph": "X", "tid": 0, "pid": 0, "step": 0, "cat": "POSIX", "name": "fprintf", "args": {"stream": "0x7fba3876e6e0"}, "pathname": "stdout", "return": 24},
{"ts": 1646628191306646, "dur": 3, "ph": "X", "tid": 0, "pid": 0, "step": 0, "cat": "POSIX", "name": "fprintf", "args": {"stream": "0x7fba3876e6e0"}, "pathname": "stdout", "return": 24},
{"ts": 1646628191306650, "dur": 3, "ph": "X", "tid": 0, "pid": 0, "step": 0, "cat": "POSIX", "name": "fprintf", "args": {"stream": "0x7fba3876e6e0"}, "pathname": "stdout", "return": 24},
{"ts": 1646628191306654, "dur": 2, "ph": "X", "tid": 0, "pid": 0, "step": 0, "cat": "POSIX", "name": "fprintf", "args": {"stream": "0x7fba3876e6e0"}, "pathname": "stdout", "return": 24},
{"ts": 1646628191306657, "dur": 3, "ph": "X", "tid": 0, "pid": 0, "step": 0, "cat": "POSIX", "name": "fprintf", "args": {"stream": "0x7fba3876e6e0"}, "pathname": "stdout", "return": 24},
{"ts": 1646628191306661, "dur": 3, "ph": "X", "tid": 0, "pid": 0, "step": 0, "cat": "POSIX", "name": "fprintf", "args": {"stream": "0x7fba3876e6e0"}, "pathname": "stdout", "return": 24},
{"ts": 1646628191306666, "dur": 2, "ph": "X", "tid": 0, "pid": 0, "step": 0, "cat": "POSIX", "name": "fprintf", "args": {"stream": "0x7fba3876e6e0"}, "pathname": "stdout", "return": 24},
{"ts": 1646628191306669, "dur": 2, "ph": "X", "tid": 0, "pid": 0, "step": 0, "cat": "POSIX", "name": "fprintf", "args": {"stream": "0x7fba3876e6e0"}, "pathname": "stdout", "return": 44},
{"ts": 1646628191306672, "dur": 3, "ph": "X", "tid": 0, "pid": 0, "step": 0, "cat": "POSIX", "name": "fprintf", "args": {"stream": "0x7fba3876e6e0"}, "pathname": "stdout", "return": 24},
{"ts": 1646628191306676, "dur": 2, "ph": "X", "tid": 0, "pid": 0, "step": 0, "cat": "POSIX", "name": "fprintf", "args": {"stream": "0x7fba3876e6e0"}, "pathname": "stdout", "return": 24},
{"ts": 1646628191306679, "dur": 3, "ph": "X", "tid": 0, "pid": 0, "step": 0, "cat": "POSIX", "name": "fprintf", "args": {"stream": "0x7fba3876e6e0"}, "pathname": "stdout", "return": 24},
{"ts": 1646628191306683, "dur": 3, "ph": "X", "tid": 0, "pid": 0, "step": 0, "cat": "POSIX", "name": "fprintf", "args": {"stream": "0x7fba3876e6e0"}, "pathname": "stdout", "return": 24},
{"ts": 1646628191306687, "dur": 2, "ph": "X", "tid": 0, "pid": 0, "step": 0, "cat": "POSIX", "name": "fprintf", "args": {"stream": "0x7fba3876e6e0"}, "pathname": "stdout", "return": 30},
{"ts": 1646628191306690, "dur": 3, "ph": "X", "tid": 0, "pid": 0, "step": 0, "cat": "POSIX", "name": "fprintf", "args": {"stream": "0x7fba3876e6e0"}, "pathname": "stdout", "return": 30},
{"ts": 1646628191306833, "dur": 3, "ph": "X", "tid": 0, "pid": 0, "step": 0, "cat": "POSIX", "name": "fprintf", "args": {"stream": "0x7fba3876e6e0"}, "pathname": "stdout", "return": 23},
{"ts": 1646628191306840, "dur": 2, "ph": "X", "tid": 0, "pid": 0, "step": 0, "cat": "POSIX", "name": "fprintf", "args": {"stream": "0x7fba3876e6e0"}, "pathname": "stdout", "return": 11},
{"ts": 1646628191306843, "dur": 3, "ph": "X", "tid": 0, "pid": 0, "step": 0, "cat": "POSIX", "name": "fprintf", "args": {"stream": "0x7fba3876e6e0"}, "pathname": "stdout", "return": 27},
{"ts": 1646628191306848, "dur": 2, "ph": "X", "tid": 0, "pid": 0, "step": 0, "cat": "POSIX", "name": "fprintf", "args": {"stream": "0x7fba3876e6e0"}, "pathname": "stdout", "return": 40},
{"ts": 1646628191306851, "dur": 2, "ph": "X", "tid": 0, "pid": 0, "step": 0, "cat": "POSIX", "name": "fprintf", "args": {"stream": "0x7fba3876e6e0"}, "pathname": "stdout", "return": 42},
{"ts": 1646628191306854, "dur": 3, "ph": "X", "tid": 0, "pid": 0, "step": 0, "cat": "POSIX", "name": "fprintf", "args": {"stream": "0x7fba3876e6e0"}, "pathname": "stdout", "return": 41},
{"ts": 1646628191306858, "dur": 2, "ph": "X", "tid": 0, "pid": 0, "step": 0, "cat": "POSIX", "name": "fprintf", "args": {"stream": "0x7fba3876e6e0"}, "pathname": "stdout", "return": 34},
{"ts": 1646628191306861, "dur": 3, "ph": "X", "tid": 0, "pid": 0, "step": 0, "cat": "POSIX", "name": "fprintf", "args": {"stream": "0x7fba3876e6e0"}, "pathname": "stdout", "return": 24},
{"ts": 1646628191306873, "dur": 2, "ph": "X", "tid": 0, "pid": 0, "step": 0, "cat": "POSIX", "name": "fprintf", "args": {"stream": "0x7fba3876e6e0"}, "pathname": "stdout", "return": 33},
{"ts": 1646628191306876, "dur": 3, "ph": "X", "tid": 0, "pid": 0, "step": 0, "cat": "POSIX", "name": "fprintf", "args": {"stream": "0x7fba3876e6e0"}, "pathname": "stdout", "return": 39},
{"ts": 1646628191306881, "dur": 2, "ph": "X", "tid": 0, "pid": 0, "step": 0, "cat": "POSIX", "name": "fprintf", "args": {"stream": "0x7fba3876e6e0"}, "pathname": "stdout", "return": 24},
{"ts": 1646628191306884, "dur": 2, "ph": "X", "tid": 0, "pid": 0, "step": 0, "cat": "POSIX", "name": "fprintf", "args": {"stream": "0x7fba3876e6e0"}, "pathname": "stdout", "return": 24},
{"ts": 1646628191306887, "dur": 3, "ph": "X", "tid": 0, "pid": 0, "step": 0, "cat": "POSIX", "name": "fprintf", "args": {"stream": "0x7fba3876e6e0"}, "pathname": "stdout", "return": 24},
{"ts": 1646628191306891, "dur": 3, "ph": "X", "tid": 0, "pid": 0, "step": 0, "cat": "POSIX", "name": "fprintf", "args": {"stream": "0x7fba3876e6e0"}, "pathname": "stdout", "return": 24},
{"ts": 1646628191306898, "dur": 3, "ph": "X", "tid": 0, "pid": 0, "step": 0, "cat": "POSIX", "name": "fprintf", "args": {"stream": "0x7fba3876e6e0"}, "pathname": "stdout", "return": 28},
{"ts": 1646628191306903, "dur": 2, "ph": "X", "tid": 0, "pid": 0, "step": 0, "cat": "POSIX", "name": "fprintf", "args": {"stream": "0x7fba3876e6e0"}, "pathname": "stdout", "return": 28},
{"ts": 1646628191306907, "dur": 2, "ph": "X", "tid": 0, "pid": 0, "step": 0, "cat": "POSIX", "name": "fprintf", "args": {"stream": "0x7fba3876e6e0"}, "pathname": "stdout", "return": 28},
{"ts": 1646628191306910, "dur": 2, "ph": "X", "tid": 0, "pid": 0, "step": 0, "cat": "POSIX", "name": "fprintf", "args": {"stream": "0x7fba3876e6e0"}, "pathname": "stdout", "return": 11},
{"ts": 1646628191306927, "dur": 2, "ph": "X", "tid": 0, "pid": 0, "step": 0, "cat": "POSIX", "name": "fprintf", "args": {"stream": "0x7fba3876e6e0"}, "pathname": "stdout", "return": 60},
{"ts": 1646628191306931, "dur": 3, "ph": "X", "tid": 0, "pid": 0, "step": 0, "cat": "POSIX", "name": "fwrite", "args": {"ptr": "0x41c928", "size": 1, "nmemb": 115, "stream": "0x7fba3876e6e0"}, "pathname": "stdout", "return": 115},
{"ts": 1646628191306935, "dur": 2, "ph": "X", "tid": 0, "pid": 0, "step": 0, "cat": "POSIX", "name": "fwrite", "args": {"ptr": "0x41c9a0", "size": 1, "nmemb": 115, "stream": "0x7fba3876e6e0"}, "pathname": "stdout", "return": 115},
{"ts": 1646628191307342, "dur": 4, "ph": "X", "tid": 0, "pid": 0, "step": 0, "cat": "POSIX", "name": "fprintf", "args": {"stream": "0x7fba3876e6e0"}, "pathname": "stdout", "return": 35},
{"ts": 1646628191307698, "dur": 3, "ph": "X", "tid": 0, "pid": 0, "step": 0, "cat": "POSIX", "name": "fprintf", "args": {"stream": "0x7fba3876e6e0"}, "pathname": "stdout", "return": 23},
{"ts": 1646628191307706, "dur": 3, "ph": "X", "tid": 0, "pid": 0, "step": 0, "cat": "POSIX", "name": "fwrite", "args": {"ptr": "0x418328", "size": 1, "nmemb": 34, "stream": "0x7fba3876e6e0"}, "pathname": "stdout", "return": 34},
{"ts": 1646628191307716, "dur": 3, "ph": "X", "tid": 0, "pid": 0, "step": 0, "cat": "POSIX", "name": "fwrite", "args": {"ptr": "0x418350", "size": 1, "nmemb": 32, "stream": "0x7fba3876e6e0"}, "pathname": "stdout", "return": 32},
{"ts": 1646628191307721, "dur": 3, "ph": "X", "tid": 0, "pid": 0, "step": 0, "cat": "POSIX", "name": "fprintf", "args": {"stream": "0x7fba3876e6e0"}, "pathname": "stdout", "return": 39},
{"ts": 1646628191308216, "dur": 1144, "ph": "X", "tid": 0, "pid": 0, "step": 0, "cat": "POSIX", "name": "open", "args": {"pathname": "data_dir/hdf5_write.locktest.0", "flags": 66, "mode": 420}, "return": 35},
{"ts": 1646628191309378, "dur": 37, "ph": "X", "tid": 0, "pid": 0, "step": 0, "cat": "POSIX", "name": "close", "args": {"fd": 35}, "pathname": "data_dir/hdf5_write.locktest.0", "return": 0},
{"ts": 1646628191310170, "dur": 34, "ph": "X", "tid": 0, "pid": 0, "step": 0, "cat": "POSIX", "name": "open", "args": {"pathname": "data_dir/hdf5_write", "flags": 0, "mode": 511}, "return": 35},
{"ts": 1646628191310220, "dur": 42, "ph": "X", "tid": 0, "pid": 0, "step": 0, "cat": "POSIX", "name": "open", "args": {"pathname": "/tmp/ompi.andes608.4069/jf.58918/3/hdf5_write_cid-5-4168983.sm", "flags": 66, "mode": 420}, "return": 36},
{"ts": 1646628191310266, "dur": 36, "ph": "X", "tid": 0, "pid": 0, "step": 0, "cat": "POSIX", "name": "write", "args": {"fd": 36, "buf": "0x7ffcdd702d70", "count": 40 }, "pathname": "/tmp/ompi.andes608.4069/jf.58918/3/hdf5_write_cid-5-4168983.sm", "return": 40},
{"ts": 1646628191310353, "dur": 3, "ph": "X", "tid": 0, "pid": 0, "step": 0, "cat": "POSIX", "name": "close", "args": {"fd": 36}, "pathname": "/tmp/ompi.andes608.4069/jf.58918/3/hdf5_write_cid-5-4168983.sm", "return": 0},
{"ts": 1646628191310501, "dur": 13, "ph": "X", "tid": 0, "pid": 0, "step": 0, "cat": "POSIX", "name": "lseek", "args": {"fd": 35, "offset": 0, "whence": 2}, "pathname": "data_dir/hdf5_write", "return": 4259840},
{"ts": 1646628191310516, "dur": 2, "ph": "X", "tid": 0, "pid": 0, "step": 0, "cat": "POSIX", "name": "lseek", "args": {"fd": 35, "offset": 0, "whence": 0}, "pathname": "data_dir/hdf5_write", "return": 0},
{"ts": 1646628191310916, "dur": 6, "ph": "X", "tid": 0, "pid": 0, "step": 0, "cat": "POSIX", "name": "fprintf", "args": {"stream": "0x7fba3876e6e0"}, "pathname": "stdout", "return": 60},
{"ts": 1646628191310933, "dur": 3, "ph": "X", "tid": 0, "pid": 0, "step": 0, "cat": "POSIX", "name": "fwrite", "args": {"ptr": "0x418158", "size": 1, "nmemb": 42, "stream": "0x7fba3876e6e0"}, "pathname": "stdout", "return": 42},
{"ts": 1646628191311515, "dur": 36, "ph": "X", "tid": 0, "pid": 0, "step": 0, "cat": "POSIX", "name": "close", "args": {"fd": 35}, "pathname": "data_dir/hdf5_write", "return": 0},
{"ts": 1646628191311629, "dur": 658, "ph": "X", "tid": 0, "pid": 0, "step": 0, "cat": "POSIX", "name": "open", "args": {"pathname": "data_dir/hdf5_write.locktest.0", "flags": 66, "mode": 420}, "return": 35},
{"ts": 1646628191312303, "dur": 28, "ph": "X", "tid": 0, "pid": 0, "step": 0, "cat": "POSIX", "name": "close", "args": {"fd": 35}, "pathname": "data_dir/hdf5_write.locktest.0", "return": 0},
{"ts": 1646628191313118, "dur": 21, "ph": "X", "tid": 0, "pid": 0, "step": 0, "cat": "POSIX", "name": "open", "args": {"pathname": "data_dir/hdf5_write", "flags": 0, "mode": 511}, "return": 35},
{"ts": 1646628191313156, "dur": 29, "ph": "X", "tid": 0, "pid": 0, "step": 0, "cat": "POSIX", "name": "open", "args": {"pathname": "/tmp/ompi.andes608.4069/jf.58918/3/hdf5_write_cid-3-4168983.sm", "flags": 66, "mode": 420}, "return": 36},
{"ts": 1646628191313189, "dur": 19, "ph": "X", "tid": 0, "pid": 0, "step": 0, "cat": "POSIX", "name": "write", "args": {"fd": 36, "buf": "0x7ffcdd703370", "count": 40 }, "pathname": "/tmp/ompi.andes608.4069/jf.58918/3/hdf5_write_cid-3-4168983.sm", "return": 40},
{"ts": 1646628191313228, "dur": 2, "ph": "X", "tid": 0, "pid": 0, "step": 0, "cat": "POSIX", "name": "close", "args": {"fd": 36}, "pathname": "/tmp/ompi.andes608.4069/jf.58918/3/hdf5_write_cid-3-4168983.sm", "return": 0},
{"ts": 1646628191313312, "dur": 8, "ph": "X", "tid": 0, "pid": 0, "step": 0, "cat": "POSIX", "name": "lseek", "args": {"fd": 35, "offset": 0, "whence": 2}, "pathname": "data_dir/hdf5_write", "return": 4259840},
{"ts": 1646628191313322, "dur": 1, "ph": "X", "tid": 0, "pid": 0, "step": 0, "cat": "POSIX", "name": "lseek", "args": {"fd": 35, "offset": 0, "whence": 0}, "pathname": "data_dir/hdf5_write", "return": 0},
{"ts": 1646628191313399, "dur": 15, "ph": "X", "tid": 0, "pid": 0, "step": 0, "cat": "POSIX", "name": "close", "args": {"fd": 35}, "pathname": "data_dir/hdf5_write", "return": 0},
{"ts": 1646628191313435, "dur": 7, "ph": "X", "tid": 0, "pid": 0, "step": 0, "cat": "POSIX", "name": "fprintf", "args": {"stream": "0x7fba3876e6e0"}, "pathname": "stdout", "return": 55},
{"ts": 1646628191313443, "dur": 4, "ph": "X", "tid": 0, "pid": 0, "step": 0, "cat": "POSIX", "name": "fprintf", "args": {"stream": "0x7fba3876e6e0"}, "pathname": "stdout", "return": 54},
{"ts": 1646628191313448, "dur": 4, "ph": "X", "tid": 0, "pid": 0, "step": 0, "cat": "POSIX", "name": "fprintf", "args": {"stream": "0x7fba3876e6e0"}, "pathname": "stdout", "return": 50},
{"ts": 1646628191313465, "dur": 3, "ph": "X", "tid": 0, "pid": 0, "step": 0, "cat": "POSIX", "name": "fprintf", "args": {"stream": "0x7fba3876e6e0"}, "pathname": "stdout", "return": 49},
{"ts": 1646628191313470, "dur": 2, "ph": "X", "tid": 0, "pid": 0, "step": 0, "cat": "POSIX", "name": "fprintf", "args": {"stream": "0x7fba3876e6e0"}, "pathname": "stdout", "return": 56},
{"ts": 1646628191313473, "dur": 3, "ph": "X", "tid": 0, "pid": 0, "step": 0, "cat": "POSIX", "name": "fprintf", "args": {"stream": "0x7fba3876e6e0"}, "pathname": "stdout", "return": 55},
{"ts": 1646628191313495, "dur": 3, "ph": "X", "tid": 0, "pid": 0, "step": 0, "cat": "POSIX", "name": "fprintf", "args": {"stream": "0x7fba3876e6e0"}, "pathname": "stdout", "return": 10},
{"ts": 1646628191313501, "dur": 3, "ph": "X", "tid": 0, "pid": 0, "step": 0, "cat": "POSIX", "name": "fprintf", "args": {"stream": "0x7fba3876e6e0"}, "pathname": "stdout", "return": 11},
{"ts": 1646628191313506, "dur": 4, "ph": "X", "tid": 0, "pid": 0, "step": 0, "cat": "POSIX", "name": "fprintf", "args": {"stream": "0x7fba3876e6e0"}, "pathname": "stdout", "return": 11},
{"ts": 1646628191313511, "dur": 4, "ph": "X", "tid": 0, "pid": 0, "step": 0, "cat": "POSIX", "name": "fprintf", "args": {"stream": "0x7fba3876e6e0"}, "pathname": "stdout", "return": 12},
{"ts": 1646628191313516, "dur": 4, "ph": "X", "tid": 0, "pid": 0, "step": 0, "cat": "POSIX", "name": "fprintf", "args": {"stream": "0x7fba3876e6e0"}, "pathname": "stdout", "return": 11},
{"ts": 1646628191313522, "dur": 2, "ph": "X", "tid": 0, "pid": 0, "step": 0, "cat": "POSIX", "name": "fprintf", "args": {"stream": "0x7fba3876e6e0"}, "pathname": "stdout", "return": 11},
{"ts": 1646628191313526, "dur": 3, "ph": "X", "tid": 0, "pid": 0, "step": 0, "cat": "POSIX", "name": "fprintf", "args": {"stream": "0x7fba3876e6e0"}, "pathname": "stdout", "return": 11},
{"ts": 1646628191313531, "dur": 2, "ph": "X", "tid": 0, "pid": 0, "step": 0, "cat": "POSIX", "name": "fprintf", "args": {"stream": "0x7fba3876e6e0"}, "pathname": "stdout", "return": 11},
{"ts": 1646628191313535, "dur": 2, "ph": "X", "tid": 0, "pid": 0, "step": 0, "cat": "POSIX", "name": "fprintf", "args": {"stream": "0x7fba3876e6e0"}, "pathname": "stdout", "return": 11},
{"ts": 1646628191313539, "dur": 2, "ph": "X", "tid": 0, "pid": 0, "step": 0, "cat": "POSIX", "name": "fprintf", "args": {"stream": "0x7fba3876e6e0"}, "pathname": "stdout", "return": 11},
{"ts": 1646628191313542, "dur": 3, "ph": "X", "tid": 0, "pid": 0, "step": 0, "cat": "POSIX", "name": "fprintf", "args": {"stream": "0x7fba3876e6e0"}, "pathname": "stdout", "return": 5},
{"ts": 1646628191313555, "dur": 4, "ph": "X", "tid": 0, "pid": 0, "step": 0, "cat": "POSIX", "name": "fprintf", "args": {"stream": "0x7fba3876e6e0"}, "pathname": "stdout", "return": 43},
{"ts": 1646628191313689, "dur": 3, "ph": "X", "tid": 0, "pid": 0, "step": 0, "cat": "POSIX", "name": "fwrite", "args": {"ptr": "0x41c72e", "size": 1, "nmemb": 21, "stream": "0x7fba3876e6e0"}, "pathname": "stdout", "return": 21},
{"ts": 1646628191313694, "dur": 5, "ph": "X", "tid": 0, "pid": 0, "step": 0, "cat": "POSIX", "name": "fprintf", "args": {"stream": "0x7fba3876e6e0"}, "pathname": "stdout", "return": 136},
{"ts": 1646628191313700, "dur": 2, "ph": "X", "tid": 0, "pid": 0, "step": 0, "cat": "POSIX", "name": "fwrite", "args": {"ptr": "0x41caf0", "size": 1, "nmemb": 64, "stream": "0x7fba3876e6e0"}, "pathname": "stdout", "return": 64},
{"ts": 1646628191313703, "dur": 3, "ph": "X", "tid": 0, "pid": 0, "step": 0, "cat": "POSIX", "name": "fprintf", "args": {"stream": "0x7fba3876e6e0"}, "pathname": "stdout", "return": 33},
{"ts": 1646628191313707, "dur": 4, "ph": "X", "tid": 0, "pid": 0, "step": 0, "cat": "POSIX", "name": "fwrite", "args": {"ptr": "0x41c725", "size": 1, "nmemb": 8, "stream": "0x7fba3876e6e0"}, "pathname": "stdout", "return": 8},
{"ts": 1646628191313712, "dur": 3, "ph": "X", "tid": 0, "pid": 0, "step": 0, "cat": "POSIX", "name": "fprintf", "args": {"stream": "0x7fba3876e6e0"}, "pathname": "stdout", "return": 10},
{"ts": 1646628191313717, "dur": 3, "ph": "X", "tid": 0, "pid": 0, "step": 0, "cat": "POSIX", "name": "fprintf", "args": {"stream": "0x7fba3876e6e0"}, "pathname": "stdout", "return": 11},
{"ts": 1646628191313721, "dur": 4, "ph": "X", "tid": 0, "pid": 0, "step": 0, "cat": "POSIX", "name": "fprintf", "args": {"stream": "0x7fba3876e6e0"}, "pathname": "stdout", "return": 11},
{"ts": 1646628191313726, "dur": 2, "ph": "X", "tid": 0, "pid": 0, "step": 0, "cat": "POSIX", "name": "fprintf", "args": {"stream": "0x7fba3876e6e0"}, "pathname": "stdout", "return": 11},
{"ts": 1646628191313729, "dur": 4, "ph": "X", "tid": 0, "pid": 0, "step": 0, "cat": "POSIX", "name": "fprintf", "args": {"stream": "0x7fba3876e6e0"}, "pathname": "stdout", "return": 11},
{"ts": 1646628191313734, "dur": 2, "ph": "X", "tid": 0, "pid": 0, "step": 0, "cat": "POSIX", "name": "fprintf", "args": {"stream": "0x7fba3876e6e0"}, "pathname": "stdout", "return": 11},
{"ts": 1646628191313737, "dur": 3, "ph": "X", "tid": 0, "pid": 0, "step": 0, "cat": "POSIX", "name": "fprintf", "args": {"stream": "0x7fba3876e6e0"}, "pathname": "stdout", "return": 11},
{"ts": 1646628191313741, "dur": 3, "ph": "X", "tid": 0, "pid": 0, "step": 0, "cat": "POSIX", "name": "fprintf", "args": {"stream": "0x7fba3876e6e0"}, "pathname": "stdout", "return": 11},
{"ts": 1646628191313745, "dur": 3, "ph": "X", "tid": 0, "pid": 0, "step": 0, "cat": "POSIX", "name": "fprintf", "args": {"stream": "0x7fba3876e6e0"}, "pathname": "stdout", "return": 11},
{"ts": 1646628191313749, "dur": 3, "ph": "X", "tid": 0, "pid": 0, "step": 0, "cat": "POSIX", "name": "fprintf", "args": {"stream": "0x7fba3876e6e0"}, "pathname": "stdout", "return": 11},
{"ts": 1646628191313753, "dur": 3, "ph": "X", "tid": 0, "pid": 0, "step": 0, "cat": "POSIX", "name": "fprintf", "args": {"stream": "0x7fba3876e6e0"}, "pathname": "stdout", "return": 11},
{"ts": 1646628191313757, "dur": 2, "ph": "X", "tid": 0, "pid": 0, "step": 0, "cat": "POSIX", "name": "fprintf", "args": {"stream": "0x7fba3876e6e0"}, "pathname": "stdout", "return": 14},
{"ts": 1646628191313760, "dur": 3, "ph": "X", "tid": 0, "pid": 0, "step": 0, "cat": "POSIX", "name": "fprintf", "args": {"stream": "0x7fba3876e6e0"}, "pathname": "stdout", "return": 6},
{"ts": 1646628191313764, "dur": 3, "ph": "X", "tid": 0, "pid": 0, "step": 0, "cat": "POSIX", "name": "fprintf", "args": {"stream": "0x7fba3876e6e0"}, "pathname": "stdout", "return": 7},
{"ts": 1646628191313768, "dur": 3, "ph": "X", "tid": 0, "pid": 0, "step": 0, "cat": "POSIX", "name": "fprintf", "args": {"stream": "0x7fba3876e6e0"}, "pathname": "stdout", "return": 4},
{"ts": 1646628191313772, "dur": 3, "ph": "X", "tid": 0, "pid": 0, "step": 0, "cat": "POSIX", "name": "fprintf", "args": {"stream": "0x7fba3876e6e0"}, "pathname": "stdout", "return": 5},
{"ts": 1646628191313776, "dur": 3, "ph": "X", "tid": 0, "pid": 0, "step": 0, "cat": "POSIX", "name": "fprintf", "args": {"stream": "0x7fba3876e6e0"}, "pathname": "stdout", "return": 4},
{"ts": 1646628191313780, "dur": 3, "ph": "X", "tid": 0, "pid": 0, "step": 0, "cat": "POSIX", "name": "fprintf", "args": {"stream": "0x7fba3876e6e0"}, "pathname": "stdout", "return": 6},
{"ts": 1646628191313784, "dur": 3, "ph": "X", "tid": 0, "pid": 0, "step": 0, "cat": "POSIX", "name": "fprintf", "args": {"stream": "0x7fba3876e6e0"}, "pathname": "stdout", "return": 9},
{"ts": 1646628191313788, "dur": 3, "ph": "X", "tid": 0, "pid": 0, "step": 0, "cat": "POSIX", "name": "fprintf", "args": {"stream": "0x7fba3876e6e0"}, "pathname": "stdout", "return": 10},
{"ts": 1646628191313792, "dur": 3, "ph": "X", "tid": 0, "pid": 0, "step": 0, "cat": "POSIX", "name": "fprintf", "args": {"stream": "0x7fba3876e6e0"}, "pathname": "stdout", "return": 5},
{"ts": 1646628191313796, "dur": 3, "ph": "X", "tid": 0, "pid": 0, "step": 0, "cat": "POSIX", "name": "fprintf", "args": {"stream": "0x7fba3876e6e0"}, "pathname": "stdout", "return": 7},
{"ts": 1646628191313800, "dur": 3, "ph": "X", "tid": 0, "pid": 0, "step": 0, "cat": "POSIX", "name": "fprintf", "args": {"stream": "0x7fba3876e6e0"}, "pathname": "stdout", "return": 9},
{"ts": 1646628191313812, "dur": 2, "ph": "X", "tid": 0, "pid": 0, "step": 0, "cat": "POSIX", "name": "fprintf", "args": {"stream": "0x7fba3876e6e0"}, "pathname": "stdout", "return": 9},
{"ts": 1646628191313815, "dur": 3, "ph": "X", "tid": 0, "pid": 0, "step": 0, "cat": "POSIX", "name": "fprintf", "args": {"stream": "0x7fba3876e6e0"}, "pathname": "stdout", "return": 10},
{"ts": 1646628191313819, "dur": 14, "ph": "X", "tid": 0, "pid": 0, "step": 0, "cat": "POSIX", "name": "fprintf", "args": {"stream": "0x7fba3876e6e0"}, "pathname": "stdout", "return": 5},
{"ts": 1646628191313834, "dur": 2, "ph": "X", "tid": 0, "pid": 0, "step": 0, "cat": "POSIX", "name": "fprintf", "args": {"stream": "0x7fba3876e6e0"}, "pathname": "stdout", "return": 6},
{"ts": 1646628191313843, "dur": 3, "ph": "X", "tid": 0, "pid": 0, "step": 0, "cat": "POSIX", "name": "fprintf", "args": {"stream": "0x7fba3876e6e0"}, "pathname": "stdout", "return": 47},
{"ts": 1646628191313878, "dur": 1, "ph": "X", "tid": 0, "pid": 0, "step": 0, "cat": "TAU", "name": "program exit"}
]
