[
{"ts": 1646628191301702, "dur": 41, "ph": "X", "tid": 0, "pid": 3, "step": 0, "cat": "POSIX", "name": "open", "args": {"pathname": "/proc/4168983/fd/19", "flags": 2, "mode": 511}, "return": 35},
{"ts": 1646628191301754, "dur": 3, "ph": "X", "tid": 0, "pid": 3, "step": 0, "cat": "POSIX", "name": "close", "args": {"fd": 35}, "pathname": "/proc/4168983/fd/19", "return": 0},
{"ts": 1646628191301781, "dur": 27, "ph": "X", "tid": 0, "pid": 3, "step": 0, "cat": "POSIX", "name": "write", "args": {"fd": 13, "buf": "0x7ffceef6a4d4", "count": 4 }, "pathname": "pipe", "return": 4},
{"ts": 1646628191301797, "dur": 32, "ph": "X", "tid": 0, "pid": 3, "step": 0, "cat": "POSIX", "name": "read", "args": {"fd": 12, "buf": 0x7fcbfb713c74, "count": 4}, "pathname": "pipe", "return": 4},
{"ts": 1646628191301832, "dur": 3, "ph": "X", "tid": 0, "pid": 3, "step": 0, "cat": "POSIX", "name": "read", "args": {"fd": 33, "buf": 0x7ffceef6a500, "count": 8}, "pathname": "/sys/class/infiniband/mlx5_0/ports/1/gid_attrs/types/0", "return": 18446744073709551615},
{"ts": 1646628191301841, "dur": 3, "ph": "X", "tid": 0, "pid": 3, "step": 0, "cat": "POSIX", "name": "read", "args": {"fd": 12, "buf": 0x7fcbfb713c74, "count": 4}, "pathname": "pipe", "return": 18446744073709551615},
{"ts": 1646628191307385, "dur": 38, "ph": "X", "tid": 0, "pid": 3, "step": 0, "cat": "POSIX", "name": "fprintf", "args": {"stream": "0x7fcc064436e0"}, "pathname": "stdout", "return": 35},
{"ts": 1646628191308212, "dur": 590, "ph": "X", "tid": 0, "pid": 3, "step": 0, "cat": "POSIX", "name": "open", "args": {"pathname": "data_dir/hdf5_write.locktest.3", "flags": 66, "mode": 420}, "return": 35},
{"ts": 1646628191308837, "dur": 41, "ph": "X", "tid": 0, "pid": 3, "step": 0, "cat": "POSIX", "name": "close", "args": {"fd": 35}, "pathname": "data_dir/hdf5_write.locktest.3", "return": 0},
{"ts": 1646628191310211, "dur": 72, "ph": "X", "tid": 0, "pid": 3, "step": 0, "cat": "POSIX", "name": "open", "args": {"pathname": "data_dir/hdf5_write", "flags": 0, "mode": 511}, "return": 35},
{"ts": 1646628191310301, "dur": 36, "ph": "X", "tid": 0, "pid": 3, "step": 0, "cat": "POSIX", "name": "open", "args": {"pathname": "/tmp/ompi.andes608.4069/jf.58918/3/hdf5_write_cid-5-4168983.sm", "flags": 66, "mode": 420}, "return": 36},
{"ts": 1646628191310350, "dur": 2, "ph": "X", "tid": 0, "pid": 3, "step": 0, "cat": "POSIX", "name": "close", "args": {"fd": 36}, "pathname": "/tmp/ompi.andes608.4069/jf.58918/3/hdf5_write_cid-5-4168983.sm", "return": 0},
{"ts": 1646628191311516, "dur": 62, "ph": "X", "tid": 0, "pid": 3, "step": 0, "cat": "POSIX", "name": "close", "args": {"fd": 35}, "pathname": "data_dir/hdf5_write", "return": 0},
{"ts": 1646628191311627, "dur": 560, "ph": "X", "tid": 0, "pid": 3, "step": 0, "cat": "POSIX", "name": "open", "args": {"pathname": "data_dir/hdf5_write.locktest.3", "flags": 66, "mode": 420}, "return": 35},
{"ts": 1646628191312202, "dur": 37, "ph": "X", "tid": 0, "pid": 3, "step": 0, "cat": "POSIX", "name": "close", "args": {"fd": 35}, "pathname": "data_dir/hdf5_write.locktest.3", "return": 0},
{"ts": 1646628191313146, "dur": 24, "ph": "X", "tid": 0, "pid": 3, "step": 0, "cat": "POSIX", "name": "open", "args": {"pathname": "data_dir/hdf5_write", "flags": 0, "mode": 511}, "return": 35},
{"ts": 1646628191313190, "dur": 25, "ph": "X", "tid": 0, "pid": 3, "step": 0, "cat": "POSIX", "name": "open", "args": {"pathname": "/tmp/ompi.andes608.4069/jf.58918/3/hdf5_write_cid-3-4168983.sm", "flags": 66, "mode": 420}, "return": 36},
{"ts": 1646628191313225, "dur": 2, "ph": "X", "tid": 0, "pid": 3, "step": 0, "cat": "POSIX", "name": "close", "args": {"fd": 36}, "pathname": "/tmp/ompi.andes608.4069/jf.58918/3/hdf5_write_cid-3-4168983.sm", "return": 0},
{"ts": 1646628191313347, "dur": 15, "ph": "X", "tid": 0, "pid": 3, "step": 0, "cat": "POSIX", "name": "lseek", "args": {"fd": 35, "offset": 0, "whence": 2}, "pathname": "data_dir/hdf5_write", "return": 4259840},
{"ts": 1646628191313363, "dur": 2, "ph": "X", "tid": 0, "pid": 3, "step": 0, "cat": "POSIX", "name": "lseek", "args": {"fd": 35, "offset": 0, "whence": 0}, "pathname": "data_dir/hdf5_write", "return": 0},
{"ts": 1646628191313399, "dur": 21, "ph": "X", "tid": 0, "pid": 3, "step": 0, "cat": "POSIX", "name": "close", "args": {"fd": 35}, "pathname": "data_dir/hdf5_write", "return": 0},
{"ts": 1646628191313443, "dur": 14, "ph": "X", "tid": 0, "pid": 3, "step": 0, "cat": "POSIX", "name": "fprintf", "args": {"stream": "0x7fcc064436e0"}, "pathname": "stdout", "return": 55},
{"ts": 1646628191313458, "dur": 4, "ph": "X", "tid": 0, "pid": 3, "step": 0, "cat": "POSIX", "name": "fprintf", "args": {"stream": "0x7fcc064436e0"}, "pathname": "stdout", "return": 54},
{"ts": 1646628191313463, "dur": 4, "ph": "X", "tid": 0, "pid": 3, "step": 0, "cat": "POSIX", "name": "fprintf", "args": {"stream": "0x7fcc064436e0"}, "pathname": "stdout", "return": 50},
{"ts": 1646628191313468, "dur": 3, "ph": "X", "tid": 0, "pid": 3, "step": 0, "cat": "POSIX", "name": "fprintf", "args": {"stream": "0x7fcc064436e0"}, "pathname": "stdout", "return": 49},
{"ts": 1646628191313473, "dur": 3, "ph": "X", "tid": 0, "pid": 3, "step": 0, "cat": "POSIX", "name": "fprintf", "args": {"stream": "0x7fcc064436e0"}, "pathname": "stdout", "return": 56},
{"ts": 1646628191313477, "dur": 4, "ph": "X", "tid": 0, "pid": 3, "step": 0, "cat": "POSIX", "name": "fprintf", "args": {"stream": "0x7fcc064436e0"}, "pathname": "stdout", "return": 55},
{"ts": 1646628191313718, "dur": 1, "ph": "X", "tid": 0, "pid": 3, "step": 0, "cat": "TAU", "name": "program exit"}
]
