[
{"ts": 1646628191301351, "dur": 33, "ph": "X", "tid": 0, "pid": 2, "step": 0, "cat": "POSIX", "name": "write", "args": {"fd": 13, "buf": "0x7ffd01223bc4", "count": 4 }, "pathname": "pipe", "return": 4},
{"ts": 1646628191301365, "dur": 30, "ph": "X", "tid": 0, "pid": 2, "step": 0, "cat": "POSIX", "name": "read", "args": {"fd": 12, "buf": 0x7f3023ffec74, "count": 4}, "pathname": "pipe", "return": 4},
{"ts": 1646628191301404, "dur": 3, "ph": "X", "tid": 0, "pid": 2, "step": 0, "cat": "POSIX", "name": "read", "args": {"fd": 33, "buf": 0x7ffd01223bf0, "count": 8}, "pathname": "/sys/class/infiniband/mlx5_0/ports/1/gid_attrs/types/0", "return": 18446744073709551615},
{"ts": 1646628191301409, "dur": 3, "ph": "X", "tid": 0, "pid": 2, "step": 0, "cat": "POSIX", "name": "read", "args": {"fd": 12, "buf": 0x7f3023ffec74, "count": 4}, "pathname": "pipe", "return": 18446744073709551615},
{"ts": 1646628191303774, "dur": 38, "ph": "X", "tid": 0, "pid": 2, "step": 0, "cat": "POSIX", "name": "open", "args": {"pathname": "/proc/4168984/fd/19", "flags": 2, "mode": 511}, "return": 35},
{"ts": 1646628191303831, "dur": 2, "ph": "X", "tid": 0, "pid": 2, "step": 0, "cat": "POSIX", "name": "close", "args": {"fd": 35}, "pathname": "/proc/4168984/fd/19", "return": 0},
{"ts": 1646628191307385, "dur": 38, "ph": "X", "tid": 0, "pid": 2, "step": 0, "cat": "POSIX", "name": "fprintf", "args": {"stream": "0x7f302f47f6e0"}, "pathname": "stdout", "return": 35},
{"ts": 1646628191308215, "dur": 751, "ph": "X", "tid": 0, "pid": 2, "step": 0, "cat": "POSIX", "name": "open", "args": {"pathname": "data_dir/hdf5_write.locktest.2", "flags": 66, "mode": 420}, "return": 35},
{"ts": 1646628191308997, "dur": 55, "ph": "X", "tid": 0, "pid": 2, "step": 0, "cat": "POSIX", "name": "close", "args": {"fd": 35}, "pathname": "data_dir/hdf5_write.locktest.2", "return": 0},
{"ts": 1646628191310211, "dur": 65, "ph": "X", "tid": 0, "pid": 2, "step": 0, "cat": "POSIX", "name": "open", "args": {"pathname": "data_dir/hdf5_write", "flags": 0, "mode": 511}, "return": 35},
{"ts": 1646628191310291, "dur": 32, "ph": "X", "tid": 0, "pid": 2, "step": 0, "cat": "POSIX", "name": "open", "args": {"pathname": "/tmp/ompi.andes608.4069/jf.58918/3/hdf5_write_cid-5-4168983.sm", "flags": 66, "mode": 420}, "return": 36},
{"ts": 1646628191310352, "dur": 2, "ph": "X", "tid": 0, "pid": 2, "step": 0, "cat": "POSIX", "name": "close", "args": {"fd": 36}, "pathname": "/tmp/ompi.andes608.4069/jf.58918/3/hdf5_write_cid-5-4168983.sm", "return": 0},
{"ts": 1646628191311515, "dur": 57, "ph": "X", "tid": 0, "pid": 2, "step": 0, "cat": "POSIX", "name": "close", "args": {"fd": 35}, "pathname": "data_dir/hdf5_write", "return": 0},
{"ts": 1646628191311626, "dur": 349, "ph": "X", "tid": 0, "pid": 2, "step": 0, "cat": "POSIX", "name": "open", "args": {"pathname": "data_dir/hdf5_write.locktest.2", "flags": 66, "mode": 420}, "return": 35},
{"ts": 1646628191311990, "dur": 26, "ph": "X", "tid": 0, "pid": 2, "step": 0, "cat": "POSIX", "name": "close", "args": {"fd": 35}, "pathname": "data_dir/hdf5_write.locktest.2", "return": 0},
{"ts": 1646628191313145, "dur": 17, "ph": "X", "tid": 0, "pid": 2, "step": 0, "cat": "POSIX", "name": "open", "args": {"pathname": "data_dir/hdf5_write", "flags": 0, "mode": 511}, "return": 35},
{"ts": 1646628191313173, "dur": 22, "ph": "X", "tid": 0, "pid": 2, "step": 0, "cat": "POSIX", "name": "open", "args": {"pathname": "/tmp/ompi.andes608.4069/jf.58918/3/hdf5_write_cid-3-4168983.sm", "flags": 66, "mode": 420}, "return": 36},
{"ts": 1646628191313226, "dur": 2, "ph": "X", "tid": 0, "pid": 2, "step": 0, "cat": "POSIX", "name": "close", "args": {"fd": 36}, "pathname": "/tmp/ompi.andes608.4069/jf.58918/3/hdf5_write_cid-3-4168983.sm", "return": 0},
{"ts": 1646628191313345, "dur": 7, "ph": "X", "tid": 0, "pid": 2, "step": 0, "cat": "POSIX", "name": "lseek", "args": {"fd": 35, "offset": 0, "whence": 2}, "pathname": "data_dir/hdf5_write", "return": 4259840},
{"ts": 1646628191313354, "dur": 2, "ph": "X", "tid": 0, "pid": 2, "step": 0, "cat": "POSIX", "name": "lseek", "args": {"fd": 35, "offset": 0, "whence": 0}, "pathname": "data_dir/hdf5_write", "return": 0},
{"ts": 1646628191313399, "dur": 11, "ph": "X", "tid": 0, "pid": 2, "step": 0, "cat": "POSIX", "name": "close", "args": {"fd": 35}, "pathname": "data_dir/hdf5_write", "return": 0},
{"ts": 1646628191313439, "dur": 8, "ph": "X", "tid": 0, "pid": 2, "step": 0, "cat": "POSIX", "name": "fprintf", "args": {"stream": "0x7f302f47f6e0"}, "pathname": "stdout", "return": 55},
{"ts": 1646628191313449, "dur": 3, "ph": "X", "tid": 0, "pid": 2, "step": 0, "cat": "POSIX", "name": "fprintf", "args": {"stream": "0x7f302f47f6e0"}, "pathname": "stdout", "return": 54},
{"ts": 1646628191313454, "dur": 3, "ph": "X", "tid": 0, "pid": 2, "step": 0, "cat": "POSIX", "name": "fprintf", "args": {"stream": "0x7f302f47f6e0"}, "pathname": "stdout", "return": 50},
{"ts": 1646628191313458, "dur": 3, "ph": "X", "tid": 0, "pid": 2, "step": 0, "cat": "POSIX", "name": "fprintf", "args": {"stream": "0x7f302f47f6e0"}, "pathname": "stdout", "return": 49},
{"ts": 1646628191313462, "dur": 4, "ph": "X", "tid": 0, "pid": 2, "step": 0, "cat": "POSIX", "name": "fprintf", "args": {"stream": "0x7f302f47f6e0"}, "pathname": "stdout", "return": 56},
{"ts": 1646628191313467, "dur": 4, "ph": "X", "tid": 0, "pid": 2, "step": 0, "cat": "POSIX", "name": "fprintf", "args": {"stream": "0x7f302f47f6e0"}, "pathname": "stdout", "return": 55},
{"ts": 1646628191313720, "dur": 1, "ph": "X", "tid": 0, "pid": 2, "step": 0, "cat": "TAU", "name": "program exit"}
]
