[
{"ts": 1646951041887741, "dur": 28, "ph": "X", "tid": 0, "pid": 0, "step": 0, "cat": "POSIX", "name": "write", "args": {"fd": 14, "buf": "0x7ffc0c366ba4", "count": 4 , "pathname": "pipe", "return": 4}},
{"ts": 1646951041887758, "dur": 21, "ph": "X", "tid": 0, "pid": 0, "step": 0, "cat": "POSIX", "name": "read", "args": {"fd": 13, "buf": "0x7f0b8128ac74", "count": 4, "pathname": "pipe", "return": 4}},
{"ts": 1646951041887787, "dur": 3, "ph": "X", "tid": 0, "pid": 0, "step": 0, "cat": "POSIX", "name": "read", "args": {"fd": 33, "buf": "0x7ffc0c366bd0", "count": 8, "pathname": "/sys/class/infiniband/mlx5_0/ports/1/gid_attrs/types/0", "return": 18446744073709551615}},
{"ts": 1646951041887789, "dur": 2, "ph": "X", "tid": 0, "pid": 0, "step": 0, "cat": "POSIX", "name": "read", "args": {"fd": 13, "buf": "0x7f0b8128ac74", "count": 4, "pathname": "pipe", "return": 18446744073709551615}},
{"ts": 1646951041890201, "dur": 34, "ph": "X", "tid": 0, "pid": 0, "step": 0, "cat": "POSIX", "name": "fwrite", "args": {"ptr": "0x41a580", "size": 1, "nmemb": 52, "fd": "0x7f0b8814e6e0", "pathname": "stdout", "return": 52}},
{"ts": 1646951041890275, "dur": 21, "ph": "X", "tid": 0, "pid": 0, "step": 0, "cat": "POSIX", "name": "fprintf", "args": {"fd": "0x7f0b8814e6e0", "pathname": "stdout", "return": 47}},
{"ts": 1646951041890298, "dur": 12, "ph": "X", "tid": 0, "pid": 0, "step": 0, "cat": "POSIX", "name": "fprintf", "args": {"fd": "0x7f0b8814e6e0", "pathname": "stdout", "return": 22}},
{"ts": 1646951041890312, "dur": 3, "ph": "X", "tid": 0, "pid": 0, "step": 0, "cat": "POSIX", "name": "fprintf", "args": {"fd": "0x7f0b8814e6e0", "pathname": "stdout", "return": 3}},
{"ts": 1646951041890317, "dur": 2, "ph": "X", "tid": 0, "pid": 0, "step": 0, "cat": "POSIX", "name": "fprintf", "args": {"fd": "0x7f0b8814e6e0", "pathname": "stdout", "return": 3}},
{"ts": 1646951041890320, "dur": 2, "ph": "X", "tid": 0, "pid": 0, "step": 0, "cat": "POSIX", "name": "fprintf", "args": {"fd": "0x7f0b8814e6e0", "pathname": "stdout", "return": 3}},
{"ts": 1646951041890323, "dur": 2, "ph": "X", "tid": 0, "pid": 0, "step": 0, "cat": "POSIX", "name": "fprintf", "args": {"fd": "0x7f0b8814e6e0", "pathname": "stdout", "return": 3}},
{"ts": 1646951041890327, "dur": 3, "ph": "X", "tid": 0, "pid": 0, "step": 0, "cat": "POSIX", "name": "fprintf", "args": {"fd": "0x7f0b8814e6e0", "pathname": "stdout", "return": 3}},
{"ts": 1646951041890331, "dur": 3, "ph": "X", "tid": 0, "pid": 0, "step": 0, "cat": "POSIX", "name": "fprintf", "args": {"fd": "0x7f0b8814e6e0", "pathname": "stdout", "return": 2}},
{"ts": 1646951041890335, "dur": 2, "ph": "X", "tid": 0, "pid": 0, "step": 0, "cat": "POSIX", "name": "fprintf", "args": {"fd": "0x7f0b8814e6e0", "pathname": "stdout", "return": 3}},
{"ts": 1646951041890338, "dur": 2, "ph": "X", "tid": 0, "pid": 0, "step": 0, "cat": "POSIX", "name": "fprintf", "args": {"fd": "0x7f0b8814e6e0", "pathname": "stdout", "return": 3}},
{"ts": 1646951041890341, "dur": 3, "ph": "X", "tid": 0, "pid": 0, "step": 0, "cat": "POSIX", "name": "fprintf", "args": {"fd": "0x7f0b8814e6e0", "pathname": "stdout", "return": 3}},
{"ts": 1646951041890345, "dur": 3, "ph": "X", "tid": 0, "pid": 0, "step": 0, "cat": "POSIX", "name": "fprintf", "args": {"fd": "0x7f0b8814e6e0", "pathname": "stdout", "return": 3}},
{"ts": 1646951041890349, "dur": 2, "ph": "X", "tid": 0, "pid": 0, "step": 0, "cat": "POSIX", "name": "fprintf", "args": {"fd": "0x7f0b8814e6e0", "pathname": "stdout", "return": 3}},
{"ts": 1646951041890352, "dur": 2, "ph": "X", "tid": 0, "pid": 0, "step": 0, "cat": "POSIX", "name": "fprintf", "args": {"fd": "0x7f0b8814e6e0", "pathname": "stdout", "return": 6}},
{"ts": 1646951041890356, "dur": 2, "ph": "X", "tid": 0, "pid": 0, "step": 0, "cat": "POSIX", "name": "fprintf", "args": {"fd": "0x7f0b8814e6e0", "pathname": "stdout", "return": 3}},
{"ts": 1646951041890359, "dur": 2, "ph": "X", "tid": 0, "pid": 0, "step": 0, "cat": "POSIX", "name": "fprintf", "args": {"fd": "0x7f0b8814e6e0", "pathname": "stdout", "return": 3}},
{"ts": 1646951041890362, "dur": 2, "ph": "X", "tid": 0, "pid": 0, "step": 0, "cat": "POSIX", "name": "fprintf", "args": {"fd": "0x7f0b8814e6e0", "pathname": "stdout", "return": 3}},
{"ts": 1646951041890365, "dur": 3, "ph": "X", "tid": 0, "pid": 0, "step": 0, "cat": "POSIX", "name": "fprintf", "args": {"fd": "0x7f0b8814e6e0", "pathname": "stdout", "return": 21}},
{"ts": 1646951041890371, "dur": 2, "ph": "X", "tid": 0, "pid": 0, "step": 0, "cat": "POSIX", "name": "fprintf", "args": {"fd": "0x7f0b8814e6e0", "pathname": "stdout", "return": 22}},
{"ts": 1646951041890374, "dur": 2, "ph": "X", "tid": 0, "pid": 0, "step": 0, "cat": "POSIX", "name": "fprintf", "args": {"fd": "0x7f0b8814e6e0", "pathname": "stdout", "return": 28}},
{"ts": 1646951041890377, "dur": 3, "ph": "X", "tid": 0, "pid": 0, "step": 0, "cat": "POSIX", "name": "fprintf", "args": {"fd": "0x7f0b8814e6e0", "pathname": "stdout", "return": 72}},
{"ts": 1646951041890382, "dur": 2, "ph": "X", "tid": 0, "pid": 0, "step": 0, "cat": "POSIX", "name": "fwrite", "args": {"ptr": "0x41a0d5", "size": 1, "nmemb": 22, "fd": "0x7f0b8814e6e0", "pathname": "stdout", "return": 22}},
{"ts": 1646951041890386, "dur": 2, "ph": "X", "tid": 0, "pid": 0, "step": 0, "cat": "POSIX", "name": "fprintf", "args": {"fd": "0x7f0b8814e6e0", "pathname": "stdout", "return": 20}},
{"ts": 1646951041890389, "dur": 3, "ph": "X", "tid": 0, "pid": 0, "step": 0, "cat": "POSIX", "name": "fprintf", "args": {"fd": "0x7f0b8814e6e0", "pathname": "stdout", "return": 308}},
{"ts": 1646951041890394, "dur": 3, "ph": "X", "tid": 0, "pid": 0, "step": 0, "cat": "POSIX", "name": "fprintf", "args": {"fd": "0x7f0b8814e6e0", "pathname": "stdout", "return": 1790}},
{"ts": 1646951041890398, "dur": 3, "ph": "X", "tid": 0, "pid": 0, "step": 0, "cat": "POSIX", "name": "fprintf", "args": {"fd": "0x7f0b8814e6e0", "pathname": "stdout", "return": 13}},
{"ts": 1646951041890402, "dur": 3, "ph": "X", "tid": 0, "pid": 0, "step": 0, "cat": "POSIX", "name": "fprintf", "args": {"fd": "0x7f0b8814e6e0", "pathname": "stdout", "return": 16}},
{"ts": 1646951041890406, "dur": 2, "ph": "X", "tid": 0, "pid": 0, "step": 0, "cat": "POSIX", "name": "fprintf", "args": {"fd": "0x7f0b8814e6e0", "pathname": "stdout", "return": 15}},
{"ts": 1646951041890409, "dur": 2, "ph": "X", "tid": 0, "pid": 0, "step": 0, "cat": "POSIX", "name": "fprintf", "args": {"fd": "0x7f0b8814e6e0", "pathname": "stdout", "return": 22}},
{"ts": 1646951041890412, "dur": 2, "ph": "X", "tid": 0, "pid": 0, "step": 0, "cat": "POSIX", "name": "fprintf", "args": {"fd": "0x7f0b8814e6e0", "pathname": "stdout", "return": 425}},
{"ts": 1646951041890415, "dur": 3, "ph": "X", "tid": 0, "pid": 0, "step": 0, "cat": "POSIX", "name": "fprintf", "args": {"fd": "0x7f0b8814e6e0", "pathname": "stdout", "return": 530}},
{"ts": 1646951041890419, "dur": 2, "ph": "X", "tid": 0, "pid": 0, "step": 0, "cat": "POSIX", "name": "fprintf", "args": {"fd": "0x7f0b8814e6e0", "pathname": "stdout", "return": 52}},
{"ts": 1646951041890423, "dur": 2, "ph": "X", "tid": 0, "pid": 0, "step": 0, "cat": "POSIX", "name": "fprintf", "args": {"fd": "0x7f0b8814e6e0", "pathname": "stdout", "return": 122}},
{"ts": 1646951041890426, "dur": 2, "ph": "X", "tid": 0, "pid": 0, "step": 0, "cat": "POSIX", "name": "fprintf", "args": {"fd": "0x7f0b8814e6e0", "pathname": "stdout", "return": 21}},
{"ts": 1646951041890429, "dur": 2, "ph": "X", "tid": 0, "pid": 0, "step": 0, "cat": "POSIX", "name": "fprintf", "args": {"fd": "0x7f0b8814e6e0", "pathname": "stdout", "return": 29}},
{"ts": 1646951041890432, "dur": 2, "ph": "X", "tid": 0, "pid": 0, "step": 0, "cat": "POSIX", "name": "fprintf", "args": {"fd": "0x7f0b8814e6e0", "pathname": "stdout", "return": 148}},
{"ts": 1646951041890435, "dur": 3, "ph": "X", "tid": 0, "pid": 0, "step": 0, "cat": "POSIX", "name": "fprintf", "args": {"fd": "0x7f0b8814e6e0", "pathname": "stdout", "return": 30}},
{"ts": 1646951041890439, "dur": 3, "ph": "X", "tid": 0, "pid": 0, "step": 0, "cat": "POSIX", "name": "fprintf", "args": {"fd": "0x7f0b8814e6e0", "pathname": "stdout", "return": 7}},
{"ts": 1646951041890443, "dur": 3, "ph": "X", "tid": 0, "pid": 0, "step": 0, "cat": "POSIX", "name": "fprintf", "args": {"fd": "0x7f0b8814e6e0", "pathname": "stdout", "return": 23}},
{"ts": 1646951041949074, "dur": 3, "ph": "X", "tid": 0, "pid": 0, "step": 0, "cat": "POSIX", "name": "fprintf", "args": {"fd": "0x7f0b8814e6e0", "pathname": "stdout", "return": 72}},
{"ts": 1646951041949078, "dur": 2, "ph": "X", "tid": 0, "pid": 0, "step": 0, "cat": "POSIX", "name": "fprintf", "args": {"fd": "0x7f0b8814e6e0", "pathname": "stdout", "return": 23}},
{"ts": 1646951041949081, "dur": 9, "ph": "X", "tid": 0, "pid": 0, "step": 0, "cat": "POSIX", "name": "fprintf", "args": {"fd": "0x7f0b8814e6e0", "pathname": "stdout", "return": 41}},
{"ts": 1646951041949091, "dur": 3, "ph": "X", "tid": 0, "pid": 0, "step": 0, "cat": "POSIX", "name": "fprintf", "args": {"fd": "0x7f0b8814e6e0", "pathname": "stdout", "return": 17}},
{"ts": 1646951041949095, "dur": 3, "ph": "X", "tid": 0, "pid": 0, "step": 0, "cat": "POSIX", "name": "fprintf", "args": {"fd": "0x7f0b8814e6e0", "pathname": "stdout", "return": 71}},
{"ts": 1646951041949099, "dur": 3, "ph": "X", "tid": 0, "pid": 0, "step": 0, "cat": "POSIX", "name": "fprintf", "args": {"fd": "0x7f0b8814e6e0", "pathname": "stdout", "return": 35}},
{"ts": 1646951041949103, "dur": 2, "ph": "X", "tid": 0, "pid": 0, "step": 0, "cat": "POSIX", "name": "fprintf", "args": {"fd": "0x7f0b8814e6e0", "pathname": "stdout", "return": 11}},
{"ts": 1646951041949106, "dur": 2, "ph": "X", "tid": 0, "pid": 0, "step": 0, "cat": "POSIX", "name": "fprintf", "args": {"fd": "0x7f0b8814e6e0", "pathname": "stdout", "return": 32}},
{"ts": 1646951041949109, "dur": 2, "ph": "X", "tid": 0, "pid": 0, "step": 0, "cat": "POSIX", "name": "fprintf", "args": {"fd": "0x7f0b8814e6e0", "pathname": "stdout", "return": 36}},
{"ts": 1646951041949112, "dur": 3, "ph": "X", "tid": 0, "pid": 0, "step": 0, "cat": "POSIX", "name": "fprintf", "args": {"fd": "0x7f0b8814e6e0", "pathname": "stdout", "return": 31}},
{"ts": 1646951041949116, "dur": 3, "ph": "X", "tid": 0, "pid": 0, "step": 0, "cat": "POSIX", "name": "fprintf", "args": {"fd": "0x7f0b8814e6e0", "pathname": "stdout", "return": 280}},
{"ts": 1646951041949120, "dur": 2, "ph": "X", "tid": 0, "pid": 0, "step": 0, "cat": "POSIX", "name": "fprintf", "args": {"fd": "0x7f0b8814e6e0", "pathname": "stdout", "return": 129}},
{"ts": 1646951041949123, "dur": 2, "ph": "X", "tid": 0, "pid": 0, "step": 0, "cat": "POSIX", "name": "fprintf", "args": {"fd": "0x7f0b8814e6e0", "pathname": "stdout", "return": 15}},
{"ts": 1646951041949126, "dur": 3, "ph": "X", "tid": 0, "pid": 0, "step": 0, "cat": "POSIX", "name": "fprintf", "args": {"fd": "0x7f0b8814e6e0", "pathname": "stdout", "return": 34}},
{"ts": 1646951041949130, "dur": 3, "ph": "X", "tid": 0, "pid": 0, "step": 0, "cat": "POSIX", "name": "fprintf", "args": {"fd": "0x7f0b8814e6e0", "pathname": "stdout", "return": 25}},
{"ts": 1646951041949134, "dur": 3, "ph": "X", "tid": 0, "pid": 0, "step": 0, "cat": "POSIX", "name": "fprintf", "args": {"fd": "0x7f0b8814e6e0", "pathname": "stdout", "return": 18}},
{"ts": 1646951041949138, "dur": 2, "ph": "X", "tid": 0, "pid": 0, "step": 0, "cat": "POSIX", "name": "fprintf", "args": {"fd": "0x7f0b8814e6e0", "pathname": "stdout", "return": 39}},
{"ts": 1646951041949141, "dur": 3, "ph": "X", "tid": 0, "pid": 0, "step": 0, "cat": "POSIX", "name": "fprintf", "args": {"fd": "0x7f0b8814e6e0", "pathname": "stdout", "return": 152}},
{"ts": 1646951041949145, "dur": 3, "ph": "X", "tid": 0, "pid": 0, "step": 0, "cat": "POSIX", "name": "fprintf", "args": {"fd": "0x7f0b8814e6e0", "pathname": "stdout", "return": 87}},
{"ts": 1646951041949149, "dur": 2, "ph": "X", "tid": 0, "pid": 0, "step": 0, "cat": "POSIX", "name": "fprintf", "args": {"fd": "0x7f0b8814e6e0", "pathname": "stdout", "return": 15}},
{"ts": 1646951041949152, "dur": 2, "ph": "X", "tid": 0, "pid": 0, "step": 0, "cat": "POSIX", "name": "fprintf", "args": {"fd": "0x7f0b8814e6e0", "pathname": "stdout", "return": 20}},
{"ts": 1646951041949155, "dur": 2, "ph": "X", "tid": 0, "pid": 0, "step": 0, "cat": "POSIX", "name": "fprintf", "args": {"fd": "0x7f0b8814e6e0", "pathname": "stdout", "return": 141}},
{"ts": 1646951041949158, "dur": 3, "ph": "X", "tid": 0, "pid": 0, "step": 0, "cat": "POSIX", "name": "fprintf", "args": {"fd": "0x7f0b8814e6e0", "pathname": "stdout", "return": 34}},
{"ts": 1646951041949162, "dur": 3, "ph": "X", "tid": 0, "pid": 0, "step": 0, "cat": "POSIX", "name": "fprintf", "args": {"fd": "0x7f0b8814e6e0", "pathname": "stdout", "return": 242}},
{"ts": 1646951041949167, "dur": 2, "ph": "X", "tid": 0, "pid": 0, "step": 0, "cat": "POSIX", "name": "fprintf", "args": {"fd": "0x7f0b8814e6e0", "pathname": "stdout", "return": 155}},
{"ts": 1646951041949170, "dur": 2, "ph": "X", "tid": 0, "pid": 0, "step": 0, "cat": "POSIX", "name": "fprintf", "args": {"fd": "0x7f0b8814e6e0", "pathname": "stdout", "return": 41}},
{"ts": 1646951041949173, "dur": 2, "ph": "X", "tid": 0, "pid": 0, "step": 0, "cat": "POSIX", "name": "fprintf", "args": {"fd": "0x7f0b8814e6e0", "pathname": "stdout", "return": 25}},
{"ts": 1646951041949176, "dur": 3, "ph": "X", "tid": 0, "pid": 0, "step": 0, "cat": "POSIX", "name": "fprintf", "args": {"fd": "0x7f0b8814e6e0", "pathname": "stdout", "return": 81}},
{"ts": 1646951041949180, "dur": 3, "ph": "X", "tid": 0, "pid": 0, "step": 0, "cat": "POSIX", "name": "fprintf", "args": {"fd": "0x7f0b8814e6e0", "pathname": "stdout", "return": 338}},
{"ts": 1646951041949184, "dur": 3, "ph": "X", "tid": 0, "pid": 0, "step": 0, "cat": "POSIX", "name": "fprintf", "args": {"fd": "0x7f0b8814e6e0", "pathname": "stdout", "return": 23}},
{"ts": 1646951041949188, "dur": 3, "ph": "X", "tid": 0, "pid": 0, "step": 0, "cat": "POSIX", "name": "fprintf", "args": {"fd": "0x7f0b8814e6e0", "pathname": "stdout", "return": 14}},
{"ts": 1646951041949192, "dur": 3, "ph": "X", "tid": 0, "pid": 0, "step": 0, "cat": "POSIX", "name": "fprintf", "args": {"fd": "0x7f0b8814e6e0", "pathname": "stdout", "return": 47}},
{"ts": 1646951041949196, "dur": 3, "ph": "X", "tid": 0, "pid": 0, "step": 0, "cat": "POSIX", "name": "fprintf", "args": {"fd": "0x7f0b8814e6e0", "pathname": "stdout", "return": 124}},
{"ts": 1646951041949200, "dur": 3, "ph": "X", "tid": 0, "pid": 0, "step": 0, "cat": "POSIX", "name": "fprintf", "args": {"fd": "0x7f0b8814e6e0", "pathname": "stdout", "return": 21}},
{"ts": 1646951041949204, "dur": 3, "ph": "X", "tid": 0, "pid": 0, "step": 0, "cat": "POSIX", "name": "fprintf", "args": {"fd": "0x7f0b8814e6e0", "pathname": "stdout", "return": 14}},
{"ts": 1646951041949208, "dur": 3, "ph": "X", "tid": 0, "pid": 0, "step": 0, "cat": "POSIX", "name": "fprintf", "args": {"fd": "0x7f0b8814e6e0", "pathname": "stdout", "return": 15}},
{"ts": 1646951041949212, "dur": 3, "ph": "X", "tid": 0, "pid": 0, "step": 0, "cat": "POSIX", "name": "fprintf", "args": {"fd": "0x7f0b8814e6e0", "pathname": "stdout", "return": 38}},
{"ts": 1646951041949216, "dur": 3, "ph": "X", "tid": 0, "pid": 0, "step": 0, "cat": "POSIX", "name": "fprintf", "args": {"fd": "0x7f0b8814e6e0", "pathname": "stdout", "return": 28}},
{"ts": 1646951041949220, "dur": 3, "ph": "X", "tid": 0, "pid": 0, "step": 0, "cat": "POSIX", "name": "fprintf", "args": {"fd": "0x7f0b8814e6e0", "pathname": "stdout", "return": 124}},
{"ts": 1646951041949224, "dur": 3, "ph": "X", "tid": 0, "pid": 0, "step": 0, "cat": "POSIX", "name": "fprintf", "args": {"fd": "0x7f0b8814e6e0", "pathname": "stdout", "return": 12}},
{"ts": 1646951041949228, "dur": 3, "ph": "X", "tid": 0, "pid": 0, "step": 0, "cat": "POSIX", "name": "fprintf", "args": {"fd": "0x7f0b8814e6e0", "pathname": "stdout", "return": 356}},
{"ts": 1646951041949232, "dur": 3, "ph": "X", "tid": 0, "pid": 0, "step": 0, "cat": "POSIX", "name": "fprintf", "args": {"fd": "0x7f0b8814e6e0", "pathname": "stdout", "return": 84}},
{"ts": 1646951041949236, "dur": 2, "ph": "X", "tid": 0, "pid": 0, "step": 0, "cat": "POSIX", "name": "fprintf", "args": {"fd": "0x7f0b8814e6e0", "pathname": "stdout", "return": 30}},
{"ts": 1646951041949239, "dur": 2, "ph": "X", "tid": 0, "pid": 0, "step": 0, "cat": "POSIX", "name": "fprintf", "args": {"fd": "0x7f0b8814e6e0", "pathname": "stdout", "return": 59}},
{"ts": 1646951041949242, "dur": 3, "ph": "X", "tid": 0, "pid": 0, "step": 0, "cat": "POSIX", "name": "fprintf", "args": {"fd": "0x7f0b8814e6e0", "pathname": "stdout", "return": 35}},
{"ts": 1646951041951375, "dur": 3, "ph": "X", "tid": 0, "pid": 0, "step": 0, "cat": "POSIX", "name": "fprintf", "args": {"fd": "0x7f0b8814e6e0", "pathname": "stdout", "return": 28}},
{"ts": 1646951041951379, "dur": 2, "ph": "X", "tid": 0, "pid": 0, "step": 0, "cat": "POSIX", "name": "fprintf", "args": {"fd": "0x7f0b8814e6e0", "pathname": "stdout", "return": 24}},
{"ts": 1646951041951382, "dur": 2, "ph": "X", "tid": 0, "pid": 0, "step": 0, "cat": "POSIX", "name": "fprintf", "args": {"fd": "0x7f0b8814e6e0", "pathname": "stdout", "return": 10}},
{"ts": 1646951041951385, "dur": 2, "ph": "X", "tid": 0, "pid": 0, "step": 0, "cat": "POSIX", "name": "fprintf", "args": {"fd": "0x7f0b8814e6e0", "pathname": "stdout", "return": 25}},
{"ts": 1646951041951389, "dur": 2, "ph": "X", "tid": 0, "pid": 0, "step": 0, "cat": "POSIX", "name": "fprintf", "args": {"fd": "0x7f0b8814e6e0", "pathname": "stdout", "return": 124}},
{"ts": 1646951041951392, "dur": 2, "ph": "X", "tid": 0, "pid": 0, "step": 0, "cat": "POSIX", "name": "fprintf", "args": {"fd": "0x7f0b8814e6e0", "pathname": "stdout", "return": 24}},
{"ts": 1646951041951395, "dur": 2, "ph": "X", "tid": 0, "pid": 0, "step": 0, "cat": "POSIX", "name": "fprintf", "args": {"fd": "0x7f0b8814e6e0", "pathname": "stdout", "return": 34}},
{"ts": 1646951041951398, "dur": 2, "ph": "X", "tid": 0, "pid": 0, "step": 0, "cat": "POSIX", "name": "fprintf", "args": {"fd": "0x7f0b8814e6e0", "pathname": "stdout", "return": 20}},
{"ts": 1646951041951402, "dur": 2, "ph": "X", "tid": 0, "pid": 0, "step": 0, "cat": "POSIX", "name": "fprintf", "args": {"fd": "0x7f0b8814e6e0", "pathname": "stdout", "return": 35}},
{"ts": 1646951041951405, "dur": 2, "ph": "X", "tid": 0, "pid": 0, "step": 0, "cat": "POSIX", "name": "fprintf", "args": {"fd": "0x7f0b8814e6e0", "pathname": "stdout", "return": 15}},
{"ts": 1646951041951408, "dur": 2, "ph": "X", "tid": 0, "pid": 0, "step": 0, "cat": "POSIX", "name": "fprintf", "args": {"fd": "0x7f0b8814e6e0", "pathname": "stdout", "return": 58}},
{"ts": 1646951041951411, "dur": 3, "ph": "X", "tid": 0, "pid": 0, "step": 0, "cat": "POSIX", "name": "fprintf", "args": {"fd": "0x7f0b8814e6e0", "pathname": "stdout", "return": 17}},
{"ts": 1646951041951415, "dur": 3, "ph": "X", "tid": 0, "pid": 0, "step": 0, "cat": "POSIX", "name": "fprintf", "args": {"fd": "0x7f0b8814e6e0", "pathname": "stdout", "return": 27}},
{"ts": 1646951041951419, "dur": 3, "ph": "X", "tid": 0, "pid": 0, "step": 0, "cat": "POSIX", "name": "fprintf", "args": {"fd": "0x7f0b8814e6e0", "pathname": "stdout", "return": 41}},
{"ts": 1646951041951424, "dur": 2, "ph": "X", "tid": 0, "pid": 0, "step": 0, "cat": "POSIX", "name": "fprintf", "args": {"fd": "0x7f0b8814e6e0", "pathname": "stdout", "return": 31}},
{"ts": 1646951041951427, "dur": 2, "ph": "X", "tid": 0, "pid": 0, "step": 0, "cat": "POSIX", "name": "fprintf", "args": {"fd": "0x7f0b8814e6e0", "pathname": "stdout", "return": 14}},
{"ts": 1646951041951430, "dur": 2, "ph": "X", "tid": 0, "pid": 0, "step": 0, "cat": "POSIX", "name": "fprintf", "args": {"fd": "0x7f0b8814e6e0", "pathname": "stdout", "return": 29}},
{"ts": 1646951041951433, "dur": 3, "ph": "X", "tid": 0, "pid": 0, "step": 0, "cat": "POSIX", "name": "fprintf", "args": {"fd": "0x7f0b8814e6e0", "pathname": "stdout", "return": 46}},
{"ts": 1646951041951437, "dur": 3, "ph": "X", "tid": 0, "pid": 0, "step": 0, "cat": "POSIX", "name": "fprintf", "args": {"fd": "0x7f0b8814e6e0", "pathname": "stdout", "return": 24}},
{"ts": 1646951041951441, "dur": 3, "ph": "X", "tid": 0, "pid": 0, "step": 0, "cat": "POSIX", "name": "fprintf", "args": {"fd": "0x7f0b8814e6e0", "pathname": "stdout", "return": 54}},
{"ts": 1646951041951445, "dur": 3, "ph": "X", "tid": 0, "pid": 0, "step": 0, "cat": "POSIX", "name": "fprintf", "args": {"fd": "0x7f0b8814e6e0", "pathname": "stdout", "return": 26}},
{"ts": 1646951041951449, "dur": 3, "ph": "X", "tid": 0, "pid": 0, "step": 0, "cat": "POSIX", "name": "fprintf", "args": {"fd": "0x7f0b8814e6e0", "pathname": "stdout", "return": 41}},
{"ts": 1646951041951453, "dur": 3, "ph": "X", "tid": 0, "pid": 0, "step": 0, "cat": "POSIX", "name": "fprintf", "args": {"fd": "0x7f0b8814e6e0", "pathname": "stdout", "return": 78}},
{"ts": 1646951041951457, "dur": 7, "ph": "X", "tid": 0, "pid": 0, "step": 0, "cat": "POSIX", "name": "fprintf", "args": {"fd": "0x7f0b8814e6e0", "pathname": "stdout", "return": 142}},
{"ts": 1646951041951465, "dur": 2, "ph": "X", "tid": 0, "pid": 0, "step": 0, "cat": "POSIX", "name": "fprintf", "args": {"fd": "0x7f0b8814e6e0", "pathname": "stdout", "return": 29}},
{"ts": 1646951041951468, "dur": 2, "ph": "X", "tid": 0, "pid": 0, "step": 0, "cat": "POSIX", "name": "fprintf", "args": {"fd": "0x7f0b8814e6e0", "pathname": "stdout", "return": 19}},
{"ts": 1646951041951471, "dur": 3, "ph": "X", "tid": 0, "pid": 0, "step": 0, "cat": "POSIX", "name": "fprintf", "args": {"fd": "0x7f0b8814e6e0", "pathname": "stdout", "return": 26}},
{"ts": 1646951041951475, "dur": 3, "ph": "X", "tid": 0, "pid": 0, "step": 0, "cat": "POSIX", "name": "fprintf", "args": {"fd": "0x7f0b8814e6e0", "pathname": "stdout", "return": 12}},
{"ts": 1646951041951479, "dur": 3, "ph": "X", "tid": 0, "pid": 0, "step": 0, "cat": "POSIX", "name": "fprintf", "args": {"fd": "0x7f0b8814e6e0", "pathname": "stdout", "return": 123}},
{"ts": 1646951041951483, "dur": 3, "ph": "X", "tid": 0, "pid": 0, "step": 0, "cat": "POSIX", "name": "fprintf", "args": {"fd": "0x7f0b8814e6e0", "pathname": "stdout", "return": 143}},
{"ts": 1646951041951487, "dur": 3, "ph": "X", "tid": 0, "pid": 0, "step": 0, "cat": "POSIX", "name": "fprintf", "args": {"fd": "0x7f0b8814e6e0", "pathname": "stdout", "return": 15}},
{"ts": 1646951041951491, "dur": 3, "ph": "X", "tid": 0, "pid": 0, "step": 0, "cat": "POSIX", "name": "fprintf", "args": {"fd": "0x7f0b8814e6e0", "pathname": "stdout", "return": 19}},
{"ts": 1646951041951495, "dur": 3, "ph": "X", "tid": 0, "pid": 0, "step": 0, "cat": "POSIX", "name": "fprintf", "args": {"fd": "0x7f0b8814e6e0", "pathname": "stdout", "return": 530}},
{"ts": 1646951041951499, "dur": 3, "ph": "X", "tid": 0, "pid": 0, "step": 0, "cat": "POSIX", "name": "fprintf", "args": {"fd": "0x7f0b8814e6e0", "pathname": "stdout", "return": 33}},
{"ts": 1646951041951503, "dur": 3, "ph": "X", "tid": 0, "pid": 0, "step": 0, "cat": "POSIX", "name": "fprintf", "args": {"fd": "0x7f0b8814e6e0", "pathname": "stdout", "return": 59}},
{"ts": 1646951041951507, "dur": 3, "ph": "X", "tid": 0, "pid": 0, "step": 0, "cat": "POSIX", "name": "fprintf", "args": {"fd": "0x7f0b8814e6e0", "pathname": "stdout", "return": 84}},
{"ts": 1646951041951511, "dur": 3, "ph": "X", "tid": 0, "pid": 0, "step": 0, "cat": "POSIX", "name": "fprintf", "args": {"fd": "0x7f0b8814e6e0", "pathname": "stdout", "return": 274}},
{"ts": 1646951041951515, "dur": 3, "ph": "X", "tid": 0, "pid": 0, "step": 0, "cat": "POSIX", "name": "fprintf", "args": {"fd": "0x7f0b8814e6e0", "pathname": "stdout", "return": 530}},
{"ts": 1646951041951519, "dur": 3, "ph": "X", "tid": 0, "pid": 0, "step": 0, "cat": "POSIX", "name": "fprintf", "args": {"fd": "0x7f0b8814e6e0", "pathname": "stdout", "return": 26}},
{"ts": 1646951041951523, "dur": 3, "ph": "X", "tid": 0, "pid": 0, "step": 0, "cat": "POSIX", "name": "fprintf", "args": {"fd": "0x7f0b8814e6e0", "pathname": "stdout", "return": 122}},
{"ts": 1646951041951527, "dur": 3, "ph": "X", "tid": 0, "pid": 0, "step": 0, "cat": "POSIX", "name": "fprintf", "args": {"fd": "0x7f0b8814e6e0", "pathname": "stdout", "return": 25}},
{"ts": 1646951041951531, "dur": 3, "ph": "X", "tid": 0, "pid": 0, "step": 0, "cat": "POSIX", "name": "fprintf", "args": {"fd": "0x7f0b8814e6e0", "pathname": "stdout", "return": 21}},
{"ts": 1646951041951535, "dur": 3, "ph": "X", "tid": 0, "pid": 0, "step": 0, "cat": "POSIX", "name": "fprintf", "args": {"fd": "0x7f0b8814e6e0", "pathname": "stdout", "return": 33}},
{"ts": 1646951041951539, "dur": 3, "ph": "X", "tid": 0, "pid": 0, "step": 0, "cat": "POSIX", "name": "fprintf", "args": {"fd": "0x7f0b8814e6e0", "pathname": "stdout", "return": 20}},
{"ts": 1646951041951543, "dur": 3, "ph": "X", "tid": 0, "pid": 0, "step": 0, "cat": "POSIX", "name": "fprintf", "args": {"fd": "0x7f0b8814e6e0", "pathname": "stdout", "return": 30}},
{"ts": 1646951041951556, "dur": 2, "ph": "X", "tid": 0, "pid": 0, "step": 0, "cat": "POSIX", "name": "fprintf", "args": {"fd": "0x7f0b8814e6e0", "pathname": "stdout", "return": 43}},
{"ts": 1646951041951559, "dur": 3, "ph": "X", "tid": 0, "pid": 0, "step": 0, "cat": "POSIX", "name": "fprintf", "args": {"fd": "0x7f0b8814e6e0", "pathname": "stdout", "return": 34}},
{"ts": 1646951041951563, "dur": 3, "ph": "X", "tid": 0, "pid": 0, "step": 0, "cat": "POSIX", "name": "fprintf", "args": {"fd": "0x7f0b8814e6e0", "pathname": "stdout", "return": 22}},
{"ts": 1646951041951567, "dur": 3, "ph": "X", "tid": 0, "pid": 0, "step": 0, "cat": "POSIX", "name": "fprintf", "args": {"fd": "0x7f0b8814e6e0", "pathname": "stdout", "return": 22}},
{"ts": 1646951041951571, "dur": 3, "ph": "X", "tid": 0, "pid": 0, "step": 0, "cat": "POSIX", "name": "fprintf", "args": {"fd": "0x7f0b8814e6e0", "pathname": "stdout", "return": 25}},
{"ts": 1646951041951575, "dur": 3, "ph": "X", "tid": 0, "pid": 0, "step": 0, "cat": "POSIX", "name": "fprintf", "args": {"fd": "0x7f0b8814e6e0", "pathname": "stdout", "return": 20}},
{"ts": 1646951041951579, "dur": 3, "ph": "X", "tid": 0, "pid": 0, "step": 0, "cat": "POSIX", "name": "fprintf", "args": {"fd": "0x7f0b8814e6e0", "pathname": "stdout", "return": 16}},
{"ts": 1646951041951583, "dur": 3, "ph": "X", "tid": 0, "pid": 0, "step": 0, "cat": "POSIX", "name": "fprintf", "args": {"fd": "0x7f0b8814e6e0", "pathname": "stdout", "return": 19}},
{"ts": 1646951041951587, "dur": 3, "ph": "X", "tid": 0, "pid": 0, "step": 0, "cat": "POSIX", "name": "fprintf", "args": {"fd": "0x7f0b8814e6e0", "pathname": "stdout", "return": 20}},
{"ts": 1646951041951591, "dur": 3, "ph": "X", "tid": 0, "pid": 0, "step": 0, "cat": "POSIX", "name": "fprintf", "args": {"fd": "0x7f0b8814e6e0", "pathname": "stdout", "return": 26}},
{"ts": 1646951041951595, "dur": 2, "ph": "X", "tid": 0, "pid": 0, "step": 0, "cat": "POSIX", "name": "fprintf", "args": {"fd": "0x7f0b8814e6e0", "pathname": "stdout", "return": 25}},
{"ts": 1646951041951598, "dur": 3, "ph": "X", "tid": 0, "pid": 0, "step": 0, "cat": "POSIX", "name": "fprintf", "args": {"fd": "0x7f0b8814e6e0", "pathname": "stdout", "return": 31}},
{"ts": 1646951041951602, "dur": 2, "ph": "X", "tid": 0, "pid": 0, "step": 0, "cat": "POSIX", "name": "fprintf", "args": {"fd": "0x7f0b8814e6e0", "pathname": "stdout", "return": 25}},
{"ts": 1646951041951605, "dur": 2, "ph": "X", "tid": 0, "pid": 0, "step": 0, "cat": "POSIX", "name": "fprintf", "args": {"fd": "0x7f0b8814e6e0", "pathname": "stdout", "return": 34}},
{"ts": 1646951041951608, "dur": 3, "ph": "X", "tid": 0, "pid": 0, "step": 0, "cat": "POSIX", "name": "fprintf", "args": {"fd": "0x7f0b8814e6e0", "pathname": "stdout", "return": 24}},
{"ts": 1646951041951612, "dur": 3, "ph": "X", "tid": 0, "pid": 0, "step": 0, "cat": "POSIX", "name": "fprintf", "args": {"fd": "0x7f0b8814e6e0", "pathname": "stdout", "return": 19}},
{"ts": 1646951041951616, "dur": 3, "ph": "X", "tid": 0, "pid": 0, "step": 0, "cat": "POSIX", "name": "fprintf", "args": {"fd": "0x7f0b8814e6e0", "pathname": "stdout", "return": 15}},
{"ts": 1646951041951620, "dur": 3, "ph": "X", "tid": 0, "pid": 0, "step": 0, "cat": "POSIX", "name": "fprintf", "args": {"fd": "0x7f0b8814e6e0", "pathname": "stdout", "return": 8}},
{"ts": 1646951041951624, "dur": 3, "ph": "X", "tid": 0, "pid": 0, "step": 0, "cat": "POSIX", "name": "fprintf", "args": {"fd": "0x7f0b8814e6e0", "pathname": "stdout", "return": 41}},
{"ts": 1646951041951628, "dur": 3, "ph": "X", "tid": 0, "pid": 0, "step": 0, "cat": "POSIX", "name": "fprintf", "args": {"fd": "0x7f0b8814e6e0", "pathname": "stdout", "return": 68}},
{"ts": 1646951041951632, "dur": 3, "ph": "X", "tid": 0, "pid": 0, "step": 0, "cat": "POSIX", "name": "fprintf", "args": {"fd": "0x7f0b8814e6e0", "pathname": "stdout", "return": 124}},
{"ts": 1646951041951636, "dur": 3, "ph": "X", "tid": 0, "pid": 0, "step": 0, "cat": "POSIX", "name": "fprintf", "args": {"fd": "0x7f0b8814e6e0", "pathname": "stdout", "return": 25}},
{"ts": 1646951041951640, "dur": 3, "ph": "X", "tid": 0, "pid": 0, "step": 0, "cat": "POSIX", "name": "fprintf", "args": {"fd": "0x7f0b8814e6e0", "pathname": "stdout", "return": 32}},
{"ts": 1646951041951644, "dur": 3, "ph": "X", "tid": 0, "pid": 0, "step": 0, "cat": "POSIX", "name": "fprintf", "args": {"fd": "0x7f0b8814e6e0", "pathname": "stdout", "return": 282}},
{"ts": 1646951041951648, "dur": 2, "ph": "X", "tid": 0, "pid": 0, "step": 0, "cat": "POSIX", "name": "fprintf", "args": {"fd": "0x7f0b8814e6e0", "pathname": "stdout", "return": 14}},
{"ts": 1646951041951652, "dur": 2, "ph": "X", "tid": 0, "pid": 0, "step": 0, "cat": "POSIX", "name": "fprintf", "args": {"fd": "0x7f0b8814e6e0", "pathname": "stdout", "return": 29}},
{"ts": 1646951041951655, "dur": 2, "ph": "X", "tid": 0, "pid": 0, "step": 0, "cat": "POSIX", "name": "fprintf", "args": {"fd": "0x7f0b8814e6e0", "pathname": "stdout", "return": 78}},
{"ts": 1646951041951658, "dur": 2, "ph": "X", "tid": 0, "pid": 0, "step": 0, "cat": "POSIX", "name": "fprintf", "args": {"fd": "0x7f0b8814e6e0", "pathname": "stdout", "return": 30}},
{"ts": 1646951041951661, "dur": 3, "ph": "X", "tid": 0, "pid": 0, "step": 0, "cat": "POSIX", "name": "fprintf", "args": {"fd": "0x7f0b8814e6e0", "pathname": "stdout", "return": 327}},
{"ts": 1646951041951665, "dur": 2, "ph": "X", "tid": 0, "pid": 0, "step": 0, "cat": "POSIX", "name": "fprintf", "args": {"fd": "0x7f0b8814e6e0", "pathname": "stdout", "return": 20}},
{"ts": 1646951041951668, "dur": 2, "ph": "X", "tid": 0, "pid": 0, "step": 0, "cat": "POSIX", "name": "fprintf", "args": {"fd": "0x7f0b8814e6e0", "pathname": "stdout", "return": 31}},
{"ts": 1646951041951671, "dur": 3, "ph": "X", "tid": 0, "pid": 0, "step": 0, "cat": "POSIX", "name": "fprintf", "args": {"fd": "0x7f0b8814e6e0", "pathname": "stdout", "return": 17}},
{"ts": 1646951041951675, "dur": 3, "ph": "X", "tid": 0, "pid": 0, "step": 0, "cat": "POSIX", "name": "fprintf", "args": {"fd": "0x7f0b8814e6e0", "pathname": "stdout", "return": 55}},
{"ts": 1646951041951679, "dur": 3, "ph": "X", "tid": 0, "pid": 0, "step": 0, "cat": "POSIX", "name": "fprintf", "args": {"fd": "0x7f0b8814e6e0", "pathname": "stdout", "return": 32}},
{"ts": 1646951041951683, "dur": 3, "ph": "X", "tid": 0, "pid": 0, "step": 0, "cat": "POSIX", "name": "fprintf", "args": {"fd": "0x7f0b8814e6e0", "pathname": "stdout", "return": 133}},
{"ts": 1646951041951687, "dur": 2, "ph": "X", "tid": 0, "pid": 0, "step": 0, "cat": "POSIX", "name": "fprintf", "args": {"fd": "0x7f0b8814e6e0", "pathname": "stdout", "return": 15}},
{"ts": 1646951041951691, "dur": 2, "ph": "X", "tid": 0, "pid": 0, "step": 0, "cat": "POSIX", "name": "fprintf", "args": {"fd": "0x7f0b8814e6e0", "pathname": "stdout", "return": 38}},
{"ts": 1646951041951694, "dur": 2, "ph": "X", "tid": 0, "pid": 0, "step": 0, "cat": "POSIX", "name": "fprintf", "args": {"fd": "0x7f0b8814e6e0", "pathname": "stdout", "return": 22}},
{"ts": 1646951041951697, "dur": 6, "ph": "X", "tid": 0, "pid": 0, "step": 0, "cat": "POSIX", "name": "fprintf", "args": {"fd": "0x7f0b8814e6e0", "pathname": "stdout", "return": 527}},
{"ts": 1646951041951704, "dur": 2, "ph": "X", "tid": 0, "pid": 0, "step": 0, "cat": "POSIX", "name": "fprintf", "args": {"fd": "0x7f0b8814e6e0", "pathname": "stdout", "return": 20}},
{"ts": 1646951041951707, "dur": 2, "ph": "X", "tid": 0, "pid": 0, "step": 0, "cat": "POSIX", "name": "fprintf", "args": {"fd": "0x7f0b8814e6e0", "pathname": "stdout", "return": 255}},
{"ts": 1646951041951710, "dur": 3, "ph": "X", "tid": 0, "pid": 0, "step": 0, "cat": "POSIX", "name": "fprintf", "args": {"fd": "0x7f0b8814e6e0", "pathname": "stdout", "return": 30}},
{"ts": 1646951041951714, "dur": 2, "ph": "X", "tid": 0, "pid": 0, "step": 0, "cat": "POSIX", "name": "fprintf", "args": {"fd": "0x7f0b8814e6e0", "pathname": "stdout", "return": 25}},
{"ts": 1646951041951717, "dur": 2, "ph": "X", "tid": 0, "pid": 0, "step": 0, "cat": "POSIX", "name": "fprintf", "args": {"fd": "0x7f0b8814e6e0", "pathname": "stdout", "return": 23}},
{"ts": 1646951041951720, "dur": 2, "ph": "X", "tid": 0, "pid": 0, "step": 0, "cat": "POSIX", "name": "fprintf", "args": {"fd": "0x7f0b8814e6e0", "pathname": "stdout", "return": 34}},
{"ts": 1646951041951731, "dur": 2, "ph": "X", "tid": 0, "pid": 0, "step": 0, "cat": "POSIX", "name": "fprintf", "args": {"fd": "0x7f0b8814e6e0", "pathname": "stdout", "return": 136}},
{"ts": 1646951041951735, "dur": 2, "ph": "X", "tid": 0, "pid": 0, "step": 0, "cat": "POSIX", "name": "fprintf", "args": {"fd": "0x7f0b8814e6e0", "pathname": "stdout", "return": 29}},
{"ts": 1646951041951738, "dur": 2, "ph": "X", "tid": 0, "pid": 0, "step": 0, "cat": "POSIX", "name": "fprintf", "args": {"fd": "0x7f0b8814e6e0", "pathname": "stdout", "return": 14}},
{"ts": 1646951041951741, "dur": 2, "ph": "X", "tid": 0, "pid": 0, "step": 0, "cat": "POSIX", "name": "fprintf", "args": {"fd": "0x7f0b8814e6e0", "pathname": "stdout", "return": 40}},
{"ts": 1646951041951744, "dur": 3, "ph": "X", "tid": 0, "pid": 0, "step": 0, "cat": "POSIX", "name": "fprintf", "args": {"fd": "0x7f0b8814e6e0", "pathname": "stdout", "return": 31}},
{"ts": 1646951041951748, "dur": 3, "ph": "X", "tid": 0, "pid": 0, "step": 0, "cat": "POSIX", "name": "fprintf", "args": {"fd": "0x7f0b8814e6e0", "pathname": "stdout", "return": 23}},
{"ts": 1646951041951752, "dur": 3, "ph": "X", "tid": 0, "pid": 0, "step": 0, "cat": "POSIX", "name": "fprintf", "args": {"fd": "0x7f0b8814e6e0", "pathname": "stdout", "return": 124}},
{"ts": 1646951041951756, "dur": 3, "ph": "X", "tid": 0, "pid": 0, "step": 0, "cat": "POSIX", "name": "fprintf", "args": {"fd": "0x7f0b8814e6e0", "pathname": "stdout", "return": 11}},
{"ts": 1646951041951760, "dur": 3, "ph": "X", "tid": 0, "pid": 0, "step": 0, "cat": "POSIX", "name": "fprintf", "args": {"fd": "0x7f0b8814e6e0", "pathname": "stdout", "return": 44}},
{"ts": 1646951041951764, "dur": 3, "ph": "X", "tid": 0, "pid": 0, "step": 0, "cat": "POSIX", "name": "fprintf", "args": {"fd": "0x7f0b8814e6e0", "pathname": "stdout", "return": 36}},
{"ts": 1646951041951768, "dur": 3, "ph": "X", "tid": 0, "pid": 0, "step": 0, "cat": "POSIX", "name": "fprintf", "args": {"fd": "0x7f0b8814e6e0", "pathname": "stdout", "return": 16}},
{"ts": 1646951041951772, "dur": 3, "ph": "X", "tid": 0, "pid": 0, "step": 0, "cat": "POSIX", "name": "fprintf", "args": {"fd": "0x7f0b8814e6e0", "pathname": "stdout", "return": 35}},
{"ts": 1646951041951776, "dur": 3, "ph": "X", "tid": 0, "pid": 0, "step": 0, "cat": "POSIX", "name": "fprintf", "args": {"fd": "0x7f0b8814e6e0", "pathname": "stdout", "return": 39}},
{"ts": 1646951041951780, "dur": 3, "ph": "X", "tid": 0, "pid": 0, "step": 0, "cat": "POSIX", "name": "fprintf", "args": {"fd": "0x7f0b8814e6e0", "pathname": "stdout", "return": 31}},
{"ts": 1646951041951784, "dur": 3, "ph": "X", "tid": 0, "pid": 0, "step": 0, "cat": "POSIX", "name": "fprintf", "args": {"fd": "0x7f0b8814e6e0", "pathname": "stdout", "return": 24}},
{"ts": 1646951041951788, "dur": 3, "ph": "X", "tid": 0, "pid": 0, "step": 0, "cat": "POSIX", "name": "fprintf", "args": {"fd": "0x7f0b8814e6e0", "pathname": "stdout", "return": 95}},
{"ts": 1646951041951792, "dur": 3, "ph": "X", "tid": 0, "pid": 0, "step": 0, "cat": "POSIX", "name": "fprintf", "args": {"fd": "0x7f0b8814e6e0", "pathname": "stdout", "return": 119}},
{"ts": 1646951041951796, "dur": 3, "ph": "X", "tid": 0, "pid": 0, "step": 0, "cat": "POSIX", "name": "fprintf", "args": {"fd": "0x7f0b8814e6e0", "pathname": "stdout", "return": 53}},
{"ts": 1646951041951800, "dur": 3, "ph": "X", "tid": 0, "pid": 0, "step": 0, "cat": "POSIX", "name": "fprintf", "args": {"fd": "0x7f0b8814e6e0", "pathname": "stdout", "return": 66}},
{"ts": 1646951041951804, "dur": 3, "ph": "X", "tid": 0, "pid": 0, "step": 0, "cat": "POSIX", "name": "fprintf", "args": {"fd": "0x7f0b8814e6e0", "pathname": "stdout", "return": 42}},
{"ts": 1646951041951808, "dur": 2, "ph": "X", "tid": 0, "pid": 0, "step": 0, "cat": "POSIX", "name": "fprintf", "args": {"fd": "0x7f0b8814e6e0", "pathname": "stdout", "return": 21}},
{"ts": 1646951041951811, "dur": 2, "ph": "X", "tid": 0, "pid": 0, "step": 0, "cat": "POSIX", "name": "fprintf", "args": {"fd": "0x7f0b8814e6e0", "pathname": "stdout", "return": 19}},
{"ts": 1646951041951814, "dur": 2, "ph": "X", "tid": 0, "pid": 0, "step": 0, "cat": "POSIX", "name": "fprintf", "args": {"fd": "0x7f0b8814e6e0", "pathname": "stdout", "return": 77}},
{"ts": 1646951041951817, "dur": 3, "ph": "X", "tid": 0, "pid": 0, "step": 0, "cat": "POSIX", "name": "fprintf", "args": {"fd": "0x7f0b8814e6e0", "pathname": "stdout", "return": 78}},
{"ts": 1646951041951821, "dur": 2, "ph": "X", "tid": 0, "pid": 0, "step": 0, "cat": "POSIX", "name": "fprintf", "args": {"fd": "0x7f0b8814e6e0", "pathname": "stdout", "return": 28}},
{"ts": 1646951041951825, "dur": 2, "ph": "X", "tid": 0, "pid": 0, "step": 0, "cat": "POSIX", "name": "fprintf", "args": {"fd": "0x7f0b8814e6e0", "pathname": "stdout", "return": 17}},
{"ts": 1646951041951828, "dur": 2, "ph": "X", "tid": 0, "pid": 0, "step": 0, "cat": "POSIX", "name": "fprintf", "args": {"fd": "0x7f0b8814e6e0", "pathname": "stdout", "return": 47}},
{"ts": 1646951041951831, "dur": 2, "ph": "X", "tid": 0, "pid": 0, "step": 0, "cat": "POSIX", "name": "fprintf", "args": {"fd": "0x7f0b8814e6e0", "pathname": "stdout", "return": 30}},
{"ts": 1646951041951834, "dur": 3, "ph": "X", "tid": 0, "pid": 0, "step": 0, "cat": "POSIX", "name": "fprintf", "args": {"fd": "0x7f0b8814e6e0", "pathname": "stdout", "return": 25}},
{"ts": 1646951041951838, "dur": 3, "ph": "X", "tid": 0, "pid": 0, "step": 0, "cat": "POSIX", "name": "fprintf", "args": {"fd": "0x7f0b8814e6e0", "pathname": "stdout", "return": 72}},
{"ts": 1646951041951843, "dur": 2, "ph": "X", "tid": 0, "pid": 0, "step": 0, "cat": "POSIX", "name": "fwrite", "args": {"ptr": "0x41a0ec", "size": 1, "nmemb": 20, "fd": "0x7f0b8814e6e0", "pathname": "stdout", "return": 20}},
{"ts": 1646951041952007, "dur": 4, "ph": "X", "tid": 0, "pid": 0, "step": 0, "cat": "POSIX", "name": "fprintf", "args": {"fd": "0x7f0b8814e6e0", "pathname": "stdout", "return": 24}},
{"ts": 1646951041952015, "dur": 2, "ph": "X", "tid": 0, "pid": 0, "step": 0, "cat": "POSIX", "name": "fprintf", "args": {"fd": "0x7f0b8814e6e0", "pathname": "stdout", "return": 47}},
{"ts": 1646951041952031, "dur": 2, "ph": "X", "tid": 0, "pid": 0, "step": 0, "cat": "POSIX", "name": "fprintf", "args": {"fd": "0x7f0b8814e6e0", "pathname": "stdout", "return": 43}},
{"ts": 1646951041952034, "dur": 9, "ph": "X", "tid": 0, "pid": 0, "step": 0, "cat": "POSIX", "name": "fprintf", "args": {"fd": "0x7f0b8814e6e0", "pathname": "stdout", "return": 54}},
{"ts": 1646951041952045, "dur": 11, "ph": "X", "tid": 0, "pid": 0, "step": 0, "cat": "POSIX", "name": "fprintf", "args": {"fd": "0x7f0b8814e6e0", "pathname": "stdout", "return": 40}},
{"ts": 1646951041952060, "dur": 2, "ph": "X", "tid": 0, "pid": 0, "step": 0, "cat": "POSIX", "name": "fprintf", "args": {"fd": "0x7f0b8814e6e0", "pathname": "stdout", "return": 14}},
{"ts": 1646951041952063, "dur": 3, "ph": "X", "tid": 0, "pid": 0, "step": 0, "cat": "POSIX", "name": "fprintf", "args": {"fd": "0x7f0b8814e6e0", "pathname": "stdout", "return": 24}},
{"ts": 1646951041952068, "dur": 2, "ph": "X", "tid": 0, "pid": 0, "step": 0, "cat": "POSIX", "name": "fprintf", "args": {"fd": "0x7f0b8814e6e0", "pathname": "stdout", "return": 24}},
{"ts": 1646951041952071, "dur": 3, "ph": "X", "tid": 0, "pid": 0, "step": 0, "cat": "POSIX", "name": "fprintf", "args": {"fd": "0x7f0b8814e6e0", "pathname": "stdout", "return": 28}},
{"ts": 1646951041952075, "dur": 3, "ph": "X", "tid": 0, "pid": 0, "step": 0, "cat": "POSIX", "name": "fprintf", "args": {"fd": "0x7f0b8814e6e0", "pathname": "stdout", "return": 52}},
{"ts": 1646951041952079, "dur": 3, "ph": "X", "tid": 0, "pid": 0, "step": 0, "cat": "POSIX", "name": "fprintf", "args": {"fd": "0x7f0b8814e6e0", "pathname": "stdout", "return": 43}},
{"ts": 1646951041952083, "dur": 2, "ph": "X", "tid": 0, "pid": 0, "step": 0, "cat": "POSIX", "name": "fprintf", "args": {"fd": "0x7f0b8814e6e0", "pathname": "stdout", "return": 24}},
{"ts": 1646951041952086, "dur": 3, "ph": "X", "tid": 0, "pid": 0, "step": 0, "cat": "POSIX", "name": "fprintf", "args": {"fd": "0x7f0b8814e6e0", "pathname": "stdout", "return": 24}},
{"ts": 1646951041952091, "dur": 2, "ph": "X", "tid": 0, "pid": 0, "step": 0, "cat": "POSIX", "name": "fprintf", "args": {"fd": "0x7f0b8814e6e0", "pathname": "stdout", "return": 24}},
{"ts": 1646951041952103, "dur": 2, "ph": "X", "tid": 0, "pid": 0, "step": 0, "cat": "POSIX", "name": "fprintf", "args": {"fd": "0x7f0b8814e6e0", "pathname": "stdout", "return": 24}},
{"ts": 1646951041952106, "dur": 3, "ph": "X", "tid": 0, "pid": 0, "step": 0, "cat": "POSIX", "name": "fprintf", "args": {"fd": "0x7f0b8814e6e0", "pathname": "stdout", "return": 29}},
{"ts": 1646951041952111, "dur": 2, "ph": "X", "tid": 0, "pid": 0, "step": 0, "cat": "POSIX", "name": "fprintf", "args": {"fd": "0x7f0b8814e6e0", "pathname": "stdout", "return": 24}},
{"ts": 1646951041952114, "dur": 3, "ph": "X", "tid": 0, "pid": 0, "step": 0, "cat": "POSIX", "name": "fprintf", "args": {"fd": "0x7f0b8814e6e0", "pathname": "stdout", "return": 24}},
{"ts": 1646951041952118, "dur": 3, "ph": "X", "tid": 0, "pid": 0, "step": 0, "cat": "POSIX", "name": "fprintf", "args": {"fd": "0x7f0b8814e6e0", "pathname": "stdout", "return": 24}},
{"ts": 1646951041952122, "dur": 3, "ph": "X", "tid": 0, "pid": 0, "step": 0, "cat": "POSIX", "name": "fprintf", "args": {"fd": "0x7f0b8814e6e0", "pathname": "stdout", "return": 24}},
{"ts": 1646951041952126, "dur": 2, "ph": "X", "tid": 0, "pid": 0, "step": 0, "cat": "POSIX", "name": "fprintf", "args": {"fd": "0x7f0b8814e6e0", "pathname": "stdout", "return": 24}},
{"ts": 1646951041952129, "dur": 3, "ph": "X", "tid": 0, "pid": 0, "step": 0, "cat": "POSIX", "name": "fprintf", "args": {"fd": "0x7f0b8814e6e0", "pathname": "stdout", "return": 24}},
{"ts": 1646951041952133, "dur": 3, "ph": "X", "tid": 0, "pid": 0, "step": 0, "cat": "POSIX", "name": "fprintf", "args": {"fd": "0x7f0b8814e6e0", "pathname": "stdout", "return": 24}},
{"ts": 1646951041952137, "dur": 3, "ph": "X", "tid": 0, "pid": 0, "step": 0, "cat": "POSIX", "name": "fprintf", "args": {"fd": "0x7f0b8814e6e0", "pathname": "stdout", "return": 24}},
{"ts": 1646951041952141, "dur": 2, "ph": "X", "tid": 0, "pid": 0, "step": 0, "cat": "POSIX", "name": "fprintf", "args": {"fd": "0x7f0b8814e6e0", "pathname": "stdout", "return": 24}},
{"ts": 1646951041952144, "dur": 3, "ph": "X", "tid": 0, "pid": 0, "step": 0, "cat": "POSIX", "name": "fprintf", "args": {"fd": "0x7f0b8814e6e0", "pathname": "stdout", "return": 24}},
{"ts": 1646951041952148, "dur": 3, "ph": "X", "tid": 0, "pid": 0, "step": 0, "cat": "POSIX", "name": "fprintf", "args": {"fd": "0x7f0b8814e6e0", "pathname": "stdout", "return": 24}},
{"ts": 1646951041952152, "dur": 2, "ph": "X", "tid": 0, "pid": 0, "step": 0, "cat": "POSIX", "name": "fprintf", "args": {"fd": "0x7f0b8814e6e0", "pathname": "stdout", "return": 24}},
{"ts": 1646951041952155, "dur": 3, "ph": "X", "tid": 0, "pid": 0, "step": 0, "cat": "POSIX", "name": "fprintf", "args": {"fd": "0x7f0b8814e6e0", "pathname": "stdout", "return": 24}},
{"ts": 1646951041952159, "dur": 3, "ph": "X", "tid": 0, "pid": 0, "step": 0, "cat": "POSIX", "name": "fprintf", "args": {"fd": "0x7f0b8814e6e0", "pathname": "stdout", "return": 24}},
{"ts": 1646951041952163, "dur": 3, "ph": "X", "tid": 0, "pid": 0, "step": 0, "cat": "POSIX", "name": "fprintf", "args": {"fd": "0x7f0b8814e6e0", "pathname": "stdout", "return": 24}},
{"ts": 1646951041952167, "dur": 3, "ph": "X", "tid": 0, "pid": 0, "step": 0, "cat": "POSIX", "name": "fprintf", "args": {"fd": "0x7f0b8814e6e0", "pathname": "stdout", "return": 24}},
{"ts": 1646951041952171, "dur": 2, "ph": "X", "tid": 0, "pid": 0, "step": 0, "cat": "POSIX", "name": "fprintf", "args": {"fd": "0x7f0b8814e6e0", "pathname": "stdout", "return": 24}},
{"ts": 1646951041952174, "dur": 3, "ph": "X", "tid": 0, "pid": 0, "step": 0, "cat": "POSIX", "name": "fprintf", "args": {"fd": "0x7f0b8814e6e0", "pathname": "stdout", "return": 24}},
{"ts": 1646951041952178, "dur": 3, "ph": "X", "tid": 0, "pid": 0, "step": 0, "cat": "POSIX", "name": "fprintf", "args": {"fd": "0x7f0b8814e6e0", "pathname": "stdout", "return": 26}},
{"ts": 1646951041952182, "dur": 3, "ph": "X", "tid": 0, "pid": 0, "step": 0, "cat": "POSIX", "name": "fprintf", "args": {"fd": "0x7f0b8814e6e0", "pathname": "stdout", "return": 24}},
{"ts": 1646951041952186, "dur": 2, "ph": "X", "tid": 0, "pid": 0, "step": 0, "cat": "POSIX", "name": "fprintf", "args": {"fd": "0x7f0b8814e6e0", "pathname": "stdout", "return": 24}},
{"ts": 1646951041952189, "dur": 3, "ph": "X", "tid": 0, "pid": 0, "step": 0, "cat": "POSIX", "name": "fprintf", "args": {"fd": "0x7f0b8814e6e0", "pathname": "stdout", "return": 24}},
{"ts": 1646951041952194, "dur": 2, "ph": "X", "tid": 0, "pid": 0, "step": 0, "cat": "POSIX", "name": "fprintf", "args": {"fd": "0x7f0b8814e6e0", "pathname": "stdout", "return": 24}},
{"ts": 1646951041952197, "dur": 2, "ph": "X", "tid": 0, "pid": 0, "step": 0, "cat": "POSIX", "name": "fprintf", "args": {"fd": "0x7f0b8814e6e0", "pathname": "stdout", "return": 24}},
{"ts": 1646951041952200, "dur": 3, "ph": "X", "tid": 0, "pid": 0, "step": 0, "cat": "POSIX", "name": "fprintf", "args": {"fd": "0x7f0b8814e6e0", "pathname": "stdout", "return": 24}},
{"ts": 1646951041952204, "dur": 3, "ph": "X", "tid": 0, "pid": 0, "step": 0, "cat": "POSIX", "name": "fprintf", "args": {"fd": "0x7f0b8814e6e0", "pathname": "stdout", "return": 24}},
{"ts": 1646951041952208, "dur": 3, "ph": "X", "tid": 0, "pid": 0, "step": 0, "cat": "POSIX", "name": "fprintf", "args": {"fd": "0x7f0b8814e6e0", "pathname": "stdout", "return": 24}},
{"ts": 1646951041952212, "dur": 2, "ph": "X", "tid": 0, "pid": 0, "step": 0, "cat": "POSIX", "name": "fprintf", "args": {"fd": "0x7f0b8814e6e0", "pathname": "stdout", "return": 24}},
{"ts": 1646951041952215, "dur": 3, "ph": "X", "tid": 0, "pid": 0, "step": 0, "cat": "POSIX", "name": "fprintf", "args": {"fd": "0x7f0b8814e6e0", "pathname": "stdout", "return": 44}},
{"ts": 1646951041952220, "dur": 2, "ph": "X", "tid": 0, "pid": 0, "step": 0, "cat": "POSIX", "name": "fprintf", "args": {"fd": "0x7f0b8814e6e0", "pathname": "stdout", "return": 24}},
{"ts": 1646951041952223, "dur": 2, "ph": "X", "tid": 0, "pid": 0, "step": 0, "cat": "POSIX", "name": "fprintf", "args": {"fd": "0x7f0b8814e6e0", "pathname": "stdout", "return": 24}},
{"ts": 1646951041952226, "dur": 3, "ph": "X", "tid": 0, "pid": 0, "step": 0, "cat": "POSIX", "name": "fprintf", "args": {"fd": "0x7f0b8814e6e0", "pathname": "stdout", "return": 30}},
{"ts": 1646951041952231, "dur": 2, "ph": "X", "tid": 0, "pid": 0, "step": 0, "cat": "POSIX", "name": "fprintf", "args": {"fd": "0x7f0b8814e6e0", "pathname": "stdout", "return": 30}},
{"ts": 1646951041952240, "dur": 2, "ph": "X", "tid": 0, "pid": 0, "step": 0, "cat": "POSIX", "name": "fprintf", "args": {"fd": "0x7f0b8814e6e0", "pathname": "stdout", "return": 24}},
{"ts": 1646951041952244, "dur": 2, "ph": "X", "tid": 0, "pid": 0, "step": 0, "cat": "POSIX", "name": "fprintf", "args": {"fd": "0x7f0b8814e6e0", "pathname": "stdout", "return": 11}},
{"ts": 1646951041952247, "dur": 3, "ph": "X", "tid": 0, "pid": 0, "step": 0, "cat": "POSIX", "name": "fprintf", "args": {"fd": "0x7f0b8814e6e0", "pathname": "stdout", "return": 28}},
{"ts": 1646951041952251, "dur": 2, "ph": "X", "tid": 0, "pid": 0, "step": 0, "cat": "POSIX", "name": "fprintf", "args": {"fd": "0x7f0b8814e6e0", "pathname": "stdout", "return": 28}},
{"ts": 1646951041952254, "dur": 3, "ph": "X", "tid": 0, "pid": 0, "step": 0, "cat": "POSIX", "name": "fprintf", "args": {"fd": "0x7f0b8814e6e0", "pathname": "stdout", "return": 43}},
{"ts": 1646951041952258, "dur": 3, "ph": "X", "tid": 0, "pid": 0, "step": 0, "cat": "POSIX", "name": "fprintf", "args": {"fd": "0x7f0b8814e6e0", "pathname": "stdout", "return": 41}},
{"ts": 1646951041952263, "dur": 2, "ph": "X", "tid": 0, "pid": 0, "step": 0, "cat": "POSIX", "name": "fprintf", "args": {"fd": "0x7f0b8814e6e0", "pathname": "stdout", "return": 34}},
{"ts": 1646951041952266, "dur": 3, "ph": "X", "tid": 0, "pid": 0, "step": 0, "cat": "POSIX", "name": "fprintf", "args": {"fd": "0x7f0b8814e6e0", "pathname": "stdout", "return": 24}},
{"ts": 1646951041952270, "dur": 3, "ph": "X", "tid": 0, "pid": 0, "step": 0, "cat": "POSIX", "name": "fprintf", "args": {"fd": "0x7f0b8814e6e0", "pathname": "stdout", "return": 33}},
{"ts": 1646951041952275, "dur": 2, "ph": "X", "tid": 0, "pid": 0, "step": 0, "cat": "POSIX", "name": "fprintf", "args": {"fd": "0x7f0b8814e6e0", "pathname": "stdout", "return": 39}},
{"ts": 1646951041952284, "dur": 2, "ph": "X", "tid": 0, "pid": 0, "step": 0, "cat": "POSIX", "name": "fprintf", "args": {"fd": "0x7f0b8814e6e0", "pathname": "stdout", "return": 24}},
{"ts": 1646951041952287, "dur": 3, "ph": "X", "tid": 0, "pid": 0, "step": 0, "cat": "POSIX", "name": "fprintf", "args": {"fd": "0x7f0b8814e6e0", "pathname": "stdout", "return": 24}},
{"ts": 1646951041952291, "dur": 3, "ph": "X", "tid": 0, "pid": 0, "step": 0, "cat": "POSIX", "name": "fprintf", "args": {"fd": "0x7f0b8814e6e0", "pathname": "stdout", "return": 24}},
{"ts": 1646951041952295, "dur": 3, "ph": "X", "tid": 0, "pid": 0, "step": 0, "cat": "POSIX", "name": "fprintf", "args": {"fd": "0x7f0b8814e6e0", "pathname": "stdout", "return": 24}},
{"ts": 1646951041952302, "dur": 2, "ph": "X", "tid": 0, "pid": 0, "step": 0, "cat": "POSIX", "name": "fprintf", "args": {"fd": "0x7f0b8814e6e0", "pathname": "stdout", "return": 28}},
{"ts": 1646951041952305, "dur": 3, "ph": "X", "tid": 0, "pid": 0, "step": 0, "cat": "POSIX", "name": "fprintf", "args": {"fd": "0x7f0b8814e6e0", "pathname": "stdout", "return": 28}},
{"ts": 1646951041952309, "dur": 2, "ph": "X", "tid": 0, "pid": 0, "step": 0, "cat": "POSIX", "name": "fprintf", "args": {"fd": "0x7f0b8814e6e0", "pathname": "stdout", "return": 28}},
{"ts": 1646951041952312, "dur": 3, "ph": "X", "tid": 0, "pid": 0, "step": 0, "cat": "POSIX", "name": "fprintf", "args": {"fd": "0x7f0b8814e6e0", "pathname": "stdout", "return": 24}},
{"ts": 1646951041952317, "dur": 2, "ph": "X", "tid": 0, "pid": 0, "step": 0, "cat": "POSIX", "name": "fprintf", "args": {"fd": "0x7f0b8814e6e0", "pathname": "stdout", "return": 11}},
{"ts": 1646951041952623, "dur": 4, "ph": "X", "tid": 0, "pid": 0, "step": 0, "cat": "POSIX", "name": "fprintf", "args": {"fd": "0x7f0b8814e6e0", "pathname": "stdout", "return": 60}},
{"ts": 1646951041952629, "dur": 4, "ph": "X", "tid": 0, "pid": 0, "step": 0, "cat": "POSIX", "name": "fwrite", "args": {"ptr": "0x41a428", "size": 1, "nmemb": 115, "fd": "0x7f0b8814e6e0", "pathname": "stdout", "return": 115}},
{"ts": 1646951041952635, "dur": 2, "ph": "X", "tid": 0, "pid": 0, "step": 0, "cat": "POSIX", "name": "fwrite", "args": {"ptr": "0x41a4a0", "size": 1, "nmemb": 115, "fd": "0x7f0b8814e6e0", "pathname": "stdout", "return": 115}},
{"ts": 1646951041952773, "dur": 2, "ph": "X", "tid": 0, "pid": 0, "step": 0, "cat": "POSIX", "name": "fprintf", "args": {"fd": "0x7f0b8814e6e0", "pathname": "stdout", "return": 36}},
{"ts": 1646951041953228, "dur": 1481, "ph": "X", "tid": 0, "pid": 0, "step": 0, "cat": "POSIX", "name": "open", "args": {"pathname": "data_dir/mpiio_write.locktest.0", "flags": 66, "mode": 420, "return": 35}},
{"ts": 1646951041954741, "dur": 46, "ph": "X", "tid": 0, "pid": 0, "step": 0, "cat": "POSIX", "name": "close", "args": {"fd": 35, "pathname": "data_dir/mpiio_write.locktest.0", "return": 0}},
{"ts": 1646951041955068, "dur": 3, "ph": "X", "tid": 0, "pid": 0, "step": 0, "cat": "POSIX", "name": "open", "args": {"pathname": "data_dir/mpiio_write", "flags": 0, "mode": 511, "return": -1}},
{"ts": 1646951041955076, "dur": 2, "ph": "X", "tid": 0, "pid": 0, "step": 0, "cat": "POSIX", "name": "close", "args": {"fd": -1, "pathname": "unknown", "return": -1}},
{"ts": 1646951041955760, "dur": 942, "ph": "X", "tid": 0, "pid": 0, "step": 0, "cat": "POSIX", "name": "open", "args": {"pathname": "data_dir/mpiio_write.locktest.0", "flags": 66, "mode": 420, "return": 35}},
{"ts": 1646951041956716, "dur": 46, "ph": "X", "tid": 0, "pid": 0, "step": 0, "cat": "POSIX", "name": "close", "args": {"fd": 35, "pathname": "data_dir/mpiio_write.locktest.0", "return": 0}},
{"ts": 1646951041957159, "dur": 535, "ph": "X", "tid": 0, "pid": 0, "step": 0, "cat": "POSIX", "name": "open", "args": {"pathname": "data_dir/mpiio_write", "flags": 66, "mode": 436, "return": 35}},
{"ts": 1646951041957707, "dur": 44, "ph": "X", "tid": 0, "pid": 0, "step": 0, "cat": "POSIX", "name": "open", "args": {"pathname": "/tmp/ompi.andes605.16326/jf.60079/0/mpiio_write_cid-3-509571.sm", "flags": 66, "mode": 420, "return": 36}},
{"ts": 1646951041957754, "dur": 33, "ph": "X", "tid": 0, "pid": 0, "step": 0, "cat": "POSIX", "name": "write", "args": {"fd": 36, "buf": "0x7ffc0c366580", "count": 40 , "pathname": "/tmp/ompi.andes605.16326/jf.60079/0/mpiio_write_cid-3-509571.sm", "return": 40}},
{"ts": 1646951041958199, "dur": 2, "ph": "X", "tid": 0, "pid": 0, "step": 0, "cat": "POSIX", "name": "close", "args": {"fd": 36, "pathname": "/tmp/ompi.andes605.16326/jf.60079/0/mpiio_write_cid-3-509571.sm", "return": 0}},
{"ts": 1646951041958453, "dur": 5, "ph": "X", "tid": 0, "pid": 0, "step": 0, "cat": "POSIX", "name": "fprintf", "args": {"fd": "0x7f0b8814e6e0", "pathname": "stdout", "return": 60}},
{"ts": 1646951042024681, "dur": 44, "ph": "X", "tid": 0, "pid": 0, "step": 0, "cat": "POSIX", "name": "close", "args": {"fd": 35, "pathname": "data_dir/mpiio_write", "return": 0}},
{"ts": 1646951042025984, "dur": 1503, "ph": "X", "tid": 0, "pid": 0, "step": 0, "cat": "POSIX", "name": "open", "args": {"pathname": "data_dir/mpiio_write.locktest.0", "flags": 66, "mode": 420, "return": 35}},
{"ts": 1646951042027501, "dur": 32, "ph": "X", "tid": 0, "pid": 0, "step": 0, "cat": "POSIX", "name": "close", "args": {"fd": 35, "pathname": "data_dir/mpiio_write.locktest.0", "return": 0}},
{"ts": 1646951042029094, "dur": 17, "ph": "X", "tid": 0, "pid": 0, "step": 0, "cat": "POSIX", "name": "open", "args": {"pathname": "data_dir/mpiio_write", "flags": 0, "mode": 511, "return": 35}},
{"ts": 1646951042029122, "dur": 15, "ph": "X", "tid": 0, "pid": 0, "step": 0, "cat": "POSIX", "name": "open", "args": {"pathname": "/tmp/ompi.andes605.16326/jf.60079/0/mpiio_write_cid-3-509571.sm", "flags": 66, "mode": 420, "return": 36}},
{"ts": 1646951042029140, "dur": 9, "ph": "X", "tid": 0, "pid": 0, "step": 0, "cat": "POSIX", "name": "write", "args": {"fd": 36, "buf": "0x7ffc0c366470", "count": 40 , "pathname": "/tmp/ompi.andes605.16326/jf.60079/0/mpiio_write_cid-3-509571.sm", "return": 40}},
{"ts": 1646951042030023, "dur": 2, "ph": "X", "tid": 0, "pid": 0, "step": 0, "cat": "POSIX", "name": "close", "args": {"fd": 36, "pathname": "/tmp/ompi.andes605.16326/jf.60079/0/mpiio_write_cid-3-509571.sm", "return": 0}},
{"ts": 1646951042030165, "dur": 53, "ph": "X", "tid": 0, "pid": 0, "step": 0, "cat": "POSIX", "name": "lseek", "args": {"fd": 35, "offset": 0, "whence": 2, "pathname": "data_dir/mpiio_write", "return": 4194304}},
{"ts": 1646951042030220, "dur": 2, "ph": "X", "tid": 0, "pid": 0, "step": 0, "cat": "POSIX", "name": "lseek", "args": {"fd": 35, "offset": 0, "whence": 0, "pathname": "data_dir/mpiio_write", "return": 0}},
{"ts": 1646951042030260, "dur": 23, "ph": "X", "tid": 0, "pid": 0, "step": 0, "cat": "POSIX", "name": "close", "args": {"fd": 35, "pathname": "data_dir/mpiio_write", "return": 0}},
{"ts": 1646951042030315, "dur": 45, "ph": "X", "tid": 0, "pid": 0, "step": 0, "cat": "POSIX", "name": "fprintf", "args": {"fd": "0x7f0b8814e6e0", "pathname": "stdout", "return": 65}},
{"ts": 1646951042030362, "dur": 4, "ph": "X", "tid": 0, "pid": 0, "step": 0, "cat": "POSIX", "name": "fprintf", "args": {"fd": "0x7f0b8814e6e0", "pathname": "stdout", "return": 64}},
{"ts": 1646951042030367, "dur": 4, "ph": "X", "tid": 0, "pid": 0, "step": 0, "cat": "POSIX", "name": "fprintf", "args": {"fd": "0x7f0b8814e6e0", "pathname": "stdout", "return": 60}},
{"ts": 1646951042030372, "dur": 4, "ph": "X", "tid": 0, "pid": 0, "step": 0, "cat": "POSIX", "name": "fprintf", "args": {"fd": "0x7f0b8814e6e0", "pathname": "stdout", "return": 59}},
{"ts": 1646951042030377, "dur": 4, "ph": "X", "tid": 0, "pid": 0, "step": 0, "cat": "POSIX", "name": "fprintf", "args": {"fd": "0x7f0b8814e6e0", "pathname": "stdout", "return": 66}},
{"ts": 1646951042030382, "dur": 4, "ph": "X", "tid": 0, "pid": 0, "step": 0, "cat": "POSIX", "name": "fprintf", "args": {"fd": "0x7f0b8814e6e0", "pathname": "stdout", "return": 65}},
{"ts": 1646951042030448, "dur": 3, "ph": "X", "tid": 0, "pid": 0, "step": 0, "cat": "POSIX", "name": "fprintf", "args": {"fd": "0x7f0b8814e6e0", "pathname": "stdout", "return": 10}},
{"ts": 1646951042030453, "dur": 4, "ph": "X", "tid": 0, "pid": 0, "step": 0, "cat": "POSIX", "name": "fprintf", "args": {"fd": "0x7f0b8814e6e0", "pathname": "stdout", "return": 11}},
{"ts": 1646951042030471, "dur": 3, "ph": "X", "tid": 0, "pid": 0, "step": 0, "cat": "POSIX", "name": "fprintf", "args": {"fd": "0x7f0b8814e6e0", "pathname": "stdout", "return": 11}},
{"ts": 1646951042030476, "dur": 4, "ph": "X", "tid": 0, "pid": 0, "step": 0, "cat": "POSIX", "name": "fprintf", "args": {"fd": "0x7f0b8814e6e0", "pathname": "stdout", "return": 12}},
{"ts": 1646951042030481, "dur": 3, "ph": "X", "tid": 0, "pid": 0, "step": 0, "cat": "POSIX", "name": "fprintf", "args": {"fd": "0x7f0b8814e6e0", "pathname": "stdout", "return": 11}},
{"ts": 1646951042030486, "dur": 3, "ph": "X", "tid": 0, "pid": 0, "step": 0, "cat": "POSIX", "name": "fprintf", "args": {"fd": "0x7f0b8814e6e0", "pathname": "stdout", "return": 11}},
{"ts": 1646951042030491, "dur": 3, "ph": "X", "tid": 0, "pid": 0, "step": 0, "cat": "POSIX", "name": "fprintf", "args": {"fd": "0x7f0b8814e6e0", "pathname": "stdout", "return": 11}},
{"ts": 1646951042030496, "dur": 2, "ph": "X", "tid": 0, "pid": 0, "step": 0, "cat": "POSIX", "name": "fprintf", "args": {"fd": "0x7f0b8814e6e0", "pathname": "stdout", "return": 11}},
{"ts": 1646951042030500, "dur": 2, "ph": "X", "tid": 0, "pid": 0, "step": 0, "cat": "POSIX", "name": "fprintf", "args": {"fd": "0x7f0b8814e6e0", "pathname": "stdout", "return": 11}},
{"ts": 1646951042030504, "dur": 3, "ph": "X", "tid": 0, "pid": 0, "step": 0, "cat": "POSIX", "name": "fprintf", "args": {"fd": "0x7f0b8814e6e0", "pathname": "stdout", "return": 11}},
{"ts": 1646951042030508, "dur": 3, "ph": "X", "tid": 0, "pid": 0, "step": 0, "cat": "POSIX", "name": "fprintf", "args": {"fd": "0x7f0b8814e6e0", "pathname": "stdout", "return": 5}},
{"ts": 1646951042030519, "dur": 4, "ph": "X", "tid": 0, "pid": 0, "step": 0, "cat": "POSIX", "name": "fprintf", "args": {"fd": "0x7f0b8814e6e0", "pathname": "stdout", "return": 40}},
{"ts": 1646951042030639, "dur": 4, "ph": "X", "tid": 0, "pid": 0, "step": 0, "cat": "POSIX", "name": "fwrite", "args": {"ptr": "0x41a3db", "size": 1, "nmemb": 21, "fd": "0x7f0b8814e6e0", "pathname": "stdout", "return": 21}},
{"ts": 1646951042030645, "dur": 4, "ph": "X", "tid": 0, "pid": 0, "step": 0, "cat": "POSIX", "name": "fprintf", "args": {"fd": "0x7f0b8814e6e0", "pathname": "stdout", "return": 136}},
{"ts": 1646951042030651, "dur": 2, "ph": "X", "tid": 0, "pid": 0, "step": 0, "cat": "POSIX", "name": "fwrite", "args": {"ptr": "0x41a658", "size": 1, "nmemb": 64, "fd": "0x7f0b8814e6e0", "pathname": "stdout", "return": 64}},
{"ts": 1646951042030654, "dur": 3, "ph": "X", "tid": 0, "pid": 0, "step": 0, "cat": "POSIX", "name": "fprintf", "args": {"fd": "0x7f0b8814e6e0", "pathname": "stdout", "return": 33}},
{"ts": 1646951042030658, "dur": 3, "ph": "X", "tid": 0, "pid": 0, "step": 0, "cat": "POSIX", "name": "fwrite", "args": {"ptr": "0x41a3d2", "size": 1, "nmemb": 8, "fd": "0x7f0b8814e6e0", "pathname": "stdout", "return": 8}},
{"ts": 1646951042030662, "dur": 3, "ph": "X", "tid": 0, "pid": 0, "step": 0, "cat": "POSIX", "name": "fprintf", "args": {"fd": "0x7f0b8814e6e0", "pathname": "stdout", "return": 10}},
{"ts": 1646951042030666, "dur": 4, "ph": "X", "tid": 0, "pid": 0, "step": 0, "cat": "POSIX", "name": "fprintf", "args": {"fd": "0x7f0b8814e6e0", "pathname": "stdout", "return": 11}},
{"ts": 1646951042030671, "dur": 2, "ph": "X", "tid": 0, "pid": 0, "step": 0, "cat": "POSIX", "name": "fprintf", "args": {"fd": "0x7f0b8814e6e0", "pathname": "stdout", "return": 11}},
{"ts": 1646951042030675, "dur": 2, "ph": "X", "tid": 0, "pid": 0, "step": 0, "cat": "POSIX", "name": "fprintf", "args": {"fd": "0x7f0b8814e6e0", "pathname": "stdout", "return": 11}},
{"ts": 1646951042030678, "dur": 3, "ph": "X", "tid": 0, "pid": 0, "step": 0, "cat": "POSIX", "name": "fprintf", "args": {"fd": "0x7f0b8814e6e0", "pathname": "stdout", "return": 11}},
{"ts": 1646951042030683, "dur": 2, "ph": "X", "tid": 0, "pid": 0, "step": 0, "cat": "POSIX", "name": "fprintf", "args": {"fd": "0x7f0b8814e6e0", "pathname": "stdout", "return": 11}},
{"ts": 1646951042030686, "dur": 3, "ph": "X", "tid": 0, "pid": 0, "step": 0, "cat": "POSIX", "name": "fprintf", "args": {"fd": "0x7f0b8814e6e0", "pathname": "stdout", "return": 11}},
{"ts": 1646951042030691, "dur": 2, "ph": "X", "tid": 0, "pid": 0, "step": 0, "cat": "POSIX", "name": "fprintf", "args": {"fd": "0x7f0b8814e6e0", "pathname": "stdout", "return": 11}},
{"ts": 1646951042030694, "dur": 3, "ph": "X", "tid": 0, "pid": 0, "step": 0, "cat": "POSIX", "name": "fprintf", "args": {"fd": "0x7f0b8814e6e0", "pathname": "stdout", "return": 11}},
{"ts": 1646951042030698, "dur": 3, "ph": "X", "tid": 0, "pid": 0, "step": 0, "cat": "POSIX", "name": "fprintf", "args": {"fd": "0x7f0b8814e6e0", "pathname": "stdout", "return": 11}},
{"ts": 1646951042030703, "dur": 2, "ph": "X", "tid": 0, "pid": 0, "step": 0, "cat": "POSIX", "name": "fprintf", "args": {"fd": "0x7f0b8814e6e0", "pathname": "stdout", "return": 11}},
{"ts": 1646951042030706, "dur": 3, "ph": "X", "tid": 0, "pid": 0, "step": 0, "cat": "POSIX", "name": "fprintf", "args": {"fd": "0x7f0b8814e6e0", "pathname": "stdout", "return": 14}},
{"ts": 1646951042030710, "dur": 3, "ph": "X", "tid": 0, "pid": 0, "step": 0, "cat": "POSIX", "name": "fprintf", "args": {"fd": "0x7f0b8814e6e0", "pathname": "stdout", "return": 6}},
{"ts": 1646951042030714, "dur": 3, "ph": "X", "tid": 0, "pid": 0, "step": 0, "cat": "POSIX", "name": "fprintf", "args": {"fd": "0x7f0b8814e6e0", "pathname": "stdout", "return": 7}},
{"ts": 1646951042030718, "dur": 2, "ph": "X", "tid": 0, "pid": 0, "step": 0, "cat": "POSIX", "name": "fprintf", "args": {"fd": "0x7f0b8814e6e0", "pathname": "stdout", "return": 4}},
{"ts": 1646951042030721, "dur": 2, "ph": "X", "tid": 0, "pid": 0, "step": 0, "cat": "POSIX", "name": "fprintf", "args": {"fd": "0x7f0b8814e6e0", "pathname": "stdout", "return": 5}},
{"ts": 1646951042030724, "dur": 3, "ph": "X", "tid": 0, "pid": 0, "step": 0, "cat": "POSIX", "name": "fprintf", "args": {"fd": "0x7f0b8814e6e0", "pathname": "stdout", "return": 4}},
{"ts": 1646951042030728, "dur": 3, "ph": "X", "tid": 0, "pid": 0, "step": 0, "cat": "POSIX", "name": "fprintf", "args": {"fd": "0x7f0b8814e6e0", "pathname": "stdout", "return": 6}},
{"ts": 1646951042030732, "dur": 3, "ph": "X", "tid": 0, "pid": 0, "step": 0, "cat": "POSIX", "name": "fprintf", "args": {"fd": "0x7f0b8814e6e0", "pathname": "stdout", "return": 9}},
{"ts": 1646951042030737, "dur": 2, "ph": "X", "tid": 0, "pid": 0, "step": 0, "cat": "POSIX", "name": "fprintf", "args": {"fd": "0x7f0b8814e6e0", "pathname": "stdout", "return": 10}},
{"ts": 1646951042030740, "dur": 2, "ph": "X", "tid": 0, "pid": 0, "step": 0, "cat": "POSIX", "name": "fprintf", "args": {"fd": "0x7f0b8814e6e0", "pathname": "stdout", "return": 5}},
{"ts": 1646951042030743, "dur": 3, "ph": "X", "tid": 0, "pid": 0, "step": 0, "cat": "POSIX", "name": "fprintf", "args": {"fd": "0x7f0b8814e6e0", "pathname": "stdout", "return": 7}},
{"ts": 1646951042030747, "dur": 3, "ph": "X", "tid": 0, "pid": 0, "step": 0, "cat": "POSIX", "name": "fprintf", "args": {"fd": "0x7f0b8814e6e0", "pathname": "stdout", "return": 9}},
{"ts": 1646951042030751, "dur": 3, "ph": "X", "tid": 0, "pid": 0, "step": 0, "cat": "POSIX", "name": "fprintf", "args": {"fd": "0x7f0b8814e6e0", "pathname": "stdout", "return": 9}},
{"ts": 1646951042030755, "dur": 3, "ph": "X", "tid": 0, "pid": 0, "step": 0, "cat": "POSIX", "name": "fprintf", "args": {"fd": "0x7f0b8814e6e0", "pathname": "stdout", "return": 10}},
{"ts": 1646951042030760, "dur": 2, "ph": "X", "tid": 0, "pid": 0, "step": 0, "cat": "POSIX", "name": "fprintf", "args": {"fd": "0x7f0b8814e6e0", "pathname": "stdout", "return": 6}},
{"ts": 1646951042030763, "dur": 2, "ph": "X", "tid": 0, "pid": 0, "step": 0, "cat": "POSIX", "name": "fprintf", "args": {"fd": "0x7f0b8814e6e0", "pathname": "stdout", "return": 6}},
{"ts": 1646951042030771, "dur": 3, "ph": "X", "tid": 0, "pid": 0, "step": 0, "cat": "POSIX", "name": "fprintf", "args": {"fd": "0x7f0b8814e6e0", "pathname": "stdout", "return": 47}},
{"ts": 1646951042030810, "dur": 1, "ph": "X", "tid": 0, "pid": 0, "step": 0, "cat": "TAU", "name": "program exit"}
]
