[
{"ts": 1646951041889250, "dur": 32, "ph": "X", "tid": 0, "pid": 2, "step": 0, "cat": "POSIX", "name": "write", "args": {"fd": 13, "buf": "0x7ffe754ad3f4", "count": 4 , "pathname": "pipe", "return": 4}},
{"ts": 1646951041889264, "dur": 28, "ph": "X", "tid": 0, "pid": 2, "step": 0, "cat": "POSIX", "name": "read", "args": {"fd": 12, "buf": "0x7f2a8903dc74", "count": 4, "pathname": "pipe", "return": 4}},
{"ts": 1646951041889305, "dur": 3, "ph": "X", "tid": 0, "pid": 2, "step": 0, "cat": "POSIX", "name": "read", "args": {"fd": 12, "buf": "0x7f2a8903dc74", "count": 4, "pathname": "pipe", "return": 18446744073709551615}},
{"ts": 1646951041889318, "dur": 3, "ph": "X", "tid": 0, "pid": 2, "step": 0, "cat": "POSIX", "name": "read", "args": {"fd": 33, "buf": "0x7ffe754ad590", "count": 8, "pathname": "/sys/class/infiniband/mlx5_0/ports/1/gid_attrs/types/0", "return": 18446744073709551615}},
{"ts": 1646951041890000, "dur": 58, "ph": "X", "tid": 0, "pid": 2, "step": 0, "cat": "POSIX", "name": "open", "args": {"pathname": "/proc/509570/fd/19", "flags": 2, "mode": 511, "return": 35}},
{"ts": 1646951041890073, "dur": 3, "ph": "X", "tid": 0, "pid": 2, "step": 0, "cat": "POSIX", "name": "close", "args": {"fd": 35, "pathname": "/proc/509570/fd/19", "return": 0}},
{"ts": 1646951041952814, "dur": 31, "ph": "X", "tid": 0, "pid": 2, "step": 0, "cat": "POSIX", "name": "fprintf", "args": {"fd": "0x7f2a8ff016e0", "pathname": "stdout", "return": 36}},
{"ts": 1646951041955763, "dur": 1088, "ph": "X", "tid": 0, "pid": 2, "step": 0, "cat": "POSIX", "name": "open", "args": {"pathname": "data_dir/mpiio_write.locktest.2", "flags": 66, "mode": 420, "return": 35}},
{"ts": 1646951041956870, "dur": 42, "ph": "X", "tid": 0, "pid": 2, "step": 0, "cat": "POSIX", "name": "close", "args": {"fd": 35, "pathname": "data_dir/mpiio_write.locktest.2", "return": 0}},
{"ts": 1646951041957700, "dur": 34, "ph": "X", "tid": 0, "pid": 2, "step": 0, "cat": "POSIX", "name": "open", "args": {"pathname": "data_dir/mpiio_write", "flags": 2, "mode": 511, "return": 35}},
{"ts": 1646951041957746, "dur": 27, "ph": "X", "tid": 0, "pid": 2, "step": 0, "cat": "POSIX", "name": "open", "args": {"pathname": "/tmp/ompi.andes605.16326/jf.60079/0/mpiio_write_cid-3-509571.sm", "flags": 66, "mode": 420, "return": 36}},
{"ts": 1646951041958199, "dur": 2, "ph": "X", "tid": 0, "pid": 2, "step": 0, "cat": "POSIX", "name": "close", "args": {"fd": 36, "pathname": "/tmp/ompi.andes605.16326/jf.60079/0/mpiio_write_cid-3-509571.sm", "return": 0}},
{"ts": 1646951042024681, "dur": 66, "ph": "X", "tid": 0, "pid": 2, "step": 0, "cat": "POSIX", "name": "close", "args": {"fd": 35, "pathname": "data_dir/mpiio_write", "return": 0}},
{"ts": 1646951042025988, "dur": 2932, "ph": "X", "tid": 0, "pid": 2, "step": 0, "cat": "POSIX", "name": "open", "args": {"pathname": "data_dir/mpiio_write.locktest.2", "flags": 66, "mode": 420, "return": 35}},
{"ts": 1646951042028935, "dur": 38, "ph": "X", "tid": 0, "pid": 2, "step": 0, "cat": "POSIX", "name": "close", "args": {"fd": 35, "pathname": "data_dir/mpiio_write.locktest.2", "return": 0}},
{"ts": 1646951042029701, "dur": 18, "ph": "X", "tid": 0, "pid": 2, "step": 0, "cat": "POSIX", "name": "open", "args": {"pathname": "data_dir/mpiio_write", "flags": 0, "mode": 511, "return": 35}},
{"ts": 1646951042029729, "dur": 11, "ph": "X", "tid": 0, "pid": 2, "step": 0, "cat": "POSIX", "name": "open", "args": {"pathname": "/tmp/ompi.andes605.16326/jf.60079/0/mpiio_write_cid-3-509571.sm", "flags": 66, "mode": 420, "return": 36}},
{"ts": 1646951042030022, "dur": 2, "ph": "X", "tid": 0, "pid": 2, "step": 0, "cat": "POSIX", "name": "close", "args": {"fd": 36, "pathname": "/tmp/ompi.andes605.16326/jf.60079/0/mpiio_write_cid-3-509571.sm", "return": 0}},
{"ts": 1646951042030167, "dur": 61, "ph": "X", "tid": 0, "pid": 2, "step": 0, "cat": "POSIX", "name": "lseek", "args": {"fd": 35, "offset": 0, "whence": 2, "pathname": "data_dir/mpiio_write", "return": 4194304}},
{"ts": 1646951042030229, "dur": 2, "ph": "X", "tid": 0, "pid": 2, "step": 0, "cat": "POSIX", "name": "lseek", "args": {"fd": 35, "offset": 0, "whence": 0, "pathname": "data_dir/mpiio_write", "return": 0}},
{"ts": 1646951042030260, "dur": 20, "ph": "X", "tid": 0, "pid": 2, "step": 0, "cat": "POSIX", "name": "close", "args": {"fd": 35, "pathname": "data_dir/mpiio_write", "return": 0}},
{"ts": 1646951042030315, "dur": 43, "ph": "X", "tid": 0, "pid": 2, "step": 0, "cat": "POSIX", "name": "fprintf", "args": {"fd": "0x7f2a8ff016e0", "pathname": "stdout", "return": 65}},
{"ts": 1646951042030360, "dur": 4, "ph": "X", "tid": 0, "pid": 2, "step": 0, "cat": "POSIX", "name": "fprintf", "args": {"fd": "0x7f2a8ff016e0", "pathname": "stdout", "return": 64}},
{"ts": 1646951042030366, "dur": 3, "ph": "X", "tid": 0, "pid": 2, "step": 0, "cat": "POSIX", "name": "fprintf", "args": {"fd": "0x7f2a8ff016e0", "pathname": "stdout", "return": 60}},
{"ts": 1646951042030371, "dur": 3, "ph": "X", "tid": 0, "pid": 2, "step": 0, "cat": "POSIX", "name": "fprintf", "args": {"fd": "0x7f2a8ff016e0", "pathname": "stdout", "return": 59}},
{"ts": 1646951042030376, "dur": 3, "ph": "X", "tid": 0, "pid": 2, "step": 0, "cat": "POSIX", "name": "fprintf", "args": {"fd": "0x7f2a8ff016e0", "pathname": "stdout", "return": 66}},
{"ts": 1646951042030381, "dur": 3, "ph": "X", "tid": 0, "pid": 2, "step": 0, "cat": "POSIX", "name": "fprintf", "args": {"fd": "0x7f2a8ff016e0", "pathname": "stdout", "return": 65}},
{"ts": 1646951042030674, "dur": 1, "ph": "X", "tid": 0, "pid": 2, "step": 0, "cat": "TAU", "name": "program exit"}
]
