[
{"ts": 1646951041888135, "dur": 38, "ph": "X", "tid": 0, "pid": 3, "step": 0, "cat": "POSIX", "name": "open", "args": {"pathname": "/proc/509570/fd/19", "flags": 2, "mode": 511, "return": 35}},
{"ts": 1646951041888184, "dur": 3, "ph": "X", "tid": 0, "pid": 3, "step": 0, "cat": "POSIX", "name": "close", "args": {"fd": 35, "pathname": "/proc/509570/fd/19", "return": 0}},
{"ts": 1646951041888202, "dur": 35, "ph": "X", "tid": 0, "pid": 3, "step": 0, "cat": "POSIX", "name": "write", "args": {"fd": 13, "buf": "0x7fffbcd426a4", "count": 4 , "pathname": "pipe", "return": 4}},
{"ts": 1646951041888221, "dur": 26, "ph": "X", "tid": 0, "pid": 3, "step": 0, "cat": "POSIX", "name": "read", "args": {"fd": 12, "buf": "0x7f05574dfc74", "count": 4, "pathname": "pipe", "return": 4}},
{"ts": 1646951041888258, "dur": 2, "ph": "X", "tid": 0, "pid": 3, "step": 0, "cat": "POSIX", "name": "read", "args": {"fd": 12, "buf": "0x7f05574dfc74", "count": 4, "pathname": "pipe", "return": 18446744073709551615}},
{"ts": 1646951041888257, "dur": 3, "ph": "X", "tid": 0, "pid": 3, "step": 0, "cat": "POSIX", "name": "read", "args": {"fd": 33, "buf": "0x7fffbcd426d0", "count": 8, "pathname": "/sys/class/infiniband/mlx5_0/ports/1/gid_attrs/types/0", "return": 18446744073709551615}},
{"ts": 1646951041952818, "dur": 50, "ph": "X", "tid": 0, "pid": 3, "step": 0, "cat": "POSIX", "name": "fprintf", "args": {"fd": "0x7f055e3a36e0", "pathname": "stdout", "return": 36}},
{"ts": 1646951041955771, "dur": 1331, "ph": "X", "tid": 0, "pid": 3, "step": 0, "cat": "POSIX", "name": "open", "args": {"pathname": "data_dir/mpiio_write.locktest.3", "flags": 66, "mode": 420, "return": 35}},
{"ts": 1646951041957133, "dur": 52, "ph": "X", "tid": 0, "pid": 3, "step": 0, "cat": "POSIX", "name": "close", "args": {"fd": 35, "pathname": "data_dir/mpiio_write.locktest.3", "return": 0}},
{"ts": 1646951041958089, "dur": 44, "ph": "X", "tid": 0, "pid": 3, "step": 0, "cat": "POSIX", "name": "open", "args": {"pathname": "data_dir/mpiio_write", "flags": 2, "mode": 511, "return": 35}},
{"ts": 1646951041958152, "dur": 36, "ph": "X", "tid": 0, "pid": 3, "step": 0, "cat": "POSIX", "name": "open", "args": {"pathname": "/tmp/ompi.andes605.16326/jf.60079/0/mpiio_write_cid-3-509571.sm", "flags": 66, "mode": 420, "return": 36}},
{"ts": 1646951041958203, "dur": 2, "ph": "X", "tid": 0, "pid": 3, "step": 0, "cat": "POSIX", "name": "close", "args": {"fd": 36, "pathname": "/tmp/ompi.andes605.16326/jf.60079/0/mpiio_write_cid-3-509571.sm", "return": 0}},
{"ts": 1646951042024682, "dur": 73, "ph": "X", "tid": 0, "pid": 3, "step": 0, "cat": "POSIX", "name": "close", "args": {"fd": 35, "pathname": "data_dir/mpiio_write", "return": 0}},
{"ts": 1646951042025988, "dur": 2991, "ph": "X", "tid": 0, "pid": 3, "step": 0, "cat": "POSIX", "name": "open", "args": {"pathname": "data_dir/mpiio_write.locktest.3", "flags": 66, "mode": 420, "return": 35}},
{"ts": 1646951042029013, "dur": 32, "ph": "X", "tid": 0, "pid": 3, "step": 0, "cat": "POSIX", "name": "close", "args": {"fd": 35, "pathname": "data_dir/mpiio_write.locktest.3", "return": 0}},
{"ts": 1646951042029969, "dur": 19, "ph": "X", "tid": 0, "pid": 3, "step": 0, "cat": "POSIX", "name": "open", "args": {"pathname": "data_dir/mpiio_write", "flags": 0, "mode": 511, "return": 35}},
{"ts": 1646951042030000, "dur": 12, "ph": "X", "tid": 0, "pid": 3, "step": 0, "cat": "POSIX", "name": "open", "args": {"pathname": "/tmp/ompi.andes605.16326/jf.60079/0/mpiio_write_cid-3-509571.sm", "flags": 66, "mode": 420, "return": 36}},
{"ts": 1646951042030026, "dur": 2, "ph": "X", "tid": 0, "pid": 3, "step": 0, "cat": "POSIX", "name": "close", "args": {"fd": 36, "pathname": "/tmp/ompi.andes605.16326/jf.60079/0/mpiio_write_cid-3-509571.sm", "return": 0}},
{"ts": 1646951042030167, "dur": 33, "ph": "X", "tid": 0, "pid": 3, "step": 0, "cat": "POSIX", "name": "lseek", "args": {"fd": 35, "offset": 0, "whence": 2, "pathname": "data_dir/mpiio_write", "return": 4194304}},
{"ts": 1646951042030202, "dur": 1, "ph": "X", "tid": 0, "pid": 3, "step": 0, "cat": "POSIX", "name": "lseek", "args": {"fd": 35, "offset": 0, "whence": 0, "pathname": "data_dir/mpiio_write", "return": 0}},
{"ts": 1646951042030260, "dur": 37, "ph": "X", "tid": 0, "pid": 3, "step": 0, "cat": "POSIX", "name": "close", "args": {"fd": 35, "pathname": "data_dir/mpiio_write", "return": 0}},
{"ts": 1646951042030315, "dur": 35, "ph": "X", "tid": 0, "pid": 3, "step": 0, "cat": "POSIX", "name": "fprintf", "args": {"fd": "0x7f055e3a36e0", "pathname": "stdout", "return": 65}},
{"ts": 1646951042030351, "dur": 5, "ph": "X", "tid": 0, "pid": 3, "step": 0, "cat": "POSIX", "name": "fprintf", "args": {"fd": "0x7f055e3a36e0", "pathname": "stdout", "return": 64}},
{"ts": 1646951042030357, "dur": 4, "ph": "X", "tid": 0, "pid": 3, "step": 0, "cat": "POSIX", "name": "fprintf", "args": {"fd": "0x7f055e3a36e0", "pathname": "stdout", "return": 60}},
{"ts": 1646951042030362, "dur": 4, "ph": "X", "tid": 0, "pid": 3, "step": 0, "cat": "POSIX", "name": "fprintf", "args": {"fd": "0x7f055e3a36e0", "pathname": "stdout", "return": 59}},
{"ts": 1646951042030367, "dur": 4, "ph": "X", "tid": 0, "pid": 3, "step": 0, "cat": "POSIX", "name": "fprintf", "args": {"fd": "0x7f055e3a36e0", "pathname": "stdout", "return": 66}},
{"ts": 1646951042030372, "dur": 4, "ph": "X", "tid": 0, "pid": 3, "step": 0, "cat": "POSIX", "name": "fprintf", "args": {"fd": "0x7f055e3a36e0", "pathname": "stdout", "return": 65}},
{"ts": 1646951042030683, "dur": 1, "ph": "X", "tid": 0, "pid": 3, "step": 0, "cat": "TAU", "name": "program exit"}
]
