[
{"ts": 1646951041888507, "dur": 24, "ph": "X", "tid": 0, "pid": 1, "step": 0, "cat": "POSIX", "name": "write", "args": {"fd": 14, "buf": "0x7fffab20b674", "count": 4 , "pathname": "pipe", "return": 4}},
{"ts": 1646951041888523, "dur": 22, "ph": "X", "tid": 0, "pid": 1, "step": 0, "cat": "POSIX", "name": "read", "args": {"fd": 12, "buf": "0x7f5dd1f1ac74", "count": 4, "pathname": "pipe", "return": 4}},
{"ts": 1646951041888548, "dur": 3, "ph": "X", "tid": 0, "pid": 1, "step": 0, "cat": "POSIX", "name": "read", "args": {"fd": 33, "buf": "0x7fffab20b6a0", "count": 8, "pathname": "/sys/class/infiniband/mlx5_0/ports/1/gid_attrs/types/0", "return": 18446744073709551615}},
{"ts": 1646951041888564, "dur": 2, "ph": "X", "tid": 0, "pid": 1, "step": 0, "cat": "POSIX", "name": "read", "args": {"fd": 12, "buf": "0x7f5dd1f1ac74", "count": 4, "pathname": "pipe", "return": 18446744073709551615}},
{"ts": 1646951041889990, "dur": 40, "ph": "X", "tid": 0, "pid": 1, "step": 0, "cat": "POSIX", "name": "open", "args": {"pathname": "/proc/509568/fd/19", "flags": 2, "mode": 511, "return": 35}},
{"ts": 1646951041890041, "dur": 2, "ph": "X", "tid": 0, "pid": 1, "step": 0, "cat": "POSIX", "name": "close", "args": {"fd": 35, "pathname": "/proc/509568/fd/19", "return": 0}},
{"ts": 1646951041952829, "dur": 68, "ph": "X", "tid": 0, "pid": 1, "step": 0, "cat": "POSIX", "name": "fprintf", "args": {"fd": "0x7f5dd8dde6e0", "pathname": "stdout", "return": 36}},
{"ts": 1646951041955784, "dur": 1461, "ph": "X", "tid": 0, "pid": 1, "step": 0, "cat": "POSIX", "name": "open", "args": {"pathname": "data_dir/mpiio_write.locktest.1", "flags": 66, "mode": 420, "return": 35}},
{"ts": 1646951041957278, "dur": 47, "ph": "X", "tid": 0, "pid": 1, "step": 0, "cat": "POSIX", "name": "close", "args": {"fd": 35, "pathname": "data_dir/mpiio_write.locktest.1", "return": 0}},
{"ts": 1646951041958087, "dur": 35, "ph": "X", "tid": 0, "pid": 1, "step": 0, "cat": "POSIX", "name": "open", "args": {"pathname": "data_dir/mpiio_write", "flags": 2, "mode": 511, "return": 35}},
{"ts": 1646951041958138, "dur": 40, "ph": "X", "tid": 0, "pid": 1, "step": 0, "cat": "POSIX", "name": "open", "args": {"pathname": "/tmp/ompi.andes605.16326/jf.60079/0/mpiio_write_cid-3-509571.sm", "flags": 66, "mode": 420, "return": 36}},
{"ts": 1646951041958202, "dur": 2, "ph": "X", "tid": 0, "pid": 1, "step": 0, "cat": "POSIX", "name": "close", "args": {"fd": 36, "pathname": "/tmp/ompi.andes605.16326/jf.60079/0/mpiio_write_cid-3-509571.sm", "return": 0}},
{"ts": 1646951042024681, "dur": 1243, "ph": "X", "tid": 0, "pid": 1, "step": 0, "cat": "POSIX", "name": "close", "args": {"fd": 35, "pathname": "data_dir/mpiio_write", "return": 0}},
{"ts": 1646951042025985, "dur": 2796, "ph": "X", "tid": 0, "pid": 1, "step": 0, "cat": "POSIX", "name": "open", "args": {"pathname": "data_dir/mpiio_write.locktest.1", "flags": 66, "mode": 420, "return": 35}},
{"ts": 1646951042028795, "dur": 31, "ph": "X", "tid": 0, "pid": 1, "step": 0, "cat": "POSIX", "name": "close", "args": {"fd": 35, "pathname": "data_dir/mpiio_write.locktest.1", "return": 0}},
{"ts": 1646951042029371, "dur": 46, "ph": "X", "tid": 0, "pid": 1, "step": 0, "cat": "POSIX", "name": "open", "args": {"pathname": "data_dir/mpiio_write", "flags": 0, "mode": 511, "return": 35}},
{"ts": 1646951042029458, "dur": 40, "ph": "X", "tid": 0, "pid": 1, "step": 0, "cat": "POSIX", "name": "open", "args": {"pathname": "/tmp/ompi.andes605.16326/jf.60079/0/mpiio_write_cid-3-509571.sm", "flags": 66, "mode": 420, "return": 36}},
{"ts": 1646951042030027, "dur": 2, "ph": "X", "tid": 0, "pid": 1, "step": 0, "cat": "POSIX", "name": "close", "args": {"fd": 36, "pathname": "/tmp/ompi.andes605.16326/jf.60079/0/mpiio_write_cid-3-509571.sm", "return": 0}},
{"ts": 1646951042030170, "dur": 55, "ph": "X", "tid": 0, "pid": 1, "step": 0, "cat": "POSIX", "name": "lseek", "args": {"fd": 35, "offset": 0, "whence": 2, "pathname": "data_dir/mpiio_write", "return": 4194304}},
{"ts": 1646951042030227, "dur": 2, "ph": "X", "tid": 0, "pid": 1, "step": 0, "cat": "POSIX", "name": "lseek", "args": {"fd": 35, "offset": 0, "whence": 0, "pathname": "data_dir/mpiio_write", "return": 0}},
{"ts": 1646951042030260, "dur": 32, "ph": "X", "tid": 0, "pid": 1, "step": 0, "cat": "POSIX", "name": "close", "args": {"fd": 35, "pathname": "data_dir/mpiio_write", "return": 0}},
{"ts": 1646951042030317, "dur": 37, "ph": "X", "tid": 0, "pid": 1, "step": 0, "cat": "POSIX", "name": "fprintf", "args": {"fd": "0x7f5dd8dde6e0", "pathname": "stdout", "return": 65}},
{"ts": 1646951042030356, "dur": 5, "ph": "X", "tid": 0, "pid": 1, "step": 0, "cat": "POSIX", "name": "fprintf", "args": {"fd": "0x7f5dd8dde6e0", "pathname": "stdout", "return": 64}},
{"ts": 1646951042030362, "dur": 4, "ph": "X", "tid": 0, "pid": 1, "step": 0, "cat": "POSIX", "name": "fprintf", "args": {"fd": "0x7f5dd8dde6e0", "pathname": "stdout", "return": 60}},
{"ts": 1646951042030367, "dur": 4, "ph": "X", "tid": 0, "pid": 1, "step": 0, "cat": "POSIX", "name": "fprintf", "args": {"fd": "0x7f5dd8dde6e0", "pathname": "stdout", "return": 59}},
{"ts": 1646951042030372, "dur": 4, "ph": "X", "tid": 0, "pid": 1, "step": 0, "cat": "POSIX", "name": "fprintf", "args": {"fd": "0x7f5dd8dde6e0", "pathname": "stdout", "return": 66}},
{"ts": 1646951042030377, "dur": 4, "ph": "X", "tid": 0, "pid": 1, "step": 0, "cat": "POSIX", "name": "fprintf", "args": {"fd": "0x7f5dd8dde6e0", "pathname": "stdout", "return": 65}},
{"ts": 1646951042030691, "dur": 1, "ph": "X", "tid": 0, "pid": 1, "step": 0, "cat": "TAU", "name": "program exit"}
]
