[
{"ts": 1646628189512416, "dur": 46, "ph": "X", "tid": 0, "pid": 2, "step": 0, "cat": "POSIX", "name": "open", "args": {"pathname": "/proc/4168198/fd/19", "flags": 2, "mode": 511}, "return": 35},
{"ts": 1646628189512473, "dur": 3, "ph": "X", "tid": 0, "pid": 2, "step": 0, "cat": "POSIX", "name": "close", "args": {"fd": 35}, "pathname": "/proc/4168198/fd/19", "return": 0},
{"ts": 1646628189512484, "dur": 28, "ph": "X", "tid": 0, "pid": 2, "step": 0, "cat": "POSIX", "name": "open", "args": {"pathname": "/proc/4168200/fd/19", "flags": 2, "mode": 511}, "return": 35},
{"ts": 1646628189512519, "dur": 2, "ph": "X", "tid": 0, "pid": 2, "step": 0, "cat": "POSIX", "name": "close", "args": {"fd": 35}, "pathname": "/proc/4168200/fd/19", "return": 0},
{"ts": 1646628189512547, "dur": 33, "ph": "X", "tid": 0, "pid": 2, "step": 0, "cat": "POSIX", "name": "write", "args": {"fd": 13, "buf": "0x7ffda2499074", "count": 4 }, "pathname": "pipe", "return": 4},
{"ts": 1646628189512563, "dur": 32, "ph": "X", "tid": 0, "pid": 2, "step": 0, "cat": "POSIX", "name": "read", "args": {"fd": 12, "buf": 0x7f297fffec74, "count": 4}, "pathname": "pipe", "return": 4},
{"ts": 1646628189512603, "dur": 3, "ph": "X", "tid": 0, "pid": 2, "step": 0, "cat": "POSIX", "name": "read", "args": {"fd": 12, "buf": 0x7f297fffec74, "count": 4}, "pathname": "pipe", "return": 18446744073709551615},
{"ts": 1646628189512615, "dur": 4, "ph": "X", "tid": 0, "pid": 2, "step": 0, "cat": "POSIX", "name": "read", "args": {"fd": 33, "buf": 0x7ffda2499210, "count": 8}, "pathname": "/sys/class/infiniband/mlx5_0/ports/1/gid_attrs/types/0", "return": 18446744073709551615},
{"ts": 1646628189513951, "dur": 39, "ph": "X", "tid": 0, "pid": 2, "step": 0, "cat": "POSIX", "name": "open", "args": {"pathname": "/proc/4168199/fd/19", "flags": 2, "mode": 511}, "return": 35},
{"ts": 1646628189514001, "dur": 2, "ph": "X", "tid": 0, "pid": 2, "step": 0, "cat": "POSIX", "name": "close", "args": {"fd": 35}, "pathname": "/proc/4168199/fd/19", "return": 0},
{"ts": 1646628189517545, "dur": 36, "ph": "X", "tid": 0, "pid": 2, "step": 0, "cat": "POSIX", "name": "fprintf", "args": {"stream": "0x7f298ae576e0"}, "pathname": "stdout", "return": 36},
{"ts": 1646628189517590, "dur": 112, "ph": "X", "tid": 0, "pid": 2, "step": 0, "cat": "POSIX", "name": "open", "args": {"pathname": "data_dir/posix_write", "flags": 66, "mode": 436}, "return": 35},
{"ts": 1646628189517717, "dur": 4, "ph": "X", "tid": 0, "pid": 2, "step": 0, "cat": "POSIX", "name": "lseek", "args": {"fd": 35, "offset": 2097152, "whence": 0}, "pathname": "data_dir/posix_write", "return": 2097152},
{"ts": 1646628189517722, "dur": 324, "ph": "X", "tid": 0, "pid": 2, "step": 0, "cat": "POSIX", "name": "write", "args": {"fd": 35, "buf": "0x7f2972072000", "count": 1048576 }, "pathname": "data_dir/posix_write", "return": 1048576},
{"ts": 1646628189584608, "dur": 35, "ph": "X", "tid": 0, "pid": 2, "step": 0, "cat": "POSIX", "name": "close", "args": {"fd": 35}, "pathname": "data_dir/posix_write", "return": 0},
{"ts": 1646628189585349, "dur": 11, "ph": "X", "tid": 0, "pid": 2, "step": 0, "cat": "POSIX", "name": "fprintf", "args": {"stream": "0x7f298ae576e0"}, "pathname": "stdout", "return": 56},
{"ts": 1646628189585362, "dur": 4, "ph": "X", "tid": 0, "pid": 2, "step": 0, "cat": "POSIX", "name": "fprintf", "args": {"stream": "0x7f298ae576e0"}, "pathname": "stdout", "return": 55},
{"ts": 1646628189585367, "dur": 4, "ph": "X", "tid": 0, "pid": 2, "step": 0, "cat": "POSIX", "name": "fprintf", "args": {"stream": "0x7f298ae576e0"}, "pathname": "stdout", "return": 51},
{"ts": 1646628189585372, "dur": 3, "ph": "X", "tid": 0, "pid": 2, "step": 0, "cat": "POSIX", "name": "fprintf", "args": {"stream": "0x7f298ae576e0"}, "pathname": "stdout", "return": 50},
{"ts": 1646628189585381, "dur": 3, "ph": "X", "tid": 0, "pid": 2, "step": 0, "cat": "POSIX", "name": "fprintf", "args": {"stream": "0x7f298ae576e0"}, "pathname": "stdout", "return": 57},
{"ts": 1646628189585385, "dur": 3, "ph": "X", "tid": 0, "pid": 2, "step": 0, "cat": "POSIX", "name": "fprintf", "args": {"stream": "0x7f298ae576e0"}, "pathname": "stdout", "return": 56},
{"ts": 1646628189585619, "dur": 1, "ph": "X", "tid": 0, "pid": 2, "step": 0, "cat": "TAU", "name": "program exit"}
]
