[
{"ts": 1646628189512485, "dur": 32, "ph": "X", "tid": 0, "pid": 0, "step": 0, "cat": "POSIX", "name": "write", "args": {"fd": 14, "buf": "0x7ffdc0bbad24", "count": 4 }, "pathname": "pipe", "return": 4},
{"ts": 1646628189512498, "dur": 27, "ph": "X", "tid": 0, "pid": 0, "step": 0, "cat": "POSIX", "name": "read", "args": {"fd": 13, "buf": 0x7f7e126bec74, "count": 4}, "pathname": "pipe", "return": 4},
{"ts": 1646628189512534, "dur": 2, "ph": "X", "tid": 0, "pid": 0, "step": 0, "cat": "POSIX", "name": "read", "args": {"fd": 13, "buf": 0x7f7e126bec74, "count": 4}, "pathname": "pipe", "return": 18446744073709551615},
{"ts": 1646628189512534, "dur": 3, "ph": "X", "tid": 0, "pid": 0, "step": 0, "cat": "POSIX", "name": "read", "args": {"fd": 33, "buf": 0x7ffdc0bbad50, "count": 8}, "pathname": "/sys/class/infiniband/mlx5_0/ports/1/gid_attrs/types/0", "return": 18446744073709551615},
{"ts": 1646628189513836, "dur": 43, "ph": "X", "tid": 0, "pid": 0, "step": 0, "cat": "POSIX", "name": "open", "args": {"pathname": "/proc/4168199/fd/19", "flags": 2, "mode": 511}, "return": 35},
{"ts": 1646628189513889, "dur": 3, "ph": "X", "tid": 0, "pid": 0, "step": 0, "cat": "POSIX", "name": "close", "args": {"fd": 35}, "pathname": "/proc/4168199/fd/19", "return": 0},
{"ts": 1646628189513898, "dur": 28, "ph": "X", "tid": 0, "pid": 0, "step": 0, "cat": "POSIX", "name": "open", "args": {"pathname": "/proc/4168197/fd/19", "flags": 2, "mode": 511}, "return": 35},
{"ts": 1646628189513932, "dur": 2, "ph": "X", "tid": 0, "pid": 0, "step": 0, "cat": "POSIX", "name": "close", "args": {"fd": 35}, "pathname": "/proc/4168197/fd/19", "return": 0},
{"ts": 1646628189513946, "dur": 27, "ph": "X", "tid": 0, "pid": 0, "step": 0, "cat": "POSIX", "name": "open", "args": {"pathname": "/proc/4168200/fd/19", "flags": 2, "mode": 511}, "return": 35},
{"ts": 1646628189513980, "dur": 1, "ph": "X", "tid": 0, "pid": 0, "step": 0, "cat": "POSIX", "name": "close", "args": {"fd": 35}, "pathname": "/proc/4168200/fd/19", "return": 0},
{"ts": 1646628189514279, "dur": 32, "ph": "X", "tid": 0, "pid": 0, "step": 0, "cat": "POSIX", "name": "fwrite", "args": {"ptr": "0x41ca18", "size": 1, "nmemb": 52, "stream": "0x7f7e1936b6e0"}, "pathname": "stdout", "return": 52},
{"ts": 1646628189514353, "dur": 29, "ph": "X", "tid": 0, "pid": 0, "step": 0, "cat": "POSIX", "name": "fprintf", "args": {"stream": "0x7f7e1936b6e0"}, "pathname": "stdout", "return": 47},
{"ts": 1646628189514384, "dur": 4, "ph": "X", "tid": 0, "pid": 0, "step": 0, "cat": "POSIX", "name": "fprintf", "args": {"stream": "0x7f7e1936b6e0"}, "pathname": "stdout", "return": 22},
{"ts": 1646628189514389, "dur": 4, "ph": "X", "tid": 0, "pid": 0, "step": 0, "cat": "POSIX", "name": "fprintf", "args": {"stream": "0x7f7e1936b6e0"}, "pathname": "stdout", "return": 3},
{"ts": 1646628189514394, "dur": 2, "ph": "X", "tid": 0, "pid": 0, "step": 0, "cat": "POSIX", "name": "fprintf", "args": {"stream": "0x7f7e1936b6e0"}, "pathname": "stdout", "return": 3},
{"ts": 1646628189514399, "dur": 2, "ph": "X", "tid": 0, "pid": 0, "step": 0, "cat": "POSIX", "name": "fprintf", "args": {"stream": "0x7f7e1936b6e0"}, "pathname": "stdout", "return": 3},
{"ts": 1646628189514402, "dur": 2, "ph": "X", "tid": 0, "pid": 0, "step": 0, "cat": "POSIX", "name": "fprintf", "args": {"stream": "0x7f7e1936b6e0"}, "pathname": "stdout", "return": 3},
{"ts": 1646628189514405, "dur": 2, "ph": "X", "tid": 0, "pid": 0, "step": 0, "cat": "POSIX", "name": "fprintf", "args": {"stream": "0x7f7e1936b6e0"}, "pathname": "stdout", "return": 3},
{"ts": 1646628189514408, "dur": 3, "ph": "X", "tid": 0, "pid": 0, "step": 0, "cat": "POSIX", "name": "fprintf", "args": {"stream": "0x7f7e1936b6e0"}, "pathname": "stdout", "return": 2},
{"ts": 1646628189514412, "dur": 3, "ph": "X", "tid": 0, "pid": 0, "step": 0, "cat": "POSIX", "name": "fprintf", "args": {"stream": "0x7f7e1936b6e0"}, "pathname": "stdout", "return": 3},
{"ts": 1646628189514416, "dur": 3, "ph": "X", "tid": 0, "pid": 0, "step": 0, "cat": "POSIX", "name": "fprintf", "args": {"stream": "0x7f7e1936b6e0"}, "pathname": "stdout", "return": 3},
{"ts": 1646628189514420, "dur": 3, "ph": "X", "tid": 0, "pid": 0, "step": 0, "cat": "POSIX", "name": "fprintf", "args": {"stream": "0x7f7e1936b6e0"}, "pathname": "stdout", "return": 3},
{"ts": 1646628189514424, "dur": 2, "ph": "X", "tid": 0, "pid": 0, "step": 0, "cat": "POSIX", "name": "fprintf", "args": {"stream": "0x7f7e1936b6e0"}, "pathname": "stdout", "return": 3},
{"ts": 1646628189514427, "dur": 3, "ph": "X", "tid": 0, "pid": 0, "step": 0, "cat": "POSIX", "name": "fprintf", "args": {"stream": "0x7f7e1936b6e0"}, "pathname": "stdout", "return": 3},
{"ts": 1646628189514431, "dur": 3, "ph": "X", "tid": 0, "pid": 0, "step": 0, "cat": "POSIX", "name": "fprintf", "args": {"stream": "0x7f7e1936b6e0"}, "pathname": "stdout", "return": 6},
{"ts": 1646628189514435, "dur": 2, "ph": "X", "tid": 0, "pid": 0, "step": 0, "cat": "POSIX", "name": "fprintf", "args": {"stream": "0x7f7e1936b6e0"}, "pathname": "stdout", "return": 3},
{"ts": 1646628189514438, "dur": 3, "ph": "X", "tid": 0, "pid": 0, "step": 0, "cat": "POSIX", "name": "fprintf", "args": {"stream": "0x7f7e1936b6e0"}, "pathname": "stdout", "return": 3},
{"ts": 1646628189514442, "dur": 3, "ph": "X", "tid": 0, "pid": 0, "step": 0, "cat": "POSIX", "name": "fprintf", "args": {"stream": "0x7f7e1936b6e0"}, "pathname": "stdout", "return": 3},
{"ts": 1646628189514446, "dur": 2, "ph": "X", "tid": 0, "pid": 0, "step": 0, "cat": "POSIX", "name": "fprintf", "args": {"stream": "0x7f7e1936b6e0"}, "pathname": "stdout", "return": 21},
{"ts": 1646628189514454, "dur": 3, "ph": "X", "tid": 0, "pid": 0, "step": 0, "cat": "POSIX", "name": "fprintf", "args": {"stream": "0x7f7e1936b6e0"}, "pathname": "stdout", "return": 22},
{"ts": 1646628189514458, "dur": 2, "ph": "X", "tid": 0, "pid": 0, "step": 0, "cat": "POSIX", "name": "fprintf", "args": {"stream": "0x7f7e1936b6e0"}, "pathname": "stdout", "return": 28},
{"ts": 1646628189514461, "dur": 4, "ph": "X", "tid": 0, "pid": 0, "step": 0, "cat": "POSIX", "name": "fprintf", "args": {"stream": "0x7f7e1936b6e0"}, "pathname": "stdout", "return": 72},
{"ts": 1646628189514466, "dur": 2, "ph": "X", "tid": 0, "pid": 0, "step": 0, "cat": "POSIX", "name": "fwrite", "args": {"ptr": "0x41c4ff", "size": 1, "nmemb": 29, "stream": "0x7f7e1936b6e0"}, "pathname": "stdout", "return": 29},
{"ts": 1646628189514470, "dur": 7, "ph": "X", "tid": 0, "pid": 0, "step": 0, "cat": "POSIX", "name": "fprintf", "args": {"stream": "0x7f7e1936b6e0"}, "pathname": "stdout", "return": 43},
{"ts": 1646628189514479, "dur": 2, "ph": "X", "tid": 0, "pid": 0, "step": 0, "cat": "POSIX", "name": "fwrite", "args": {"ptr": "0x41c51d", "size": 1, "nmemb": 22, "stream": "0x7f7e1936b6e0"}, "pathname": "stdout", "return": 22},
{"ts": 1646628189514482, "dur": 3, "ph": "X", "tid": 0, "pid": 0, "step": 0, "cat": "POSIX", "name": "fprintf", "args": {"stream": "0x7f7e1936b6e0"}, "pathname": "stdout", "return": 20},
{"ts": 1646628189514487, "dur": 3, "ph": "X", "tid": 0, "pid": 0, "step": 0, "cat": "POSIX", "name": "fprintf", "args": {"stream": "0x7f7e1936b6e0"}, "pathname": "stdout", "return": 468},
{"ts": 1646628189514491, "dur": 5, "ph": "X", "tid": 0, "pid": 0, "step": 0, "cat": "POSIX", "name": "fprintf", "args": {"stream": "0x7f7e1936b6e0"}, "pathname": "stdout", "return": 1790},
{"ts": 1646628189514497, "dur": 3, "ph": "X", "tid": 0, "pid": 0, "step": 0, "cat": "POSIX", "name": "fprintf", "args": {"stream": "0x7f7e1936b6e0"}, "pathname": "stdout", "return": 13},
{"ts": 1646628189514501, "dur": 2, "ph": "X", "tid": 0, "pid": 0, "step": 0, "cat": "POSIX", "name": "fprintf", "args": {"stream": "0x7f7e1936b6e0"}, "pathname": "stdout", "return": 16},
{"ts": 1646628189514505, "dur": 2, "ph": "X", "tid": 0, "pid": 0, "step": 0, "cat": "POSIX", "name": "fprintf", "args": {"stream": "0x7f7e1936b6e0"}, "pathname": "stdout", "return": 15},
{"ts": 1646628189514509, "dur": 2, "ph": "X", "tid": 0, "pid": 0, "step": 0, "cat": "POSIX", "name": "fprintf", "args": {"stream": "0x7f7e1936b6e0"}, "pathname": "stdout", "return": 23},
{"ts": 1646628189514513, "dur": 2, "ph": "X", "tid": 0, "pid": 0, "step": 0, "cat": "POSIX", "name": "fprintf", "args": {"stream": "0x7f7e1936b6e0"}, "pathname": "stdout", "return": 643},
{"ts": 1646628189514650, "dur": 4, "ph": "X", "tid": 0, "pid": 0, "step": 0, "cat": "POSIX", "name": "fprintf", "args": {"stream": "0x7f7e1936b6e0"}, "pathname": "stdout", "return": 530},
{"ts": 1646628189514655, "dur": 2, "ph": "X", "tid": 0, "pid": 0, "step": 0, "cat": "POSIX", "name": "fprintf", "args": {"stream": "0x7f7e1936b6e0"}, "pathname": "stdout", "return": 52},
{"ts": 1646628189514658, "dur": 9, "ph": "X", "tid": 0, "pid": 0, "step": 0, "cat": "POSIX", "name": "fprintf", "args": {"stream": "0x7f7e1936b6e0"}, "pathname": "stdout", "return": 234},
{"ts": 1646628189514668, "dur": 3, "ph": "X", "tid": 0, "pid": 0, "step": 0, "cat": "POSIX", "name": "fprintf", "args": {"stream": "0x7f7e1936b6e0"}, "pathname": "stdout", "return": 21},
{"ts": 1646628189514672, "dur": 3, "ph": "X", "tid": 0, "pid": 0, "step": 0, "cat": "POSIX", "name": "fprintf", "args": {"stream": "0x7f7e1936b6e0"}, "pathname": "stdout", "return": 29},
{"ts": 1646628189514676, "dur": 3, "ph": "X", "tid": 0, "pid": 0, "step": 0, "cat": "POSIX", "name": "fprintf", "args": {"stream": "0x7f7e1936b6e0"}, "pathname": "stdout", "return": 262},
{"ts": 1646628189514680, "dur": 2, "ph": "X", "tid": 0, "pid": 0, "step": 0, "cat": "POSIX", "name": "fprintf", "args": {"stream": "0x7f7e1936b6e0"}, "pathname": "stdout", "return": 30},
{"ts": 1646628189514683, "dur": 3, "ph": "X", "tid": 0, "pid": 0, "step": 0, "cat": "POSIX", "name": "fprintf", "args": {"stream": "0x7f7e1936b6e0"}, "pathname": "stdout", "return": 7},
{"ts": 1646628189514687, "dur": 2, "ph": "X", "tid": 0, "pid": 0, "step": 0, "cat": "POSIX", "name": "fprintf", "args": {"stream": "0x7f7e1936b6e0"}, "pathname": "stdout", "return": 23},
{"ts": 1646628189514690, "dur": 3, "ph": "X", "tid": 0, "pid": 0, "step": 0, "cat": "POSIX", "name": "fprintf", "args": {"stream": "0x7f7e1936b6e0"}, "pathname": "stdout", "return": 62},
{"ts": 1646628189514694, "dur": 3, "ph": "X", "tid": 0, "pid": 0, "step": 0, "cat": "POSIX", "name": "fprintf", "args": {"stream": "0x7f7e1936b6e0"}, "pathname": "stdout", "return": 23},
{"ts": 1646628189514698, "dur": 3, "ph": "X", "tid": 0, "pid": 0, "step": 0, "cat": "POSIX", "name": "fprintf", "args": {"stream": "0x7f7e1936b6e0"}, "pathname": "stdout", "return": 37},
{"ts": 1646628189514702, "dur": 2, "ph": "X", "tid": 0, "pid": 0, "step": 0, "cat": "POSIX", "name": "fprintf", "args": {"stream": "0x7f7e1936b6e0"}, "pathname": "stdout", "return": 17},
{"ts": 1646628189514705, "dur": 3, "ph": "X", "tid": 0, "pid": 0, "step": 0, "cat": "POSIX", "name": "fprintf", "args": {"stream": "0x7f7e1936b6e0"}, "pathname": "stdout", "return": 97},
{"ts": 1646628189514709, "dur": 3, "ph": "X", "tid": 0, "pid": 0, "step": 0, "cat": "POSIX", "name": "fprintf", "args": {"stream": "0x7f7e1936b6e0"}, "pathname": "stdout", "return": 35},
{"ts": 1646628189514713, "dur": 2, "ph": "X", "tid": 0, "pid": 0, "step": 0, "cat": "POSIX", "name": "fprintf", "args": {"stream": "0x7f7e1936b6e0"}, "pathname": "stdout", "return": 11},
{"ts": 1646628189514716, "dur": 3, "ph": "X", "tid": 0, "pid": 0, "step": 0, "cat": "POSIX", "name": "fprintf", "args": {"stream": "0x7f7e1936b6e0"}, "pathname": "stdout", "return": 32},
{"ts": 1646628189514720, "dur": 2, "ph": "X", "tid": 0, "pid": 0, "step": 0, "cat": "POSIX", "name": "fprintf", "args": {"stream": "0x7f7e1936b6e0"}, "pathname": "stdout", "return": 36},
{"ts": 1646628189514723, "dur": 3, "ph": "X", "tid": 0, "pid": 0, "step": 0, "cat": "POSIX", "name": "fprintf", "args": {"stream": "0x7f7e1936b6e0"}, "pathname": "stdout", "return": 57},
{"ts": 1646628189514727, "dur": 3, "ph": "X", "tid": 0, "pid": 0, "step": 0, "cat": "POSIX", "name": "fprintf", "args": {"stream": "0x7f7e1936b6e0"}, "pathname": "stdout", "return": 443},
{"ts": 1646628189514731, "dur": 3, "ph": "X", "tid": 0, "pid": 0, "step": 0, "cat": "POSIX", "name": "fprintf", "args": {"stream": "0x7f7e1936b6e0"}, "pathname": "stdout", "return": 241},
{"ts": 1646628189514735, "dur": 2, "ph": "X", "tid": 0, "pid": 0, "step": 0, "cat": "POSIX", "name": "fprintf", "args": {"stream": "0x7f7e1936b6e0"}, "pathname": "stdout", "return": 15},
{"ts": 1646628189514738, "dur": 2, "ph": "X", "tid": 0, "pid": 0, "step": 0, "cat": "POSIX", "name": "fprintf", "args": {"stream": "0x7f7e1936b6e0"}, "pathname": "stdout", "return": 35},
{"ts": 1646628189514742, "dur": 2, "ph": "X", "tid": 0, "pid": 0, "step": 0, "cat": "POSIX", "name": "fprintf", "args": {"stream": "0x7f7e1936b6e0"}, "pathname": "stdout", "return": 11},
{"ts": 1646628189514745, "dur": 2, "ph": "X", "tid": 0, "pid": 0, "step": 0, "cat": "POSIX", "name": "fprintf", "args": {"stream": "0x7f7e1936b6e0"}, "pathname": "stdout", "return": 25},
{"ts": 1646628189514748, "dur": 2, "ph": "X", "tid": 0, "pid": 0, "step": 0, "cat": "POSIX", "name": "fprintf", "args": {"stream": "0x7f7e1936b6e0"}, "pathname": "stdout", "return": 18},
{"ts": 1646628189514751, "dur": 2, "ph": "X", "tid": 0, "pid": 0, "step": 0, "cat": "POSIX", "name": "fprintf", "args": {"stream": "0x7f7e1936b6e0"}, "pathname": "stdout", "return": 39},
{"ts": 1646628189514754, "dur": 3, "ph": "X", "tid": 0, "pid": 0, "step": 0, "cat": "POSIX", "name": "fprintf", "args": {"stream": "0x7f7e1936b6e0"}, "pathname": "stdout", "return": 54},
{"ts": 1646628189514758, "dur": 3, "ph": "X", "tid": 0, "pid": 0, "step": 0, "cat": "POSIX", "name": "fprintf", "args": {"stream": "0x7f7e1936b6e0"}, "pathname": "stdout", "return": 266},
{"ts": 1646628189514762, "dur": 2, "ph": "X", "tid": 0, "pid": 0, "step": 0, "cat": "POSIX", "name": "fprintf", "args": {"stream": "0x7f7e1936b6e0"}, "pathname": "stdout", "return": 113},
{"ts": 1646628189514765, "dur": 3, "ph": "X", "tid": 0, "pid": 0, "step": 0, "cat": "POSIX", "name": "fprintf", "args": {"stream": "0x7f7e1936b6e0"}, "pathname": "stdout", "return": 15},
{"ts": 1646628189514769, "dur": 3, "ph": "X", "tid": 0, "pid": 0, "step": 0, "cat": "POSIX", "name": "fprintf", "args": {"stream": "0x7f7e1936b6e0"}, "pathname": "stdout", "return": 19},
{"ts": 1646628189514773, "dur": 3, "ph": "X", "tid": 0, "pid": 0, "step": 0, "cat": "POSIX", "name": "fprintf", "args": {"stream": "0x7f7e1936b6e0"}, "pathname": "stdout", "return": 255},
{"ts": 1646628189514777, "dur": 2, "ph": "X", "tid": 0, "pid": 0, "step": 0, "cat": "POSIX", "name": "fprintf", "args": {"stream": "0x7f7e1936b6e0"}, "pathname": "stdout", "return": 34},
{"ts": 1646628189514780, "dur": 3, "ph": "X", "tid": 0, "pid": 0, "step": 0, "cat": "POSIX", "name": "fprintf", "args": {"stream": "0x7f7e1936b6e0"}, "pathname": "stdout", "return": 352},
{"ts": 1646628189514784, "dur": 3, "ph": "X", "tid": 0, "pid": 0, "step": 0, "cat": "POSIX", "name": "fprintf", "args": {"stream": "0x7f7e1936b6e0"}, "pathname": "stdout", "return": 155},
{"ts": 1646628189514788, "dur": 2, "ph": "X", "tid": 0, "pid": 0, "step": 0, "cat": "POSIX", "name": "fprintf", "args": {"stream": "0x7f7e1936b6e0"}, "pathname": "stdout", "return": 41},
{"ts": 1646628189514791, "dur": 3, "ph": "X", "tid": 0, "pid": 0, "step": 0, "cat": "POSIX", "name": "fprintf", "args": {"stream": "0x7f7e1936b6e0"}, "pathname": "stdout", "return": 58},
{"ts": 1646628189514795, "dur": 2, "ph": "X", "tid": 0, "pid": 0, "step": 0, "cat": "POSIX", "name": "fprintf", "args": {"stream": "0x7f7e1936b6e0"}, "pathname": "stdout", "return": 25},
{"ts": 1646628189514798, "dur": 3, "ph": "X", "tid": 0, "pid": 0, "step": 0, "cat": "POSIX", "name": "fprintf", "args": {"stream": "0x7f7e1936b6e0"}, "pathname": "stdout", "return": 81},
{"ts": 1646628189514802, "dur": 3, "ph": "X", "tid": 0, "pid": 0, "step": 0, "cat": "POSIX", "name": "fprintf", "args": {"stream": "0x7f7e1936b6e0"}, "pathname": "stdout", "return": 530},
{"ts": 1646628189514806, "dur": 3, "ph": "X", "tid": 0, "pid": 0, "step": 0, "cat": "POSIX", "name": "fprintf", "args": {"stream": "0x7f7e1936b6e0"}, "pathname": "stdout", "return": 23},
{"ts": 1646628189514810, "dur": 3, "ph": "X", "tid": 0, "pid": 0, "step": 0, "cat": "POSIX", "name": "fprintf", "args": {"stream": "0x7f7e1936b6e0"}, "pathname": "stdout", "return": 14},
{"ts": 1646628189514814, "dur": 2, "ph": "X", "tid": 0, "pid": 0, "step": 0, "cat": "POSIX", "name": "fprintf", "args": {"stream": "0x7f7e1936b6e0"}, "pathname": "stdout", "return": 47},
{"ts": 1646628189515918, "dur": 3, "ph": "X", "tid": 0, "pid": 0, "step": 0, "cat": "POSIX", "name": "fprintf", "args": {"stream": "0x7f7e1936b6e0"}, "pathname": "stdout", "return": 124},
{"ts": 1646628189515922, "dur": 2, "ph": "X", "tid": 0, "pid": 0, "step": 0, "cat": "POSIX", "name": "fprintf", "args": {"stream": "0x7f7e1936b6e0"}, "pathname": "stdout", "return": 20},
{"ts": 1646628189515925, "dur": 2, "ph": "X", "tid": 0, "pid": 0, "step": 0, "cat": "POSIX", "name": "fprintf", "args": {"stream": "0x7f7e1936b6e0"}, "pathname": "stdout", "return": 10},
{"ts": 1646628189515928, "dur": 3, "ph": "X", "tid": 0, "pid": 0, "step": 0, "cat": "POSIX", "name": "fprintf", "args": {"stream": "0x7f7e1936b6e0"}, "pathname": "stdout", "return": 15},
{"ts": 1646628189515932, "dur": 2, "ph": "X", "tid": 0, "pid": 0, "step": 0, "cat": "POSIX", "name": "fprintf", "args": {"stream": "0x7f7e1936b6e0"}, "pathname": "stdout", "return": 39},
{"ts": 1646628189515935, "dur": 7, "ph": "X", "tid": 0, "pid": 0, "step": 0, "cat": "POSIX", "name": "fprintf", "args": {"stream": "0x7f7e1936b6e0"}, "pathname": "stdout", "return": 61},
{"ts": 1646628189515943, "dur": 3, "ph": "X", "tid": 0, "pid": 0, "step": 0, "cat": "POSIX", "name": "fprintf", "args": {"stream": "0x7f7e1936b6e0"}, "pathname": "stdout", "return": 39},
{"ts": 1646628189515947, "dur": 3, "ph": "X", "tid": 0, "pid": 0, "step": 0, "cat": "POSIX", "name": "fprintf", "args": {"stream": "0x7f7e1936b6e0"}, "pathname": "stdout", "return": 28},
{"ts": 1646628189515951, "dur": 2, "ph": "X", "tid": 0, "pid": 0, "step": 0, "cat": "POSIX", "name": "fprintf", "args": {"stream": "0x7f7e1936b6e0"}, "pathname": "stdout", "return": 124},
{"ts": 1646628189515954, "dur": 3, "ph": "X", "tid": 0, "pid": 0, "step": 0, "cat": "POSIX", "name": "fprintf", "args": {"stream": "0x7f7e1936b6e0"}, "pathname": "stdout", "return": 12},
{"ts": 1646628189515958, "dur": 3, "ph": "X", "tid": 0, "pid": 0, "step": 0, "cat": "POSIX", "name": "fprintf", "args": {"stream": "0x7f7e1936b6e0"}, "pathname": "stdout", "return": 356},
{"ts": 1646628189515962, "dur": 3, "ph": "X", "tid": 0, "pid": 0, "step": 0, "cat": "POSIX", "name": "fprintf", "args": {"stream": "0x7f7e1936b6e0"}, "pathname": "stdout", "return": 121},
{"ts": 1646628189515966, "dur": 2, "ph": "X", "tid": 0, "pid": 0, "step": 0, "cat": "POSIX", "name": "fprintf", "args": {"stream": "0x7f7e1936b6e0"}, "pathname": "stdout", "return": 30},
{"ts": 1646628189515969, "dur": 3, "ph": "X", "tid": 0, "pid": 0, "step": 0, "cat": "POSIX", "name": "fprintf", "args": {"stream": "0x7f7e1936b6e0"}, "pathname": "stdout", "return": 49},
{"ts": 1646628189515973, "dur": 3, "ph": "X", "tid": 0, "pid": 0, "step": 0, "cat": "POSIX", "name": "fprintf", "args": {"stream": "0x7f7e1936b6e0"}, "pathname": "stdout", "return": 35},
{"ts": 1646628189515977, "dur": 3, "ph": "X", "tid": 0, "pid": 0, "step": 0, "cat": "POSIX", "name": "fprintf", "args": {"stream": "0x7f7e1936b6e0"}, "pathname": "stdout", "return": 28},
{"ts": 1646628189515981, "dur": 2, "ph": "X", "tid": 0, "pid": 0, "step": 0, "cat": "POSIX", "name": "fprintf", "args": {"stream": "0x7f7e1936b6e0"}, "pathname": "stdout", "return": 20},
{"ts": 1646628189515984, "dur": 3, "ph": "X", "tid": 0, "pid": 0, "step": 0, "cat": "POSIX", "name": "fprintf", "args": {"stream": "0x7f7e1936b6e0"}, "pathname": "stdout", "return": 10},
{"ts": 1646628189515988, "dur": 2, "ph": "X", "tid": 0, "pid": 0, "step": 0, "cat": "POSIX", "name": "fprintf", "args": {"stream": "0x7f7e1936b6e0"}, "pathname": "stdout", "return": 25},
{"ts": 1646628189515991, "dur": 3, "ph": "X", "tid": 0, "pid": 0, "step": 0, "cat": "POSIX", "name": "fprintf", "args": {"stream": "0x7f7e1936b6e0"}, "pathname": "stdout", "return": 102},
{"ts": 1646628189515995, "dur": 3, "ph": "X", "tid": 0, "pid": 0, "step": 0, "cat": "POSIX", "name": "fprintf", "args": {"stream": "0x7f7e1936b6e0"}, "pathname": "stdout", "return": 228},
{"ts": 1646628189515999, "dur": 3, "ph": "X", "tid": 0, "pid": 0, "step": 0, "cat": "POSIX", "name": "fprintf", "args": {"stream": "0x7f7e1936b6e0"}, "pathname": "stdout", "return": 24},
{"ts": 1646628189516003, "dur": 2, "ph": "X", "tid": 0, "pid": 0, "step": 0, "cat": "POSIX", "name": "fprintf", "args": {"stream": "0x7f7e1936b6e0"}, "pathname": "stdout", "return": 34},
{"ts": 1646628189516006, "dur": 3, "ph": "X", "tid": 0, "pid": 0, "step": 0, "cat": "POSIX", "name": "fprintf", "args": {"stream": "0x7f7e1936b6e0"}, "pathname": "stdout", "return": 20},
{"ts": 1646628189516010, "dur": 3, "ph": "X", "tid": 0, "pid": 0, "step": 0, "cat": "POSIX", "name": "fprintf", "args": {"stream": "0x7f7e1936b6e0"}, "pathname": "stdout", "return": 35},
{"ts": 1646628189516014, "dur": 2, "ph": "X", "tid": 0, "pid": 0, "step": 0, "cat": "POSIX", "name": "fprintf", "args": {"stream": "0x7f7e1936b6e0"}, "pathname": "stdout", "return": 15},
{"ts": 1646628189516017, "dur": 3, "ph": "X", "tid": 0, "pid": 0, "step": 0, "cat": "POSIX", "name": "fprintf", "args": {"stream": "0x7f7e1936b6e0"}, "pathname": "stdout", "return": 25},
{"ts": 1646628189516021, "dur": 3, "ph": "X", "tid": 0, "pid": 0, "step": 0, "cat": "POSIX", "name": "fprintf", "args": {"stream": "0x7f7e1936b6e0"}, "pathname": "stdout", "return": 84},
{"ts": 1646628189516025, "dur": 2, "ph": "X", "tid": 0, "pid": 0, "step": 0, "cat": "POSIX", "name": "fprintf", "args": {"stream": "0x7f7e1936b6e0"}, "pathname": "stdout", "return": 17},
{"ts": 1646628189516028, "dur": 3, "ph": "X", "tid": 0, "pid": 0, "step": 0, "cat": "POSIX", "name": "fprintf", "args": {"stream": "0x7f7e1936b6e0"}, "pathname": "stdout", "return": 42},
{"ts": 1646628189516032, "dur": 3, "ph": "X", "tid": 0, "pid": 0, "step": 0, "cat": "POSIX", "name": "fprintf", "args": {"stream": "0x7f7e1936b6e0"}, "pathname": "stdout", "return": 27},
{"ts": 1646628189516036, "dur": 2, "ph": "X", "tid": 0, "pid": 0, "step": 0, "cat": "POSIX", "name": "fprintf", "args": {"stream": "0x7f7e1936b6e0"}, "pathname": "stdout", "return": 41},
{"ts": 1646628189516039, "dur": 3, "ph": "X", "tid": 0, "pid": 0, "step": 0, "cat": "POSIX", "name": "fprintf", "args": {"stream": "0x7f7e1936b6e0"}, "pathname": "stdout", "return": 31},
{"ts": 1646628189516043, "dur": 2, "ph": "X", "tid": 0, "pid": 0, "step": 0, "cat": "POSIX", "name": "fprintf", "args": {"stream": "0x7f7e1936b6e0"}, "pathname": "stdout", "return": 14},
{"ts": 1646628189516046, "dur": 3, "ph": "X", "tid": 0, "pid": 0, "step": 0, "cat": "POSIX", "name": "fprintf", "args": {"stream": "0x7f7e1936b6e0"}, "pathname": "stdout", "return": 29},
{"ts": 1646628189516050, "dur": 2, "ph": "X", "tid": 0, "pid": 0, "step": 0, "cat": "POSIX", "name": "fprintf", "args": {"stream": "0x7f7e1936b6e0"}, "pathname": "stdout", "return": 42},
{"ts": 1646628189516053, "dur": 3, "ph": "X", "tid": 0, "pid": 0, "step": 0, "cat": "POSIX", "name": "fprintf", "args": {"stream": "0x7f7e1936b6e0"}, "pathname": "stdout", "return": 24},
{"ts": 1646628189516057, "dur": 3, "ph": "X", "tid": 0, "pid": 0, "step": 0, "cat": "POSIX", "name": "fprintf", "args": {"stream": "0x7f7e1936b6e0"}, "pathname": "stdout", "return": 54},
{"ts": 1646628189516061, "dur": 2, "ph": "X", "tid": 0, "pid": 0, "step": 0, "cat": "POSIX", "name": "fprintf", "args": {"stream": "0x7f7e1936b6e0"}, "pathname": "stdout", "return": 26},
{"ts": 1646628189516064, "dur": 3, "ph": "X", "tid": 0, "pid": 0, "step": 0, "cat": "POSIX", "name": "fprintf", "args": {"stream": "0x7f7e1936b6e0"}, "pathname": "stdout", "return": 41},
{"ts": 1646628189516068, "dur": 3, "ph": "X", "tid": 0, "pid": 0, "step": 0, "cat": "POSIX", "name": "fprintf", "args": {"stream": "0x7f7e1936b6e0"}, "pathname": "stdout", "return": 78},
{"ts": 1646628189516072, "dur": 2, "ph": "X", "tid": 0, "pid": 0, "step": 0, "cat": "POSIX", "name": "fprintf", "args": {"stream": "0x7f7e1936b6e0"}, "pathname": "stdout", "return": 252},
{"ts": 1646628189516075, "dur": 3, "ph": "X", "tid": 0, "pid": 0, "step": 0, "cat": "POSIX", "name": "fprintf", "args": {"stream": "0x7f7e1936b6e0"}, "pathname": "stdout", "return": 29},
{"ts": 1646628189516079, "dur": 3, "ph": "X", "tid": 0, "pid": 0, "step": 0, "cat": "POSIX", "name": "fprintf", "args": {"stream": "0x7f7e1936b6e0"}, "pathname": "stdout", "return": 19},
{"ts": 1646628189516090, "dur": 2, "ph": "X", "tid": 0, "pid": 0, "step": 0, "cat": "POSIX", "name": "fprintf", "args": {"stream": "0x7f7e1936b6e0"}, "pathname": "stdout", "return": 34},
{"ts": 1646628189516093, "dur": 2, "ph": "X", "tid": 0, "pid": 0, "step": 0, "cat": "POSIX", "name": "fprintf", "args": {"stream": "0x7f7e1936b6e0"}, "pathname": "stdout", "return": 26},
{"ts": 1646628189516096, "dur": 2, "ph": "X", "tid": 0, "pid": 0, "step": 0, "cat": "POSIX", "name": "fprintf", "args": {"stream": "0x7f7e1936b6e0"}, "pathname": "stdout", "return": 12},
{"ts": 1646628189516099, "dur": 3, "ph": "X", "tid": 0, "pid": 0, "step": 0, "cat": "POSIX", "name": "fprintf", "args": {"stream": "0x7f7e1936b6e0"}, "pathname": "stdout", "return": 231},
{"ts": 1646628189516103, "dur": 3, "ph": "X", "tid": 0, "pid": 0, "step": 0, "cat": "POSIX", "name": "fprintf", "args": {"stream": "0x7f7e1936b6e0"}, "pathname": "stdout", "return": 249},
{"ts": 1646628189516107, "dur": 3, "ph": "X", "tid": 0, "pid": 0, "step": 0, "cat": "POSIX", "name": "fprintf", "args": {"stream": "0x7f7e1936b6e0"}, "pathname": "stdout", "return": 15},
{"ts": 1646628189516111, "dur": 2, "ph": "X", "tid": 0, "pid": 0, "step": 0, "cat": "POSIX", "name": "fprintf", "args": {"stream": "0x7f7e1936b6e0"}, "pathname": "stdout", "return": 19},
{"ts": 1646628189516114, "dur": 3, "ph": "X", "tid": 0, "pid": 0, "step": 0, "cat": "POSIX", "name": "fprintf", "args": {"stream": "0x7f7e1936b6e0"}, "pathname": "stdout", "return": 530},
{"ts": 1646628189516118, "dur": 2, "ph": "X", "tid": 0, "pid": 0, "step": 0, "cat": "POSIX", "name": "fprintf", "args": {"stream": "0x7f7e1936b6e0"}, "pathname": "stdout", "return": 33},
{"ts": 1646628189516121, "dur": 2, "ph": "X", "tid": 0, "pid": 0, "step": 0, "cat": "POSIX", "name": "fprintf", "args": {"stream": "0x7f7e1936b6e0"}, "pathname": "stdout", "return": 92},
{"ts": 1646628189516124, "dur": 2, "ph": "X", "tid": 0, "pid": 0, "step": 0, "cat": "POSIX", "name": "fprintf", "args": {"stream": "0x7f7e1936b6e0"}, "pathname": "stdout", "return": 110},
{"ts": 1646628189516127, "dur": 3, "ph": "X", "tid": 0, "pid": 0, "step": 0, "cat": "POSIX", "name": "fprintf", "args": {"stream": "0x7f7e1936b6e0"}, "pathname": "stdout", "return": 356},
{"ts": 1646628189516131, "dur": 7, "ph": "X", "tid": 0, "pid": 0, "step": 0, "cat": "POSIX", "name": "fprintf", "args": {"stream": "0x7f7e1936b6e0"}, "pathname": "stdout", "return": 530},
{"ts": 1646628189516139, "dur": 2, "ph": "X", "tid": 0, "pid": 0, "step": 0, "cat": "POSIX", "name": "fprintf", "args": {"stream": "0x7f7e1936b6e0"}, "pathname": "stdout", "return": 26},
{"ts": 1646628189516142, "dur": 2, "ph": "X", "tid": 0, "pid": 0, "step": 0, "cat": "POSIX", "name": "fprintf", "args": {"stream": "0x7f7e1936b6e0"}, "pathname": "stdout", "return": 122},
{"ts": 1646628189516145, "dur": 2, "ph": "X", "tid": 0, "pid": 0, "step": 0, "cat": "POSIX", "name": "fprintf", "args": {"stream": "0x7f7e1936b6e0"}, "pathname": "stdout", "return": 25},
{"ts": 1646628189516148, "dur": 3, "ph": "X", "tid": 0, "pid": 0, "step": 0, "cat": "POSIX", "name": "fprintf", "args": {"stream": "0x7f7e1936b6e0"}, "pathname": "stdout", "return": 21},
{"ts": 1646628189516152, "dur": 2, "ph": "X", "tid": 0, "pid": 0, "step": 0, "cat": "POSIX", "name": "fprintf", "args": {"stream": "0x7f7e1936b6e0"}, "pathname": "stdout", "return": 33},
{"ts": 1646628189516155, "dur": 3, "ph": "X", "tid": 0, "pid": 0, "step": 0, "cat": "POSIX", "name": "fprintf", "args": {"stream": "0x7f7e1936b6e0"}, "pathname": "stdout", "return": 20},
{"ts": 1646628189516159, "dur": 3, "ph": "X", "tid": 0, "pid": 0, "step": 0, "cat": "POSIX", "name": "fprintf", "args": {"stream": "0x7f7e1936b6e0"}, "pathname": "stdout", "return": 26},
{"ts": 1646628189516163, "dur": 2, "ph": "X", "tid": 0, "pid": 0, "step": 0, "cat": "POSIX", "name": "fprintf", "args": {"stream": "0x7f7e1936b6e0"}, "pathname": "stdout", "return": 43},
{"ts": 1646628189516166, "dur": 2, "ph": "X", "tid": 0, "pid": 0, "step": 0, "cat": "POSIX", "name": "fprintf", "args": {"stream": "0x7f7e1936b6e0"}, "pathname": "stdout", "return": 34},
{"ts": 1646628189516170, "dur": 2, "ph": "X", "tid": 0, "pid": 0, "step": 0, "cat": "POSIX", "name": "fprintf", "args": {"stream": "0x7f7e1936b6e0"}, "pathname": "stdout", "return": 22},
{"ts": 1646628189516173, "dur": 2, "ph": "X", "tid": 0, "pid": 0, "step": 0, "cat": "POSIX", "name": "fprintf", "args": {"stream": "0x7f7e1936b6e0"}, "pathname": "stdout", "return": 33},
{"ts": 1646628189516176, "dur": 2, "ph": "X", "tid": 0, "pid": 0, "step": 0, "cat": "POSIX", "name": "fprintf", "args": {"stream": "0x7f7e1936b6e0"}, "pathname": "stdout", "return": 22},
{"ts": 1646628189516179, "dur": 2, "ph": "X", "tid": 0, "pid": 0, "step": 0, "cat": "POSIX", "name": "fprintf", "args": {"stream": "0x7f7e1936b6e0"}, "pathname": "stdout", "return": 25},
{"ts": 1646628189516182, "dur": 3, "ph": "X", "tid": 0, "pid": 0, "step": 0, "cat": "POSIX", "name": "fprintf", "args": {"stream": "0x7f7e1936b6e0"}, "pathname": "stdout", "return": 35},
{"ts": 1646628189516186, "dur": 3, "ph": "X", "tid": 0, "pid": 0, "step": 0, "cat": "POSIX", "name": "fprintf", "args": {"stream": "0x7f7e1936b6e0"}, "pathname": "stdout", "return": 35},
{"ts": 1646628189516190, "dur": 2, "ph": "X", "tid": 0, "pid": 0, "step": 0, "cat": "POSIX", "name": "fprintf", "args": {"stream": "0x7f7e1936b6e0"}, "pathname": "stdout", "return": 35},
{"ts": 1646628189516193, "dur": 3, "ph": "X", "tid": 0, "pid": 0, "step": 0, "cat": "POSIX", "name": "fprintf", "args": {"stream": "0x7f7e1936b6e0"}, "pathname": "stdout", "return": 20},
{"ts": 1646628189516197, "dur": 3, "ph": "X", "tid": 0, "pid": 0, "step": 0, "cat": "POSIX", "name": "fprintf", "args": {"stream": "0x7f7e1936b6e0"}, "pathname": "stdout", "return": 16},
{"ts": 1646628189516201, "dur": 2, "ph": "X", "tid": 0, "pid": 0, "step": 0, "cat": "POSIX", "name": "fprintf", "args": {"stream": "0x7f7e1936b6e0"}, "pathname": "stdout", "return": 49},
{"ts": 1646628189516204, "dur": 3, "ph": "X", "tid": 0, "pid": 0, "step": 0, "cat": "POSIX", "name": "fprintf", "args": {"stream": "0x7f7e1936b6e0"}, "pathname": "stdout", "return": 119},
{"ts": 1646628189516208, "dur": 3, "ph": "X", "tid": 0, "pid": 0, "step": 0, "cat": "POSIX", "name": "fprintf", "args": {"stream": "0x7f7e1936b6e0"}, "pathname": "stdout", "return": 52},
{"ts": 1646628189516212, "dur": 3, "ph": "X", "tid": 0, "pid": 0, "step": 0, "cat": "POSIX", "name": "fprintf", "args": {"stream": "0x7f7e1936b6e0"}, "pathname": "stdout", "return": 19},
{"ts": 1646628189516216, "dur": 2, "ph": "X", "tid": 0, "pid": 0, "step": 0, "cat": "POSIX", "name": "fprintf", "args": {"stream": "0x7f7e1936b6e0"}, "pathname": "stdout", "return": 19},
{"ts": 1646628189516219, "dur": 3, "ph": "X", "tid": 0, "pid": 0, "step": 0, "cat": "POSIX", "name": "fprintf", "args": {"stream": "0x7f7e1936b6e0"}, "pathname": "stdout", "return": 26},
{"ts": 1646628189516223, "dur": 3, "ph": "X", "tid": 0, "pid": 0, "step": 0, "cat": "POSIX", "name": "fprintf", "args": {"stream": "0x7f7e1936b6e0"}, "pathname": "stdout", "return": 25},
{"ts": 1646628189516227, "dur": 2, "ph": "X", "tid": 0, "pid": 0, "step": 0, "cat": "POSIX", "name": "fprintf", "args": {"stream": "0x7f7e1936b6e0"}, "pathname": "stdout", "return": 31},
{"ts": 1646628189516230, "dur": 3, "ph": "X", "tid": 0, "pid": 0, "step": 0, "cat": "POSIX", "name": "fprintf", "args": {"stream": "0x7f7e1936b6e0"}, "pathname": "stdout", "return": 25},
{"ts": 1646628189516234, "dur": 3, "ph": "X", "tid": 0, "pid": 0, "step": 0, "cat": "POSIX", "name": "fprintf", "args": {"stream": "0x7f7e1936b6e0"}, "pathname": "stdout", "return": 34},
{"ts": 1646628189516238, "dur": 2, "ph": "X", "tid": 0, "pid": 0, "step": 0, "cat": "POSIX", "name": "fprintf", "args": {"stream": "0x7f7e1936b6e0"}, "pathname": "stdout", "return": 20},
{"ts": 1646628189516241, "dur": 3, "ph": "X", "tid": 0, "pid": 0, "step": 0, "cat": "POSIX", "name": "fprintf", "args": {"stream": "0x7f7e1936b6e0"}, "pathname": "stdout", "return": 19},
{"ts": 1646628189516245, "dur": 3, "ph": "X", "tid": 0, "pid": 0, "step": 0, "cat": "POSIX", "name": "fprintf", "args": {"stream": "0x7f7e1936b6e0"}, "pathname": "stdout", "return": 15},
{"ts": 1646628189516256, "dur": 3, "ph": "X", "tid": 0, "pid": 0, "step": 0, "cat": "POSIX", "name": "fprintf", "args": {"stream": "0x7f7e1936b6e0"}, "pathname": "stdout", "return": 62},
{"ts": 1646628189516260, "dur": 2, "ph": "X", "tid": 0, "pid": 0, "step": 0, "cat": "POSIX", "name": "fprintf", "args": {"stream": "0x7f7e1936b6e0"}, "pathname": "stdout", "return": 44},
{"ts": 1646628189516263, "dur": 2, "ph": "X", "tid": 0, "pid": 0, "step": 0, "cat": "POSIX", "name": "fprintf", "args": {"stream": "0x7f7e1936b6e0"}, "pathname": "stdout", "return": 8},
{"ts": 1646628189516266, "dur": 3, "ph": "X", "tid": 0, "pid": 0, "step": 0, "cat": "POSIX", "name": "fprintf", "args": {"stream": "0x7f7e1936b6e0"}, "pathname": "stdout", "return": 41},
{"ts": 1646628189516270, "dur": 2, "ph": "X", "tid": 0, "pid": 0, "step": 0, "cat": "POSIX", "name": "fprintf", "args": {"stream": "0x7f7e1936b6e0"}, "pathname": "stdout", "return": 94},
{"ts": 1646628189516273, "dur": 3, "ph": "X", "tid": 0, "pid": 0, "step": 0, "cat": "POSIX", "name": "fprintf", "args": {"stream": "0x7f7e1936b6e0"}, "pathname": "stdout", "return": 124},
{"ts": 1646628189516277, "dur": 3, "ph": "X", "tid": 0, "pid": 0, "step": 0, "cat": "POSIX", "name": "fprintf", "args": {"stream": "0x7f7e1936b6e0"}, "pathname": "stdout", "return": 25},
{"ts": 1646628189516281, "dur": 2, "ph": "X", "tid": 0, "pid": 0, "step": 0, "cat": "POSIX", "name": "fprintf", "args": {"stream": "0x7f7e1936b6e0"}, "pathname": "stdout", "return": 32},
{"ts": 1646628189516284, "dur": 3, "ph": "X", "tid": 0, "pid": 0, "step": 0, "cat": "POSIX", "name": "fprintf", "args": {"stream": "0x7f7e1936b6e0"}, "pathname": "stdout", "return": 326},
{"ts": 1646628189516288, "dur": 3, "ph": "X", "tid": 0, "pid": 0, "step": 0, "cat": "POSIX", "name": "fprintf", "args": {"stream": "0x7f7e1936b6e0"}, "pathname": "stdout", "return": 14},
{"ts": 1646628189516292, "dur": 3, "ph": "X", "tid": 0, "pid": 0, "step": 0, "cat": "POSIX", "name": "fprintf", "args": {"stream": "0x7f7e1936b6e0"}, "pathname": "stdout", "return": 29},
{"ts": 1646628189516296, "dur": 3, "ph": "X", "tid": 0, "pid": 0, "step": 0, "cat": "POSIX", "name": "fprintf", "args": {"stream": "0x7f7e1936b6e0"}, "pathname": "stdout", "return": 78},
{"ts": 1646628189516300, "dur": 2, "ph": "X", "tid": 0, "pid": 0, "step": 0, "cat": "POSIX", "name": "fprintf", "args": {"stream": "0x7f7e1936b6e0"}, "pathname": "stdout", "return": 30},
{"ts": 1646628189516303, "dur": 3, "ph": "X", "tid": 0, "pid": 0, "step": 0, "cat": "POSIX", "name": "fprintf", "args": {"stream": "0x7f7e1936b6e0"}, "pathname": "stdout", "return": 327},
{"ts": 1646628189516307, "dur": 3, "ph": "X", "tid": 0, "pid": 0, "step": 0, "cat": "POSIX", "name": "fprintf", "args": {"stream": "0x7f7e1936b6e0"}, "pathname": "stdout", "return": 20},
{"ts": 1646628189516311, "dur": 3, "ph": "X", "tid": 0, "pid": 0, "step": 0, "cat": "POSIX", "name": "fprintf", "args": {"stream": "0x7f7e1936b6e0"}, "pathname": "stdout", "return": 31},
{"ts": 1646628189516315, "dur": 2, "ph": "X", "tid": 0, "pid": 0, "step": 0, "cat": "POSIX", "name": "fprintf", "args": {"stream": "0x7f7e1936b6e0"}, "pathname": "stdout", "return": 13},
{"ts": 1646628189516318, "dur": 3, "ph": "X", "tid": 0, "pid": 0, "step": 0, "cat": "POSIX", "name": "fprintf", "args": {"stream": "0x7f7e1936b6e0"}, "pathname": "stdout", "return": 54},
{"ts": 1646628189516322, "dur": 3, "ph": "X", "tid": 0, "pid": 0, "step": 0, "cat": "POSIX", "name": "fprintf", "args": {"stream": "0x7f7e1936b6e0"}, "pathname": "stdout", "return": 38},
{"ts": 1646628189516326, "dur": 2, "ph": "X", "tid": 0, "pid": 0, "step": 0, "cat": "POSIX", "name": "fprintf", "args": {"stream": "0x7f7e1936b6e0"}, "pathname": "stdout", "return": 31},
{"ts": 1646628189516329, "dur": 2, "ph": "X", "tid": 0, "pid": 0, "step": 0, "cat": "POSIX", "name": "fprintf", "args": {"stream": "0x7f7e1936b6e0"}, "pathname": "stdout", "return": 245},
{"ts": 1646628189516333, "dur": 2, "ph": "X", "tid": 0, "pid": 0, "step": 0, "cat": "POSIX", "name": "fprintf", "args": {"stream": "0x7f7e1936b6e0"}, "pathname": "stdout", "return": 43},
{"ts": 1646628189516336, "dur": 2, "ph": "X", "tid": 0, "pid": 0, "step": 0, "cat": "POSIX", "name": "fprintf", "args": {"stream": "0x7f7e1936b6e0"}, "pathname": "stdout", "return": 15},
{"ts": 1646628189516339, "dur": 2, "ph": "X", "tid": 0, "pid": 0, "step": 0, "cat": "POSIX", "name": "fprintf", "args": {"stream": "0x7f7e1936b6e0"}, "pathname": "stdout", "return": 38},
{"ts": 1646628189516342, "dur": 3, "ph": "X", "tid": 0, "pid": 0, "step": 0, "cat": "POSIX", "name": "fprintf", "args": {"stream": "0x7f7e1936b6e0"}, "pathname": "stdout", "return": 57},
{"ts": 1646628189516346, "dur": 2, "ph": "X", "tid": 0, "pid": 0, "step": 0, "cat": "POSIX", "name": "fprintf", "args": {"stream": "0x7f7e1936b6e0"}, "pathname": "stdout", "return": 22},
{"ts": 1646628189516349, "dur": 3, "ph": "X", "tid": 0, "pid": 0, "step": 0, "cat": "POSIX", "name": "fprintf", "args": {"stream": "0x7f7e1936b6e0"}, "pathname": "stdout", "return": 655},
{"ts": 1646628189516353, "dur": 3, "ph": "X", "tid": 0, "pid": 0, "step": 0, "cat": "POSIX", "name": "fprintf", "args": {"stream": "0x7f7e1936b6e0"}, "pathname": "stdout", "return": 20},
{"ts": 1646628189516357, "dur": 7, "ph": "X", "tid": 0, "pid": 0, "step": 0, "cat": "POSIX", "name": "fprintf", "args": {"stream": "0x7f7e1936b6e0"}, "pathname": "stdout", "return": 414},
{"ts": 1646628189516365, "dur": 3, "ph": "X", "tid": 0, "pid": 0, "step": 0, "cat": "POSIX", "name": "fprintf", "args": {"stream": "0x7f7e1936b6e0"}, "pathname": "stdout", "return": 30},
{"ts": 1646628189516369, "dur": 3, "ph": "X", "tid": 0, "pid": 0, "step": 0, "cat": "POSIX", "name": "fprintf", "args": {"stream": "0x7f7e1936b6e0"}, "pathname": "stdout", "return": 25},
{"ts": 1646628189516373, "dur": 2, "ph": "X", "tid": 0, "pid": 0, "step": 0, "cat": "POSIX", "name": "fprintf", "args": {"stream": "0x7f7e1936b6e0"}, "pathname": "stdout", "return": 23},
{"ts": 1646628189516376, "dur": 3, "ph": "X", "tid": 0, "pid": 0, "step": 0, "cat": "POSIX", "name": "fprintf", "args": {"stream": "0x7f7e1936b6e0"}, "pathname": "stdout", "return": 34},
{"ts": 1646628189516380, "dur": 3, "ph": "X", "tid": 0, "pid": 0, "step": 0, "cat": "POSIX", "name": "fprintf", "args": {"stream": "0x7f7e1936b6e0"}, "pathname": "stdout", "return": 136},
{"ts": 1646628189516384, "dur": 3, "ph": "X", "tid": 0, "pid": 0, "step": 0, "cat": "POSIX", "name": "fprintf", "args": {"stream": "0x7f7e1936b6e0"}, "pathname": "stdout", "return": 29},
{"ts": 1646628189516388, "dur": 2, "ph": "X", "tid": 0, "pid": 0, "step": 0, "cat": "POSIX", "name": "fprintf", "args": {"stream": "0x7f7e1936b6e0"}, "pathname": "stdout", "return": 14},
{"ts": 1646628189516391, "dur": 3, "ph": "X", "tid": 0, "pid": 0, "step": 0, "cat": "POSIX", "name": "fprintf", "args": {"stream": "0x7f7e1936b6e0"}, "pathname": "stdout", "return": 40},
{"ts": 1646628189516395, "dur": 3, "ph": "X", "tid": 0, "pid": 0, "step": 0, "cat": "POSIX", "name": "fprintf", "args": {"stream": "0x7f7e1936b6e0"}, "pathname": "stdout", "return": 31},
{"ts": 1646628189516399, "dur": 2, "ph": "X", "tid": 0, "pid": 0, "step": 0, "cat": "POSIX", "name": "fprintf", "args": {"stream": "0x7f7e1936b6e0"}, "pathname": "stdout", "return": 23},
{"ts": 1646628189516402, "dur": 3, "ph": "X", "tid": 0, "pid": 0, "step": 0, "cat": "POSIX", "name": "fprintf", "args": {"stream": "0x7f7e1936b6e0"}, "pathname": "stdout", "return": 124},
{"ts": 1646628189516406, "dur": 3, "ph": "X", "tid": 0, "pid": 0, "step": 0, "cat": "POSIX", "name": "fprintf", "args": {"stream": "0x7f7e1936b6e0"}, "pathname": "stdout", "return": 11},
{"ts": 1646628189516410, "dur": 3, "ph": "X", "tid": 0, "pid": 0, "step": 0, "cat": "POSIX", "name": "fprintf", "args": {"stream": "0x7f7e1936b6e0"}, "pathname": "stdout", "return": 410},
{"ts": 1646628189516414, "dur": 3, "ph": "X", "tid": 0, "pid": 0, "step": 0, "cat": "POSIX", "name": "fprintf", "args": {"stream": "0x7f7e1936b6e0"}, "pathname": "stdout", "return": 44},
{"ts": 1646628189516418, "dur": 3, "ph": "X", "tid": 0, "pid": 0, "step": 0, "cat": "POSIX", "name": "fprintf", "args": {"stream": "0x7f7e1936b6e0"}, "pathname": "stdout", "return": 36},
{"ts": 1646628189516426, "dur": 3, "ph": "X", "tid": 0, "pid": 0, "step": 0, "cat": "POSIX", "name": "fprintf", "args": {"stream": "0x7f7e1936b6e0"}, "pathname": "stdout", "return": 16},
{"ts": 1646628189516430, "dur": 3, "ph": "X", "tid": 0, "pid": 0, "step": 0, "cat": "POSIX", "name": "fprintf", "args": {"stream": "0x7f7e1936b6e0"}, "pathname": "stdout", "return": 35},
{"ts": 1646628189516434, "dur": 3, "ph": "X", "tid": 0, "pid": 0, "step": 0, "cat": "POSIX", "name": "fprintf", "args": {"stream": "0x7f7e1936b6e0"}, "pathname": "stdout", "return": 44},
{"ts": 1646628189516438, "dur": 2, "ph": "X", "tid": 0, "pid": 0, "step": 0, "cat": "POSIX", "name": "fprintf", "args": {"stream": "0x7f7e1936b6e0"}, "pathname": "stdout", "return": 51},
{"ts": 1646628189516441, "dur": 2, "ph": "X", "tid": 0, "pid": 0, "step": 0, "cat": "POSIX", "name": "fprintf", "args": {"stream": "0x7f7e1936b6e0"}, "pathname": "stdout", "return": 39},
{"ts": 1646628189516445, "dur": 2, "ph": "X", "tid": 0, "pid": 0, "step": 0, "cat": "POSIX", "name": "fprintf", "args": {"stream": "0x7f7e1936b6e0"}, "pathname": "stdout", "return": 31},
{"ts": 1646628189516448, "dur": 2, "ph": "X", "tid": 0, "pid": 0, "step": 0, "cat": "POSIX", "name": "fprintf", "args": {"stream": "0x7f7e1936b6e0"}, "pathname": "stdout", "return": 24},
{"ts": 1646628189516451, "dur": 2, "ph": "X", "tid": 0, "pid": 0, "step": 0, "cat": "POSIX", "name": "fprintf", "args": {"stream": "0x7f7e1936b6e0"}, "pathname": "stdout", "return": 95},
{"ts": 1646628189516454, "dur": 2, "ph": "X", "tid": 0, "pid": 0, "step": 0, "cat": "POSIX", "name": "fprintf", "args": {"stream": "0x7f7e1936b6e0"}, "pathname": "stdout", "return": 119},
{"ts": 1646628189516457, "dur": 3, "ph": "X", "tid": 0, "pid": 0, "step": 0, "cat": "POSIX", "name": "fprintf", "args": {"stream": "0x7f7e1936b6e0"}, "pathname": "stdout", "return": 53},
{"ts": 1646628189516461, "dur": 2, "ph": "X", "tid": 0, "pid": 0, "step": 0, "cat": "POSIX", "name": "fprintf", "args": {"stream": "0x7f7e1936b6e0"}, "pathname": "stdout", "return": 51},
{"ts": 1646628189516464, "dur": 2, "ph": "X", "tid": 0, "pid": 0, "step": 0, "cat": "POSIX", "name": "fprintf", "args": {"stream": "0x7f7e1936b6e0"}, "pathname": "stdout", "return": 42},
{"ts": 1646628189516467, "dur": 2, "ph": "X", "tid": 0, "pid": 0, "step": 0, "cat": "POSIX", "name": "fprintf", "args": {"stream": "0x7f7e1936b6e0"}, "pathname": "stdout", "return": 21},
{"ts": 1646628189516470, "dur": 3, "ph": "X", "tid": 0, "pid": 0, "step": 0, "cat": "POSIX", "name": "fprintf", "args": {"stream": "0x7f7e1936b6e0"}, "pathname": "stdout", "return": 19},
{"ts": 1646628189516474, "dur": 3, "ph": "X", "tid": 0, "pid": 0, "step": 0, "cat": "POSIX", "name": "fprintf", "args": {"stream": "0x7f7e1936b6e0"}, "pathname": "stdout", "return": 62},
{"ts": 1646628189516478, "dur": 3, "ph": "X", "tid": 0, "pid": 0, "step": 0, "cat": "POSIX", "name": "fprintf", "args": {"stream": "0x7f7e1936b6e0"}, "pathname": "stdout", "return": 78},
{"ts": 1646628189516482, "dur": 3, "ph": "X", "tid": 0, "pid": 0, "step": 0, "cat": "POSIX", "name": "fprintf", "args": {"stream": "0x7f7e1936b6e0"}, "pathname": "stdout", "return": 28},
{"ts": 1646628189516486, "dur": 2, "ph": "X", "tid": 0, "pid": 0, "step": 0, "cat": "POSIX", "name": "fprintf", "args": {"stream": "0x7f7e1936b6e0"}, "pathname": "stdout", "return": 17},
{"ts": 1646628189516489, "dur": 3, "ph": "X", "tid": 0, "pid": 0, "step": 0, "cat": "POSIX", "name": "fprintf", "args": {"stream": "0x7f7e1936b6e0"}, "pathname": "stdout", "return": 47},
{"ts": 1646628189516493, "dur": 3, "ph": "X", "tid": 0, "pid": 0, "step": 0, "cat": "POSIX", "name": "fprintf", "args": {"stream": "0x7f7e1936b6e0"}, "pathname": "stdout", "return": 30},
{"ts": 1646628189516497, "dur": 2, "ph": "X", "tid": 0, "pid": 0, "step": 0, "cat": "POSIX", "name": "fprintf", "args": {"stream": "0x7f7e1936b6e0"}, "pathname": "stdout", "return": 25},
{"ts": 1646628189516500, "dur": 3, "ph": "X", "tid": 0, "pid": 0, "step": 0, "cat": "POSIX", "name": "fprintf", "args": {"stream": "0x7f7e1936b6e0"}, "pathname": "stdout", "return": 72},
{"ts": 1646628189516505, "dur": 2, "ph": "X", "tid": 0, "pid": 0, "step": 0, "cat": "POSIX", "name": "fwrite", "args": {"ptr": "0x41c534", "size": 1, "nmemb": 20, "stream": "0x7f7e1936b6e0"}, "pathname": "stdout", "return": 20},
{"ts": 1646628189516513, "dur": 3, "ph": "X", "tid": 0, "pid": 0, "step": 0, "cat": "POSIX", "name": "fprintf", "args": {"stream": "0x7f7e1936b6e0"}, "pathname": "stdout", "return": 24},
{"ts": 1646628189516520, "dur": 2, "ph": "X", "tid": 0, "pid": 0, "step": 0, "cat": "POSIX", "name": "fprintf", "args": {"stream": "0x7f7e1936b6e0"}, "pathname": "stdout", "return": 47},
{"ts": 1646628189516587, "dur": 4, "ph": "X", "tid": 0, "pid": 0, "step": 0, "cat": "POSIX", "name": "fprintf", "args": {"stream": "0x7f7e1936b6e0"}, "pathname": "stdout", "return": 76},
{"ts": 1646628189516593, "dur": 6, "ph": "X", "tid": 0, "pid": 0, "step": 0, "cat": "POSIX", "name": "fprintf", "args": {"stream": "0x7f7e1936b6e0"}, "pathname": "stdout", "return": 54},
{"ts": 1646628189516600, "dur": 4, "ph": "X", "tid": 0, "pid": 0, "step": 0, "cat": "POSIX", "name": "fprintf", "args": {"stream": "0x7f7e1936b6e0"}, "pathname": "stdout", "return": 40},
{"ts": 1646628189516609, "dur": 2, "ph": "X", "tid": 0, "pid": 0, "step": 0, "cat": "POSIX", "name": "fprintf", "args": {"stream": "0x7f7e1936b6e0"}, "pathname": "stdout", "return": 14},
{"ts": 1646628189516612, "dur": 3, "ph": "X", "tid": 0, "pid": 0, "step": 0, "cat": "POSIX", "name": "fprintf", "args": {"stream": "0x7f7e1936b6e0"}, "pathname": "stdout", "return": 24},
{"ts": 1646628189516616, "dur": 3, "ph": "X", "tid": 0, "pid": 0, "step": 0, "cat": "POSIX", "name": "fprintf", "args": {"stream": "0x7f7e1936b6e0"}, "pathname": "stdout", "return": 24},
{"ts": 1646628189516620, "dur": 3, "ph": "X", "tid": 0, "pid": 0, "step": 0, "cat": "POSIX", "name": "fprintf", "args": {"stream": "0x7f7e1936b6e0"}, "pathname": "stdout", "return": 28},
{"ts": 1646628189516624, "dur": 3, "ph": "X", "tid": 0, "pid": 0, "step": 0, "cat": "POSIX", "name": "fprintf", "args": {"stream": "0x7f7e1936b6e0"}, "pathname": "stdout", "return": 52},
{"ts": 1646628189516628, "dur": 3, "ph": "X", "tid": 0, "pid": 0, "step": 0, "cat": "POSIX", "name": "fprintf", "args": {"stream": "0x7f7e1936b6e0"}, "pathname": "stdout", "return": 43},
{"ts": 1646628189516632, "dur": 3, "ph": "X", "tid": 0, "pid": 0, "step": 0, "cat": "POSIX", "name": "fprintf", "args": {"stream": "0x7f7e1936b6e0"}, "pathname": "stdout", "return": 29},
{"ts": 1646628189516637, "dur": 2, "ph": "X", "tid": 0, "pid": 0, "step": 0, "cat": "POSIX", "name": "fprintf", "args": {"stream": "0x7f7e1936b6e0"}, "pathname": "stdout", "return": 24},
{"ts": 1646628189516640, "dur": 3, "ph": "X", "tid": 0, "pid": 0, "step": 0, "cat": "POSIX", "name": "fprintf", "args": {"stream": "0x7f7e1936b6e0"}, "pathname": "stdout", "return": 24},
{"ts": 1646628189516644, "dur": 3, "ph": "X", "tid": 0, "pid": 0, "step": 0, "cat": "POSIX", "name": "fprintf", "args": {"stream": "0x7f7e1936b6e0"}, "pathname": "stdout", "return": 24},
{"ts": 1646628189516648, "dur": 3, "ph": "X", "tid": 0, "pid": 0, "step": 0, "cat": "POSIX", "name": "fprintf", "args": {"stream": "0x7f7e1936b6e0"}, "pathname": "stdout", "return": 24},
{"ts": 1646628189516652, "dur": 3, "ph": "X", "tid": 0, "pid": 0, "step": 0, "cat": "POSIX", "name": "fprintf", "args": {"stream": "0x7f7e1936b6e0"}, "pathname": "stdout", "return": 29},
{"ts": 1646628189516656, "dur": 3, "ph": "X", "tid": 0, "pid": 0, "step": 0, "cat": "POSIX", "name": "fprintf", "args": {"stream": "0x7f7e1936b6e0"}, "pathname": "stdout", "return": 24},
{"ts": 1646628189516661, "dur": 2, "ph": "X", "tid": 0, "pid": 0, "step": 0, "cat": "POSIX", "name": "fprintf", "args": {"stream": "0x7f7e1936b6e0"}, "pathname": "stdout", "return": 24},
{"ts": 1646628189516664, "dur": 3, "ph": "X", "tid": 0, "pid": 0, "step": 0, "cat": "POSIX", "name": "fprintf", "args": {"stream": "0x7f7e1936b6e0"}, "pathname": "stdout", "return": 24},
{"ts": 1646628189516668, "dur": 3, "ph": "X", "tid": 0, "pid": 0, "step": 0, "cat": "POSIX", "name": "fprintf", "args": {"stream": "0x7f7e1936b6e0"}, "pathname": "stdout", "return": 24},
{"ts": 1646628189516678, "dur": 3, "ph": "X", "tid": 0, "pid": 0, "step": 0, "cat": "POSIX", "name": "fprintf", "args": {"stream": "0x7f7e1936b6e0"}, "pathname": "stdout", "return": 24},
{"ts": 1646628189516682, "dur": 3, "ph": "X", "tid": 0, "pid": 0, "step": 0, "cat": "POSIX", "name": "fprintf", "args": {"stream": "0x7f7e1936b6e0"}, "pathname": "stdout", "return": 24},
{"ts": 1646628189516686, "dur": 3, "ph": "X", "tid": 0, "pid": 0, "step": 0, "cat": "POSIX", "name": "fprintf", "args": {"stream": "0x7f7e1936b6e0"}, "pathname": "stdout", "return": 24},
{"ts": 1646628189516691, "dur": 2, "ph": "X", "tid": 0, "pid": 0, "step": 0, "cat": "POSIX", "name": "fprintf", "args": {"stream": "0x7f7e1936b6e0"}, "pathname": "stdout", "return": 24},
{"ts": 1646628189516694, "dur": 2, "ph": "X", "tid": 0, "pid": 0, "step": 0, "cat": "POSIX", "name": "fprintf", "args": {"stream": "0x7f7e1936b6e0"}, "pathname": "stdout", "return": 24},
{"ts": 1646628189516697, "dur": 3, "ph": "X", "tid": 0, "pid": 0, "step": 0, "cat": "POSIX", "name": "fprintf", "args": {"stream": "0x7f7e1936b6e0"}, "pathname": "stdout", "return": 24},
{"ts": 1646628189516701, "dur": 3, "ph": "X", "tid": 0, "pid": 0, "step": 0, "cat": "POSIX", "name": "fprintf", "args": {"stream": "0x7f7e1936b6e0"}, "pathname": "stdout", "return": 24},
{"ts": 1646628189516705, "dur": 3, "ph": "X", "tid": 0, "pid": 0, "step": 0, "cat": "POSIX", "name": "fprintf", "args": {"stream": "0x7f7e1936b6e0"}, "pathname": "stdout", "return": 24},
{"ts": 1646628189516709, "dur": 3, "ph": "X", "tid": 0, "pid": 0, "step": 0, "cat": "POSIX", "name": "fprintf", "args": {"stream": "0x7f7e1936b6e0"}, "pathname": "stdout", "return": 24},
{"ts": 1646628189516713, "dur": 3, "ph": "X", "tid": 0, "pid": 0, "step": 0, "cat": "POSIX", "name": "fprintf", "args": {"stream": "0x7f7e1936b6e0"}, "pathname": "stdout", "return": 24},
{"ts": 1646628189516717, "dur": 3, "ph": "X", "tid": 0, "pid": 0, "step": 0, "cat": "POSIX", "name": "fprintf", "args": {"stream": "0x7f7e1936b6e0"}, "pathname": "stdout", "return": 24},
{"ts": 1646628189516721, "dur": 3, "ph": "X", "tid": 0, "pid": 0, "step": 0, "cat": "POSIX", "name": "fprintf", "args": {"stream": "0x7f7e1936b6e0"}, "pathname": "stdout", "return": 24},
{"ts": 1646628189516725, "dur": 3, "ph": "X", "tid": 0, "pid": 0, "step": 0, "cat": "POSIX", "name": "fprintf", "args": {"stream": "0x7f7e1936b6e0"}, "pathname": "stdout", "return": 24},
{"ts": 1646628189516729, "dur": 3, "ph": "X", "tid": 0, "pid": 0, "step": 0, "cat": "POSIX", "name": "fprintf", "args": {"stream": "0x7f7e1936b6e0"}, "pathname": "stdout", "return": 24},
{"ts": 1646628189516733, "dur": 3, "ph": "X", "tid": 0, "pid": 0, "step": 0, "cat": "POSIX", "name": "fprintf", "args": {"stream": "0x7f7e1936b6e0"}, "pathname": "stdout", "return": 24},
{"ts": 1646628189516737, "dur": 3, "ph": "X", "tid": 0, "pid": 0, "step": 0, "cat": "POSIX", "name": "fprintf", "args": {"stream": "0x7f7e1936b6e0"}, "pathname": "stdout", "return": 24},
{"ts": 1646628189516741, "dur": 3, "ph": "X", "tid": 0, "pid": 0, "step": 0, "cat": "POSIX", "name": "fprintf", "args": {"stream": "0x7f7e1936b6e0"}, "pathname": "stdout", "return": 26},
{"ts": 1646628189516745, "dur": 3, "ph": "X", "tid": 0, "pid": 0, "step": 0, "cat": "POSIX", "name": "fprintf", "args": {"stream": "0x7f7e1936b6e0"}, "pathname": "stdout", "return": 24},
{"ts": 1646628189516749, "dur": 3, "ph": "X", "tid": 0, "pid": 0, "step": 0, "cat": "POSIX", "name": "fprintf", "args": {"stream": "0x7f7e1936b6e0"}, "pathname": "stdout", "return": 24},
{"ts": 1646628189516753, "dur": 3, "ph": "X", "tid": 0, "pid": 0, "step": 0, "cat": "POSIX", "name": "fprintf", "args": {"stream": "0x7f7e1936b6e0"}, "pathname": "stdout", "return": 24},
{"ts": 1646628189516757, "dur": 3, "ph": "X", "tid": 0, "pid": 0, "step": 0, "cat": "POSIX", "name": "fprintf", "args": {"stream": "0x7f7e1936b6e0"}, "pathname": "stdout", "return": 24},
{"ts": 1646628189516761, "dur": 3, "ph": "X", "tid": 0, "pid": 0, "step": 0, "cat": "POSIX", "name": "fprintf", "args": {"stream": "0x7f7e1936b6e0"}, "pathname": "stdout", "return": 24},
{"ts": 1646628189516765, "dur": 3, "ph": "X", "tid": 0, "pid": 0, "step": 0, "cat": "POSIX", "name": "fprintf", "args": {"stream": "0x7f7e1936b6e0"}, "pathname": "stdout", "return": 24},
{"ts": 1646628189516769, "dur": 3, "ph": "X", "tid": 0, "pid": 0, "step": 0, "cat": "POSIX", "name": "fprintf", "args": {"stream": "0x7f7e1936b6e0"}, "pathname": "stdout", "return": 24},
{"ts": 1646628189516773, "dur": 3, "ph": "X", "tid": 0, "pid": 0, "step": 0, "cat": "POSIX", "name": "fprintf", "args": {"stream": "0x7f7e1936b6e0"}, "pathname": "stdout", "return": 24},
{"ts": 1646628189516777, "dur": 3, "ph": "X", "tid": 0, "pid": 0, "step": 0, "cat": "POSIX", "name": "fprintf", "args": {"stream": "0x7f7e1936b6e0"}, "pathname": "stdout", "return": 24},
{"ts": 1646628189516781, "dur": 3, "ph": "X", "tid": 0, "pid": 0, "step": 0, "cat": "POSIX", "name": "fprintf", "args": {"stream": "0x7f7e1936b6e0"}, "pathname": "stdout", "return": 24},
{"ts": 1646628189516785, "dur": 3, "ph": "X", "tid": 0, "pid": 0, "step": 0, "cat": "POSIX", "name": "fprintf", "args": {"stream": "0x7f7e1936b6e0"}, "pathname": "stdout", "return": 24},
{"ts": 1646628189516789, "dur": 3, "ph": "X", "tid": 0, "pid": 0, "step": 0, "cat": "POSIX", "name": "fprintf", "args": {"stream": "0x7f7e1936b6e0"}, "pathname": "stdout", "return": 24},
{"ts": 1646628189516793, "dur": 3, "ph": "X", "tid": 0, "pid": 0, "step": 0, "cat": "POSIX", "name": "fprintf", "args": {"stream": "0x7f7e1936b6e0"}, "pathname": "stdout", "return": 24},
{"ts": 1646628189516797, "dur": 3, "ph": "X", "tid": 0, "pid": 0, "step": 0, "cat": "POSIX", "name": "fprintf", "args": {"stream": "0x7f7e1936b6e0"}, "pathname": "stdout", "return": 24},
{"ts": 1646628189516801, "dur": 3, "ph": "X", "tid": 0, "pid": 0, "step": 0, "cat": "POSIX", "name": "fprintf", "args": {"stream": "0x7f7e1936b6e0"}, "pathname": "stdout", "return": 44},
{"ts": 1646628189516805, "dur": 3, "ph": "X", "tid": 0, "pid": 0, "step": 0, "cat": "POSIX", "name": "fprintf", "args": {"stream": "0x7f7e1936b6e0"}, "pathname": "stdout", "return": 24},
{"ts": 1646628189516809, "dur": 3, "ph": "X", "tid": 0, "pid": 0, "step": 0, "cat": "POSIX", "name": "fprintf", "args": {"stream": "0x7f7e1936b6e0"}, "pathname": "stdout", "return": 24},
{"ts": 1646628189516813, "dur": 3, "ph": "X", "tid": 0, "pid": 0, "step": 0, "cat": "POSIX", "name": "fprintf", "args": {"stream": "0x7f7e1936b6e0"}, "pathname": "stdout", "return": 24},
{"ts": 1646628189516817, "dur": 7, "ph": "X", "tid": 0, "pid": 0, "step": 0, "cat": "POSIX", "name": "fprintf", "args": {"stream": "0x7f7e1936b6e0"}, "pathname": "stdout", "return": 24},
{"ts": 1646628189516826, "dur": 2, "ph": "X", "tid": 0, "pid": 0, "step": 0, "cat": "POSIX", "name": "fprintf", "args": {"stream": "0x7f7e1936b6e0"}, "pathname": "stdout", "return": 30},
{"ts": 1646628189516829, "dur": 2, "ph": "X", "tid": 0, "pid": 0, "step": 0, "cat": "POSIX", "name": "fprintf", "args": {"stream": "0x7f7e1936b6e0"}, "pathname": "stdout", "return": 30},
{"ts": 1646628189516977, "dur": 3, "ph": "X", "tid": 0, "pid": 0, "step": 0, "cat": "POSIX", "name": "fprintf", "args": {"stream": "0x7f7e1936b6e0"}, "pathname": "stdout", "return": 23},
{"ts": 1646628189516985, "dur": 2, "ph": "X", "tid": 0, "pid": 0, "step": 0, "cat": "POSIX", "name": "fprintf", "args": {"stream": "0x7f7e1936b6e0"}, "pathname": "stdout", "return": 11},
{"ts": 1646628189516988, "dur": 3, "ph": "X", "tid": 0, "pid": 0, "step": 0, "cat": "POSIX", "name": "fprintf", "args": {"stream": "0x7f7e1936b6e0"}, "pathname": "stdout", "return": 28},
{"ts": 1646628189516993, "dur": 2, "ph": "X", "tid": 0, "pid": 0, "step": 0, "cat": "POSIX", "name": "fprintf", "args": {"stream": "0x7f7e1936b6e0"}, "pathname": "stdout", "return": 23},
{"ts": 1646628189516996, "dur": 2, "ph": "X", "tid": 0, "pid": 0, "step": 0, "cat": "POSIX", "name": "fprintf", "args": {"stream": "0x7f7e1936b6e0"}, "pathname": "stdout", "return": 43},
{"ts": 1646628189516999, "dur": 3, "ph": "X", "tid": 0, "pid": 0, "step": 0, "cat": "POSIX", "name": "fprintf", "args": {"stream": "0x7f7e1936b6e0"}, "pathname": "stdout", "return": 41},
{"ts": 1646628189517011, "dur": 3, "ph": "X", "tid": 0, "pid": 0, "step": 0, "cat": "POSIX", "name": "fprintf", "args": {"stream": "0x7f7e1936b6e0"}, "pathname": "stdout", "return": 34},
{"ts": 1646628189517016, "dur": 2, "ph": "X", "tid": 0, "pid": 0, "step": 0, "cat": "POSIX", "name": "fprintf", "args": {"stream": "0x7f7e1936b6e0"}, "pathname": "stdout", "return": 24},
{"ts": 1646628189517019, "dur": 3, "ph": "X", "tid": 0, "pid": 0, "step": 0, "cat": "POSIX", "name": "fprintf", "args": {"stream": "0x7f7e1936b6e0"}, "pathname": "stdout", "return": 33},
{"ts": 1646628189517023, "dur": 3, "ph": "X", "tid": 0, "pid": 0, "step": 0, "cat": "POSIX", "name": "fprintf", "args": {"stream": "0x7f7e1936b6e0"}, "pathname": "stdout", "return": 39},
{"ts": 1646628189517027, "dur": 3, "ph": "X", "tid": 0, "pid": 0, "step": 0, "cat": "POSIX", "name": "fprintf", "args": {"stream": "0x7f7e1936b6e0"}, "pathname": "stdout", "return": 24},
{"ts": 1646628189517031, "dur": 2, "ph": "X", "tid": 0, "pid": 0, "step": 0, "cat": "POSIX", "name": "fprintf", "args": {"stream": "0x7f7e1936b6e0"}, "pathname": "stdout", "return": 24},
{"ts": 1646628189517034, "dur": 2, "ph": "X", "tid": 0, "pid": 0, "step": 0, "cat": "POSIX", "name": "fprintf", "args": {"stream": "0x7f7e1936b6e0"}, "pathname": "stdout", "return": 24},
{"ts": 1646628189517037, "dur": 3, "ph": "X", "tid": 0, "pid": 0, "step": 0, "cat": "POSIX", "name": "fprintf", "args": {"stream": "0x7f7e1936b6e0"}, "pathname": "stdout", "return": 24},
{"ts": 1646628189517051, "dur": 2, "ph": "X", "tid": 0, "pid": 0, "step": 0, "cat": "POSIX", "name": "fprintf", "args": {"stream": "0x7f7e1936b6e0"}, "pathname": "stdout", "return": 28},
{"ts": 1646628189517055, "dur": 2, "ph": "X", "tid": 0, "pid": 0, "step": 0, "cat": "POSIX", "name": "fprintf", "args": {"stream": "0x7f7e1936b6e0"}, "pathname": "stdout", "return": 28},
{"ts": 1646628189517058, "dur": 3, "ph": "X", "tid": 0, "pid": 0, "step": 0, "cat": "POSIX", "name": "fprintf", "args": {"stream": "0x7f7e1936b6e0"}, "pathname": "stdout", "return": 28},
{"ts": 1646628189517062, "dur": 3, "ph": "X", "tid": 0, "pid": 0, "step": 0, "cat": "POSIX", "name": "fprintf", "args": {"stream": "0x7f7e1936b6e0"}, "pathname": "stdout", "return": 11},
{"ts": 1646628189517077, "dur": 3, "ph": "X", "tid": 0, "pid": 0, "step": 0, "cat": "POSIX", "name": "fprintf", "args": {"stream": "0x7f7e1936b6e0"}, "pathname": "stdout", "return": 60},
{"ts": 1646628189517081, "dur": 4, "ph": "X", "tid": 0, "pid": 0, "step": 0, "cat": "POSIX", "name": "fwrite", "args": {"ptr": "0x41c928", "size": 1, "nmemb": 115, "stream": "0x7f7e1936b6e0"}, "pathname": "stdout", "return": 115},
{"ts": 1646628189517087, "dur": 2, "ph": "X", "tid": 0, "pid": 0, "step": 0, "cat": "POSIX", "name": "fwrite", "args": {"ptr": "0x41c9a0", "size": 1, "nmemb": 115, "stream": "0x7f7e1936b6e0"}, "pathname": "stdout", "return": 115},
{"ts": 1646628189517511, "dur": 4, "ph": "X", "tid": 0, "pid": 0, "step": 0, "cat": "POSIX", "name": "fprintf", "args": {"stream": "0x7f7e1936b6e0"}, "pathname": "stdout", "return": 36},
{"ts": 1646628189517591, "dur": 132, "ph": "X", "tid": 0, "pid": 0, "step": 0, "cat": "POSIX", "name": "open", "args": {"pathname": "data_dir/posix_write", "flags": 66, "mode": 436}, "return": 35},
{"ts": 1646628189517730, "dur": 3, "ph": "X", "tid": 0, "pid": 0, "step": 0, "cat": "POSIX", "name": "fprintf", "args": {"stream": "0x7f7e1936b6e0"}, "pathname": "stdout", "return": 60},
{"ts": 1646628189517740, "dur": 3, "ph": "X", "tid": 0, "pid": 0, "step": 0, "cat": "POSIX", "name": "lseek", "args": {"fd": 35, "offset": 0, "whence": 0}, "pathname": "data_dir/posix_write", "return": 0},
{"ts": 1646628189517745, "dur": 932, "ph": "X", "tid": 0, "pid": 0, "step": 0, "cat": "POSIX", "name": "write", "args": {"fd": 35, "buf": "0x7f7e080fd000", "count": 1048576 }, "pathname": "data_dir/posix_write", "return": 1048576},
{"ts": 1646628189584661, "dur": 33, "ph": "X", "tid": 0, "pid": 0, "step": 0, "cat": "POSIX", "name": "close", "args": {"fd": 35}, "pathname": "data_dir/posix_write", "return": 0},
{"ts": 1646628189585342, "dur": 6, "ph": "X", "tid": 0, "pid": 0, "step": 0, "cat": "POSIX", "name": "fprintf", "args": {"stream": "0x7f7e1936b6e0"}, "pathname": "stdout", "return": 56},
{"ts": 1646628189585350, "dur": 4, "ph": "X", "tid": 0, "pid": 0, "step": 0, "cat": "POSIX", "name": "fprintf", "args": {"stream": "0x7f7e1936b6e0"}, "pathname": "stdout", "return": 55},
{"ts": 1646628189585355, "dur": 3, "ph": "X", "tid": 0, "pid": 0, "step": 0, "cat": "POSIX", "name": "fprintf", "args": {"stream": "0x7f7e1936b6e0"}, "pathname": "stdout", "return": 51},
{"ts": 1646628189585360, "dur": 2, "ph": "X", "tid": 0, "pid": 0, "step": 0, "cat": "POSIX", "name": "fprintf", "args": {"stream": "0x7f7e1936b6e0"}, "pathname": "stdout", "return": 50},
{"ts": 1646628189585363, "dur": 3, "ph": "X", "tid": 0, "pid": 0, "step": 0, "cat": "POSIX", "name": "fprintf", "args": {"stream": "0x7f7e1936b6e0"}, "pathname": "stdout", "return": 57},
{"ts": 1646628189585367, "dur": 4, "ph": "X", "tid": 0, "pid": 0, "step": 0, "cat": "POSIX", "name": "fprintf", "args": {"stream": "0x7f7e1936b6e0"}, "pathname": "stdout", "return": 56},
{"ts": 1646628189585400, "dur": 2, "ph": "X", "tid": 0, "pid": 0, "step": 0, "cat": "POSIX", "name": "fprintf", "args": {"stream": "0x7f7e1936b6e0"}, "pathname": "stdout", "return": 10},
{"ts": 1646628189585405, "dur": 3, "ph": "X", "tid": 0, "pid": 0, "step": 0, "cat": "POSIX", "name": "fprintf", "args": {"stream": "0x7f7e1936b6e0"}, "pathname": "stdout", "return": 11},
{"ts": 1646628189585410, "dur": 3, "ph": "X", "tid": 0, "pid": 0, "step": 0, "cat": "POSIX", "name": "fprintf", "args": {"stream": "0x7f7e1936b6e0"}, "pathname": "stdout", "return": 11},
{"ts": 1646628189585415, "dur": 3, "ph": "X", "tid": 0, "pid": 0, "step": 0, "cat": "POSIX", "name": "fprintf", "args": {"stream": "0x7f7e1936b6e0"}, "pathname": "stdout", "return": 12},
{"ts": 1646628189585420, "dur": 3, "ph": "X", "tid": 0, "pid": 0, "step": 0, "cat": "POSIX", "name": "fprintf", "args": {"stream": "0x7f7e1936b6e0"}, "pathname": "stdout", "return": 11},
{"ts": 1646628189585425, "dur": 3, "ph": "X", "tid": 0, "pid": 0, "step": 0, "cat": "POSIX", "name": "fprintf", "args": {"stream": "0x7f7e1936b6e0"}, "pathname": "stdout", "return": 11},
{"ts": 1646628189585430, "dur": 3, "ph": "X", "tid": 0, "pid": 0, "step": 0, "cat": "POSIX", "name": "fprintf", "args": {"stream": "0x7f7e1936b6e0"}, "pathname": "stdout", "return": 11},
{"ts": 1646628189585435, "dur": 2, "ph": "X", "tid": 0, "pid": 0, "step": 0, "cat": "POSIX", "name": "fprintf", "args": {"stream": "0x7f7e1936b6e0"}, "pathname": "stdout", "return": 11},
{"ts": 1646628189585439, "dur": 3, "ph": "X", "tid": 0, "pid": 0, "step": 0, "cat": "POSIX", "name": "fprintf", "args": {"stream": "0x7f7e1936b6e0"}, "pathname": "stdout", "return": 11},
{"ts": 1646628189585444, "dur": 2, "ph": "X", "tid": 0, "pid": 0, "step": 0, "cat": "POSIX", "name": "fprintf", "args": {"stream": "0x7f7e1936b6e0"}, "pathname": "stdout", "return": 11},
{"ts": 1646628189585447, "dur": 3, "ph": "X", "tid": 0, "pid": 0, "step": 0, "cat": "POSIX", "name": "fprintf", "args": {"stream": "0x7f7e1936b6e0"}, "pathname": "stdout", "return": 5},
{"ts": 1646628189585461, "dur": 4, "ph": "X", "tid": 0, "pid": 0, "step": 0, "cat": "POSIX", "name": "fprintf", "args": {"stream": "0x7f7e1936b6e0"}, "pathname": "stdout", "return": 40},
{"ts": 1646628189585579, "dur": 5, "ph": "X", "tid": 0, "pid": 0, "step": 0, "cat": "POSIX", "name": "fwrite", "args": {"ptr": "0x41c72e", "size": 1, "nmemb": 21, "stream": "0x7f7e1936b6e0"}, "pathname": "stdout", "return": 21},
{"ts": 1646628189585586, "dur": 4, "ph": "X", "tid": 0, "pid": 0, "step": 0, "cat": "POSIX", "name": "fprintf", "args": {"stream": "0x7f7e1936b6e0"}, "pathname": "stdout", "return": 136},
{"ts": 1646628189585592, "dur": 2, "ph": "X", "tid": 0, "pid": 0, "step": 0, "cat": "POSIX", "name": "fwrite", "args": {"ptr": "0x41caf0", "size": 1, "nmemb": 64, "stream": "0x7f7e1936b6e0"}, "pathname": "stdout", "return": 64},
{"ts": 1646628189585595, "dur": 3, "ph": "X", "tid": 0, "pid": 0, "step": 0, "cat": "POSIX", "name": "fprintf", "args": {"stream": "0x7f7e1936b6e0"}, "pathname": "stdout", "return": 33},
{"ts": 1646628189585610, "dur": 2, "ph": "X", "tid": 0, "pid": 0, "step": 0, "cat": "POSIX", "name": "fwrite", "args": {"ptr": "0x41c725", "size": 1, "nmemb": 8, "stream": "0x7f7e1936b6e0"}, "pathname": "stdout", "return": 8},
{"ts": 1646628189585614, "dur": 2, "ph": "X", "tid": 0, "pid": 0, "step": 0, "cat": "POSIX", "name": "fprintf", "args": {"stream": "0x7f7e1936b6e0"}, "pathname": "stdout", "return": 10},
{"ts": 1646628189585617, "dur": 4, "ph": "X", "tid": 0, "pid": 0, "step": 0, "cat": "POSIX", "name": "fprintf", "args": {"stream": "0x7f7e1936b6e0"}, "pathname": "stdout", "return": 11},
{"ts": 1646628189585622, "dur": 3, "ph": "X", "tid": 0, "pid": 0, "step": 0, "cat": "POSIX", "name": "fprintf", "args": {"stream": "0x7f7e1936b6e0"}, "pathname": "stdout", "return": 11},
{"ts": 1646628189585627, "dur": 2, "ph": "X", "tid": 0, "pid": 0, "step": 0, "cat": "POSIX", "name": "fprintf", "args": {"stream": "0x7f7e1936b6e0"}, "pathname": "stdout", "return": 11},
{"ts": 1646628189585630, "dur": 3, "ph": "X", "tid": 0, "pid": 0, "step": 0, "cat": "POSIX", "name": "fprintf", "args": {"stream": "0x7f7e1936b6e0"}, "pathname": "stdout", "return": 11},
{"ts": 1646628189585634, "dur": 3, "ph": "X", "tid": 0, "pid": 0, "step": 0, "cat": "POSIX", "name": "fprintf", "args": {"stream": "0x7f7e1936b6e0"}, "pathname": "stdout", "return": 11},
{"ts": 1646628189585638, "dur": 3, "ph": "X", "tid": 0, "pid": 0, "step": 0, "cat": "POSIX", "name": "fprintf", "args": {"stream": "0x7f7e1936b6e0"}, "pathname": "stdout", "return": 11},
{"ts": 1646628189585642, "dur": 3, "ph": "X", "tid": 0, "pid": 0, "step": 0, "cat": "POSIX", "name": "fprintf", "args": {"stream": "0x7f7e1936b6e0"}, "pathname": "stdout", "return": 11},
{"ts": 1646628189585647, "dur": 2, "ph": "X", "tid": 0, "pid": 0, "step": 0, "cat": "POSIX", "name": "fprintf", "args": {"stream": "0x7f7e1936b6e0"}, "pathname": "stdout", "return": 11},
{"ts": 1646628189585650, "dur": 3, "ph": "X", "tid": 0, "pid": 0, "step": 0, "cat": "POSIX", "name": "fprintf", "args": {"stream": "0x7f7e1936b6e0"}, "pathname": "stdout", "return": 11},
{"ts": 1646628189585655, "dur": 2, "ph": "X", "tid": 0, "pid": 0, "step": 0, "cat": "POSIX", "name": "fprintf", "args": {"stream": "0x7f7e1936b6e0"}, "pathname": "stdout", "return": 11},
{"ts": 1646628189585658, "dur": 2, "ph": "X", "tid": 0, "pid": 0, "step": 0, "cat": "POSIX", "name": "fprintf", "args": {"stream": "0x7f7e1936b6e0"}, "pathname": "stdout", "return": 14},
{"ts": 1646628189585661, "dur": 3, "ph": "X", "tid": 0, "pid": 0, "step": 0, "cat": "POSIX", "name": "fprintf", "args": {"stream": "0x7f7e1936b6e0"}, "pathname": "stdout", "return": 6},
{"ts": 1646628189585665, "dur": 3, "ph": "X", "tid": 0, "pid": 0, "step": 0, "cat": "POSIX", "name": "fprintf", "args": {"stream": "0x7f7e1936b6e0"}, "pathname": "stdout", "return": 7},
{"ts": 1646628189585669, "dur": 2, "ph": "X", "tid": 0, "pid": 0, "step": 0, "cat": "POSIX", "name": "fprintf", "args": {"stream": "0x7f7e1936b6e0"}, "pathname": "stdout", "return": 4},
{"ts": 1646628189585672, "dur": 2, "ph": "X", "tid": 0, "pid": 0, "step": 0, "cat": "POSIX", "name": "fprintf", "args": {"stream": "0x7f7e1936b6e0"}, "pathname": "stdout", "return": 5},
{"ts": 1646628189585675, "dur": 3, "ph": "X", "tid": 0, "pid": 0, "step": 0, "cat": "POSIX", "name": "fprintf", "args": {"stream": "0x7f7e1936b6e0"}, "pathname": "stdout", "return": 4},
{"ts": 1646628189585679, "dur": 3, "ph": "X", "tid": 0, "pid": 0, "step": 0, "cat": "POSIX", "name": "fprintf", "args": {"stream": "0x7f7e1936b6e0"}, "pathname": "stdout", "return": 6},
{"ts": 1646628189585683, "dur": 3, "ph": "X", "tid": 0, "pid": 0, "step": 0, "cat": "POSIX", "name": "fprintf", "args": {"stream": "0x7f7e1936b6e0"}, "pathname": "stdout", "return": 9},
{"ts": 1646628189585687, "dur": 3, "ph": "X", "tid": 0, "pid": 0, "step": 0, "cat": "POSIX", "name": "fprintf", "args": {"stream": "0x7f7e1936b6e0"}, "pathname": "stdout", "return": 10},
{"ts": 1646628189585691, "dur": 3, "ph": "X", "tid": 0, "pid": 0, "step": 0, "cat": "POSIX", "name": "fprintf", "args": {"stream": "0x7f7e1936b6e0"}, "pathname": "stdout", "return": 5},
{"ts": 1646628189585695, "dur": 3, "ph": "X", "tid": 0, "pid": 0, "step": 0, "cat": "POSIX", "name": "fprintf", "args": {"stream": "0x7f7e1936b6e0"}, "pathname": "stdout", "return": 7},
{"ts": 1646628189585699, "dur": 3, "ph": "X", "tid": 0, "pid": 0, "step": 0, "cat": "POSIX", "name": "fprintf", "args": {"stream": "0x7f7e1936b6e0"}, "pathname": "stdout", "return": 9},
{"ts": 1646628189585703, "dur": 3, "ph": "X", "tid": 0, "pid": 0, "step": 0, "cat": "POSIX", "name": "fprintf", "args": {"stream": "0x7f7e1936b6e0"}, "pathname": "stdout", "return": 9},
{"ts": 1646628189585707, "dur": 3, "ph": "X", "tid": 0, "pid": 0, "step": 0, "cat": "POSIX", "name": "fprintf", "args": {"stream": "0x7f7e1936b6e0"}, "pathname": "stdout", "return": 10},
{"ts": 1646628189585711, "dur": 3, "ph": "X", "tid": 0, "pid": 0, "step": 0, "cat": "POSIX", "name": "fprintf", "args": {"stream": "0x7f7e1936b6e0"}, "pathname": "stdout", "return": 6},
{"ts": 1646628189585715, "dur": 3, "ph": "X", "tid": 0, "pid": 0, "step": 0, "cat": "POSIX", "name": "fprintf", "args": {"stream": "0x7f7e1936b6e0"}, "pathname": "stdout", "return": 6},
{"ts": 1646628189585725, "dur": 2, "ph": "X", "tid": 0, "pid": 0, "step": 0, "cat": "POSIX", "name": "fprintf", "args": {"stream": "0x7f7e1936b6e0"}, "pathname": "stdout", "return": 47},
{"ts": 1646628189585764, "dur": 1, "ph": "X", "tid": 0, "pid": 0, "step": 0, "cat": "TAU", "name": "program exit"}
]
