[
{"ts": 1646628190694165, "dur": 51, "ph": "X", "tid": 0, "pid": 2, "step": 0, "cat": "POSIX", "name": "open", "args": {"pathname": "/proc/4168719/fd/19", "flags": 2, "mode": 511}, "return": 35},
{"ts": 1646628190694229, "dur": 3, "ph": "X", "tid": 0, "pid": 2, "step": 0, "cat": "POSIX", "name": "close", "args": {"fd": 35}, "pathname": "/proc/4168719/fd/19", "return": 0},
{"ts": 1646628190694242, "dur": 33, "ph": "X", "tid": 0, "pid": 2, "step": 0, "cat": "POSIX", "name": "write", "args": {"fd": 13, "buf": "0x7ffce8039714", "count": 4 }, "pathname": "pipe", "return": 4},
{"ts": 1646628190694259, "dur": 28, "ph": "X", "tid": 0, "pid": 2, "step": 0, "cat": "POSIX", "name": "read", "args": {"fd": 12, "buf": 0x7fd53ca2bc74, "count": 4}, "pathname": "pipe", "return": 4},
{"ts": 1646628190694294, "dur": 4, "ph": "X", "tid": 0, "pid": 2, "step": 0, "cat": "POSIX", "name": "read", "args": {"fd": 33, "buf": 0x7ffce8039740, "count": 8}, "pathname": "/sys/class/infiniband/mlx5_0/ports/1/gid_attrs/types/0", "return": 18446744073709551615},
{"ts": 1646628190694296, "dur": 2, "ph": "X", "tid": 0, "pid": 2, "step": 0, "cat": "POSIX", "name": "read", "args": {"fd": 12, "buf": 0x7fd53ca2bc74, "count": 4}, "pathname": "pipe", "return": 18446744073709551615},
{"ts": 1646628190696726, "dur": 37, "ph": "X", "tid": 0, "pid": 2, "step": 0, "cat": "POSIX", "name": "open", "args": {"pathname": "/proc/4168721/fd/19", "flags": 2, "mode": 511}, "return": 35},
{"ts": 1646628190696773, "dur": 2, "ph": "X", "tid": 0, "pid": 2, "step": 0, "cat": "POSIX", "name": "close", "args": {"fd": 35}, "pathname": "/proc/4168721/fd/19", "return": 0},
{"ts": 1646628190700797, "dur": 41, "ph": "X", "tid": 0, "pid": 2, "step": 0, "cat": "POSIX", "name": "fprintf", "args": {"stream": "0x7fd5436d86e0"}, "pathname": "stdout", "return": 35},
{"ts": 1646628190705235, "dur": 2694, "ph": "X", "tid": 0, "pid": 2, "step": 0, "cat": "POSIX", "name": "open", "args": {"pathname": "data_dir/hdf5_write.locktest.2", "flags": 66, "mode": 420}, "return": 35},
{"ts": 1646628190707960, "dur": 49, "ph": "X", "tid": 0, "pid": 2, "step": 0, "cat": "POSIX", "name": "close", "args": {"fd": 35}, "pathname": "data_dir/hdf5_write.locktest.2", "return": 0},
{"ts": 1646628190708813, "dur": 41, "ph": "X", "tid": 0, "pid": 2, "step": 0, "cat": "POSIX", "name": "open", "args": {"pathname": "data_dir/hdf5_write", "flags": 2, "mode": 511}, "return": 35},
{"ts": 1646628190708868, "dur": 32, "ph": "X", "tid": 0, "pid": 2, "step": 0, "cat": "POSIX", "name": "open", "args": {"pathname": "/tmp/ompi.andes608.4069/jf.58918/2/hdf5_write_cid-5-4168719.sm", "flags": 66, "mode": 420}, "return": 36},
{"ts": 1646628190708933, "dur": 3, "ph": "X", "tid": 0, "pid": 2, "step": 0, "cat": "POSIX", "name": "close", "args": {"fd": 36}, "pathname": "/tmp/ompi.andes608.4069/jf.58918/2/hdf5_write_cid-5-4168719.sm", "return": 0},
{"ts": 1646628190816685, "dur": 55, "ph": "X", "tid": 0, "pid": 2, "step": 0, "cat": "POSIX", "name": "close", "args": {"fd": 35}, "pathname": "data_dir/hdf5_write", "return": 0},
{"ts": 1646628190818098, "dur": 1099, "ph": "X", "tid": 0, "pid": 2, "step": 0, "cat": "POSIX", "name": "open", "args": {"pathname": "data_dir/hdf5_write.locktest.2", "flags": 66, "mode": 420}, "return": 35},
{"ts": 1646628190819211, "dur": 34, "ph": "X", "tid": 0, "pid": 2, "step": 0, "cat": "POSIX", "name": "close", "args": {"fd": 35}, "pathname": "data_dir/hdf5_write.locktest.2", "return": 0},
{"ts": 1646628190820575, "dur": 15, "ph": "X", "tid": 0, "pid": 2, "step": 0, "cat": "POSIX", "name": "open", "args": {"pathname": "data_dir/hdf5_write", "flags": 0, "mode": 511}, "return": 35},
{"ts": 1646628190820601, "dur": 24, "ph": "X", "tid": 0, "pid": 2, "step": 0, "cat": "POSIX", "name": "open", "args": {"pathname": "/tmp/ompi.andes608.4069/jf.58918/2/hdf5_write_cid-3-4168719.sm", "flags": 66, "mode": 420}, "return": 36},
{"ts": 1646628190820726, "dur": 2, "ph": "X", "tid": 0, "pid": 2, "step": 0, "cat": "POSIX", "name": "close", "args": {"fd": 36}, "pathname": "/tmp/ompi.andes608.4069/jf.58918/2/hdf5_write_cid-3-4168719.sm", "return": 0},
{"ts": 1646628190820853, "dur": 8, "ph": "X", "tid": 0, "pid": 2, "step": 0, "cat": "POSIX", "name": "lseek", "args": {"fd": 35, "offset": 0, "whence": 2}, "pathname": "data_dir/hdf5_write", "return": 4259840},
{"ts": 1646628190820863, "dur": 2, "ph": "X", "tid": 0, "pid": 2, "step": 0, "cat": "POSIX", "name": "lseek", "args": {"fd": 35, "offset": 0, "whence": 0}, "pathname": "data_dir/hdf5_write", "return": 0},
{"ts": 1646628190820904, "dur": 36, "ph": "X", "tid": 0, "pid": 2, "step": 0, "cat": "POSIX", "name": "close", "args": {"fd": 35}, "pathname": "data_dir/hdf5_write", "return": 0},
{"ts": 1646628190820969, "dur": 8, "ph": "X", "tid": 0, "pid": 2, "step": 0, "cat": "POSIX", "name": "fprintf", "args": {"stream": "0x7fd5436d86e0"}, "pathname": "stdout", "return": 56},
{"ts": 1646628190820979, "dur": 3, "ph": "X", "tid": 0, "pid": 2, "step": 0, "cat": "POSIX", "name": "fprintf", "args": {"stream": "0x7fd5436d86e0"}, "pathname": "stdout", "return": 55},
{"ts": 1646628190820984, "dur": 3, "ph": "X", "tid": 0, "pid": 2, "step": 0, "cat": "POSIX", "name": "fprintf", "args": {"stream": "0x7fd5436d86e0"}, "pathname": "stdout", "return": 51},
{"ts": 1646628190820988, "dur": 4, "ph": "X", "tid": 0, "pid": 2, "step": 0, "cat": "POSIX", "name": "fprintf", "args": {"stream": "0x7fd5436d86e0"}, "pathname": "stdout", "return": 50},
{"ts": 1646628190820993, "dur": 3, "ph": "X", "tid": 0, "pid": 2, "step": 0, "cat": "POSIX", "name": "fprintf", "args": {"stream": "0x7fd5436d86e0"}, "pathname": "stdout", "return": 57},
{"ts": 1646628190820998, "dur": 3, "ph": "X", "tid": 0, "pid": 2, "step": 0, "cat": "POSIX", "name": "fprintf", "args": {"stream": "0x7fd5436d86e0"}, "pathname": "stdout", "return": 56},
{"ts": 1646628190821218, "dur": 1, "ph": "X", "tid": 0, "pid": 2, "step": 0, "cat": "TAU", "name": "program exit"}
]
