[
{"ts": 1646628190694562, "dur": 30, "ph": "X", "tid": 0, "pid": 3, "step": 0, "cat": "POSIX", "name": "write", "args": {"fd": 13, "buf": "0x7ffcfa15e914", "count": 4 }, "pathname": "pipe", "return": 4},
{"ts": 1646628190694575, "dur": 24, "ph": "X", "tid": 0, "pid": 3, "step": 0, "cat": "POSIX", "name": "read", "args": {"fd": 12, "buf": 0x7fc947ffec74, "count": 4}, "pathname": "pipe", "return": 4},
{"ts": 1646628190694614, "dur": 2, "ph": "X", "tid": 0, "pid": 3, "step": 0, "cat": "POSIX", "name": "read", "args": {"fd": 12, "buf": 0x7fc947ffec74, "count": 4}, "pathname": "pipe", "return": 18446744073709551615},
{"ts": 1646628190694673, "dur": 4, "ph": "X", "tid": 0, "pid": 3, "step": 0, "cat": "POSIX", "name": "read", "args": {"fd": 33, "buf": 0x7ffcfa15e940, "count": 8}, "pathname": "/sys/class/infiniband/mlx5_0/ports/1/gid_attrs/types/0", "return": 18446744073709551615},
{"ts": 1646628190700747, "dur": 39, "ph": "X", "tid": 0, "pid": 3, "step": 0, "cat": "POSIX", "name": "fprintf", "args": {"stream": "0x7fc952cdf6e0"}, "pathname": "stdout", "return": 35},
{"ts": 1646628190705239, "dur": 2692, "ph": "X", "tid": 0, "pid": 3, "step": 0, "cat": "POSIX", "name": "open", "args": {"pathname": "data_dir/hdf5_write.locktest.3", "flags": 66, "mode": 420}, "return": 35},
{"ts": 1646628190707975, "dur": 51, "ph": "X", "tid": 0, "pid": 3, "step": 0, "cat": "POSIX", "name": "close", "args": {"fd": 35}, "pathname": "data_dir/hdf5_write.locktest.3", "return": 0},
{"ts": 1646628190708813, "dur": 50, "ph": "X", "tid": 0, "pid": 3, "step": 0, "cat": "POSIX", "name": "open", "args": {"pathname": "data_dir/hdf5_write", "flags": 2, "mode": 511}, "return": 35},
{"ts": 1646628190708877, "dur": 37, "ph": "X", "tid": 0, "pid": 3, "step": 0, "cat": "POSIX", "name": "open", "args": {"pathname": "/tmp/ompi.andes608.4069/jf.58918/2/hdf5_write_cid-5-4168719.sm", "flags": 66, "mode": 420}, "return": 36},
{"ts": 1646628190708935, "dur": 2, "ph": "X", "tid": 0, "pid": 3, "step": 0, "cat": "POSIX", "name": "close", "args": {"fd": 36}, "pathname": "/tmp/ompi.andes608.4069/jf.58918/2/hdf5_write_cid-5-4168719.sm", "return": 0},
{"ts": 1646628190714131, "dur": 45, "ph": "X", "tid": 0, "pid": 3, "step": 0, "cat": "POSIX", "name": "open", "args": {"pathname": "/proc/4168721/fd/19", "flags": 2, "mode": 511}, "return": 36},
{"ts": 1646628190714188, "dur": 2, "ph": "X", "tid": 0, "pid": 3, "step": 0, "cat": "POSIX", "name": "close", "args": {"fd": 36}, "pathname": "/proc/4168721/fd/19", "return": 0},
{"ts": 1646628190816685, "dur": 1353, "ph": "X", "tid": 0, "pid": 3, "step": 0, "cat": "POSIX", "name": "close", "args": {"fd": 35}, "pathname": "data_dir/hdf5_write", "return": 0},
{"ts": 1646628190818099, "dur": 2332, "ph": "X", "tid": 0, "pid": 3, "step": 0, "cat": "POSIX", "name": "open", "args": {"pathname": "data_dir/hdf5_write.locktest.3", "flags": 66, "mode": 420}, "return": 35},
{"ts": 1646628190820446, "dur": 29, "ph": "X", "tid": 0, "pid": 3, "step": 0, "cat": "POSIX", "name": "close", "args": {"fd": 35}, "pathname": "data_dir/hdf5_write.locktest.3", "return": 0},
{"ts": 1646628190820666, "dur": 15, "ph": "X", "tid": 0, "pid": 3, "step": 0, "cat": "POSIX", "name": "open", "args": {"pathname": "data_dir/hdf5_write", "flags": 0, "mode": 511}, "return": 35},
{"ts": 1646628190820692, "dur": 23, "ph": "X", "tid": 0, "pid": 3, "step": 0, "cat": "POSIX", "name": "open", "args": {"pathname": "/tmp/ompi.andes608.4069/jf.58918/2/hdf5_write_cid-3-4168719.sm", "flags": 66, "mode": 420}, "return": 36},
{"ts": 1646628190820724, "dur": 2, "ph": "X", "tid": 0, "pid": 3, "step": 0, "cat": "POSIX", "name": "close", "args": {"fd": 36}, "pathname": "/tmp/ompi.andes608.4069/jf.58918/2/hdf5_write_cid-3-4168719.sm", "return": 0},
{"ts": 1646628190820858, "dur": 16, "ph": "X", "tid": 0, "pid": 3, "step": 0, "cat": "POSIX", "name": "lseek", "args": {"fd": 35, "offset": 0, "whence": 2}, "pathname": "data_dir/hdf5_write", "return": 4259840},
{"ts": 1646628190820876, "dur": 2, "ph": "X", "tid": 0, "pid": 3, "step": 0, "cat": "POSIX", "name": "lseek", "args": {"fd": 35, "offset": 0, "whence": 0}, "pathname": "data_dir/hdf5_write", "return": 0},
{"ts": 1646628190820904, "dur": 26, "ph": "X", "tid": 0, "pid": 3, "step": 0, "cat": "POSIX", "name": "close", "args": {"fd": 35}, "pathname": "data_dir/hdf5_write", "return": 0},
{"ts": 1646628190820964, "dur": 10, "ph": "X", "tid": 0, "pid": 3, "step": 0, "cat": "POSIX", "name": "fprintf", "args": {"stream": "0x7fc952cdf6e0"}, "pathname": "stdout", "return": 56},
{"ts": 1646628190820976, "dur": 4, "ph": "X", "tid": 0, "pid": 3, "step": 0, "cat": "POSIX", "name": "fprintf", "args": {"stream": "0x7fc952cdf6e0"}, "pathname": "stdout", "return": 55},
{"ts": 1646628190820981, "dur": 3, "ph": "X", "tid": 0, "pid": 3, "step": 0, "cat": "POSIX", "name": "fprintf", "args": {"stream": "0x7fc952cdf6e0"}, "pathname": "stdout", "return": 51},
{"ts": 1646628190820986, "dur": 2, "ph": "X", "tid": 0, "pid": 3, "step": 0, "cat": "POSIX", "name": "fprintf", "args": {"stream": "0x7fc952cdf6e0"}, "pathname": "stdout", "return": 50},
{"ts": 1646628190820990, "dur": 2, "ph": "X", "tid": 0, "pid": 3, "step": 0, "cat": "POSIX", "name": "fprintf", "args": {"stream": "0x7fc952cdf6e0"}, "pathname": "stdout", "return": 57},
{"ts": 1646628190820994, "dur": 3, "ph": "X", "tid": 0, "pid": 3, "step": 0, "cat": "POSIX", "name": "fprintf", "args": {"stream": "0x7fc952cdf6e0"}, "pathname": "stdout", "return": 56},
{"ts": 1646628190821214, "dur": 1, "ph": "X", "tid": 0, "pid": 3, "step": 0, "cat": "TAU", "name": "program exit"}
]
