[
{"ts": 1646628190694717, "dur": 35, "ph": "X", "tid": 0, "pid": 0, "step": 0, "cat": "POSIX", "name": "write", "args": {"fd": 14, "buf": "0x7ffe60efe7e4", "count": 4 }, "pathname": "pipe", "return": 4},
{"ts": 1646628190694733, "dur": 31, "ph": "X", "tid": 0, "pid": 0, "step": 0, "cat": "POSIX", "name": "read", "args": {"fd": 13, "buf": 0x7f4062959c74, "count": 4}, "pathname": "pipe", "return": 4},
{"ts": 1646628190694775, "dur": 3, "ph": "X", "tid": 0, "pid": 0, "step": 0, "cat": "POSIX", "name": "read", "args": {"fd": 13, "buf": 0x7f4062959c74, "count": 4}, "pathname": "pipe", "return": 18446744073709551615},
{"ts": 1646628190694776, "dur": 3, "ph": "X", "tid": 0, "pid": 0, "step": 0, "cat": "POSIX", "name": "read", "args": {"fd": 33, "buf": 0x7ffe60efe810, "count": 8}, "pathname": "/sys/class/infiniband/mlx5_0/ports/1/gid_attrs/types/0", "return": 18446744073709551615},
{"ts": 1646628190696612, "dur": 42, "ph": "X", "tid": 0, "pid": 0, "step": 0, "cat": "POSIX", "name": "open", "args": {"pathname": "/proc/4168721/fd/19", "flags": 2, "mode": 511}, "return": 35},
{"ts": 1646628190696665, "dur": 2, "ph": "X", "tid": 0, "pid": 0, "step": 0, "cat": "POSIX", "name": "close", "args": {"fd": 35}, "pathname": "/proc/4168721/fd/19", "return": 0},
{"ts": 1646628190696674, "dur": 28, "ph": "X", "tid": 0, "pid": 0, "step": 0, "cat": "POSIX", "name": "open", "args": {"pathname": "/proc/4168720/fd/19", "flags": 2, "mode": 511}, "return": 35},
{"ts": 1646628190696709, "dur": 2, "ph": "X", "tid": 0, "pid": 0, "step": 0, "cat": "POSIX", "name": "close", "args": {"fd": 35}, "pathname": "/proc/4168720/fd/19", "return": 0},
{"ts": 1646628190696722, "dur": 30, "ph": "X", "tid": 0, "pid": 0, "step": 0, "cat": "POSIX", "name": "open", "args": {"pathname": "/proc/4168722/fd/19", "flags": 2, "mode": 511}, "return": 35},
{"ts": 1646628190696759, "dur": 2, "ph": "X", "tid": 0, "pid": 0, "step": 0, "cat": "POSIX", "name": "close", "args": {"fd": 35}, "pathname": "/proc/4168722/fd/19", "return": 0},
{"ts": 1646628190697503, "dur": 36, "ph": "X", "tid": 0, "pid": 0, "step": 0, "cat": "POSIX", "name": "fwrite", "args": {"ptr": "0x41ca18", "size": 1, "nmemb": 52, "stream": "0x7f40696066e0"}, "pathname": "stdout", "return": 52},
{"ts": 1646628190697585, "dur": 25, "ph": "X", "tid": 0, "pid": 0, "step": 0, "cat": "POSIX", "name": "fprintf", "args": {"stream": "0x7f40696066e0"}, "pathname": "stdout", "return": 47},
{"ts": 1646628190697612, "dur": 3, "ph": "X", "tid": 0, "pid": 0, "step": 0, "cat": "POSIX", "name": "fprintf", "args": {"stream": "0x7f40696066e0"}, "pathname": "stdout", "return": 22},
{"ts": 1646628190697616, "dur": 4, "ph": "X", "tid": 0, "pid": 0, "step": 0, "cat": "POSIX", "name": "fprintf", "args": {"stream": "0x7f40696066e0"}, "pathname": "stdout", "return": 3},
{"ts": 1646628190697621, "dur": 2, "ph": "X", "tid": 0, "pid": 0, "step": 0, "cat": "POSIX", "name": "fprintf", "args": {"stream": "0x7f40696066e0"}, "pathname": "stdout", "return": 3},
{"ts": 1646628190697625, "dur": 1, "ph": "X", "tid": 0, "pid": 0, "step": 0, "cat": "POSIX", "name": "fprintf", "args": {"stream": "0x7f40696066e0"}, "pathname": "stdout", "return": 3},
{"ts": 1646628190697628, "dur": 2, "ph": "X", "tid": 0, "pid": 0, "step": 0, "cat": "POSIX", "name": "fprintf", "args": {"stream": "0x7f40696066e0"}, "pathname": "stdout", "return": 3},
{"ts": 1646628190697631, "dur": 2, "ph": "X", "tid": 0, "pid": 0, "step": 0, "cat": "POSIX", "name": "fprintf", "args": {"stream": "0x7f40696066e0"}, "pathname": "stdout", "return": 3},
{"ts": 1646628190697634, "dur": 2, "ph": "X", "tid": 0, "pid": 0, "step": 0, "cat": "POSIX", "name": "fprintf", "args": {"stream": "0x7f40696066e0"}, "pathname": "stdout", "return": 2},
{"ts": 1646628190697637, "dur": 2, "ph": "X", "tid": 0, "pid": 0, "step": 0, "cat": "POSIX", "name": "fprintf", "args": {"stream": "0x7f40696066e0"}, "pathname": "stdout", "return": 3},
{"ts": 1646628190697640, "dur": 3, "ph": "X", "tid": 0, "pid": 0, "step": 0, "cat": "POSIX", "name": "fprintf", "args": {"stream": "0x7f40696066e0"}, "pathname": "stdout", "return": 3},
{"ts": 1646628190697644, "dur": 3, "ph": "X", "tid": 0, "pid": 0, "step": 0, "cat": "POSIX", "name": "fprintf", "args": {"stream": "0x7f40696066e0"}, "pathname": "stdout", "return": 3},
{"ts": 1646628190697648, "dur": 3, "ph": "X", "tid": 0, "pid": 0, "step": 0, "cat": "POSIX", "name": "fprintf", "args": {"stream": "0x7f40696066e0"}, "pathname": "stdout", "return": 3},
{"ts": 1646628190697652, "dur": 2, "ph": "X", "tid": 0, "pid": 0, "step": 0, "cat": "POSIX", "name": "fprintf", "args": {"stream": "0x7f40696066e0"}, "pathname": "stdout", "return": 3},
{"ts": 1646628190697655, "dur": 3, "ph": "X", "tid": 0, "pid": 0, "step": 0, "cat": "POSIX", "name": "fprintf", "args": {"stream": "0x7f40696066e0"}, "pathname": "stdout", "return": 5},
{"ts": 1646628190697659, "dur": 3, "ph": "X", "tid": 0, "pid": 0, "step": 0, "cat": "POSIX", "name": "fprintf", "args": {"stream": "0x7f40696066e0"}, "pathname": "stdout", "return": 3},
{"ts": 1646628190697663, "dur": 2, "ph": "X", "tid": 0, "pid": 0, "step": 0, "cat": "POSIX", "name": "fprintf", "args": {"stream": "0x7f40696066e0"}, "pathname": "stdout", "return": 3},
{"ts": 1646628190697667, "dur": 2, "ph": "X", "tid": 0, "pid": 0, "step": 0, "cat": "POSIX", "name": "fprintf", "args": {"stream": "0x7f40696066e0"}, "pathname": "stdout", "return": 3},
{"ts": 1646628190697670, "dur": 2, "ph": "X", "tid": 0, "pid": 0, "step": 0, "cat": "POSIX", "name": "fprintf", "args": {"stream": "0x7f40696066e0"}, "pathname": "stdout", "return": 20},
{"ts": 1646628190697676, "dur": 2, "ph": "X", "tid": 0, "pid": 0, "step": 0, "cat": "POSIX", "name": "fprintf", "args": {"stream": "0x7f40696066e0"}, "pathname": "stdout", "return": 22},
{"ts": 1646628190697679, "dur": 3, "ph": "X", "tid": 0, "pid": 0, "step": 0, "cat": "POSIX", "name": "fprintf", "args": {"stream": "0x7f40696066e0"}, "pathname": "stdout", "return": 28},
{"ts": 1646628190697683, "dur": 4, "ph": "X", "tid": 0, "pid": 0, "step": 0, "cat": "POSIX", "name": "fprintf", "args": {"stream": "0x7f40696066e0"}, "pathname": "stdout", "return": 72},
{"ts": 1646628190697688, "dur": 3, "ph": "X", "tid": 0, "pid": 0, "step": 0, "cat": "POSIX", "name": "fwrite", "args": {"ptr": "0x41c4ff", "size": 1, "nmemb": 29, "stream": "0x7f40696066e0"}, "pathname": "stdout", "return": 29},
{"ts": 1646628190697692, "dur": 7, "ph": "X", "tid": 0, "pid": 0, "step": 0, "cat": "POSIX", "name": "fprintf", "args": {"stream": "0x7f40696066e0"}, "pathname": "stdout", "return": 43},
{"ts": 1646628190697700, "dur": 2, "ph": "X", "tid": 0, "pid": 0, "step": 0, "cat": "POSIX", "name": "fwrite", "args": {"ptr": "0x41c51d", "size": 1, "nmemb": 22, "stream": "0x7f40696066e0"}, "pathname": "stdout", "return": 22},
{"ts": 1646628190697703, "dur": 3, "ph": "X", "tid": 0, "pid": 0, "step": 0, "cat": "POSIX", "name": "fprintf", "args": {"stream": "0x7f40696066e0"}, "pathname": "stdout", "return": 20},
{"ts": 1646628190697707, "dur": 3, "ph": "X", "tid": 0, "pid": 0, "step": 0, "cat": "POSIX", "name": "fprintf", "args": {"stream": "0x7f40696066e0"}, "pathname": "stdout", "return": 468},
{"ts": 1646628190697712, "dur": 2, "ph": "X", "tid": 0, "pid": 0, "step": 0, "cat": "POSIX", "name": "fprintf", "args": {"stream": "0x7f40696066e0"}, "pathname": "stdout", "return": 1790},
{"ts": 1646628190697715, "dur": 3, "ph": "X", "tid": 0, "pid": 0, "step": 0, "cat": "POSIX", "name": "fprintf", "args": {"stream": "0x7f40696066e0"}, "pathname": "stdout", "return": 13},
{"ts": 1646628190697719, "dur": 3, "ph": "X", "tid": 0, "pid": 0, "step": 0, "cat": "POSIX", "name": "fprintf", "args": {"stream": "0x7f40696066e0"}, "pathname": "stdout", "return": 16},
{"ts": 1646628190697723, "dur": 3, "ph": "X", "tid": 0, "pid": 0, "step": 0, "cat": "POSIX", "name": "fprintf", "args": {"stream": "0x7f40696066e0"}, "pathname": "stdout", "return": 15},
{"ts": 1646628190697727, "dur": 3, "ph": "X", "tid": 0, "pid": 0, "step": 0, "cat": "POSIX", "name": "fprintf", "args": {"stream": "0x7f40696066e0"}, "pathname": "stdout", "return": 23},
{"ts": 1646628190697731, "dur": 2, "ph": "X", "tid": 0, "pid": 0, "step": 0, "cat": "POSIX", "name": "fprintf", "args": {"stream": "0x7f40696066e0"}, "pathname": "stdout", "return": 643},
{"ts": 1646628190697847, "dur": 4, "ph": "X", "tid": 0, "pid": 0, "step": 0, "cat": "POSIX", "name": "fprintf", "args": {"stream": "0x7f40696066e0"}, "pathname": "stdout", "return": 530},
{"ts": 1646628190697852, "dur": 2, "ph": "X", "tid": 0, "pid": 0, "step": 0, "cat": "POSIX", "name": "fprintf", "args": {"stream": "0x7f40696066e0"}, "pathname": "stdout", "return": 52},
{"ts": 1646628190697855, "dur": 12, "ph": "X", "tid": 0, "pid": 0, "step": 0, "cat": "POSIX", "name": "fprintf", "args": {"stream": "0x7f40696066e0"}, "pathname": "stdout", "return": 234},
{"ts": 1646628190697868, "dur": 3, "ph": "X", "tid": 0, "pid": 0, "step": 0, "cat": "POSIX", "name": "fprintf", "args": {"stream": "0x7f40696066e0"}, "pathname": "stdout", "return": 21},
{"ts": 1646628190697872, "dur": 3, "ph": "X", "tid": 0, "pid": 0, "step": 0, "cat": "POSIX", "name": "fprintf", "args": {"stream": "0x7f40696066e0"}, "pathname": "stdout", "return": 29},
{"ts": 1646628190697876, "dur": 3, "ph": "X", "tid": 0, "pid": 0, "step": 0, "cat": "POSIX", "name": "fprintf", "args": {"stream": "0x7f40696066e0"}, "pathname": "stdout", "return": 262},
{"ts": 1646628190697880, "dur": 2, "ph": "X", "tid": 0, "pid": 0, "step": 0, "cat": "POSIX", "name": "fprintf", "args": {"stream": "0x7f40696066e0"}, "pathname": "stdout", "return": 30},
{"ts": 1646628190697883, "dur": 3, "ph": "X", "tid": 0, "pid": 0, "step": 0, "cat": "POSIX", "name": "fprintf", "args": {"stream": "0x7f40696066e0"}, "pathname": "stdout", "return": 7},
{"ts": 1646628190697887, "dur": 3, "ph": "X", "tid": 0, "pid": 0, "step": 0, "cat": "POSIX", "name": "fprintf", "args": {"stream": "0x7f40696066e0"}, "pathname": "stdout", "return": 23},
{"ts": 1646628190697891, "dur": 3, "ph": "X", "tid": 0, "pid": 0, "step": 0, "cat": "POSIX", "name": "fprintf", "args": {"stream": "0x7f40696066e0"}, "pathname": "stdout", "return": 62},
{"ts": 1646628190697895, "dur": 2, "ph": "X", "tid": 0, "pid": 0, "step": 0, "cat": "POSIX", "name": "fprintf", "args": {"stream": "0x7f40696066e0"}, "pathname": "stdout", "return": 23},
{"ts": 1646628190697898, "dur": 3, "ph": "X", "tid": 0, "pid": 0, "step": 0, "cat": "POSIX", "name": "fprintf", "args": {"stream": "0x7f40696066e0"}, "pathname": "stdout", "return": 37},
{"ts": 1646628190697902, "dur": 3, "ph": "X", "tid": 0, "pid": 0, "step": 0, "cat": "POSIX", "name": "fprintf", "args": {"stream": "0x7f40696066e0"}, "pathname": "stdout", "return": 17},
{"ts": 1646628190697906, "dur": 3, "ph": "X", "tid": 0, "pid": 0, "step": 0, "cat": "POSIX", "name": "fprintf", "args": {"stream": "0x7f40696066e0"}, "pathname": "stdout", "return": 97},
{"ts": 1646628190697910, "dur": 2, "ph": "X", "tid": 0, "pid": 0, "step": 0, "cat": "POSIX", "name": "fprintf", "args": {"stream": "0x7f40696066e0"}, "pathname": "stdout", "return": 35},
{"ts": 1646628190697913, "dur": 3, "ph": "X", "tid": 0, "pid": 0, "step": 0, "cat": "POSIX", "name": "fprintf", "args": {"stream": "0x7f40696066e0"}, "pathname": "stdout", "return": 11},
{"ts": 1646628190697917, "dur": 2, "ph": "X", "tid": 0, "pid": 0, "step": 0, "cat": "POSIX", "name": "fprintf", "args": {"stream": "0x7f40696066e0"}, "pathname": "stdout", "return": 32},
{"ts": 1646628190697920, "dur": 3, "ph": "X", "tid": 0, "pid": 0, "step": 0, "cat": "POSIX", "name": "fprintf", "args": {"stream": "0x7f40696066e0"}, "pathname": "stdout", "return": 36},
{"ts": 1646628190697924, "dur": 3, "ph": "X", "tid": 0, "pid": 0, "step": 0, "cat": "POSIX", "name": "fprintf", "args": {"stream": "0x7f40696066e0"}, "pathname": "stdout", "return": 57},
{"ts": 1646628190697928, "dur": 3, "ph": "X", "tid": 0, "pid": 0, "step": 0, "cat": "POSIX", "name": "fprintf", "args": {"stream": "0x7f40696066e0"}, "pathname": "stdout", "return": 443},
{"ts": 1646628190697932, "dur": 2, "ph": "X", "tid": 0, "pid": 0, "step": 0, "cat": "POSIX", "name": "fprintf", "args": {"stream": "0x7f40696066e0"}, "pathname": "stdout", "return": 241},
{"ts": 1646628190697935, "dur": 3, "ph": "X", "tid": 0, "pid": 0, "step": 0, "cat": "POSIX", "name": "fprintf", "args": {"stream": "0x7f40696066e0"}, "pathname": "stdout", "return": 15},
{"ts": 1646628190697939, "dur": 3, "ph": "X", "tid": 0, "pid": 0, "step": 0, "cat": "POSIX", "name": "fprintf", "args": {"stream": "0x7f40696066e0"}, "pathname": "stdout", "return": 35},
{"ts": 1646628190697943, "dur": 3, "ph": "X", "tid": 0, "pid": 0, "step": 0, "cat": "POSIX", "name": "fprintf", "args": {"stream": "0x7f40696066e0"}, "pathname": "stdout", "return": 11},
{"ts": 1646628190697947, "dur": 2, "ph": "X", "tid": 0, "pid": 0, "step": 0, "cat": "POSIX", "name": "fprintf", "args": {"stream": "0x7f40696066e0"}, "pathname": "stdout", "return": 25},
{"ts": 1646628190697950, "dur": 3, "ph": "X", "tid": 0, "pid": 0, "step": 0, "cat": "POSIX", "name": "fprintf", "args": {"stream": "0x7f40696066e0"}, "pathname": "stdout", "return": 18},
{"ts": 1646628190697954, "dur": 2, "ph": "X", "tid": 0, "pid": 0, "step": 0, "cat": "POSIX", "name": "fprintf", "args": {"stream": "0x7f40696066e0"}, "pathname": "stdout", "return": 39},
{"ts": 1646628190697957, "dur": 3, "ph": "X", "tid": 0, "pid": 0, "step": 0, "cat": "POSIX", "name": "fprintf", "args": {"stream": "0x7f40696066e0"}, "pathname": "stdout", "return": 54},
{"ts": 1646628190697961, "dur": 3, "ph": "X", "tid": 0, "pid": 0, "step": 0, "cat": "POSIX", "name": "fprintf", "args": {"stream": "0x7f40696066e0"}, "pathname": "stdout", "return": 266},
{"ts": 1646628190697965, "dur": 3, "ph": "X", "tid": 0, "pid": 0, "step": 0, "cat": "POSIX", "name": "fprintf", "args": {"stream": "0x7f40696066e0"}, "pathname": "stdout", "return": 113},
{"ts": 1646628190697969, "dur": 2, "ph": "X", "tid": 0, "pid": 0, "step": 0, "cat": "POSIX", "name": "fprintf", "args": {"stream": "0x7f40696066e0"}, "pathname": "stdout", "return": 15},
{"ts": 1646628190697972, "dur": 3, "ph": "X", "tid": 0, "pid": 0, "step": 0, "cat": "POSIX", "name": "fprintf", "args": {"stream": "0x7f40696066e0"}, "pathname": "stdout", "return": 19},
{"ts": 1646628190697976, "dur": 3, "ph": "X", "tid": 0, "pid": 0, "step": 0, "cat": "POSIX", "name": "fprintf", "args": {"stream": "0x7f40696066e0"}, "pathname": "stdout", "return": 255},
{"ts": 1646628190697980, "dur": 2, "ph": "X", "tid": 0, "pid": 0, "step": 0, "cat": "POSIX", "name": "fprintf", "args": {"stream": "0x7f40696066e0"}, "pathname": "stdout", "return": 34},
{"ts": 1646628190697983, "dur": 3, "ph": "X", "tid": 0, "pid": 0, "step": 0, "cat": "POSIX", "name": "fprintf", "args": {"stream": "0x7f40696066e0"}, "pathname": "stdout", "return": 352},
{"ts": 1646628190697987, "dur": 3, "ph": "X", "tid": 0, "pid": 0, "step": 0, "cat": "POSIX", "name": "fprintf", "args": {"stream": "0x7f40696066e0"}, "pathname": "stdout", "return": 155},
{"ts": 1646628190697991, "dur": 3, "ph": "X", "tid": 0, "pid": 0, "step": 0, "cat": "POSIX", "name": "fprintf", "args": {"stream": "0x7f40696066e0"}, "pathname": "stdout", "return": 41},
{"ts": 1646628190697995, "dur": 2, "ph": "X", "tid": 0, "pid": 0, "step": 0, "cat": "POSIX", "name": "fprintf", "args": {"stream": "0x7f40696066e0"}, "pathname": "stdout", "return": 58},
{"ts": 1646628190697998, "dur": 3, "ph": "X", "tid": 0, "pid": 0, "step": 0, "cat": "POSIX", "name": "fprintf", "args": {"stream": "0x7f40696066e0"}, "pathname": "stdout", "return": 25},
{"ts": 1646628190698002, "dur": 3, "ph": "X", "tid": 0, "pid": 0, "step": 0, "cat": "POSIX", "name": "fprintf", "args": {"stream": "0x7f40696066e0"}, "pathname": "stdout", "return": 81},
{"ts": 1646628190698006, "dur": 2, "ph": "X", "tid": 0, "pid": 0, "step": 0, "cat": "POSIX", "name": "fprintf", "args": {"stream": "0x7f40696066e0"}, "pathname": "stdout", "return": 530},
{"ts": 1646628190698009, "dur": 3, "ph": "X", "tid": 0, "pid": 0, "step": 0, "cat": "POSIX", "name": "fprintf", "args": {"stream": "0x7f40696066e0"}, "pathname": "stdout", "return": 23},
{"ts": 1646628190698013, "dur": 3, "ph": "X", "tid": 0, "pid": 0, "step": 0, "cat": "POSIX", "name": "fprintf", "args": {"stream": "0x7f40696066e0"}, "pathname": "stdout", "return": 14},
{"ts": 1646628190698017, "dur": 2, "ph": "X", "tid": 0, "pid": 0, "step": 0, "cat": "POSIX", "name": "fprintf", "args": {"stream": "0x7f40696066e0"}, "pathname": "stdout", "return": 47},
{"ts": 1646628190699204, "dur": 3, "ph": "X", "tid": 0, "pid": 0, "step": 0, "cat": "POSIX", "name": "fprintf", "args": {"stream": "0x7f40696066e0"}, "pathname": "stdout", "return": 124},
{"ts": 1646628190699209, "dur": 2, "ph": "X", "tid": 0, "pid": 0, "step": 0, "cat": "POSIX", "name": "fprintf", "args": {"stream": "0x7f40696066e0"}, "pathname": "stdout", "return": 20},
{"ts": 1646628190699212, "dur": 2, "ph": "X", "tid": 0, "pid": 0, "step": 0, "cat": "POSIX", "name": "fprintf", "args": {"stream": "0x7f40696066e0"}, "pathname": "stdout", "return": 10},
{"ts": 1646628190699215, "dur": 2, "ph": "X", "tid": 0, "pid": 0, "step": 0, "cat": "POSIX", "name": "fprintf", "args": {"stream": "0x7f40696066e0"}, "pathname": "stdout", "return": 15},
{"ts": 1646628190699218, "dur": 2, "ph": "X", "tid": 0, "pid": 0, "step": 0, "cat": "POSIX", "name": "fprintf", "args": {"stream": "0x7f40696066e0"}, "pathname": "stdout", "return": 39},
{"ts": 1646628190699221, "dur": 6, "ph": "X", "tid": 0, "pid": 0, "step": 0, "cat": "POSIX", "name": "fprintf", "args": {"stream": "0x7f40696066e0"}, "pathname": "stdout", "return": 61},
{"ts": 1646628190699228, "dur": 2, "ph": "X", "tid": 0, "pid": 0, "step": 0, "cat": "POSIX", "name": "fprintf", "args": {"stream": "0x7f40696066e0"}, "pathname": "stdout", "return": 39},
{"ts": 1646628190699231, "dur": 2, "ph": "X", "tid": 0, "pid": 0, "step": 0, "cat": "POSIX", "name": "fprintf", "args": {"stream": "0x7f40696066e0"}, "pathname": "stdout", "return": 28},
{"ts": 1646628190699234, "dur": 2, "ph": "X", "tid": 0, "pid": 0, "step": 0, "cat": "POSIX", "name": "fprintf", "args": {"stream": "0x7f40696066e0"}, "pathname": "stdout", "return": 124},
{"ts": 1646628190699237, "dur": 3, "ph": "X", "tid": 0, "pid": 0, "step": 0, "cat": "POSIX", "name": "fprintf", "args": {"stream": "0x7f40696066e0"}, "pathname": "stdout", "return": 12},
{"ts": 1646628190699241, "dur": 3, "ph": "X", "tid": 0, "pid": 0, "step": 0, "cat": "POSIX", "name": "fprintf", "args": {"stream": "0x7f40696066e0"}, "pathname": "stdout", "return": 356},
{"ts": 1646628190699245, "dur": 3, "ph": "X", "tid": 0, "pid": 0, "step": 0, "cat": "POSIX", "name": "fprintf", "args": {"stream": "0x7f40696066e0"}, "pathname": "stdout", "return": 121},
{"ts": 1646628190699249, "dur": 2, "ph": "X", "tid": 0, "pid": 0, "step": 0, "cat": "POSIX", "name": "fprintf", "args": {"stream": "0x7f40696066e0"}, "pathname": "stdout", "return": 30},
{"ts": 1646628190699252, "dur": 3, "ph": "X", "tid": 0, "pid": 0, "step": 0, "cat": "POSIX", "name": "fprintf", "args": {"stream": "0x7f40696066e0"}, "pathname": "stdout", "return": 49},
{"ts": 1646628190699256, "dur": 3, "ph": "X", "tid": 0, "pid": 0, "step": 0, "cat": "POSIX", "name": "fprintf", "args": {"stream": "0x7f40696066e0"}, "pathname": "stdout", "return": 35},
{"ts": 1646628190699260, "dur": 2, "ph": "X", "tid": 0, "pid": 0, "step": 0, "cat": "POSIX", "name": "fprintf", "args": {"stream": "0x7f40696066e0"}, "pathname": "stdout", "return": 28},
{"ts": 1646628190699263, "dur": 3, "ph": "X", "tid": 0, "pid": 0, "step": 0, "cat": "POSIX", "name": "fprintf", "args": {"stream": "0x7f40696066e0"}, "pathname": "stdout", "return": 20},
{"ts": 1646628190699267, "dur": 3, "ph": "X", "tid": 0, "pid": 0, "step": 0, "cat": "POSIX", "name": "fprintf", "args": {"stream": "0x7f40696066e0"}, "pathname": "stdout", "return": 10},
{"ts": 1646628190699271, "dur": 2, "ph": "X", "tid": 0, "pid": 0, "step": 0, "cat": "POSIX", "name": "fprintf", "args": {"stream": "0x7f40696066e0"}, "pathname": "stdout", "return": 25},
{"ts": 1646628190699274, "dur": 3, "ph": "X", "tid": 0, "pid": 0, "step": 0, "cat": "POSIX", "name": "fprintf", "args": {"stream": "0x7f40696066e0"}, "pathname": "stdout", "return": 102},
{"ts": 1646628190699278, "dur": 2, "ph": "X", "tid": 0, "pid": 0, "step": 0, "cat": "POSIX", "name": "fprintf", "args": {"stream": "0x7f40696066e0"}, "pathname": "stdout", "return": 228},
{"ts": 1646628190699281, "dur": 2, "ph": "X", "tid": 0, "pid": 0, "step": 0, "cat": "POSIX", "name": "fprintf", "args": {"stream": "0x7f40696066e0"}, "pathname": "stdout", "return": 24},
{"ts": 1646628190699285, "dur": 2, "ph": "X", "tid": 0, "pid": 0, "step": 0, "cat": "POSIX", "name": "fprintf", "args": {"stream": "0x7f40696066e0"}, "pathname": "stdout", "return": 34},
{"ts": 1646628190699288, "dur": 2, "ph": "X", "tid": 0, "pid": 0, "step": 0, "cat": "POSIX", "name": "fprintf", "args": {"stream": "0x7f40696066e0"}, "pathname": "stdout", "return": 20},
{"ts": 1646628190699291, "dur": 2, "ph": "X", "tid": 0, "pid": 0, "step": 0, "cat": "POSIX", "name": "fprintf", "args": {"stream": "0x7f40696066e0"}, "pathname": "stdout", "return": 35},
{"ts": 1646628190699294, "dur": 2, "ph": "X", "tid": 0, "pid": 0, "step": 0, "cat": "POSIX", "name": "fprintf", "args": {"stream": "0x7f40696066e0"}, "pathname": "stdout", "return": 15},
{"ts": 1646628190699297, "dur": 2, "ph": "X", "tid": 0, "pid": 0, "step": 0, "cat": "POSIX", "name": "fprintf", "args": {"stream": "0x7f40696066e0"}, "pathname": "stdout", "return": 25},
{"ts": 1646628190699300, "dur": 3, "ph": "X", "tid": 0, "pid": 0, "step": 0, "cat": "POSIX", "name": "fprintf", "args": {"stream": "0x7f40696066e0"}, "pathname": "stdout", "return": 84},
{"ts": 1646628190699304, "dur": 3, "ph": "X", "tid": 0, "pid": 0, "step": 0, "cat": "POSIX", "name": "fprintf", "args": {"stream": "0x7f40696066e0"}, "pathname": "stdout", "return": 17},
{"ts": 1646628190699308, "dur": 2, "ph": "X", "tid": 0, "pid": 0, "step": 0, "cat": "POSIX", "name": "fprintf", "args": {"stream": "0x7f40696066e0"}, "pathname": "stdout", "return": 42},
{"ts": 1646628190699311, "dur": 3, "ph": "X", "tid": 0, "pid": 0, "step": 0, "cat": "POSIX", "name": "fprintf", "args": {"stream": "0x7f40696066e0"}, "pathname": "stdout", "return": 27},
{"ts": 1646628190699315, "dur": 2, "ph": "X", "tid": 0, "pid": 0, "step": 0, "cat": "POSIX", "name": "fprintf", "args": {"stream": "0x7f40696066e0"}, "pathname": "stdout", "return": 41},
{"ts": 1646628190699318, "dur": 3, "ph": "X", "tid": 0, "pid": 0, "step": 0, "cat": "POSIX", "name": "fprintf", "args": {"stream": "0x7f40696066e0"}, "pathname": "stdout", "return": 31},
{"ts": 1646628190699322, "dur": 2, "ph": "X", "tid": 0, "pid": 0, "step": 0, "cat": "POSIX", "name": "fprintf", "args": {"stream": "0x7f40696066e0"}, "pathname": "stdout", "return": 14},
{"ts": 1646628190699325, "dur": 2, "ph": "X", "tid": 0, "pid": 0, "step": 0, "cat": "POSIX", "name": "fprintf", "args": {"stream": "0x7f40696066e0"}, "pathname": "stdout", "return": 29},
{"ts": 1646628190699328, "dur": 3, "ph": "X", "tid": 0, "pid": 0, "step": 0, "cat": "POSIX", "name": "fprintf", "args": {"stream": "0x7f40696066e0"}, "pathname": "stdout", "return": 42},
{"ts": 1646628190699332, "dur": 3, "ph": "X", "tid": 0, "pid": 0, "step": 0, "cat": "POSIX", "name": "fprintf", "args": {"stream": "0x7f40696066e0"}, "pathname": "stdout", "return": 24},
{"ts": 1646628190699336, "dur": 2, "ph": "X", "tid": 0, "pid": 0, "step": 0, "cat": "POSIX", "name": "fprintf", "args": {"stream": "0x7f40696066e0"}, "pathname": "stdout", "return": 54},
{"ts": 1646628190699339, "dur": 2, "ph": "X", "tid": 0, "pid": 0, "step": 0, "cat": "POSIX", "name": "fprintf", "args": {"stream": "0x7f40696066e0"}, "pathname": "stdout", "return": 26},
{"ts": 1646628190699342, "dur": 3, "ph": "X", "tid": 0, "pid": 0, "step": 0, "cat": "POSIX", "name": "fprintf", "args": {"stream": "0x7f40696066e0"}, "pathname": "stdout", "return": 41},
{"ts": 1646628190699346, "dur": 3, "ph": "X", "tid": 0, "pid": 0, "step": 0, "cat": "POSIX", "name": "fprintf", "args": {"stream": "0x7f40696066e0"}, "pathname": "stdout", "return": 78},
{"ts": 1646628190699350, "dur": 2, "ph": "X", "tid": 0, "pid": 0, "step": 0, "cat": "POSIX", "name": "fprintf", "args": {"stream": "0x7f40696066e0"}, "pathname": "stdout", "return": 252},
{"ts": 1646628190699353, "dur": 3, "ph": "X", "tid": 0, "pid": 0, "step": 0, "cat": "POSIX", "name": "fprintf", "args": {"stream": "0x7f40696066e0"}, "pathname": "stdout", "return": 29},
{"ts": 1646628190699357, "dur": 3, "ph": "X", "tid": 0, "pid": 0, "step": 0, "cat": "POSIX", "name": "fprintf", "args": {"stream": "0x7f40696066e0"}, "pathname": "stdout", "return": 19},
{"ts": 1646628190699369, "dur": 2, "ph": "X", "tid": 0, "pid": 0, "step": 0, "cat": "POSIX", "name": "fprintf", "args": {"stream": "0x7f40696066e0"}, "pathname": "stdout", "return": 34},
{"ts": 1646628190699372, "dur": 2, "ph": "X", "tid": 0, "pid": 0, "step": 0, "cat": "POSIX", "name": "fprintf", "args": {"stream": "0x7f40696066e0"}, "pathname": "stdout", "return": 26},
{"ts": 1646628190699376, "dur": 2, "ph": "X", "tid": 0, "pid": 0, "step": 0, "cat": "POSIX", "name": "fprintf", "args": {"stream": "0x7f40696066e0"}, "pathname": "stdout", "return": 12},
{"ts": 1646628190699379, "dur": 2, "ph": "X", "tid": 0, "pid": 0, "step": 0, "cat": "POSIX", "name": "fprintf", "args": {"stream": "0x7f40696066e0"}, "pathname": "stdout", "return": 231},
{"ts": 1646628190699382, "dur": 2, "ph": "X", "tid": 0, "pid": 0, "step": 0, "cat": "POSIX", "name": "fprintf", "args": {"stream": "0x7f40696066e0"}, "pathname": "stdout", "return": 249},
{"ts": 1646628190699385, "dur": 3, "ph": "X", "tid": 0, "pid": 0, "step": 0, "cat": "POSIX", "name": "fprintf", "args": {"stream": "0x7f40696066e0"}, "pathname": "stdout", "return": 15},
{"ts": 1646628190699389, "dur": 2, "ph": "X", "tid": 0, "pid": 0, "step": 0, "cat": "POSIX", "name": "fprintf", "args": {"stream": "0x7f40696066e0"}, "pathname": "stdout", "return": 19},
{"ts": 1646628190699392, "dur": 3, "ph": "X", "tid": 0, "pid": 0, "step": 0, "cat": "POSIX", "name": "fprintf", "args": {"stream": "0x7f40696066e0"}, "pathname": "stdout", "return": 530},
{"ts": 1646628190699396, "dur": 2, "ph": "X", "tid": 0, "pid": 0, "step": 0, "cat": "POSIX", "name": "fprintf", "args": {"stream": "0x7f40696066e0"}, "pathname": "stdout", "return": 33},
{"ts": 1646628190699400, "dur": 2, "ph": "X", "tid": 0, "pid": 0, "step": 0, "cat": "POSIX", "name": "fprintf", "args": {"stream": "0x7f40696066e0"}, "pathname": "stdout", "return": 92},
{"ts": 1646628190699403, "dur": 2, "ph": "X", "tid": 0, "pid": 0, "step": 0, "cat": "POSIX", "name": "fprintf", "args": {"stream": "0x7f40696066e0"}, "pathname": "stdout", "return": 110},
{"ts": 1646628190699406, "dur": 2, "ph": "X", "tid": 0, "pid": 0, "step": 0, "cat": "POSIX", "name": "fprintf", "args": {"stream": "0x7f40696066e0"}, "pathname": "stdout", "return": 356},
{"ts": 1646628190699409, "dur": 5, "ph": "X", "tid": 0, "pid": 0, "step": 0, "cat": "POSIX", "name": "fprintf", "args": {"stream": "0x7f40696066e0"}, "pathname": "stdout", "return": 530},
{"ts": 1646628190699415, "dur": 2, "ph": "X", "tid": 0, "pid": 0, "step": 0, "cat": "POSIX", "name": "fprintf", "args": {"stream": "0x7f40696066e0"}, "pathname": "stdout", "return": 26},
{"ts": 1646628190699418, "dur": 3, "ph": "X", "tid": 0, "pid": 0, "step": 0, "cat": "POSIX", "name": "fprintf", "args": {"stream": "0x7f40696066e0"}, "pathname": "stdout", "return": 122},
{"ts": 1646628190699422, "dur": 3, "ph": "X", "tid": 0, "pid": 0, "step": 0, "cat": "POSIX", "name": "fprintf", "args": {"stream": "0x7f40696066e0"}, "pathname": "stdout", "return": 25},
{"ts": 1646628190699426, "dur": 3, "ph": "X", "tid": 0, "pid": 0, "step": 0, "cat": "POSIX", "name": "fprintf", "args": {"stream": "0x7f40696066e0"}, "pathname": "stdout", "return": 21},
{"ts": 1646628190699430, "dur": 3, "ph": "X", "tid": 0, "pid": 0, "step": 0, "cat": "POSIX", "name": "fprintf", "args": {"stream": "0x7f40696066e0"}, "pathname": "stdout", "return": 33},
{"ts": 1646628190699434, "dur": 2, "ph": "X", "tid": 0, "pid": 0, "step": 0, "cat": "POSIX", "name": "fprintf", "args": {"stream": "0x7f40696066e0"}, "pathname": "stdout", "return": 20},
{"ts": 1646628190699437, "dur": 3, "ph": "X", "tid": 0, "pid": 0, "step": 0, "cat": "POSIX", "name": "fprintf", "args": {"stream": "0x7f40696066e0"}, "pathname": "stdout", "return": 26},
{"ts": 1646628190699441, "dur": 2, "ph": "X", "tid": 0, "pid": 0, "step": 0, "cat": "POSIX", "name": "fprintf", "args": {"stream": "0x7f40696066e0"}, "pathname": "stdout", "return": 43},
{"ts": 1646628190699444, "dur": 3, "ph": "X", "tid": 0, "pid": 0, "step": 0, "cat": "POSIX", "name": "fprintf", "args": {"stream": "0x7f40696066e0"}, "pathname": "stdout", "return": 34},
{"ts": 1646628190699448, "dur": 3, "ph": "X", "tid": 0, "pid": 0, "step": 0, "cat": "POSIX", "name": "fprintf", "args": {"stream": "0x7f40696066e0"}, "pathname": "stdout", "return": 22},
{"ts": 1646628190699452, "dur": 2, "ph": "X", "tid": 0, "pid": 0, "step": 0, "cat": "POSIX", "name": "fprintf", "args": {"stream": "0x7f40696066e0"}, "pathname": "stdout", "return": 33},
{"ts": 1646628190699455, "dur": 3, "ph": "X", "tid": 0, "pid": 0, "step": 0, "cat": "POSIX", "name": "fprintf", "args": {"stream": "0x7f40696066e0"}, "pathname": "stdout", "return": 22},
{"ts": 1646628190699459, "dur": 3, "ph": "X", "tid": 0, "pid": 0, "step": 0, "cat": "POSIX", "name": "fprintf", "args": {"stream": "0x7f40696066e0"}, "pathname": "stdout", "return": 25},
{"ts": 1646628190699463, "dur": 2, "ph": "X", "tid": 0, "pid": 0, "step": 0, "cat": "POSIX", "name": "fprintf", "args": {"stream": "0x7f40696066e0"}, "pathname": "stdout", "return": 35},
{"ts": 1646628190699466, "dur": 3, "ph": "X", "tid": 0, "pid": 0, "step": 0, "cat": "POSIX", "name": "fprintf", "args": {"stream": "0x7f40696066e0"}, "pathname": "stdout", "return": 35},
{"ts": 1646628190699470, "dur": 3, "ph": "X", "tid": 0, "pid": 0, "step": 0, "cat": "POSIX", "name": "fprintf", "args": {"stream": "0x7f40696066e0"}, "pathname": "stdout", "return": 35},
{"ts": 1646628190699474, "dur": 2, "ph": "X", "tid": 0, "pid": 0, "step": 0, "cat": "POSIX", "name": "fprintf", "args": {"stream": "0x7f40696066e0"}, "pathname": "stdout", "return": 20},
{"ts": 1646628190699477, "dur": 3, "ph": "X", "tid": 0, "pid": 0, "step": 0, "cat": "POSIX", "name": "fprintf", "args": {"stream": "0x7f40696066e0"}, "pathname": "stdout", "return": 16},
{"ts": 1646628190699481, "dur": 2, "ph": "X", "tid": 0, "pid": 0, "step": 0, "cat": "POSIX", "name": "fprintf", "args": {"stream": "0x7f40696066e0"}, "pathname": "stdout", "return": 49},
{"ts": 1646628190699484, "dur": 3, "ph": "X", "tid": 0, "pid": 0, "step": 0, "cat": "POSIX", "name": "fprintf", "args": {"stream": "0x7f40696066e0"}, "pathname": "stdout", "return": 119},
{"ts": 1646628190699488, "dur": 3, "ph": "X", "tid": 0, "pid": 0, "step": 0, "cat": "POSIX", "name": "fprintf", "args": {"stream": "0x7f40696066e0"}, "pathname": "stdout", "return": 52},
{"ts": 1646628190699492, "dur": 2, "ph": "X", "tid": 0, "pid": 0, "step": 0, "cat": "POSIX", "name": "fprintf", "args": {"stream": "0x7f40696066e0"}, "pathname": "stdout", "return": 19},
{"ts": 1646628190699495, "dur": 3, "ph": "X", "tid": 0, "pid": 0, "step": 0, "cat": "POSIX", "name": "fprintf", "args": {"stream": "0x7f40696066e0"}, "pathname": "stdout", "return": 19},
{"ts": 1646628190699499, "dur": 3, "ph": "X", "tid": 0, "pid": 0, "step": 0, "cat": "POSIX", "name": "fprintf", "args": {"stream": "0x7f40696066e0"}, "pathname": "stdout", "return": 26},
{"ts": 1646628190699503, "dur": 2, "ph": "X", "tid": 0, "pid": 0, "step": 0, "cat": "POSIX", "name": "fprintf", "args": {"stream": "0x7f40696066e0"}, "pathname": "stdout", "return": 25},
{"ts": 1646628190699506, "dur": 3, "ph": "X", "tid": 0, "pid": 0, "step": 0, "cat": "POSIX", "name": "fprintf", "args": {"stream": "0x7f40696066e0"}, "pathname": "stdout", "return": 31},
{"ts": 1646628190699510, "dur": 3, "ph": "X", "tid": 0, "pid": 0, "step": 0, "cat": "POSIX", "name": "fprintf", "args": {"stream": "0x7f40696066e0"}, "pathname": "stdout", "return": 25},
{"ts": 1646628190699514, "dur": 2, "ph": "X", "tid": 0, "pid": 0, "step": 0, "cat": "POSIX", "name": "fprintf", "args": {"stream": "0x7f40696066e0"}, "pathname": "stdout", "return": 34},
{"ts": 1646628190699517, "dur": 3, "ph": "X", "tid": 0, "pid": 0, "step": 0, "cat": "POSIX", "name": "fprintf", "args": {"stream": "0x7f40696066e0"}, "pathname": "stdout", "return": 20},
{"ts": 1646628190699521, "dur": 3, "ph": "X", "tid": 0, "pid": 0, "step": 0, "cat": "POSIX", "name": "fprintf", "args": {"stream": "0x7f40696066e0"}, "pathname": "stdout", "return": 19},
{"ts": 1646628190699525, "dur": 2, "ph": "X", "tid": 0, "pid": 0, "step": 0, "cat": "POSIX", "name": "fprintf", "args": {"stream": "0x7f40696066e0"}, "pathname": "stdout", "return": 15},
{"ts": 1646628190699536, "dur": 2, "ph": "X", "tid": 0, "pid": 0, "step": 0, "cat": "POSIX", "name": "fprintf", "args": {"stream": "0x7f40696066e0"}, "pathname": "stdout", "return": 62},
{"ts": 1646628190699539, "dur": 2, "ph": "X", "tid": 0, "pid": 0, "step": 0, "cat": "POSIX", "name": "fprintf", "args": {"stream": "0x7f40696066e0"}, "pathname": "stdout", "return": 44},
{"ts": 1646628190699542, "dur": 3, "ph": "X", "tid": 0, "pid": 0, "step": 0, "cat": "POSIX", "name": "fprintf", "args": {"stream": "0x7f40696066e0"}, "pathname": "stdout", "return": 8},
{"ts": 1646628190699546, "dur": 2, "ph": "X", "tid": 0, "pid": 0, "step": 0, "cat": "POSIX", "name": "fprintf", "args": {"stream": "0x7f40696066e0"}, "pathname": "stdout", "return": 41},
{"ts": 1646628190699549, "dur": 3, "ph": "X", "tid": 0, "pid": 0, "step": 0, "cat": "POSIX", "name": "fprintf", "args": {"stream": "0x7f40696066e0"}, "pathname": "stdout", "return": 94},
{"ts": 1646628190699553, "dur": 3, "ph": "X", "tid": 0, "pid": 0, "step": 0, "cat": "POSIX", "name": "fprintf", "args": {"stream": "0x7f40696066e0"}, "pathname": "stdout", "return": 124},
{"ts": 1646628190699557, "dur": 2, "ph": "X", "tid": 0, "pid": 0, "step": 0, "cat": "POSIX", "name": "fprintf", "args": {"stream": "0x7f40696066e0"}, "pathname": "stdout", "return": 25},
{"ts": 1646628190699560, "dur": 3, "ph": "X", "tid": 0, "pid": 0, "step": 0, "cat": "POSIX", "name": "fprintf", "args": {"stream": "0x7f40696066e0"}, "pathname": "stdout", "return": 32},
{"ts": 1646628190699564, "dur": 3, "ph": "X", "tid": 0, "pid": 0, "step": 0, "cat": "POSIX", "name": "fprintf", "args": {"stream": "0x7f40696066e0"}, "pathname": "stdout", "return": 326},
{"ts": 1646628190699568, "dur": 2, "ph": "X", "tid": 0, "pid": 0, "step": 0, "cat": "POSIX", "name": "fprintf", "args": {"stream": "0x7f40696066e0"}, "pathname": "stdout", "return": 14},
{"ts": 1646628190699571, "dur": 3, "ph": "X", "tid": 0, "pid": 0, "step": 0, "cat": "POSIX", "name": "fprintf", "args": {"stream": "0x7f40696066e0"}, "pathname": "stdout", "return": 29},
{"ts": 1646628190699575, "dur": 3, "ph": "X", "tid": 0, "pid": 0, "step": 0, "cat": "POSIX", "name": "fprintf", "args": {"stream": "0x7f40696066e0"}, "pathname": "stdout", "return": 78},
{"ts": 1646628190699579, "dur": 2, "ph": "X", "tid": 0, "pid": 0, "step": 0, "cat": "POSIX", "name": "fprintf", "args": {"stream": "0x7f40696066e0"}, "pathname": "stdout", "return": 30},
{"ts": 1646628190699582, "dur": 3, "ph": "X", "tid": 0, "pid": 0, "step": 0, "cat": "POSIX", "name": "fprintf", "args": {"stream": "0x7f40696066e0"}, "pathname": "stdout", "return": 327},
{"ts": 1646628190699586, "dur": 3, "ph": "X", "tid": 0, "pid": 0, "step": 0, "cat": "POSIX", "name": "fprintf", "args": {"stream": "0x7f40696066e0"}, "pathname": "stdout", "return": 20},
{"ts": 1646628190699590, "dur": 2, "ph": "X", "tid": 0, "pid": 0, "step": 0, "cat": "POSIX", "name": "fprintf", "args": {"stream": "0x7f40696066e0"}, "pathname": "stdout", "return": 31},
{"ts": 1646628190699593, "dur": 3, "ph": "X", "tid": 0, "pid": 0, "step": 0, "cat": "POSIX", "name": "fprintf", "args": {"stream": "0x7f40696066e0"}, "pathname": "stdout", "return": 13},
{"ts": 1646628190699597, "dur": 3, "ph": "X", "tid": 0, "pid": 0, "step": 0, "cat": "POSIX", "name": "fprintf", "args": {"stream": "0x7f40696066e0"}, "pathname": "stdout", "return": 54},
{"ts": 1646628190699601, "dur": 2, "ph": "X", "tid": 0, "pid": 0, "step": 0, "cat": "POSIX", "name": "fprintf", "args": {"stream": "0x7f40696066e0"}, "pathname": "stdout", "return": 38},
{"ts": 1646628190699604, "dur": 3, "ph": "X", "tid": 0, "pid": 0, "step": 0, "cat": "POSIX", "name": "fprintf", "args": {"stream": "0x7f40696066e0"}, "pathname": "stdout", "return": 31},
{"ts": 1646628190699608, "dur": 3, "ph": "X", "tid": 0, "pid": 0, "step": 0, "cat": "POSIX", "name": "fprintf", "args": {"stream": "0x7f40696066e0"}, "pathname": "stdout", "return": 245},
{"ts": 1646628190699612, "dur": 2, "ph": "X", "tid": 0, "pid": 0, "step": 0, "cat": "POSIX", "name": "fprintf", "args": {"stream": "0x7f40696066e0"}, "pathname": "stdout", "return": 43},
{"ts": 1646628190699615, "dur": 3, "ph": "X", "tid": 0, "pid": 0, "step": 0, "cat": "POSIX", "name": "fprintf", "args": {"stream": "0x7f40696066e0"}, "pathname": "stdout", "return": 15},
{"ts": 1646628190699619, "dur": 3, "ph": "X", "tid": 0, "pid": 0, "step": 0, "cat": "POSIX", "name": "fprintf", "args": {"stream": "0x7f40696066e0"}, "pathname": "stdout", "return": 38},
{"ts": 1646628190699623, "dur": 3, "ph": "X", "tid": 0, "pid": 0, "step": 0, "cat": "POSIX", "name": "fprintf", "args": {"stream": "0x7f40696066e0"}, "pathname": "stdout", "return": 57},
{"ts": 1646628190699627, "dur": 2, "ph": "X", "tid": 0, "pid": 0, "step": 0, "cat": "POSIX", "name": "fprintf", "args": {"stream": "0x7f40696066e0"}, "pathname": "stdout", "return": 22},
{"ts": 1646628190699630, "dur": 3, "ph": "X", "tid": 0, "pid": 0, "step": 0, "cat": "POSIX", "name": "fprintf", "args": {"stream": "0x7f40696066e0"}, "pathname": "stdout", "return": 655},
{"ts": 1646628190699634, "dur": 3, "ph": "X", "tid": 0, "pid": 0, "step": 0, "cat": "POSIX", "name": "fprintf", "args": {"stream": "0x7f40696066e0"}, "pathname": "stdout", "return": 20},
{"ts": 1646628190699638, "dur": 4, "ph": "X", "tid": 0, "pid": 0, "step": 0, "cat": "POSIX", "name": "fprintf", "args": {"stream": "0x7f40696066e0"}, "pathname": "stdout", "return": 414},
{"ts": 1646628190699644, "dur": 2, "ph": "X", "tid": 0, "pid": 0, "step": 0, "cat": "POSIX", "name": "fprintf", "args": {"stream": "0x7f40696066e0"}, "pathname": "stdout", "return": 30},
{"ts": 1646628190699647, "dur": 2, "ph": "X", "tid": 0, "pid": 0, "step": 0, "cat": "POSIX", "name": "fprintf", "args": {"stream": "0x7f40696066e0"}, "pathname": "stdout", "return": 25},
{"ts": 1646628190699650, "dur": 2, "ph": "X", "tid": 0, "pid": 0, "step": 0, "cat": "POSIX", "name": "fprintf", "args": {"stream": "0x7f40696066e0"}, "pathname": "stdout", "return": 23},
{"ts": 1646628190699653, "dur": 2, "ph": "X", "tid": 0, "pid": 0, "step": 0, "cat": "POSIX", "name": "fprintf", "args": {"stream": "0x7f40696066e0"}, "pathname": "stdout", "return": 34},
{"ts": 1646628190699656, "dur": 2, "ph": "X", "tid": 0, "pid": 0, "step": 0, "cat": "POSIX", "name": "fprintf", "args": {"stream": "0x7f40696066e0"}, "pathname": "stdout", "return": 136},
{"ts": 1646628190699659, "dur": 3, "ph": "X", "tid": 0, "pid": 0, "step": 0, "cat": "POSIX", "name": "fprintf", "args": {"stream": "0x7f40696066e0"}, "pathname": "stdout", "return": 29},
{"ts": 1646628190699663, "dur": 3, "ph": "X", "tid": 0, "pid": 0, "step": 0, "cat": "POSIX", "name": "fprintf", "args": {"stream": "0x7f40696066e0"}, "pathname": "stdout", "return": 14},
{"ts": 1646628190699667, "dur": 3, "ph": "X", "tid": 0, "pid": 0, "step": 0, "cat": "POSIX", "name": "fprintf", "args": {"stream": "0x7f40696066e0"}, "pathname": "stdout", "return": 40},
{"ts": 1646628190699671, "dur": 2, "ph": "X", "tid": 0, "pid": 0, "step": 0, "cat": "POSIX", "name": "fprintf", "args": {"stream": "0x7f40696066e0"}, "pathname": "stdout", "return": 31},
{"ts": 1646628190699674, "dur": 3, "ph": "X", "tid": 0, "pid": 0, "step": 0, "cat": "POSIX", "name": "fprintf", "args": {"stream": "0x7f40696066e0"}, "pathname": "stdout", "return": 23},
{"ts": 1646628190699678, "dur": 3, "ph": "X", "tid": 0, "pid": 0, "step": 0, "cat": "POSIX", "name": "fprintf", "args": {"stream": "0x7f40696066e0"}, "pathname": "stdout", "return": 124},
{"ts": 1646628190699682, "dur": 3, "ph": "X", "tid": 0, "pid": 0, "step": 0, "cat": "POSIX", "name": "fprintf", "args": {"stream": "0x7f40696066e0"}, "pathname": "stdout", "return": 11},
{"ts": 1646628190699686, "dur": 3, "ph": "X", "tid": 0, "pid": 0, "step": 0, "cat": "POSIX", "name": "fprintf", "args": {"stream": "0x7f40696066e0"}, "pathname": "stdout", "return": 410},
{"ts": 1646628190699690, "dur": 2, "ph": "X", "tid": 0, "pid": 0, "step": 0, "cat": "POSIX", "name": "fprintf", "args": {"stream": "0x7f40696066e0"}, "pathname": "stdout", "return": 44},
{"ts": 1646628190699693, "dur": 3, "ph": "X", "tid": 0, "pid": 0, "step": 0, "cat": "POSIX", "name": "fprintf", "args": {"stream": "0x7f40696066e0"}, "pathname": "stdout", "return": 36},
{"ts": 1646628190699702, "dur": 2, "ph": "X", "tid": 0, "pid": 0, "step": 0, "cat": "POSIX", "name": "fprintf", "args": {"stream": "0x7f40696066e0"}, "pathname": "stdout", "return": 16},
{"ts": 1646628190699705, "dur": 2, "ph": "X", "tid": 0, "pid": 0, "step": 0, "cat": "POSIX", "name": "fprintf", "args": {"stream": "0x7f40696066e0"}, "pathname": "stdout", "return": 35},
{"ts": 1646628190699708, "dur": 3, "ph": "X", "tid": 0, "pid": 0, "step": 0, "cat": "POSIX", "name": "fprintf", "args": {"stream": "0x7f40696066e0"}, "pathname": "stdout", "return": 44},
{"ts": 1646628190699712, "dur": 3, "ph": "X", "tid": 0, "pid": 0, "step": 0, "cat": "POSIX", "name": "fprintf", "args": {"stream": "0x7f40696066e0"}, "pathname": "stdout", "return": 51},
{"ts": 1646628190699716, "dur": 3, "ph": "X", "tid": 0, "pid": 0, "step": 0, "cat": "POSIX", "name": "fprintf", "args": {"stream": "0x7f40696066e0"}, "pathname": "stdout", "return": 39},
{"ts": 1646628190699720, "dur": 2, "ph": "X", "tid": 0, "pid": 0, "step": 0, "cat": "POSIX", "name": "fprintf", "args": {"stream": "0x7f40696066e0"}, "pathname": "stdout", "return": 31},
{"ts": 1646628190699724, "dur": 2, "ph": "X", "tid": 0, "pid": 0, "step": 0, "cat": "POSIX", "name": "fprintf", "args": {"stream": "0x7f40696066e0"}, "pathname": "stdout", "return": 24},
{"ts": 1646628190699727, "dur": 2, "ph": "X", "tid": 0, "pid": 0, "step": 0, "cat": "POSIX", "name": "fprintf", "args": {"stream": "0x7f40696066e0"}, "pathname": "stdout", "return": 95},
{"ts": 1646628190699730, "dur": 2, "ph": "X", "tid": 0, "pid": 0, "step": 0, "cat": "POSIX", "name": "fprintf", "args": {"stream": "0x7f40696066e0"}, "pathname": "stdout", "return": 119},
{"ts": 1646628190699733, "dur": 2, "ph": "X", "tid": 0, "pid": 0, "step": 0, "cat": "POSIX", "name": "fprintf", "args": {"stream": "0x7f40696066e0"}, "pathname": "stdout", "return": 53},
{"ts": 1646628190699736, "dur": 3, "ph": "X", "tid": 0, "pid": 0, "step": 0, "cat": "POSIX", "name": "fprintf", "args": {"stream": "0x7f40696066e0"}, "pathname": "stdout", "return": 51},
{"ts": 1646628190699740, "dur": 3, "ph": "X", "tid": 0, "pid": 0, "step": 0, "cat": "POSIX", "name": "fprintf", "args": {"stream": "0x7f40696066e0"}, "pathname": "stdout", "return": 42},
{"ts": 1646628190699744, "dur": 3, "ph": "X", "tid": 0, "pid": 0, "step": 0, "cat": "POSIX", "name": "fprintf", "args": {"stream": "0x7f40696066e0"}, "pathname": "stdout", "return": 21},
{"ts": 1646628190699748, "dur": 3, "ph": "X", "tid": 0, "pid": 0, "step": 0, "cat": "POSIX", "name": "fprintf", "args": {"stream": "0x7f40696066e0"}, "pathname": "stdout", "return": 19},
{"ts": 1646628190699752, "dur": 3, "ph": "X", "tid": 0, "pid": 0, "step": 0, "cat": "POSIX", "name": "fprintf", "args": {"stream": "0x7f40696066e0"}, "pathname": "stdout", "return": 62},
{"ts": 1646628190699756, "dur": 3, "ph": "X", "tid": 0, "pid": 0, "step": 0, "cat": "POSIX", "name": "fprintf", "args": {"stream": "0x7f40696066e0"}, "pathname": "stdout", "return": 76},
{"ts": 1646628190699760, "dur": 2, "ph": "X", "tid": 0, "pid": 0, "step": 0, "cat": "POSIX", "name": "fprintf", "args": {"stream": "0x7f40696066e0"}, "pathname": "stdout", "return": 28},
{"ts": 1646628190699763, "dur": 2, "ph": "X", "tid": 0, "pid": 0, "step": 0, "cat": "POSIX", "name": "fprintf", "args": {"stream": "0x7f40696066e0"}, "pathname": "stdout", "return": 17},
{"ts": 1646628190699766, "dur": 2, "ph": "X", "tid": 0, "pid": 0, "step": 0, "cat": "POSIX", "name": "fprintf", "args": {"stream": "0x7f40696066e0"}, "pathname": "stdout", "return": 47},
{"ts": 1646628190699769, "dur": 2, "ph": "X", "tid": 0, "pid": 0, "step": 0, "cat": "POSIX", "name": "fprintf", "args": {"stream": "0x7f40696066e0"}, "pathname": "stdout", "return": 30},
{"ts": 1646628190699772, "dur": 3, "ph": "X", "tid": 0, "pid": 0, "step": 0, "cat": "POSIX", "name": "fprintf", "args": {"stream": "0x7f40696066e0"}, "pathname": "stdout", "return": 25},
{"ts": 1646628190699776, "dur": 3, "ph": "X", "tid": 0, "pid": 0, "step": 0, "cat": "POSIX", "name": "fprintf", "args": {"stream": "0x7f40696066e0"}, "pathname": "stdout", "return": 72},
{"ts": 1646628190699780, "dur": 3, "ph": "X", "tid": 0, "pid": 0, "step": 0, "cat": "POSIX", "name": "fwrite", "args": {"ptr": "0x41c534", "size": 1, "nmemb": 20, "stream": "0x7f40696066e0"}, "pathname": "stdout", "return": 20},
{"ts": 1646628190699788, "dur": 3, "ph": "X", "tid": 0, "pid": 0, "step": 0, "cat": "POSIX", "name": "fprintf", "args": {"stream": "0x7f40696066e0"}, "pathname": "stdout", "return": 24},
{"ts": 1646628190699794, "dur": 4, "ph": "X", "tid": 0, "pid": 0, "step": 0, "cat": "POSIX", "name": "fprintf", "args": {"stream": "0x7f40696066e0"}, "pathname": "stdout", "return": 47},
{"ts": 1646628190699873, "dur": 4, "ph": "X", "tid": 0, "pid": 0, "step": 0, "cat": "POSIX", "name": "fprintf", "args": {"stream": "0x7f40696066e0"}, "pathname": "stdout", "return": 76},
{"ts": 1646628190699878, "dur": 7, "ph": "X", "tid": 0, "pid": 0, "step": 0, "cat": "POSIX", "name": "fprintf", "args": {"stream": "0x7f40696066e0"}, "pathname": "stdout", "return": 54},
{"ts": 1646628190699886, "dur": 4, "ph": "X", "tid": 0, "pid": 0, "step": 0, "cat": "POSIX", "name": "fprintf", "args": {"stream": "0x7f40696066e0"}, "pathname": "stdout", "return": 40},
{"ts": 1646628190699893, "dur": 2, "ph": "X", "tid": 0, "pid": 0, "step": 0, "cat": "POSIX", "name": "fprintf", "args": {"stream": "0x7f40696066e0"}, "pathname": "stdout", "return": 14},
{"ts": 1646628190699896, "dur": 3, "ph": "X", "tid": 0, "pid": 0, "step": 0, "cat": "POSIX", "name": "fprintf", "args": {"stream": "0x7f40696066e0"}, "pathname": "stdout", "return": 24},
{"ts": 1646628190699900, "dur": 3, "ph": "X", "tid": 0, "pid": 0, "step": 0, "cat": "POSIX", "name": "fprintf", "args": {"stream": "0x7f40696066e0"}, "pathname": "stdout", "return": 24},
{"ts": 1646628190699905, "dur": 2, "ph": "X", "tid": 0, "pid": 0, "step": 0, "cat": "POSIX", "name": "fprintf", "args": {"stream": "0x7f40696066e0"}, "pathname": "stdout", "return": 27},
{"ts": 1646628190699908, "dur": 3, "ph": "X", "tid": 0, "pid": 0, "step": 0, "cat": "POSIX", "name": "fprintf", "args": {"stream": "0x7f40696066e0"}, "pathname": "stdout", "return": 52},
{"ts": 1646628190699912, "dur": 3, "ph": "X", "tid": 0, "pid": 0, "step": 0, "cat": "POSIX", "name": "fprintf", "args": {"stream": "0x7f40696066e0"}, "pathname": "stdout", "return": 42},
{"ts": 1646628190699916, "dur": 4, "ph": "X", "tid": 0, "pid": 0, "step": 0, "cat": "POSIX", "name": "fprintf", "args": {"stream": "0x7f40696066e0"}, "pathname": "stdout", "return": 29},
{"ts": 1646628190699921, "dur": 2, "ph": "X", "tid": 0, "pid": 0, "step": 0, "cat": "POSIX", "name": "fprintf", "args": {"stream": "0x7f40696066e0"}, "pathname": "stdout", "return": 24},
{"ts": 1646628190699924, "dur": 3, "ph": "X", "tid": 0, "pid": 0, "step": 0, "cat": "POSIX", "name": "fprintf", "args": {"stream": "0x7f40696066e0"}, "pathname": "stdout", "return": 24},
{"ts": 1646628190699928, "dur": 3, "ph": "X", "tid": 0, "pid": 0, "step": 0, "cat": "POSIX", "name": "fprintf", "args": {"stream": "0x7f40696066e0"}, "pathname": "stdout", "return": 24},
{"ts": 1646628190699932, "dur": 2, "ph": "X", "tid": 0, "pid": 0, "step": 0, "cat": "POSIX", "name": "fprintf", "args": {"stream": "0x7f40696066e0"}, "pathname": "stdout", "return": 24},
{"ts": 1646628190699935, "dur": 3, "ph": "X", "tid": 0, "pid": 0, "step": 0, "cat": "POSIX", "name": "fprintf", "args": {"stream": "0x7f40696066e0"}, "pathname": "stdout", "return": 29},
{"ts": 1646628190699939, "dur": 3, "ph": "X", "tid": 0, "pid": 0, "step": 0, "cat": "POSIX", "name": "fprintf", "args": {"stream": "0x7f40696066e0"}, "pathname": "stdout", "return": 24},
{"ts": 1646628190699943, "dur": 2, "ph": "X", "tid": 0, "pid": 0, "step": 0, "cat": "POSIX", "name": "fprintf", "args": {"stream": "0x7f40696066e0"}, "pathname": "stdout", "return": 24},
{"ts": 1646628190699946, "dur": 3, "ph": "X", "tid": 0, "pid": 0, "step": 0, "cat": "POSIX", "name": "fprintf", "args": {"stream": "0x7f40696066e0"}, "pathname": "stdout", "return": 24},
{"ts": 1646628190699950, "dur": 2, "ph": "X", "tid": 0, "pid": 0, "step": 0, "cat": "POSIX", "name": "fprintf", "args": {"stream": "0x7f40696066e0"}, "pathname": "stdout", "return": 24},
{"ts": 1646628190699959, "dur": 3, "ph": "X", "tid": 0, "pid": 0, "step": 0, "cat": "POSIX", "name": "fprintf", "args": {"stream": "0x7f40696066e0"}, "pathname": "stdout", "return": 24},
{"ts": 1646628190699964, "dur": 2, "ph": "X", "tid": 0, "pid": 0, "step": 0, "cat": "POSIX", "name": "fprintf", "args": {"stream": "0x7f40696066e0"}, "pathname": "stdout", "return": 24},
{"ts": 1646628190699967, "dur": 3, "ph": "X", "tid": 0, "pid": 0, "step": 0, "cat": "POSIX", "name": "fprintf", "args": {"stream": "0x7f40696066e0"}, "pathname": "stdout", "return": 24},
{"ts": 1646628190699971, "dur": 3, "ph": "X", "tid": 0, "pid": 0, "step": 0, "cat": "POSIX", "name": "fprintf", "args": {"stream": "0x7f40696066e0"}, "pathname": "stdout", "return": 24},
{"ts": 1646628190699975, "dur": 2, "ph": "X", "tid": 0, "pid": 0, "step": 0, "cat": "POSIX", "name": "fprintf", "args": {"stream": "0x7f40696066e0"}, "pathname": "stdout", "return": 24},
{"ts": 1646628190699978, "dur": 2, "ph": "X", "tid": 0, "pid": 0, "step": 0, "cat": "POSIX", "name": "fprintf", "args": {"stream": "0x7f40696066e0"}, "pathname": "stdout", "return": 24},
{"ts": 1646628190699982, "dur": 2, "ph": "X", "tid": 0, "pid": 0, "step": 0, "cat": "POSIX", "name": "fprintf", "args": {"stream": "0x7f40696066e0"}, "pathname": "stdout", "return": 24},
{"ts": 1646628190699985, "dur": 2, "ph": "X", "tid": 0, "pid": 0, "step": 0, "cat": "POSIX", "name": "fprintf", "args": {"stream": "0x7f40696066e0"}, "pathname": "stdout", "return": 24},
{"ts": 1646628190699988, "dur": 3, "ph": "X", "tid": 0, "pid": 0, "step": 0, "cat": "POSIX", "name": "fprintf", "args": {"stream": "0x7f40696066e0"}, "pathname": "stdout", "return": 24},
{"ts": 1646628190699992, "dur": 3, "ph": "X", "tid": 0, "pid": 0, "step": 0, "cat": "POSIX", "name": "fprintf", "args": {"stream": "0x7f40696066e0"}, "pathname": "stdout", "return": 24},
{"ts": 1646628190699996, "dur": 3, "ph": "X", "tid": 0, "pid": 0, "step": 0, "cat": "POSIX", "name": "fprintf", "args": {"stream": "0x7f40696066e0"}, "pathname": "stdout", "return": 24},
{"ts": 1646628190700000, "dur": 3, "ph": "X", "tid": 0, "pid": 0, "step": 0, "cat": "POSIX", "name": "fprintf", "args": {"stream": "0x7f40696066e0"}, "pathname": "stdout", "return": 24},
{"ts": 1646628190700004, "dur": 3, "ph": "X", "tid": 0, "pid": 0, "step": 0, "cat": "POSIX", "name": "fprintf", "args": {"stream": "0x7f40696066e0"}, "pathname": "stdout", "return": 24},
{"ts": 1646628190700008, "dur": 2, "ph": "X", "tid": 0, "pid": 0, "step": 0, "cat": "POSIX", "name": "fprintf", "args": {"stream": "0x7f40696066e0"}, "pathname": "stdout", "return": 24},
{"ts": 1646628190700011, "dur": 2, "ph": "X", "tid": 0, "pid": 0, "step": 0, "cat": "POSIX", "name": "fprintf", "args": {"stream": "0x7f40696066e0"}, "pathname": "stdout", "return": 24},
{"ts": 1646628190700014, "dur": 3, "ph": "X", "tid": 0, "pid": 0, "step": 0, "cat": "POSIX", "name": "fprintf", "args": {"stream": "0x7f40696066e0"}, "pathname": "stdout", "return": 24},
{"ts": 1646628190700018, "dur": 3, "ph": "X", "tid": 0, "pid": 0, "step": 0, "cat": "POSIX", "name": "fprintf", "args": {"stream": "0x7f40696066e0"}, "pathname": "stdout", "return": 26},
{"ts": 1646628190700022, "dur": 3, "ph": "X", "tid": 0, "pid": 0, "step": 0, "cat": "POSIX", "name": "fprintf", "args": {"stream": "0x7f40696066e0"}, "pathname": "stdout", "return": 24},
{"ts": 1646628190700026, "dur": 2, "ph": "X", "tid": 0, "pid": 0, "step": 0, "cat": "POSIX", "name": "fprintf", "args": {"stream": "0x7f40696066e0"}, "pathname": "stdout", "return": 24},
{"ts": 1646628190700029, "dur": 2, "ph": "X", "tid": 0, "pid": 0, "step": 0, "cat": "POSIX", "name": "fprintf", "args": {"stream": "0x7f40696066e0"}, "pathname": "stdout", "return": 24},
{"ts": 1646628190700032, "dur": 3, "ph": "X", "tid": 0, "pid": 0, "step": 0, "cat": "POSIX", "name": "fprintf", "args": {"stream": "0x7f40696066e0"}, "pathname": "stdout", "return": 24},
{"ts": 1646628190700036, "dur": 3, "ph": "X", "tid": 0, "pid": 0, "step": 0, "cat": "POSIX", "name": "fprintf", "args": {"stream": "0x7f40696066e0"}, "pathname": "stdout", "return": 24},
{"ts": 1646628190700040, "dur": 3, "ph": "X", "tid": 0, "pid": 0, "step": 0, "cat": "POSIX", "name": "fprintf", "args": {"stream": "0x7f40696066e0"}, "pathname": "stdout", "return": 24},
{"ts": 1646628190700044, "dur": 2, "ph": "X", "tid": 0, "pid": 0, "step": 0, "cat": "POSIX", "name": "fprintf", "args": {"stream": "0x7f40696066e0"}, "pathname": "stdout", "return": 24},
{"ts": 1646628190700047, "dur": 2, "ph": "X", "tid": 0, "pid": 0, "step": 0, "cat": "POSIX", "name": "fprintf", "args": {"stream": "0x7f40696066e0"}, "pathname": "stdout", "return": 24},
{"ts": 1646628190700050, "dur": 3, "ph": "X", "tid": 0, "pid": 0, "step": 0, "cat": "POSIX", "name": "fprintf", "args": {"stream": "0x7f40696066e0"}, "pathname": "stdout", "return": 24},
{"ts": 1646628190700054, "dur": 3, "ph": "X", "tid": 0, "pid": 0, "step": 0, "cat": "POSIX", "name": "fprintf", "args": {"stream": "0x7f40696066e0"}, "pathname": "stdout", "return": 24},
{"ts": 1646628190700058, "dur": 3, "ph": "X", "tid": 0, "pid": 0, "step": 0, "cat": "POSIX", "name": "fprintf", "args": {"stream": "0x7f40696066e0"}, "pathname": "stdout", "return": 24},
{"ts": 1646628190700062, "dur": 3, "ph": "X", "tid": 0, "pid": 0, "step": 0, "cat": "POSIX", "name": "fprintf", "args": {"stream": "0x7f40696066e0"}, "pathname": "stdout", "return": 24},
{"ts": 1646628190700066, "dur": 2, "ph": "X", "tid": 0, "pid": 0, "step": 0, "cat": "POSIX", "name": "fprintf", "args": {"stream": "0x7f40696066e0"}, "pathname": "stdout", "return": 24},
{"ts": 1646628190700069, "dur": 3, "ph": "X", "tid": 0, "pid": 0, "step": 0, "cat": "POSIX", "name": "fprintf", "args": {"stream": "0x7f40696066e0"}, "pathname": "stdout", "return": 24},
{"ts": 1646628190700073, "dur": 3, "ph": "X", "tid": 0, "pid": 0, "step": 0, "cat": "POSIX", "name": "fprintf", "args": {"stream": "0x7f40696066e0"}, "pathname": "stdout", "return": 44},
{"ts": 1646628190700077, "dur": 3, "ph": "X", "tid": 0, "pid": 0, "step": 0, "cat": "POSIX", "name": "fprintf", "args": {"stream": "0x7f40696066e0"}, "pathname": "stdout", "return": 24},
{"ts": 1646628190700081, "dur": 3, "ph": "X", "tid": 0, "pid": 0, "step": 0, "cat": "POSIX", "name": "fprintf", "args": {"stream": "0x7f40696066e0"}, "pathname": "stdout", "return": 24},
{"ts": 1646628190700085, "dur": 3, "ph": "X", "tid": 0, "pid": 0, "step": 0, "cat": "POSIX", "name": "fprintf", "args": {"stream": "0x7f40696066e0"}, "pathname": "stdout", "return": 24},
{"ts": 1646628190700089, "dur": 3, "ph": "X", "tid": 0, "pid": 0, "step": 0, "cat": "POSIX", "name": "fprintf", "args": {"stream": "0x7f40696066e0"}, "pathname": "stdout", "return": 24},
{"ts": 1646628190700093, "dur": 2, "ph": "X", "tid": 0, "pid": 0, "step": 0, "cat": "POSIX", "name": "fprintf", "args": {"stream": "0x7f40696066e0"}, "pathname": "stdout", "return": 30},
{"ts": 1646628190700096, "dur": 3, "ph": "X", "tid": 0, "pid": 0, "step": 0, "cat": "POSIX", "name": "fprintf", "args": {"stream": "0x7f40696066e0"}, "pathname": "stdout", "return": 30},
{"ts": 1646628190700233, "dur": 3, "ph": "X", "tid": 0, "pid": 0, "step": 0, "cat": "POSIX", "name": "fprintf", "args": {"stream": "0x7f40696066e0"}, "pathname": "stdout", "return": 23},
{"ts": 1646628190700238, "dur": 3, "ph": "X", "tid": 0, "pid": 0, "step": 0, "cat": "POSIX", "name": "fprintf", "args": {"stream": "0x7f40696066e0"}, "pathname": "stdout", "return": 11},
{"ts": 1646628190700242, "dur": 3, "ph": "X", "tid": 0, "pid": 0, "step": 0, "cat": "POSIX", "name": "fprintf", "args": {"stream": "0x7f40696066e0"}, "pathname": "stdout", "return": 27},
{"ts": 1646628190700247, "dur": 2, "ph": "X", "tid": 0, "pid": 0, "step": 0, "cat": "POSIX", "name": "fprintf", "args": {"stream": "0x7f40696066e0"}, "pathname": "stdout", "return": 40},
{"ts": 1646628190700250, "dur": 3, "ph": "X", "tid": 0, "pid": 0, "step": 0, "cat": "POSIX", "name": "fprintf", "args": {"stream": "0x7f40696066e0"}, "pathname": "stdout", "return": 42},
{"ts": 1646628190700254, "dur": 3, "ph": "X", "tid": 0, "pid": 0, "step": 0, "cat": "POSIX", "name": "fprintf", "args": {"stream": "0x7f40696066e0"}, "pathname": "stdout", "return": 41},
{"ts": 1646628190700265, "dur": 2, "ph": "X", "tid": 0, "pid": 0, "step": 0, "cat": "POSIX", "name": "fprintf", "args": {"stream": "0x7f40696066e0"}, "pathname": "stdout", "return": 34},
{"ts": 1646628190700269, "dur": 2, "ph": "X", "tid": 0, "pid": 0, "step": 0, "cat": "POSIX", "name": "fprintf", "args": {"stream": "0x7f40696066e0"}, "pathname": "stdout", "return": 24},
{"ts": 1646628190700272, "dur": 3, "ph": "X", "tid": 0, "pid": 0, "step": 0, "cat": "POSIX", "name": "fprintf", "args": {"stream": "0x7f40696066e0"}, "pathname": "stdout", "return": 33},
{"ts": 1646628190700276, "dur": 3, "ph": "X", "tid": 0, "pid": 0, "step": 0, "cat": "POSIX", "name": "fprintf", "args": {"stream": "0x7f40696066e0"}, "pathname": "stdout", "return": 39},
{"ts": 1646628190700280, "dur": 3, "ph": "X", "tid": 0, "pid": 0, "step": 0, "cat": "POSIX", "name": "fprintf", "args": {"stream": "0x7f40696066e0"}, "pathname": "stdout", "return": 24},
{"ts": 1646628190700285, "dur": 2, "ph": "X", "tid": 0, "pid": 0, "step": 0, "cat": "POSIX", "name": "fprintf", "args": {"stream": "0x7f40696066e0"}, "pathname": "stdout", "return": 24},
{"ts": 1646628190700288, "dur": 2, "ph": "X", "tid": 0, "pid": 0, "step": 0, "cat": "POSIX", "name": "fprintf", "args": {"stream": "0x7f40696066e0"}, "pathname": "stdout", "return": 24},
{"ts": 1646628190700291, "dur": 3, "ph": "X", "tid": 0, "pid": 0, "step": 0, "cat": "POSIX", "name": "fprintf", "args": {"stream": "0x7f40696066e0"}, "pathname": "stdout", "return": 24},
{"ts": 1646628190700298, "dur": 2, "ph": "X", "tid": 0, "pid": 0, "step": 0, "cat": "POSIX", "name": "fprintf", "args": {"stream": "0x7f40696066e0"}, "pathname": "stdout", "return": 28},
{"ts": 1646628190700301, "dur": 3, "ph": "X", "tid": 0, "pid": 0, "step": 0, "cat": "POSIX", "name": "fprintf", "args": {"stream": "0x7f40696066e0"}, "pathname": "stdout", "return": 28},
{"ts": 1646628190700305, "dur": 2, "ph": "X", "tid": 0, "pid": 0, "step": 0, "cat": "POSIX", "name": "fprintf", "args": {"stream": "0x7f40696066e0"}, "pathname": "stdout", "return": 28},
{"ts": 1646628190700308, "dur": 3, "ph": "X", "tid": 0, "pid": 0, "step": 0, "cat": "POSIX", "name": "fprintf", "args": {"stream": "0x7f40696066e0"}, "pathname": "stdout", "return": 11},
{"ts": 1646628190700323, "dur": 4, "ph": "X", "tid": 0, "pid": 0, "step": 0, "cat": "POSIX", "name": "fprintf", "args": {"stream": "0x7f40696066e0"}, "pathname": "stdout", "return": 60},
{"ts": 1646628190700328, "dur": 3, "ph": "X", "tid": 0, "pid": 0, "step": 0, "cat": "POSIX", "name": "fwrite", "args": {"ptr": "0x41c928", "size": 1, "nmemb": 115, "stream": "0x7f40696066e0"}, "pathname": "stdout", "return": 115},
{"ts": 1646628190700332, "dur": 3, "ph": "X", "tid": 0, "pid": 0, "step": 0, "cat": "POSIX", "name": "fwrite", "args": {"ptr": "0x41c9a0", "size": 1, "nmemb": 115, "stream": "0x7f40696066e0"}, "pathname": "stdout", "return": 115},
{"ts": 1646628190700759, "dur": 5, "ph": "X", "tid": 0, "pid": 0, "step": 0, "cat": "POSIX", "name": "fprintf", "args": {"stream": "0x7f40696066e0"}, "pathname": "stdout", "return": 35},
{"ts": 1646628190701362, "dur": 469, "ph": "X", "tid": 0, "pid": 0, "step": 0, "cat": "POSIX", "name": "open", "args": {"pathname": "data_dir/hdf5_write.locktest.0", "flags": 66, "mode": 420}, "return": 35},
{"ts": 1646628190701858, "dur": 42, "ph": "X", "tid": 0, "pid": 0, "step": 0, "cat": "POSIX", "name": "close", "args": {"fd": 35}, "pathname": "data_dir/hdf5_write.locktest.0", "return": 0},
{"ts": 1646628190702207, "dur": 4, "ph": "X", "tid": 0, "pid": 0, "step": 0, "cat": "POSIX", "name": "open", "args": {"pathname": "data_dir/hdf5_write", "flags": 0, "mode": 511}, "return": -1},
{"ts": 1646628190702215, "dur": 2, "ph": "X", "tid": 0, "pid": 0, "step": 0, "cat": "POSIX", "name": "close", "args": {"fd": -1}, "pathname": "unknown", "return": -1},
{"ts": 1646628190702567, "dur": 4, "ph": "X", "tid": 0, "pid": 0, "step": 0, "cat": "POSIX", "name": "fprintf", "args": {"stream": "0x7f40696066e0"}, "pathname": "stdout", "return": 23},
{"ts": 1646628190702576, "dur": 4, "ph": "X", "tid": 0, "pid": 0, "step": 0, "cat": "POSIX", "name": "fwrite", "args": {"ptr": "0x418328", "size": 1, "nmemb": 34, "stream": "0x7f40696066e0"}, "pathname": "stdout", "return": 34},
{"ts": 1646628190703677, "dur": 3, "ph": "X", "tid": 0, "pid": 0, "step": 0, "cat": "POSIX", "name": "fwrite", "args": {"ptr": "0x418350", "size": 1, "nmemb": 32, "stream": "0x7f40696066e0"}, "pathname": "stdout", "return": 32},
{"ts": 1646628190703683, "dur": 2, "ph": "X", "tid": 0, "pid": 0, "step": 0, "cat": "POSIX", "name": "fprintf", "args": {"stream": "0x7f40696066e0"}, "pathname": "stdout", "return": 39},
{"ts": 1646628190705234, "dur": 1453, "ph": "X", "tid": 0, "pid": 0, "step": 0, "cat": "POSIX", "name": "open", "args": {"pathname": "data_dir/hdf5_write.locktest.0", "flags": 66, "mode": 420}, "return": 35},
{"ts": 1646628190706702, "dur": 27, "ph": "X", "tid": 0, "pid": 0, "step": 0, "cat": "POSIX", "name": "close", "args": {"fd": 35}, "pathname": "data_dir/hdf5_write.locktest.0", "return": 0},
{"ts": 1646628190708161, "dur": 645, "ph": "X", "tid": 0, "pid": 0, "step": 0, "cat": "POSIX", "name": "open", "args": {"pathname": "data_dir/hdf5_write", "flags": 66, "mode": 436}, "return": 35},
{"ts": 1646628190708824, "dur": 44, "ph": "X", "tid": 0, "pid": 0, "step": 0, "cat": "POSIX", "name": "open", "args": {"pathname": "/tmp/ompi.andes608.4069/jf.58918/2/hdf5_write_cid-5-4168719.sm", "flags": 66, "mode": 420}, "return": 36},
{"ts": 1646628190708872, "dur": 35, "ph": "X", "tid": 0, "pid": 0, "step": 0, "cat": "POSIX", "name": "write", "args": {"fd": 36, "buf": "0x7ffe60efda50", "count": 40 }, "pathname": "/tmp/ompi.andes608.4069/jf.58918/2/hdf5_write_cid-5-4168719.sm", "return": 40},
{"ts": 1646628190708929, "dur": 2, "ph": "X", "tid": 0, "pid": 0, "step": 0, "cat": "POSIX", "name": "close", "args": {"fd": 36}, "pathname": "/tmp/ompi.andes608.4069/jf.58918/2/hdf5_write_cid-5-4168719.sm", "return": 0},
{"ts": 1646628190709102, "dur": 13, "ph": "X", "tid": 0, "pid": 0, "step": 0, "cat": "POSIX", "name": "lseek", "args": {"fd": 35, "offset": 0, "whence": 2}, "pathname": "data_dir/hdf5_write", "return": 0},
{"ts": 1646628190709117, "dur": 2, "ph": "X", "tid": 0, "pid": 0, "step": 0, "cat": "POSIX", "name": "lseek", "args": {"fd": 35, "offset": 0, "whence": 0}, "pathname": "data_dir/hdf5_write", "return": 0},
{"ts": 1646628190711766, "dur": 5, "ph": "X", "tid": 0, "pid": 0, "step": 0, "cat": "POSIX", "name": "fprintf", "args": {"stream": "0x7f40696066e0"}, "pathname": "stdout", "return": 60},
{"ts": 1646628190714311, "dur": 8, "ph": "X", "tid": 0, "pid": 0, "step": 0, "cat": "POSIX", "name": "lseek", "args": {"fd": 35, "offset": 0, "whence": 2}, "pathname": "data_dir/hdf5_write", "return": 4259840},
{"ts": 1646628190714322, "dur": 1, "ph": "X", "tid": 0, "pid": 0, "step": 0, "cat": "POSIX", "name": "lseek", "args": {"fd": 35, "offset": 0, "whence": 0}, "pathname": "data_dir/hdf5_write", "return": 0},
{"ts": 1646628190816685, "dur": 40, "ph": "X", "tid": 0, "pid": 0, "step": 0, "cat": "POSIX", "name": "close", "args": {"fd": 35}, "pathname": "data_dir/hdf5_write", "return": 0},
{"ts": 1646628190818098, "dur": 2185, "ph": "X", "tid": 0, "pid": 0, "step": 0, "cat": "POSIX", "name": "open", "args": {"pathname": "data_dir/hdf5_write.locktest.0", "flags": 66, "mode": 420}, "return": 35},
{"ts": 1646628190820297, "dur": 29, "ph": "X", "tid": 0, "pid": 0, "step": 0, "cat": "POSIX", "name": "close", "args": {"fd": 35}, "pathname": "data_dir/hdf5_write.locktest.0", "return": 0},
{"ts": 1646628190820553, "dur": 17, "ph": "X", "tid": 0, "pid": 0, "step": 0, "cat": "POSIX", "name": "open", "args": {"pathname": "data_dir/hdf5_write", "flags": 0, "mode": 511}, "return": 35},
{"ts": 1646628190820581, "dur": 30, "ph": "X", "tid": 0, "pid": 0, "step": 0, "cat": "POSIX", "name": "open", "args": {"pathname": "/tmp/ompi.andes608.4069/jf.58918/2/hdf5_write_cid-3-4168719.sm", "flags": 66, "mode": 420}, "return": 36},
{"ts": 1646628190820614, "dur": 21, "ph": "X", "tid": 0, "pid": 0, "step": 0, "cat": "POSIX", "name": "write", "args": {"fd": 36, "buf": "0x7ffe60efe050", "count": 40 }, "pathname": "/tmp/ompi.andes608.4069/jf.58918/2/hdf5_write_cid-3-4168719.sm", "return": 40},
{"ts": 1646628190820727, "dur": 2, "ph": "X", "tid": 0, "pid": 0, "step": 0, "cat": "POSIX", "name": "close", "args": {"fd": 36}, "pathname": "/tmp/ompi.andes608.4069/jf.58918/2/hdf5_write_cid-3-4168719.sm", "return": 0},
{"ts": 1646628190820814, "dur": 14, "ph": "X", "tid": 0, "pid": 0, "step": 0, "cat": "POSIX", "name": "lseek", "args": {"fd": 35, "offset": 0, "whence": 2}, "pathname": "data_dir/hdf5_write", "return": 4259840},
{"ts": 1646628190820830, "dur": 1, "ph": "X", "tid": 0, "pid": 0, "step": 0, "cat": "POSIX", "name": "lseek", "args": {"fd": 35, "offset": 0, "whence": 0}, "pathname": "data_dir/hdf5_write", "return": 0},
{"ts": 1646628190820904, "dur": 38, "ph": "X", "tid": 0, "pid": 0, "step": 0, "cat": "POSIX", "name": "close", "args": {"fd": 35}, "pathname": "data_dir/hdf5_write", "return": 0},
{"ts": 1646628190820958, "dur": 8, "ph": "X", "tid": 0, "pid": 0, "step": 0, "cat": "POSIX", "name": "fprintf", "args": {"stream": "0x7f40696066e0"}, "pathname": "stdout", "return": 56},
{"ts": 1646628190820967, "dur": 4, "ph": "X", "tid": 0, "pid": 0, "step": 0, "cat": "POSIX", "name": "fprintf", "args": {"stream": "0x7f40696066e0"}, "pathname": "stdout", "return": 55},
{"ts": 1646628190820972, "dur": 4, "ph": "X", "tid": 0, "pid": 0, "step": 0, "cat": "POSIX", "name": "fprintf", "args": {"stream": "0x7f40696066e0"}, "pathname": "stdout", "return": 51},
{"ts": 1646628190820977, "dur": 3, "ph": "X", "tid": 0, "pid": 0, "step": 0, "cat": "POSIX", "name": "fprintf", "args": {"stream": "0x7f40696066e0"}, "pathname": "stdout", "return": 50},
{"ts": 1646628190820981, "dur": 4, "ph": "X", "tid": 0, "pid": 0, "step": 0, "cat": "POSIX", "name": "fprintf", "args": {"stream": "0x7f40696066e0"}, "pathname": "stdout", "return": 57},
{"ts": 1646628190820986, "dur": 3, "ph": "X", "tid": 0, "pid": 0, "step": 0, "cat": "POSIX", "name": "fprintf", "args": {"stream": "0x7f40696066e0"}, "pathname": "stdout", "return": 56},
{"ts": 1646628190821012, "dur": 3, "ph": "X", "tid": 0, "pid": 0, "step": 0, "cat": "POSIX", "name": "fprintf", "args": {"stream": "0x7f40696066e0"}, "pathname": "stdout", "return": 10},
{"ts": 1646628190821018, "dur": 4, "ph": "X", "tid": 0, "pid": 0, "step": 0, "cat": "POSIX", "name": "fprintf", "args": {"stream": "0x7f40696066e0"}, "pathname": "stdout", "return": 11},
{"ts": 1646628190821023, "dur": 4, "ph": "X", "tid": 0, "pid": 0, "step": 0, "cat": "POSIX", "name": "fprintf", "args": {"stream": "0x7f40696066e0"}, "pathname": "stdout", "return": 11},
{"ts": 1646628190821028, "dur": 4, "ph": "X", "tid": 0, "pid": 0, "step": 0, "cat": "POSIX", "name": "fprintf", "args": {"stream": "0x7f40696066e0"}, "pathname": "stdout", "return": 12},
{"ts": 1646628190821033, "dur": 4, "ph": "X", "tid": 0, "pid": 0, "step": 0, "cat": "POSIX", "name": "fprintf", "args": {"stream": "0x7f40696066e0"}, "pathname": "stdout", "return": 11},
{"ts": 1646628190821038, "dur": 4, "ph": "X", "tid": 0, "pid": 0, "step": 0, "cat": "POSIX", "name": "fprintf", "args": {"stream": "0x7f40696066e0"}, "pathname": "stdout", "return": 11},
{"ts": 1646628190821043, "dur": 3, "ph": "X", "tid": 0, "pid": 0, "step": 0, "cat": "POSIX", "name": "fprintf", "args": {"stream": "0x7f40696066e0"}, "pathname": "stdout", "return": 11},
{"ts": 1646628190821048, "dur": 2, "ph": "X", "tid": 0, "pid": 0, "step": 0, "cat": "POSIX", "name": "fprintf", "args": {"stream": "0x7f40696066e0"}, "pathname": "stdout", "return": 11},
{"ts": 1646628190821052, "dur": 2, "ph": "X", "tid": 0, "pid": 0, "step": 0, "cat": "POSIX", "name": "fprintf", "args": {"stream": "0x7f40696066e0"}, "pathname": "stdout", "return": 11},
{"ts": 1646628190821056, "dur": 2, "ph": "X", "tid": 0, "pid": 0, "step": 0, "cat": "POSIX", "name": "fprintf", "args": {"stream": "0x7f40696066e0"}, "pathname": "stdout", "return": 11},
{"ts": 1646628190821059, "dur": 3, "ph": "X", "tid": 0, "pid": 0, "step": 0, "cat": "POSIX", "name": "fprintf", "args": {"stream": "0x7f40696066e0"}, "pathname": "stdout", "return": 5},
{"ts": 1646628190821073, "dur": 4, "ph": "X", "tid": 0, "pid": 0, "step": 0, "cat": "POSIX", "name": "fprintf", "args": {"stream": "0x7f40696066e0"}, "pathname": "stdout", "return": 40},
{"ts": 1646628190821177, "dur": 5, "ph": "X", "tid": 0, "pid": 0, "step": 0, "cat": "POSIX", "name": "fwrite", "args": {"ptr": "0x41c72e", "size": 1, "nmemb": 21, "stream": "0x7f40696066e0"}, "pathname": "stdout", "return": 21},
{"ts": 1646628190821184, "dur": 5, "ph": "X", "tid": 0, "pid": 0, "step": 0, "cat": "POSIX", "name": "fprintf", "args": {"stream": "0x7f40696066e0"}, "pathname": "stdout", "return": 136},
{"ts": 1646628190821190, "dur": 2, "ph": "X", "tid": 0, "pid": 0, "step": 0, "cat": "POSIX", "name": "fwrite", "args": {"ptr": "0x41caf0", "size": 1, "nmemb": 64, "stream": "0x7f40696066e0"}, "pathname": "stdout", "return": 64},
{"ts": 1646628190821193, "dur": 3, "ph": "X", "tid": 0, "pid": 0, "step": 0, "cat": "POSIX", "name": "fprintf", "args": {"stream": "0x7f40696066e0"}, "pathname": "stdout", "return": 33},
{"ts": 1646628190821198, "dur": 2, "ph": "X", "tid": 0, "pid": 0, "step": 0, "cat": "POSIX", "name": "fwrite", "args": {"ptr": "0x41c725", "size": 1, "nmemb": 8, "stream": "0x7f40696066e0"}, "pathname": "stdout", "return": 8},
{"ts": 1646628190821201, "dur": 3, "ph": "X", "tid": 0, "pid": 0, "step": 0, "cat": "POSIX", "name": "fprintf", "args": {"stream": "0x7f40696066e0"}, "pathname": "stdout", "return": 10},
{"ts": 1646628190821205, "dur": 3, "ph": "X", "tid": 0, "pid": 0, "step": 0, "cat": "POSIX", "name": "fprintf", "args": {"stream": "0x7f40696066e0"}, "pathname": "stdout", "return": 11},
{"ts": 1646628190821210, "dur": 2, "ph": "X", "tid": 0, "pid": 0, "step": 0, "cat": "POSIX", "name": "fprintf", "args": {"stream": "0x7f40696066e0"}, "pathname": "stdout", "return": 11},
{"ts": 1646628190821213, "dur": 3, "ph": "X", "tid": 0, "pid": 0, "step": 0, "cat": "POSIX", "name": "fprintf", "args": {"stream": "0x7f40696066e0"}, "pathname": "stdout", "return": 11},
{"ts": 1646628190821218, "dur": 2, "ph": "X", "tid": 0, "pid": 0, "step": 0, "cat": "POSIX", "name": "fprintf", "args": {"stream": "0x7f40696066e0"}, "pathname": "stdout", "return": 11},
{"ts": 1646628190821221, "dur": 3, "ph": "X", "tid": 0, "pid": 0, "step": 0, "cat": "POSIX", "name": "fprintf", "args": {"stream": "0x7f40696066e0"}, "pathname": "stdout", "return": 11},
{"ts": 1646628190821225, "dur": 3, "ph": "X", "tid": 0, "pid": 0, "step": 0, "cat": "POSIX", "name": "fprintf", "args": {"stream": "0x7f40696066e0"}, "pathname": "stdout", "return": 11},
{"ts": 1646628190821229, "dur": 3, "ph": "X", "tid": 0, "pid": 0, "step": 0, "cat": "POSIX", "name": "fprintf", "args": {"stream": "0x7f40696066e0"}, "pathname": "stdout", "return": 11},
{"ts": 1646628190821233, "dur": 3, "ph": "X", "tid": 0, "pid": 0, "step": 0, "cat": "POSIX", "name": "fprintf", "args": {"stream": "0x7f40696066e0"}, "pathname": "stdout", "return": 11},
{"ts": 1646628190821238, "dur": 2, "ph": "X", "tid": 0, "pid": 0, "step": 0, "cat": "POSIX", "name": "fprintf", "args": {"stream": "0x7f40696066e0"}, "pathname": "stdout", "return": 11},
{"ts": 1646628190821241, "dur": 3, "ph": "X", "tid": 0, "pid": 0, "step": 0, "cat": "POSIX", "name": "fprintf", "args": {"stream": "0x7f40696066e0"}, "pathname": "stdout", "return": 11},
{"ts": 1646628190821245, "dur": 3, "ph": "X", "tid": 0, "pid": 0, "step": 0, "cat": "POSIX", "name": "fprintf", "args": {"stream": "0x7f40696066e0"}, "pathname": "stdout", "return": 14},
{"ts": 1646628190821249, "dur": 2, "ph": "X", "tid": 0, "pid": 0, "step": 0, "cat": "POSIX", "name": "fprintf", "args": {"stream": "0x7f40696066e0"}, "pathname": "stdout", "return": 6},
{"ts": 1646628190821252, "dur": 2, "ph": "X", "tid": 0, "pid": 0, "step": 0, "cat": "POSIX", "name": "fprintf", "args": {"stream": "0x7f40696066e0"}, "pathname": "stdout", "return": 7},
{"ts": 1646628190821255, "dur": 3, "ph": "X", "tid": 0, "pid": 0, "step": 0, "cat": "POSIX", "name": "fprintf", "args": {"stream": "0x7f40696066e0"}, "pathname": "stdout", "return": 4},
{"ts": 1646628190821259, "dur": 3, "ph": "X", "tid": 0, "pid": 0, "step": 0, "cat": "POSIX", "name": "fprintf", "args": {"stream": "0x7f40696066e0"}, "pathname": "stdout", "return": 5},
{"ts": 1646628190821274, "dur": 2, "ph": "X", "tid": 0, "pid": 0, "step": 0, "cat": "POSIX", "name": "fprintf", "args": {"stream": "0x7f40696066e0"}, "pathname": "stdout", "return": 4},
{"ts": 1646628190821277, "dur": 3, "ph": "X", "tid": 0, "pid": 0, "step": 0, "cat": "POSIX", "name": "fprintf", "args": {"stream": "0x7f40696066e0"}, "pathname": "stdout", "return": 6},
{"ts": 1646628190821281, "dur": 3, "ph": "X", "tid": 0, "pid": 0, "step": 0, "cat": "POSIX", "name": "fprintf", "args": {"stream": "0x7f40696066e0"}, "pathname": "stdout", "return": 9},
{"ts": 1646628190821285, "dur": 3, "ph": "X", "tid": 0, "pid": 0, "step": 0, "cat": "POSIX", "name": "fprintf", "args": {"stream": "0x7f40696066e0"}, "pathname": "stdout", "return": 10},
{"ts": 1646628190821289, "dur": 3, "ph": "X", "tid": 0, "pid": 0, "step": 0, "cat": "POSIX", "name": "fprintf", "args": {"stream": "0x7f40696066e0"}, "pathname": "stdout", "return": 5},
{"ts": 1646628190821293, "dur": 3, "ph": "X", "tid": 0, "pid": 0, "step": 0, "cat": "POSIX", "name": "fprintf", "args": {"stream": "0x7f40696066e0"}, "pathname": "stdout", "return": 7},
{"ts": 1646628190821297, "dur": 3, "ph": "X", "tid": 0, "pid": 0, "step": 0, "cat": "POSIX", "name": "fprintf", "args": {"stream": "0x7f40696066e0"}, "pathname": "stdout", "return": 9},
{"ts": 1646628190821301, "dur": 3, "ph": "X", "tid": 0, "pid": 0, "step": 0, "cat": "POSIX", "name": "fprintf", "args": {"stream": "0x7f40696066e0"}, "pathname": "stdout", "return": 9},
{"ts": 1646628190821305, "dur": 2, "ph": "X", "tid": 0, "pid": 0, "step": 0, "cat": "POSIX", "name": "fprintf", "args": {"stream": "0x7f40696066e0"}, "pathname": "stdout", "return": 10},
{"ts": 1646628190821308, "dur": 3, "ph": "X", "tid": 0, "pid": 0, "step": 0, "cat": "POSIX", "name": "fprintf", "args": {"stream": "0x7f40696066e0"}, "pathname": "stdout", "return": 5},
{"ts": 1646628190821312, "dur": 3, "ph": "X", "tid": 0, "pid": 0, "step": 0, "cat": "POSIX", "name": "fprintf", "args": {"stream": "0x7f40696066e0"}, "pathname": "stdout", "return": 6},
{"ts": 1646628190821322, "dur": 3, "ph": "X", "tid": 0, "pid": 0, "step": 0, "cat": "POSIX", "name": "fprintf", "args": {"stream": "0x7f40696066e0"}, "pathname": "stdout", "return": 47},
{"ts": 1646628190821366, "dur": 1, "ph": "X", "tid": 0, "pid": 0, "step": 0, "cat": "TAU", "name": "program exit"}
]
