[
{"ts": 1646628190694267, "dur": 31, "ph": "X", "tid": 0, "pid": 1, "step": 0, "cat": "POSIX", "name": "write", "args": {"fd": 14, "buf": "0x7ffde9b90cc4", "count": 4 }, "pathname": "pipe", "return": 4},
{"ts": 1646628190694283, "dur": 26, "ph": "X", "tid": 0, "pid": 1, "step": 0, "cat": "POSIX", "name": "read", "args": {"fd": 12, "buf": 0x7f6ed283bc74, "count": 4}, "pathname": "pipe", "return": 4},
{"ts": 1646628190694317, "dur": 3, "ph": "X", "tid": 0, "pid": 1, "step": 0, "cat": "POSIX", "name": "read", "args": {"fd": 33, "buf": 0x7ffde9b90cf0, "count": 8}, "pathname": "/sys/class/infiniband/mlx5_0/ports/1/gid_attrs/types/0", "return": 18446744073709551615},
{"ts": 1646628190694319, "dur": 3, "ph": "X", "tid": 0, "pid": 1, "step": 0, "cat": "POSIX", "name": "read", "args": {"fd": 12, "buf": 0x7f6ed283bc74, "count": 4}, "pathname": "pipe", "return": 18446744073709551615},
{"ts": 1646628190700748, "dur": 43, "ph": "X", "tid": 0, "pid": 1, "step": 0, "cat": "POSIX", "name": "fprintf", "args": {"stream": "0x7f6ed94e86e0"}, "pathname": "stdout", "return": 35},
{"ts": 1646628190705240, "dur": 2835, "ph": "X", "tid": 0, "pid": 1, "step": 0, "cat": "POSIX", "name": "open", "args": {"pathname": "data_dir/hdf5_write.locktest.1", "flags": 66, "mode": 420}, "return": 35},
{"ts": 1646628190708096, "dur": 39, "ph": "X", "tid": 0, "pid": 1, "step": 0, "cat": "POSIX", "name": "close", "args": {"fd": 35}, "pathname": "data_dir/hdf5_write.locktest.1", "return": 0},
{"ts": 1646628190708812, "dur": 47, "ph": "X", "tid": 0, "pid": 1, "step": 0, "cat": "POSIX", "name": "open", "args": {"pathname": "data_dir/hdf5_write", "flags": 2, "mode": 511}, "return": 35},
{"ts": 1646628190708877, "dur": 40, "ph": "X", "tid": 0, "pid": 1, "step": 0, "cat": "POSIX", "name": "open", "args": {"pathname": "/tmp/ompi.andes608.4069/jf.58918/2/hdf5_write_cid-5-4168719.sm", "flags": 66, "mode": 420}, "return": 36},
{"ts": 1646628190708931, "dur": 2, "ph": "X", "tid": 0, "pid": 1, "step": 0, "cat": "POSIX", "name": "close", "args": {"fd": 36}, "pathname": "/tmp/ompi.andes608.4069/jf.58918/2/hdf5_write_cid-5-4168719.sm", "return": 0},
{"ts": 1646628190816685, "dur": 52, "ph": "X", "tid": 0, "pid": 1, "step": 0, "cat": "POSIX", "name": "close", "args": {"fd": 35}, "pathname": "data_dir/hdf5_write", "return": 0},
{"ts": 1646628190818098, "dur": 2248, "ph": "X", "tid": 0, "pid": 1, "step": 0, "cat": "POSIX", "name": "open", "args": {"pathname": "data_dir/hdf5_write.locktest.1", "flags": 66, "mode": 420}, "return": 35},
{"ts": 1646628190820361, "dur": 33, "ph": "X", "tid": 0, "pid": 1, "step": 0, "cat": "POSIX", "name": "close", "args": {"fd": 35}, "pathname": "data_dir/hdf5_write.locktest.1", "return": 0},
{"ts": 1646628190820619, "dur": 18, "ph": "X", "tid": 0, "pid": 1, "step": 0, "cat": "POSIX", "name": "open", "args": {"pathname": "data_dir/hdf5_write", "flags": 0, "mode": 511}, "return": 35},
{"ts": 1646628190820648, "dur": 25, "ph": "X", "tid": 0, "pid": 1, "step": 0, "cat": "POSIX", "name": "open", "args": {"pathname": "/tmp/ompi.andes608.4069/jf.58918/2/hdf5_write_cid-3-4168719.sm", "flags": 66, "mode": 420}, "return": 36},
{"ts": 1646628190820725, "dur": 2, "ph": "X", "tid": 0, "pid": 1, "step": 0, "cat": "POSIX", "name": "close", "args": {"fd": 36}, "pathname": "/tmp/ompi.andes608.4069/jf.58918/2/hdf5_write_cid-3-4168719.sm", "return": 0},
{"ts": 1646628190820859, "dur": 12, "ph": "X", "tid": 0, "pid": 1, "step": 0, "cat": "POSIX", "name": "lseek", "args": {"fd": 35, "offset": 0, "whence": 2}, "pathname": "data_dir/hdf5_write", "return": 4259840},
{"ts": 1646628190820873, "dur": 1, "ph": "X", "tid": 0, "pid": 1, "step": 0, "cat": "POSIX", "name": "lseek", "args": {"fd": 35, "offset": 0, "whence": 0}, "pathname": "data_dir/hdf5_write", "return": 0},
{"ts": 1646628190820904, "dur": 21, "ph": "X", "tid": 0, "pid": 1, "step": 0, "cat": "POSIX", "name": "close", "args": {"fd": 35}, "pathname": "data_dir/hdf5_write", "return": 0},
{"ts": 1646628190820961, "dur": 14, "ph": "X", "tid": 0, "pid": 1, "step": 0, "cat": "POSIX", "name": "fprintf", "args": {"stream": "0x7f6ed94e86e0"}, "pathname": "stdout", "return": 56},
{"ts": 1646628190820977, "dur": 4, "ph": "X", "tid": 0, "pid": 1, "step": 0, "cat": "POSIX", "name": "fprintf", "args": {"stream": "0x7f6ed94e86e0"}, "pathname": "stdout", "return": 55},
{"ts": 1646628190820982, "dur": 3, "ph": "X", "tid": 0, "pid": 1, "step": 0, "cat": "POSIX", "name": "fprintf", "args": {"stream": "0x7f6ed94e86e0"}, "pathname": "stdout", "return": 51},
{"ts": 1646628190820987, "dur": 2, "ph": "X", "tid": 0, "pid": 1, "step": 0, "cat": "POSIX", "name": "fprintf", "args": {"stream": "0x7f6ed94e86e0"}, "pathname": "stdout", "return": 50},
{"ts": 1646628190820990, "dur": 3, "ph": "X", "tid": 0, "pid": 1, "step": 0, "cat": "POSIX", "name": "fprintf", "args": {"stream": "0x7f6ed94e86e0"}, "pathname": "stdout", "return": 57},
{"ts": 1646628190820994, "dur": 4, "ph": "X", "tid": 0, "pid": 1, "step": 0, "cat": "POSIX", "name": "fprintf", "args": {"stream": "0x7f6ed94e86e0"}, "pathname": "stdout", "return": 56},
{"ts": 1646628190821214, "dur": 1, "ph": "X", "tid": 0, "pid": 1, "step": 0, "cat": "TAU", "name": "program exit"}
]
